<?xml version="1.0" encoding="UTF-8"?>
<testsuites name="Appco_test_suite" time="973" tests="6" failures="4" errors="0">
   <testsuite name="Appco_test_suite" tests="6" failures="4" errors="0" time="973" timestamp="2018-12-19 12:58:28" hostname="Snekalatha R - IIA-DES-021" id="Test Suites/Appco_test_suite">
      <properties>
         <property name="deviceName" value=""/>
         <property name="devicePlatform" value=""/>
         <property name="logFolder" value="C:\\Users\\Snekalatha R\\git\\QA-KatalonNew\\Reports\\Appco_test_suite\\20181219_125827"/>
         <property name="logFiles" value="C:\\Users\\Snekalatha R\\git\\QA-KatalonNew\\Reports\\Appco_test_suite\\20181219_125827\\execution0.log"/>
         <property name="attachments" value="C:\\Users\\Snekalatha R\\git\\QA-KatalonNew\\Reports\\Appco_test_suite\\20181219_125827\\1545204626320.png, C:\\Users\\Snekalatha R\\git\\QA-KatalonNew\\Reports\\Appco_test_suite\\20181219_125827\\1545204697135.png, C:\\Users\\Snekalatha R\\git\\QA-KatalonNew\\Reports\\Appco_test_suite\\20181219_125827\\1545205017007.png, C:\\Users\\Snekalatha R\\git\\QA-KatalonNew\\Reports\\Appco_test_suite\\20181219_125827\\1545205017305.png, C:\\Users\\Snekalatha R\\git\\QA-KatalonNew\\Reports\\Appco_test_suite\\20181219_125827\\1545205267848.png, C:\\Users\\Snekalatha R\\git\\QA-KatalonNew\\Reports\\Appco_test_suite\\20181219_125827\\1545205299578.png, C:\\Users\\Snekalatha R\\git\\QA-KatalonNew\\Reports\\Appco_test_suite\\20181219_125827\\1545205331108.png, C:\\Users\\Snekalatha R\\git\\QA-KatalonNew\\Reports\\Appco_test_suite\\20181219_125827\\1545205334905.png"/>
         <property name="hostName" value="Snekalatha R - IIA-DES-021"/>
         <property name="os" value="Windows 8.1 64bit"/>
         <property name="katalonVersion" value="5.7.1.1"/>
         <property name="browser" value="Chrome 70.0.3538.110"/>
         <property name="hostAddress" value="192.168.1.86"/>
         <property name="sessionId" value="9f32992cdf38b704793661b6cf437062"/>
         <property name="seleniumVersion" value="3.7.1"/>
         <property name="proxyInformation" value="ProxyInformation{proxyOption=NO_PROXY, proxyServerType=HTTP, password=, proxyServerAddress=, proxyServerPort=0}"/>
         <property name="platform" value="Windows 8.1"/>
      </properties>
      <testcase name="Test Cases/AppcoAdmin/add_RA_MultipleDistributor" classname="Test Cases/AppcoAdmin/add_RA_MultipleDistributor" status="FAILED">
         <failure type="FAILED" message="(Stack trace: com.kms.katalon.core.exception.StepFailedException: com.kms.katalon.core.webui.exception.WebElementNotFoundException: Web element with id: 'Object Repository/Retailer creation/inventory_object repo/h5_Success  Congratulations Yo' located by 'By.xpath: //h5[@id = 'exactmsg' and (text() = 'Success:  Congratulations!! You have successfully added retailer. Email has been sent to his email id!' or . = 'Success:  Congratulations!! You have successfully added retailer. Email has been sent to his email id!')]' not found
	at com.kms.katalon.core.keyword.internal.KeywordMain.stepFailed(KeywordMain.groovy:32)
	at com.kms.katalon.core.webui.keyword.internal.WebUIKeywordMain.stepFailed(WebUIKeywordMain.groovy:65)
	at com.kms.katalon.core.webui.keyword.builtin.VerifyElementTextKeyword$_verifyElementText_closure1.doCall(VerifyElementTextKeyword.groovy:64)
	at com.kms.katalon.core.webui.keyword.builtin.VerifyElementTextKeyword$_verifyElementText_closure1.call(VerifyElementTextKeyword.groovy)
	at com.kms.katalon.core.webui.keyword.internal.WebUIKeywordMain.runKeyword(WebUIKeywordMain.groovy:21)
	at com.kms.katalon.core.webui.keyword.builtin.VerifyElementTextKeyword.verifyElementText(VerifyElementTextKeyword.groovy:72)
	at com.kms.katalon.core.webui.keyword.builtin.VerifyElementTextKeyword.execute(VerifyElementTextKeyword.groovy:40)
	at com.kms.katalon.core.keyword.internal.KeywordExecutor.executeKeywordForPlatform(KeywordExecutor.groovy:53)
	at com.kms.katalon.core.webui.keyword.WebUiBuiltInKeywords.verifyElementText(WebUiBuiltInKeywords.groovy:3647)
	at com.kms.katalon.core.webui.keyword.WebUiBuiltInKeywords$verifyElementText$8.call(Unknown Source)
	at org.codehaus.groovy.runtime.callsite.CallSiteArray.defaultCall(CallSiteArray.java:48)
	at org.codehaus.groovy.runtime.callsite.AbstractCallSite.call(AbstractCallSite.java:113)
	at org.codehaus.groovy.runtime.callsite.AbstractCallSite.call(AbstractCallSite.java:141)
	at Script1544605049842.run(Script1544605049842.groovy:370)
	at com.kms.katalon.core.main.ScriptEngine.run(ScriptEngine.java:183)
	at com.kms.katalon.core.main.ScriptEngine.runScriptAsRawText(ScriptEngine.java:108)
	at com.kms.katalon.core.main.TestCaseExecutor.runScript(TestCaseExecutor.java:294)
	at com.kms.katalon.core.main.TestCaseExecutor.doExecute(TestCaseExecutor.java:285)
	at com.kms.katalon.core.main.TestCaseExecutor.processExecutionPhase(TestCaseExecutor.java:264)
	at com.kms.katalon.core.main.TestCaseExecutor.accessMainPhase(TestCaseExecutor.java:256)
	at com.kms.katalon.core.main.TestCaseExecutor.execute(TestCaseExecutor.java:200)
	at com.kms.katalon.core.main.TestSuiteExecutor.accessTestCaseMainPhase(TestSuiteExecutor.java:129)
	at com.kms.katalon.core.main.TestSuiteExecutor.accessTestSuiteMainPhase(TestSuiteExecutor.java:112)
	at com.kms.katalon.core.main.TestSuiteExecutor.execute(TestSuiteExecutor.java:81)
	at com.kms.katalon.core.main.TestCaseMain.startTestSuite(TestCaseMain.java:142)
	at com.kms.katalon.core.main.TestCaseMain$startTestSuite$0.call(Unknown Source)
	at org.codehaus.groovy.runtime.callsite.CallSiteArray.defaultCall(CallSiteArray.java:48)
	at org.codehaus.groovy.runtime.callsite.AbstractCallSite.call(AbstractCallSite.java:113)
	at org.codehaus.groovy.runtime.callsite.AbstractCallSite.call(AbstractCallSite.java:141)
	at TempTestSuite1545204507280.run(TempTestSuite1545204507280.groovy:36)
	at groovy.lang.GroovyShell.runScriptOrMainOrTestOrRunnable(GroovyShell.java:263)
	at groovy.lang.GroovyShell.run(GroovyShell.java:518)
	at groovy.lang.GroovyShell.run(GroovyShell.java:507)
	at groovy.ui.GroovyMain.processOnce(GroovyMain.java:653)
	at groovy.ui.GroovyMain.run(GroovyMain.java:384)
	at groovy.ui.GroovyMain.process(GroovyMain.java:370)
	at groovy.ui.GroovyMain.processArgs(GroovyMain.java:129)
	at groovy.ui.GroovyMain.main(GroovyMain.java:109)
	at sun.reflect.NativeMethodAccessorImpl.invoke0(Native Method)
	at sun.reflect.NativeMethodAccessorImpl.invoke(NativeMethodAccessorImpl.java:62)
	at sun.reflect.DelegatingMethodAccessorImpl.invoke(DelegatingMethodAccessorImpl.java:43)
	at java.lang.reflect.Method.invoke(Method.java:498)
	at org.codehaus.groovy.tools.GroovyStarter.rootLoader(GroovyStarter.java:109)
	at org.codehaus.groovy.tools.GroovyStarter.main(GroovyStarter.java:131)
)"/>
         <system-out><![CDATA[2018-12-19 12:58:28 - [TEST_CASE][FAILED] - Test Cases/AppcoAdmin/add_RA_MultipleDistributor: Test Cases/AppcoAdmin/add_RA_MultipleDistributor FAILED because (of) (Stack trace: com.kms.katalon.core.exception.StepFailedException: com.kms.katalon.core.webui.exception.WebElementNotFoundException: Web element with id: 'Object Repository/Retailer creation/inventory_object repo/h5_Success  Congratulations Yo' located by 'By.xpath: //h5[@id = 'exactmsg' and (text() = 'Success:  Congratulations!! You have successfully added retailer. Email has been sent to his email id!' or . = 'Success:  Congratulations!! You have successfully added retailer. Email has been sent to his email id!')]' not found
	at com.kms.katalon.core.keyword.internal.KeywordMain.stepFailed(KeywordMain.groovy:32)
	at com.kms.katalon.core.webui.keyword.internal.WebUIKeywordMain.stepFailed(WebUIKeywordMain.groovy:65)
	at com.kms.katalon.core.webui.keyword.builtin.VerifyElementTextKeyword$_verifyElementText_closure1.doCall(VerifyElementTextKeyword.groovy:64)
	at com.kms.katalon.core.webui.keyword.builtin.VerifyElementTextKeyword$_verifyElementText_closure1.call(VerifyElementTextKeyword.groovy)
	at com.kms.katalon.core.webui.keyword.internal.WebUIKeywordMain.runKeyword(WebUIKeywordMain.groovy:21)
	at com.kms.katalon.core.webui.keyword.builtin.VerifyElementTextKeyword.verifyElementText(VerifyElementTextKeyword.groovy:72)
	at com.kms.katalon.core.webui.keyword.builtin.VerifyElementTextKeyword.execute(VerifyElementTextKeyword.groovy:40)
	at com.kms.katalon.core.keyword.internal.KeywordExecutor.executeKeywordForPlatform(KeywordExecutor.groovy:53)
	at com.kms.katalon.core.webui.keyword.WebUiBuiltInKeywords.verifyElementText(WebUiBuiltInKeywords.groovy:3647)
	at com.kms.katalon.core.webui.keyword.WebUiBuiltInKeywords$verifyElementText$8.call(Unknown Source)
	at org.codehaus.groovy.runtime.callsite.CallSiteArray.defaultCall(CallSiteArray.java:48)
	at org.codehaus.groovy.runtime.callsite.AbstractCallSite.call(AbstractCallSite.java:113)
	at org.codehaus.groovy.runtime.callsite.AbstractCallSite.call(AbstractCallSite.java:141)
	at Script1544605049842.run(Script1544605049842.groovy:370)
	at com.kms.katalon.core.main.ScriptEngine.run(ScriptEngine.java:183)
	at com.kms.katalon.core.main.ScriptEngine.runScriptAsRawText(ScriptEngine.java:108)
	at com.kms.katalon.core.main.TestCaseExecutor.runScript(TestCaseExecutor.java:294)
	at com.kms.katalon.core.main.TestCaseExecutor.doExecute(TestCaseExecutor.java:285)
	at com.kms.katalon.core.main.TestCaseExecutor.processExecutionPhase(TestCaseExecutor.java:264)
	at com.kms.katalon.core.main.TestCaseExecutor.accessMainPhase(TestCaseExecutor.java:256)
	at com.kms.katalon.core.main.TestCaseExecutor.execute(TestCaseExecutor.java:200)
	at com.kms.katalon.core.main.TestSuiteExecutor.accessTestCaseMainPhase(TestSuiteExecutor.java:129)
	at com.kms.katalon.core.main.TestSuiteExecutor.accessTestSuiteMainPhase(TestSuiteExecutor.java:112)
	at com.kms.katalon.core.main.TestSuiteExecutor.execute(TestSuiteExecutor.java:81)
	at com.kms.katalon.core.main.TestCaseMain.startTestSuite(TestCaseMain.java:142)
	at com.kms.katalon.core.main.TestCaseMain$startTestSuite$0.call(Unknown Source)
	at org.codehaus.groovy.runtime.callsite.CallSiteArray.defaultCall(CallSiteArray.java:48)
	at org.codehaus.groovy.runtime.callsite.AbstractCallSite.call(AbstractCallSite.java:113)
	at org.codehaus.groovy.runtime.callsite.AbstractCallSite.call(AbstractCallSite.java:141)
	at TempTestSuite1545204507280.run(TempTestSuite1545204507280.groovy:36)
	at groovy.lang.GroovyShell.runScriptOrMainOrTestOrRunnable(GroovyShell.java:263)
	at groovy.lang.GroovyShell.run(GroovyShell.java:518)
	at groovy.lang.GroovyShell.run(GroovyShell.java:507)
	at groovy.ui.GroovyMain.processOnce(GroovyMain.java:653)
	at groovy.ui.GroovyMain.run(GroovyMain.java:384)
	at groovy.ui.GroovyMain.process(GroovyMain.java:370)
	at groovy.ui.GroovyMain.processArgs(GroovyMain.java:129)
	at groovy.ui.GroovyMain.main(GroovyMain.java:109)
	at sun.reflect.NativeMethodAccessorImpl.invoke0(Native Method)
	at sun.reflect.NativeMethodAccessorImpl.invoke(NativeMethodAccessorImpl.java:62)
	at sun.reflect.DelegatingMethodAccessorImpl.invoke(DelegatingMethodAccessorImpl.java:43)
	at java.lang.reflect.Method.invoke(Method.java:498)
	at org.codehaus.groovy.tools.GroovyStarter.rootLoader(GroovyStarter.java:109)
	at org.codehaus.groovy.tools.GroovyStarter.main(GroovyStarter.java:131)
)

2018-12-19 12:58:29 - [TEST_STEP][PASSED] - callTestCase: Call Test Case 'Test Cases/Call Test Case/Login_Appco_testcase' successfully

2018-12-19 12:58:29 - [TEST_CASE][PASSED] - Test Cases/Call Test Case/Login_Appco_testcase: Test Cases/Call Test Case/Login_Appco_testcase

2018-12-19 12:58:29 - [TEST_STEP][PASSED] - openBrowser: Browser is opened with url: ''

2018-12-19 12:58:32 - [MESSAGE][PASSED] - Browser is opened with url: ''

2018-12-19 12:58:32 - [TEST_STEP][PASSED] - navigateToUrl: Navigate to 'https://app-qa.appcohesion.io/' successfully

2018-12-19 12:58:36 - [MESSAGE][PASSED] - Navigate to 'https://app-qa.appcohesion.io/' successfully

2018-12-19 12:58:36 - [TEST_STEP][PASSED] - maximizeWindow: Current window maximized

2018-12-19 12:58:37 - [MESSAGE][PASSED] - Current window maximized

2018-12-19 12:58:37 - [TEST_STEP][PASSED] - setText: Text 'surunewadmin' is set on object 'Object Repository/add_retailer_gmail/Page_AppCohesion/input_User Name_ac_username'

2018-12-19 12:58:37 - [MESSAGE][PASSED] - Text 'surunewadmin' is set on object 'Object Repository/add_retailer_gmail/Page_AppCohesion/input_User Name_ac_username'

2018-12-19 12:58:37 - [TEST_STEP][PASSED] - setText: Text '9tlTx3@y' is set on object 'Object Repository/Retailer creation/Page_AppCohesion/input_Password_ac_password'

2018-12-19 12:58:37 - [MESSAGE][PASSED] - Text '9tlTx3@y' is set on object 'Object Repository/Retailer creation/Page_AppCohesion/input_Password_ac_password'

2018-12-19 12:58:37 - [TEST_STEP][PASSED] - click: Object: 'Object Repository/Login_OR/Page_AppCohesion/button_Login Now' is clicked on

2018-12-19 12:58:37 - [MESSAGE][PASSED] - Object: 'Object Repository/Login_OR/Page_AppCohesion/button_Login Now' is clicked on

2018-12-19 12:58:37 - [TEST_STEP][PASSED] - delay: Delayed 10 second(s)

2018-12-19 12:58:47 - [MESSAGE][PASSED] - Delayed 10 second(s)

2018-12-19 12:58:47 - [MESSAGE][PASSED] - Call Test Case 'Test Cases/Call Test Case/Login_Appco_testcase' successfully

2018-12-19 12:58:47 - [TEST_STEP][PASSED] - click: Object: 'Object Repository/add_retailer_gmail/Page_AppCohesion/a_Retailers              Retai' is clicked on

2018-12-19 12:58:48 - [MESSAGE][PASSED] - Object: 'Object Repository/add_retailer_gmail/Page_AppCohesion/a_Retailers              Retai' is clicked on

2018-12-19 12:58:48 - [TEST_STEP][PASSED] - delay: Delayed 5 second(s)

2018-12-19 12:58:53 - [MESSAGE][PASSED] - Delayed 5 second(s)

2018-12-19 12:58:53 - [TEST_STEP][PASSED] - click: Object: 'Object Repository/add_retailer_gmail/Page_AppCohesion/a_ADD RETAILER' is clicked on

2018-12-19 12:58:53 - [MESSAGE][PASSED] - Object: 'Object Repository/add_retailer_gmail/Page_AppCohesion/a_ADD RETAILER' is clicked on

2018-12-19 12:58:53 - [TEST_STEP][PASSED] - verifyElementVisible: Object 'Object Repository/Retailer creation/Page_AppCohesion/select_Appco Retailer' is visible

2018-12-19 12:58:53 - [MESSAGE][PASSED] - Object 'Object Repository/Retailer creation/Page_AppCohesion/select_Appco Retailer' is visible

2018-12-19 12:58:53 - [TEST_STEP][PASSED] - selectOptionByLabel: All options with label 'Appco Retailer' are selected in object 'Object Repository/Retailer creation/Page_AppCohesion/select_Appco Retailer'  using regular expression

2018-12-19 12:58:53 - [MESSAGE][PASSED] - All options with label 'Appco Retailer' are selected in object 'Object Repository/Retailer creation/Page_AppCohesion/select_Appco Retailer'  using regular expression

2018-12-19 12:58:53 - [TEST_STEP][PASSED] - setText: Text 'AAA Retailer MD' is set on object 'Object Repository/add_retailer_gmail/Page_AppCohesion/input_RETAILER NAME_retailerNa'

2018-12-19 12:58:53 - [MESSAGE][PASSED] - Text 'AAA Retailer MD' is set on object 'Object Repository/add_retailer_gmail/Page_AppCohesion/input_RETAILER NAME_retailerNa'

2018-12-19 12:58:53 - [TEST_STEP][NOT_RUN] - Statement - rn_uname = <not implemented yet for class: org.codehaus.groovy.ast.expr.EmptyExpression>: NOT_RUN: Statement - rn_uname = <not implemented yet for class: org.codehaus.groovy.ast.expr.EmptyExpression>

2018-12-19 12:58:53 - [MESSAGE][NOT_RUN] - NOT_RUN: Statement - rn_uname = <not implemented yet for class: org.codehaus.groovy.ast.expr.EmptyExpression>

2018-12-19 12:58:53 - [TEST_STEP][NOT_RUN] - Statement - rn_uname = java.lang.Math.random() * 500: NOT_RUN: Statement - rn_uname = java.lang.Math.random() * 500

2018-12-19 12:58:53 - [MESSAGE][NOT_RUN] - NOT_RUN: Statement - rn_uname = java.lang.Math.random() * 500

2018-12-19 12:58:53 - [TEST_STEP][PASSED] - setText: Text 'AAARetailerMD@17_12' is set on object 'Object Repository/add_retailer_gmail/Page_AppCohesion/input_USER NAME_userName'

2018-12-19 12:58:53 - [MESSAGE][PASSED] - Text 'AAARetailerMD@17_12' is set on object 'Object Repository/add_retailer_gmail/Page_AppCohesion/input_USER NAME_userName'

2018-12-19 12:58:53 - [TEST_STEP][PASSED] - setText: Text 'AAARetailerMD17_12@getnada.com' is set on object 'Object Repository/add_retailer_gmail/Page_AppCohesion/input_EMAIL ID_emailId'

2018-12-19 12:58:54 - [MESSAGE][PASSED] - Text 'AAARetailerMD17_12@getnada.com' is set on object 'Object Repository/add_retailer_gmail/Page_AppCohesion/input_EMAIL ID_emailId'

2018-12-19 12:58:54 - [TEST_STEP][PASSED] - setText: Text 'AAARetailerMD' is set on object 'Object Repository/add_retailer_gmail/Page_AppCohesion/input_FIRST NAME_firstName'

2018-12-19 12:58:54 - [MESSAGE][PASSED] - Text 'AAARetailerMD' is set on object 'Object Repository/add_retailer_gmail/Page_AppCohesion/input_FIRST NAME_firstName'

2018-12-19 12:58:54 - [TEST_STEP][PASSED] - setText: Text 'AAA Retailer MD' is set on object 'Object Repository/add_retailer_gmail/Page_AppCohesion/input_LAST NAME_lastName'

2018-12-19 12:58:54 - [MESSAGE][PASSED] - Text 'AAA Retailer MD' is set on object 'Object Repository/add_retailer_gmail/Page_AppCohesion/input_LAST NAME_lastName'

2018-12-19 12:58:54 - [TEST_STEP][PASSED] - setText: Text '9/10, New QA Build11' is set on object 'Object Repository/add_retailer_gmail/Page_AppCohesion/input_RETAILER ADDRESS 1_retai'

2018-12-19 12:58:54 - [MESSAGE][PASSED] - Text '9/10, New QA Build11' is set on object 'Object Repository/add_retailer_gmail/Page_AppCohesion/input_RETAILER ADDRESS 1_retai'

2018-12-19 12:58:54 - [TEST_STEP][PASSED] - setText: Text '11/28, New Street lane' is set on object 'Object Repository/add_retailer_gmail/Page_AppCohesion/input_RETAILER ADDRESS 2_retai'

2018-12-19 12:58:54 - [MESSAGE][PASSED] - Text '11/28, New Street lane' is set on object 'Object Repository/add_retailer_gmail/Page_AppCohesion/input_RETAILER ADDRESS 2_retai'

2018-12-19 12:58:54 - [TEST_STEP][PASSED] - setText: Text '(446) 626-2462' is set on object 'Object Repository/add_retailer_gmail/Page_AppCohesion/input_PHONE NUMBER_phoneNumber'

2018-12-19 12:58:54 - [MESSAGE][PASSED] - Text '(446) 626-2462' is set on object 'Object Repository/add_retailer_gmail/Page_AppCohesion/input_PHONE NUMBER_phoneNumber'

2018-12-19 12:58:54 - [TEST_STEP][PASSED] - setText: Text '75444' is set on object 'Object Repository/add_retailer_gmail/Page_AppCohesion/input_ZIP CODE_zip'

2018-12-19 12:58:54 - [MESSAGE][PASSED] - Text '75444' is set on object 'Object Repository/add_retailer_gmail/Page_AppCohesion/input_ZIP CODE_zip'

2018-12-19 12:58:54 - [TEST_STEP][PASSED] - setText: Text 'Golden' is set on object 'Object Repository/add_retailer_gmail/Page_AppCohesion/input_CITY_city'

2018-12-19 12:58:55 - [MESSAGE][PASSED] - Text 'Golden' is set on object 'Object Repository/add_retailer_gmail/Page_AppCohesion/input_CITY_city'

2018-12-19 12:58:55 - [TEST_STEP][PASSED] - setText: Text 'Texas' is set on object 'Object Repository/add_retailer_gmail/Page_AppCohesion/input_STATE_state'

2018-12-19 12:58:55 - [MESSAGE][PASSED] - Text 'Texas' is set on object 'Object Repository/add_retailer_gmail/Page_AppCohesion/input_STATE_state'

2018-12-19 12:58:55 - [TEST_STEP][PASSED] - setText: Text '574846848468' is set on object 'Object Repository/add_retailer_gmail/Page_AppCohesion/input_BANK ROUTING ID_bankId'

2018-12-19 12:58:55 - [MESSAGE][PASSED] - Text '574846848468' is set on object 'Object Repository/add_retailer_gmail/Page_AppCohesion/input_BANK ROUTING ID_bankId'

2018-12-19 12:58:55 - [TEST_STEP][PASSED] - setText: Text 'bb bank' is set on object 'Object Repository/add_retailer_gmail/Page_AppCohesion/input_BANK NAME_bankName'

2018-12-19 12:58:55 - [MESSAGE][PASSED] - Text 'bb bank' is set on object 'Object Repository/add_retailer_gmail/Page_AppCohesion/input_BANK NAME_bankName'

2018-12-19 12:58:55 - [TEST_STEP][PASSED] - setText: Text '45747467468468' is set on object 'Object Repository/add_retailer_gmail/Page_AppCohesion/input_BANK AC NUMBER_accountNu'

2018-12-19 12:58:55 - [MESSAGE][PASSED] - Text '45747467468468' is set on object 'Object Repository/add_retailer_gmail/Page_AppCohesion/input_BANK AC NUMBER_accountNu'

2018-12-19 12:58:55 - [TEST_STEP][PASSED] - delay: Delayed 5 second(s)

2018-12-19 12:59:00 - [MESSAGE][PASSED] - Delayed 5 second(s)

2018-12-19 12:59:00 - [TEST_STEP][PASSED] - verifyElementVisible: Object 'Object Repository/Retailer creation/inventory_object repo/all_distributor_RA_MD_creation/div_INVENTORY' is visible

2018-12-19 12:59:00 - [MESSAGE][PASSED] - Object 'Object Repository/Retailer creation/inventory_object repo/all_distributor_RA_MD_creation/div_INVENTORY' is visible

2018-12-19 12:59:00 - [TEST_STEP][PASSED] - selectOptionByLabel: All options with label 'SS' are selected in object 'Object Repository/Retailer creation/inventory_object repo/all_distributor_RA_MD_creation/select_AppCoSSGreen SupplyDavi'  using regular expression

2018-12-19 12:59:00 - [MESSAGE][PASSED] - All options with label 'SS' are selected in object 'Object Repository/Retailer creation/inventory_object repo/all_distributor_RA_MD_creation/select_AppCoSSGreen SupplyDavi'  using regular expression

2018-12-19 12:59:00 - [TEST_STEP][NOT_RUN] - selectOptionByValue: NOT_RUN: selectOptionByValue

2018-12-19 12:59:00 - [MESSAGE][NOT_RUN] - NOT_RUN: selectOptionByValue

2018-12-19 12:59:00 - [TEST_STEP][PASSED] - delay: Delayed 5 second(s)

2018-12-19 12:59:05 - [MESSAGE][PASSED] - Delayed 5 second(s)

2018-12-19 12:59:05 - [TEST_STEP][PASSED] - verifyElementVisible: Object 'Object Repository/Retailer creation/inventory_object repo/all_distributor_RA_MD_creation/h5_Orders' is visible

2018-12-19 12:59:05 - [MESSAGE][PASSED] - Object 'Object Repository/Retailer creation/inventory_object repo/all_distributor_RA_MD_creation/h5_Orders' is visible

2018-12-19 12:59:05 - [TEST_STEP][PASSED] - verifyElementVisible: Object 'Object Repository/Retailer creation/inventory_object repo/all_distributor_RA_MD_creation/input_UserName_inv_input_0_Ord' is visible

2018-12-19 12:59:06 - [MESSAGE][PASSED] - Object 'Object Repository/Retailer creation/inventory_object repo/all_distributor_RA_MD_creation/input_UserName_inv_input_0_Ord' is visible

2018-12-19 12:59:06 - [TEST_STEP][PASSED] - setText: Text '99994' is set on object 'Object Repository/Retailer creation/inventory_object repo/all_distributor_RA_MD_creation/input_UserName_inv_input_0_Ord'

2018-12-19 12:59:06 - [MESSAGE][PASSED] - Text '99994' is set on object 'Object Repository/Retailer creation/inventory_object repo/all_distributor_RA_MD_creation/input_UserName_inv_input_0_Ord'

2018-12-19 12:59:06 - [TEST_STEP][PASSED] - verifyElementVisible: Object 'Object Repository/Retailer creation/inventory_object repo/all_distributor_RA_MD_creation/input_CustomerNumber_inv_input' is visible

2018-12-19 12:59:06 - [MESSAGE][PASSED] - Object 'Object Repository/Retailer creation/inventory_object repo/all_distributor_RA_MD_creation/input_CustomerNumber_inv_input' is visible

2018-12-19 12:59:06 - [TEST_STEP][PASSED] - setText: Text '99994' is set on object 'Object Repository/Retailer creation/inventory_object repo/all_distributor_RA_MD_creation/input_CustomerNumber_inv_input'

2018-12-19 12:59:06 - [MESSAGE][PASSED] - Text '99994' is set on object 'Object Repository/Retailer creation/inventory_object repo/all_distributor_RA_MD_creation/input_CustomerNumber_inv_input'

2018-12-19 12:59:06 - [TEST_STEP][PASSED] - verifyElementVisible: Object 'Object Repository/Retailer creation/inventory_object repo/all_distributor_RA_MD_creation/input_API Endpoint_inv_input_0' is visible

2018-12-19 12:59:06 - [MESSAGE][PASSED] - Object 'Object Repository/Retailer creation/inventory_object repo/all_distributor_RA_MD_creation/input_API Endpoint_inv_input_0' is visible

2018-12-19 12:59:06 - [TEST_STEP][PASSED] - setText: Text 'http://webservices.theshootingwarehouse.com' is set on object 'Object Repository/Retailer creation/inventory_object repo/all_distributor_RA_MD_creation/input_API Endpoint_inv_input_0'

2018-12-19 12:59:06 - [MESSAGE][PASSED] - Text 'http://webservices.theshootingwarehouse.com' is set on object 'Object Repository/Retailer creation/inventory_object repo/all_distributor_RA_MD_creation/input_API Endpoint_inv_input_0'

2018-12-19 12:59:06 - [TEST_STEP][PASSED] - verifyElementVisible: Object 'Object Repository/Retailer creation/inventory_object repo/all_distributor_RA_MD_creation/input_Source_inv_input_0_Order' is visible

2018-12-19 12:59:06 - [MESSAGE][PASSED] - Object 'Object Repository/Retailer creation/inventory_object repo/all_distributor_RA_MD_creation/input_Source_inv_input_0_Order' is visible

2018-12-19 12:59:06 - [TEST_STEP][PASSED] - setText: Text '44494' is set on object 'Object Repository/Retailer creation/inventory_object repo/all_distributor_RA_MD_creation/input_Source_inv_input_0_Order'

2018-12-19 12:59:06 - [MESSAGE][PASSED] - Text '44494' is set on object 'Object Repository/Retailer creation/inventory_object repo/all_distributor_RA_MD_creation/input_Source_inv_input_0_Order'

2018-12-19 12:59:06 - [TEST_STEP][PASSED] - setText: Text '99998' is set on object 'Object Repository/Retailer creation/inventory_object repo/all_distributor_RA_MD_creation/input_Password_inv_input_0_Ord'

2018-12-19 12:59:06 - [MESSAGE][PASSED] - Text '99998' is set on object 'Object Repository/Retailer creation/inventory_object repo/all_distributor_RA_MD_creation/input_Password_inv_input_0_Ord'

2018-12-19 12:59:06 - [TEST_STEP][PASSED] - verifyElementVisible: Object 'Object Repository/Retailer creation/inventory_object repo/all_distributor_RA_MD_creation/h5_Tracking' is visible

2018-12-19 12:59:07 - [MESSAGE][PASSED] - Object 'Object Repository/Retailer creation/inventory_object repo/all_distributor_RA_MD_creation/h5_Tracking' is visible

2018-12-19 12:59:07 - [TEST_STEP][PASSED] - setText: Text '99994' is set on object 'Object Repository/Retailer creation/inventory_object repo/all_distributor_RA_MD_creation/input_UserName_inv_input_0_Tra'

2018-12-19 12:59:07 - [MESSAGE][PASSED] - Text '99994' is set on object 'Object Repository/Retailer creation/inventory_object repo/all_distributor_RA_MD_creation/input_UserName_inv_input_0_Tra'

2018-12-19 12:59:07 - [TEST_STEP][PASSED] - setText: Text '99994' is set on object 'Object Repository/Retailer creation/inventory_object repo/all_distributor_RA_MD_creation/input_CustomerNumber_inv_input_1'

2018-12-19 12:59:07 - [MESSAGE][PASSED] - Text '99994' is set on object 'Object Repository/Retailer creation/inventory_object repo/all_distributor_RA_MD_creation/input_CustomerNumber_inv_input_1'

2018-12-19 12:59:07 - [TEST_STEP][PASSED] - setText: Text '99994' is set on object 'Object Repository/Retailer creation/inventory_object repo/all_distributor_RA_MD_creation/input_CustomerNumber_inv_input_2'

2018-12-19 12:59:07 - [MESSAGE][PASSED] - Text '99994' is set on object 'Object Repository/Retailer creation/inventory_object repo/all_distributor_RA_MD_creation/input_CustomerNumber_inv_input_2'

2018-12-19 12:59:07 - [TEST_STEP][PASSED] - setText: Text 'http://webservices.theshootingwarehouse.com' is set on object 'Object Repository/Retailer creation/inventory_object repo/all_distributor_RA_MD_creation/input_API Endpoint_inv_input_0_1'

2018-12-19 12:59:07 - [MESSAGE][PASSED] - Text 'http://webservices.theshootingwarehouse.com' is set on object 'Object Repository/Retailer creation/inventory_object repo/all_distributor_RA_MD_creation/input_API Endpoint_inv_input_0_1'

2018-12-19 12:59:07 - [TEST_STEP][PASSED] - setText: Text 'http://webservices.theshootingwarehouse.com' is set on object 'Object Repository/Retailer creation/inventory_object repo/all_distributor_RA_MD_creation/input_API Endpoint_inv_input_0_2'

2018-12-19 12:59:07 - [MESSAGE][PASSED] - Text 'http://webservices.theshootingwarehouse.com' is set on object 'Object Repository/Retailer creation/inventory_object repo/all_distributor_RA_MD_creation/input_API Endpoint_inv_input_0_2'

2018-12-19 12:59:07 - [TEST_STEP][PASSED] - setText: Text '44494' is set on object 'Object Repository/Retailer creation/inventory_object repo/all_distributor_RA_MD_creation/input_Source_inv_input_0_Track'

2018-12-19 12:59:07 - [MESSAGE][PASSED] - Text '44494' is set on object 'Object Repository/Retailer creation/inventory_object repo/all_distributor_RA_MD_creation/input_Source_inv_input_0_Track'

2018-12-19 12:59:07 - [TEST_STEP][PASSED] - setText: Text '99998' is set on object 'Object Repository/Retailer creation/inventory_object repo/all_distributor_RA_MD_creation/input_Password_inv_input_0_Tra'

2018-12-19 12:59:07 - [MESSAGE][PASSED] - Text '99998' is set on object 'Object Repository/Retailer creation/inventory_object repo/all_distributor_RA_MD_creation/input_Password_inv_input_0_Tra'

2018-12-19 12:59:07 - [TEST_STEP][PASSED] - verifyElementVisible: Object 'Object Repository/Retailer creation/inventory_object repo/all_distributor_RA_MD_creation/h5_Catalog' is visible

2018-12-19 12:59:08 - [MESSAGE][PASSED] - Object 'Object Repository/Retailer creation/inventory_object repo/all_distributor_RA_MD_creation/h5_Catalog' is visible

2018-12-19 12:59:08 - [TEST_STEP][PASSED] - setText: Text 'ecomdash-ftp.cloudapp.net' is set on object 'Object Repository/Retailer creation/inventory_object repo/all_distributor_RA_MD_creation/input_FTP Host_inv_input_0_Cat'

2018-12-19 12:59:08 - [MESSAGE][PASSED] - Text 'ecomdash-ftp.cloudapp.net' is set on object 'Object Repository/Retailer creation/inventory_object repo/all_distributor_RA_MD_creation/input_FTP Host_inv_input_0_Cat'

2018-12-19 12:59:08 - [TEST_STEP][PASSED] - setText: Text 'SSAutomation' is set on object 'Object Repository/Retailer creation/inventory_object repo/all_distributor_RA_MD_creation/input_UserName_inv_input_0_Cat'

2018-12-19 12:59:08 - [MESSAGE][PASSED] - Text 'SSAutomation' is set on object 'Object Repository/Retailer creation/inventory_object repo/all_distributor_RA_MD_creation/input_UserName_inv_input_0_Cat'

2018-12-19 12:59:08 - [TEST_STEP][PASSED] - setText: Text 'password' is set on object 'Object Repository/Retailer creation/inventory_object repo/all_distributor_RA_MD_creation/input_Password_inv_input_0_Cat'

2018-12-19 12:59:08 - [MESSAGE][PASSED] - Text 'password' is set on object 'Object Repository/Retailer creation/inventory_object repo/all_distributor_RA_MD_creation/input_Password_inv_input_0_Cat'

2018-12-19 12:59:08 - [TEST_STEP][PASSED] - verifyElementVisible: Object 'Object Repository/Retailer creation/inventory_object repo/all_distributor_RA_MD_creation/h5_Inventory' is visible

2018-12-19 12:59:08 - [MESSAGE][PASSED] - Object 'Object Repository/Retailer creation/inventory_object repo/all_distributor_RA_MD_creation/h5_Inventory' is visible

2018-12-19 12:59:08 - [TEST_STEP][PASSED] - setText: Text 'ecomdash-ftp.cloudapp.net' is set on object 'Object Repository/Retailer creation/inventory_object repo/all_distributor_RA_MD_creation/input_FTP Host_inv_input_0_Inv'

2018-12-19 12:59:08 - [MESSAGE][PASSED] - Text 'ecomdash-ftp.cloudapp.net' is set on object 'Object Repository/Retailer creation/inventory_object repo/all_distributor_RA_MD_creation/input_FTP Host_inv_input_0_Inv'

2018-12-19 12:59:08 - [TEST_STEP][PASSED] - setText: Text 'SSAutomation' is set on object 'Object Repository/Retailer creation/inventory_object repo/all_distributor_RA_MD_creation/input_UserName_inv_input_0_Inv'

2018-12-19 12:59:08 - [MESSAGE][PASSED] - Text 'SSAutomation' is set on object 'Object Repository/Retailer creation/inventory_object repo/all_distributor_RA_MD_creation/input_UserName_inv_input_0_Inv'

2018-12-19 12:59:08 - [TEST_STEP][PASSED] - setText: Text 'password' is set on object 'Object Repository/Retailer creation/inventory_object repo/all_distributor_RA_MD_creation/input_Password_inv_input_0_Inv'

2018-12-19 12:59:08 - [MESSAGE][PASSED] - Text 'password' is set on object 'Object Repository/Retailer creation/inventory_object repo/all_distributor_RA_MD_creation/input_Password_inv_input_0_Inv'

2018-12-19 12:59:08 - [TEST_STEP][PASSED] - delay: Delayed 5 second(s)

2018-12-19 12:59:13 - [MESSAGE][PASSED] - Delayed 5 second(s)

2018-12-19 12:59:13 - [TEST_STEP][PASSED] - click: Object: 'Object Repository/Retailer creation/inventory_object repo/all_distributor_RA_MD_creation/button_Add Distributor Invento' is clicked on

2018-12-19 12:59:13 - [MESSAGE][PASSED] - Object: 'Object Repository/Retailer creation/inventory_object repo/all_distributor_RA_MD_creation/button_Add Distributor Invento' is clicked on

2018-12-19 12:59:13 - [TEST_STEP][PASSED] - selectOptionByLabel: All options with label 'Green Supply' are selected in object 'Object Repository/Retailer creation/inventory_object repo/all_distributor_RA_MD_creation/select_AppCoSSGreen SupplyDavi_1'  using regular expression

2018-12-19 12:59:14 - [MESSAGE][PASSED] - All options with label 'Green Supply' are selected in object 'Object Repository/Retailer creation/inventory_object repo/all_distributor_RA_MD_creation/select_AppCoSSGreen SupplyDavi_1'  using regular expression

2018-12-19 12:59:14 - [TEST_STEP][NOT_RUN] - selectOptionByValue: NOT_RUN: selectOptionByValue

2018-12-19 12:59:14 - [MESSAGE][NOT_RUN] - NOT_RUN: selectOptionByValue

2018-12-19 12:59:14 - [TEST_STEP][PASSED] - delay: Delayed 5 second(s)

2018-12-19 12:59:19 - [MESSAGE][PASSED] - Delayed 5 second(s)

2018-12-19 12:59:19 - [TEST_STEP][PASSED] - verifyElementVisible: Object 'Object Repository/Retailer creation/inventory_object repo/all_distributor_RA_MD_creation/h5_Orders' is visible

2018-12-19 12:59:19 - [MESSAGE][PASSED] - Object 'Object Repository/Retailer creation/inventory_object repo/all_distributor_RA_MD_creation/h5_Orders' is visible

2018-12-19 12:59:19 - [TEST_STEP][PASSED] - setText: Text 'ftp.drivehq.com' is set on object 'Object Repository/Retailer creation/inventory_object repo/all_distributor_RA_MD_creation/input_FTP Host_inv_input_1_Ord'

2018-12-19 12:59:19 - [MESSAGE][PASSED] - Text 'ftp.drivehq.com' is set on object 'Object Repository/Retailer creation/inventory_object repo/all_distributor_RA_MD_creation/input_FTP Host_inv_input_1_Ord'

2018-12-19 12:59:19 - [TEST_STEP][PASSED] - setText: Text 'eenu@getnada.com' is set on object 'Object Repository/Retailer creation/inventory_object repo/all_distributor_RA_MD_creation/input_UserName_inv_input_1_Ord'

2018-12-19 12:59:19 - [MESSAGE][PASSED] - Text 'eenu@getnada.com' is set on object 'Object Repository/Retailer creation/inventory_object repo/all_distributor_RA_MD_creation/input_UserName_inv_input_1_Ord'

2018-12-19 12:59:19 - [TEST_STEP][PASSED] - setText: Text 'eenu@getnada.com' is set on object 'Object Repository/Retailer creation/inventory_object repo/all_distributor_RA_MD_creation/input_Password_inv_input_1_Ord'

2018-12-19 12:59:19 - [MESSAGE][PASSED] - Text 'eenu@getnada.com' is set on object 'Object Repository/Retailer creation/inventory_object repo/all_distributor_RA_MD_creation/input_Password_inv_input_1_Ord'

2018-12-19 12:59:19 - [TEST_STEP][PASSED] - verifyElementVisible: Object 'Object Repository/Retailer creation/inventory_object repo/all_distributor_RA_MD_creation/h5_Tracking' is visible

2018-12-19 12:59:19 - [MESSAGE][PASSED] - Object 'Object Repository/Retailer creation/inventory_object repo/all_distributor_RA_MD_creation/h5_Tracking' is visible

2018-12-19 12:59:19 - [TEST_STEP][PASSED] - setText: Text 'ec2-18-188-197-73.us-east-2.compute.amazonaws.com' is set on object 'Object Repository/Retailer creation/inventory_object repo/all_distributor_RA_MD_creation/input_FTP Host_inv_input_1_Tra'

2018-12-19 12:59:20 - [MESSAGE][PASSED] - Text 'ec2-18-188-197-73.us-east-2.compute.amazonaws.com' is set on object 'Object Repository/Retailer creation/inventory_object repo/all_distributor_RA_MD_creation/input_FTP Host_inv_input_1_Tra'

2018-12-19 12:59:20 - [TEST_STEP][PASSED] - setText: Text 'ubuntu' is set on object 'Object Repository/Retailer creation/inventory_object repo/all_distributor_RA_MD_creation/input_UserName_inv_input_1_Tra'

2018-12-19 12:59:20 - [MESSAGE][PASSED] - Text 'ubuntu' is set on object 'Object Repository/Retailer creation/inventory_object repo/all_distributor_RA_MD_creation/input_UserName_inv_input_1_Tra'

2018-12-19 12:59:20 - [TEST_STEP][PASSED] - setText: Text 'ubuntu' is set on object 'Object Repository/Retailer creation/inventory_object repo/all_distributor_RA_MD_creation/input_Password_inv_input_1_Tra'

2018-12-19 12:59:20 - [MESSAGE][PASSED] - Text 'ubuntu' is set on object 'Object Repository/Retailer creation/inventory_object repo/all_distributor_RA_MD_creation/input_Password_inv_input_1_Tra'

2018-12-19 12:59:20 - [TEST_STEP][PASSED] - verifyElementVisible: Object 'Object Repository/Retailer creation/inventory_object repo/all_distributor_RA_MD_creation/h5_Catalog' is visible

2018-12-19 12:59:20 - [MESSAGE][PASSED] - Object 'Object Repository/Retailer creation/inventory_object repo/all_distributor_RA_MD_creation/h5_Catalog' is visible

2018-12-19 12:59:20 - [TEST_STEP][PASSED] - setText: Text 'ftp://ftp.dealerease.net' is set on object 'Object Repository/Retailer creation/inventory_object repo/all_distributor_RA_MD_creation/input_FTP Host_inv_input_1_Cat'

2018-12-19 12:59:20 - [MESSAGE][PASSED] - Text 'ftp://ftp.dealerease.net' is set on object 'Object Repository/Retailer creation/inventory_object repo/all_distributor_RA_MD_creation/input_FTP Host_inv_input_1_Cat'

2018-12-19 12:59:20 - [TEST_STEP][PASSED] - setText: Text 'gsdealer' is set on object 'Object Repository/Retailer creation/inventory_object repo/all_distributor_RA_MD_creation/input_UserName_inv_input_1_Cat'

2018-12-19 12:59:20 - [MESSAGE][PASSED] - Text 'gsdealer' is set on object 'Object Repository/Retailer creation/inventory_object repo/all_distributor_RA_MD_creation/input_UserName_inv_input_1_Cat'

2018-12-19 12:59:20 - [TEST_STEP][PASSED] - setText: Text 'ftp2pass' is set on object 'Object Repository/Retailer creation/inventory_object repo/all_distributor_RA_MD_creation/input_Password_inv_input_1_Cat'

2018-12-19 12:59:20 - [MESSAGE][PASSED] - Text 'ftp2pass' is set on object 'Object Repository/Retailer creation/inventory_object repo/all_distributor_RA_MD_creation/input_Password_inv_input_1_Cat'

2018-12-19 12:59:20 - [TEST_STEP][PASSED] - verifyElementVisible: Object 'Object Repository/Retailer creation/inventory_object repo/all_distributor_RA_MD_creation/h5_Inventory' is visible

2018-12-19 12:59:20 - [MESSAGE][PASSED] - Object 'Object Repository/Retailer creation/inventory_object repo/all_distributor_RA_MD_creation/h5_Inventory' is visible

2018-12-19 12:59:20 - [TEST_STEP][PASSED] - setText: Text 'ftp://ftp.dealerease.net' is set on object 'Object Repository/Retailer creation/inventory_object repo/all_distributor_RA_MD_creation/input_FTP Host_inv_input_1_Inv'

2018-12-19 12:59:21 - [MESSAGE][PASSED] - Text 'ftp://ftp.dealerease.net' is set on object 'Object Repository/Retailer creation/inventory_object repo/all_distributor_RA_MD_creation/input_FTP Host_inv_input_1_Inv'

2018-12-19 12:59:21 - [TEST_STEP][PASSED] - setText: Text 'gsdealer' is set on object 'Object Repository/Retailer creation/inventory_object repo/all_distributor_RA_MD_creation/input_UserName_inv_input_1_Inv'

2018-12-19 12:59:21 - [MESSAGE][PASSED] - Text 'gsdealer' is set on object 'Object Repository/Retailer creation/inventory_object repo/all_distributor_RA_MD_creation/input_UserName_inv_input_1_Inv'

2018-12-19 12:59:21 - [TEST_STEP][PASSED] - setText: Text 'ftp2pass' is set on object 'Object Repository/Retailer creation/inventory_object repo/all_distributor_RA_MD_creation/input_Password_inv_input_1_Inv'

2018-12-19 12:59:21 - [MESSAGE][PASSED] - Text 'ftp2pass' is set on object 'Object Repository/Retailer creation/inventory_object repo/all_distributor_RA_MD_creation/input_Password_inv_input_1_Inv'

2018-12-19 12:59:21 - [TEST_STEP][PASSED] - delay: Delayed 5 second(s)

2018-12-19 12:59:26 - [MESSAGE][PASSED] - Delayed 5 second(s)

2018-12-19 12:59:26 - [TEST_STEP][PASSED] - click: Object: 'Object Repository/Retailer creation/inventory_object repo/all_distributor_RA_MD_creation/button_Add Distributor Invento' is clicked on

2018-12-19 12:59:26 - [MESSAGE][PASSED] - Object: 'Object Repository/Retailer creation/inventory_object repo/all_distributor_RA_MD_creation/button_Add Distributor Invento' is clicked on

2018-12-19 12:59:26 - [TEST_STEP][PASSED] - delay: Delayed 5 second(s)

2018-12-19 12:59:31 - [MESSAGE][PASSED] - Delayed 5 second(s)

2018-12-19 12:59:31 - [TEST_STEP][PASSED] - selectOptionByLabel: All options with label 'Davidson' are selected in object 'Object Repository/Retailer creation/inventory_object repo/all_distributor_RA_MD_creation/select_AppCoSSGreen SupplyDavi_2'  using regular expression

2018-12-19 12:59:31 - [MESSAGE][PASSED] - All options with label 'Davidson' are selected in object 'Object Repository/Retailer creation/inventory_object repo/all_distributor_RA_MD_creation/select_AppCoSSGreen SupplyDavi_2'  using regular expression

2018-12-19 12:59:31 - [TEST_STEP][NOT_RUN] - selectOptionByValue: NOT_RUN: selectOptionByValue

2018-12-19 12:59:31 - [MESSAGE][NOT_RUN] - NOT_RUN: selectOptionByValue

2018-12-19 12:59:31 - [TEST_STEP][PASSED] - delay: Delayed 5 second(s)

2018-12-19 12:59:36 - [MESSAGE][PASSED] - Delayed 5 second(s)

2018-12-19 12:59:36 - [TEST_STEP][PASSED] - verifyElementVisible: Object 'Object Repository/Retailer creation/inventory_object repo/all_distributor_RA_MD_creation/h5_Orders' is visible

2018-12-19 12:59:36 - [MESSAGE][PASSED] - Object 'Object Repository/Retailer creation/inventory_object repo/all_distributor_RA_MD_creation/h5_Orders' is visible

2018-12-19 12:59:36 - [TEST_STEP][PASSED] - setText: Text '027805' is set on object 'Object Repository/Retailer creation/inventory_object repo/all_distributor_RA_MD_creation/input_CustomerNumber_inv_input_3'

2018-12-19 12:59:37 - [MESSAGE][PASSED] - Text '027805' is set on object 'Object Repository/Retailer creation/inventory_object repo/all_distributor_RA_MD_creation/input_CustomerNumber_inv_input_3'

2018-12-19 12:59:37 - [TEST_STEP][PASSED] - setText: Text '027805' is set on object 'Object Repository/Retailer creation/inventory_object repo/all_distributor_RA_MD_creation/input_CustomerNumber_inv_input_4'

2018-12-19 12:59:37 - [MESSAGE][PASSED] - Text '027805' is set on object 'Object Repository/Retailer creation/inventory_object repo/all_distributor_RA_MD_creation/input_CustomerNumber_inv_input_4'

2018-12-19 12:59:37 - [TEST_STEP][PASSED] - setText: Text 'ID12345' is set on object 'Object Repository/Retailer creation/inventory_object repo/all_distributor_RA_MD_creation/input_ReferenceNumber_inv_inpu'

2018-12-19 12:59:37 - [MESSAGE][PASSED] - Text 'ID12345' is set on object 'Object Repository/Retailer creation/inventory_object repo/all_distributor_RA_MD_creation/input_ReferenceNumber_inv_inpu'

2018-12-19 12:59:37 - [TEST_STEP][PASSED] - setText: Text 'https://dealernetwork.davidsonsinc.com/testapi/orderservice.asmx?WSDL' is set on object 'Object Repository/Retailer creation/inventory_object repo/all_distributor_RA_MD_creation/input_API Endpoint_inv_input_2'

2018-12-19 12:59:37 - [MESSAGE][PASSED] - Text 'https://dealernetwork.davidsonsinc.com/testapi/orderservice.asmx?WSDL' is set on object 'Object Repository/Retailer creation/inventory_object repo/all_distributor_RA_MD_creation/input_API Endpoint_inv_input_2'

2018-12-19 12:59:37 - [TEST_STEP][PASSED] - setText: Text 'tWUlibp4YoIDteR0AY95TsriJ5CZdHDQdbP4dSZk3pk=' is set on object 'Object Repository/Retailer creation/inventory_object repo/all_distributor_RA_MD_creation/input_Token_inv_input_2_Orders'

2018-12-19 12:59:38 - [MESSAGE][PASSED] - Text 'tWUlibp4YoIDteR0AY95TsriJ5CZdHDQdbP4dSZk3pk=' is set on object 'Object Repository/Retailer creation/inventory_object repo/all_distributor_RA_MD_creation/input_Token_inv_input_2_Orders'

2018-12-19 12:59:38 - [TEST_STEP][PASSED] - verifyElementVisible: Object 'Object Repository/Retailer creation/inventory_object repo/all_distributor_RA_MD_creation/h5_Tracking' is visible

2018-12-19 12:59:38 - [MESSAGE][PASSED] - Object 'Object Repository/Retailer creation/inventory_object repo/all_distributor_RA_MD_creation/h5_Tracking' is visible

2018-12-19 12:59:38 - [TEST_STEP][PASSED] - setText: Text '027805' is set on object 'Object Repository/Retailer creation/inventory_object repo/all_distributor_RA_MD_creation/input_CustomerNumber_inv_input_5'

2018-12-19 12:59:38 - [MESSAGE][PASSED] - Text '027805' is set on object 'Object Repository/Retailer creation/inventory_object repo/all_distributor_RA_MD_creation/input_CustomerNumber_inv_input_5'

2018-12-19 12:59:38 - [TEST_STEP][PASSED] - setText: Text '027805' is set on object 'Object Repository/Retailer creation/inventory_object repo/all_distributor_RA_MD_creation/input_CustomerNumber_inv_input_6'

2018-12-19 12:59:38 - [MESSAGE][PASSED] - Text '027805' is set on object 'Object Repository/Retailer creation/inventory_object repo/all_distributor_RA_MD_creation/input_CustomerNumber_inv_input_6'

2018-12-19 12:59:38 - [TEST_STEP][PASSED] - setText: Text 'ID12345' is set on object 'Object Repository/Retailer creation/inventory_object repo/all_distributor_RA_MD_creation/input_ReferenceNumber_inv_inpu_1'

2018-12-19 12:59:38 - [MESSAGE][PASSED] - Text 'ID12345' is set on object 'Object Repository/Retailer creation/inventory_object repo/all_distributor_RA_MD_creation/input_ReferenceNumber_inv_inpu_1'

2018-12-19 12:59:38 - [TEST_STEP][PASSED] - setText: Text 'ID12345' is set on object 'Object Repository/Retailer creation/inventory_object repo/all_distributor_RA_MD_creation/input_ReferenceNumber_inv_inpu_2'

2018-12-19 12:59:38 - [MESSAGE][PASSED] - Text 'ID12345' is set on object 'Object Repository/Retailer creation/inventory_object repo/all_distributor_RA_MD_creation/input_ReferenceNumber_inv_inpu_2'

2018-12-19 12:59:38 - [TEST_STEP][PASSED] - setText: Text 'https://dealernetwork.davidsonsinc.com/testapi/orderservice.asmx?WSDL' is set on object 'Object Repository/Retailer creation/inventory_object repo/all_distributor_RA_MD_creation/input_API Endpoint_inv_input_2_1'

2018-12-19 12:59:38 - [MESSAGE][PASSED] - Text 'https://dealernetwork.davidsonsinc.com/testapi/orderservice.asmx?WSDL' is set on object 'Object Repository/Retailer creation/inventory_object repo/all_distributor_RA_MD_creation/input_API Endpoint_inv_input_2_1'

2018-12-19 12:59:38 - [TEST_STEP][PASSED] - setText: Text 'https://dealernetwork.davidsonsinc.com/testapi/orderservice.asmx?WSDL' is set on object 'Object Repository/Retailer creation/inventory_object repo/all_distributor_RA_MD_creation/input_API Endpoint_inv_input_2_2'

2018-12-19 12:59:39 - [MESSAGE][PASSED] - Text 'https://dealernetwork.davidsonsinc.com/testapi/orderservice.asmx?WSDL' is set on object 'Object Repository/Retailer creation/inventory_object repo/all_distributor_RA_MD_creation/input_API Endpoint_inv_input_2_2'

2018-12-19 12:59:39 - [TEST_STEP][PASSED] - setText: Text 'tWUlibp4YoIDteR0AY95TsriJ5CZdHDQdbP4dSZk3pk=' is set on object 'Object Repository/Retailer creation/inventory_object repo/all_distributor_RA_MD_creation/input_Token_inv_input_2_Tracki'

2018-12-19 12:59:39 - [MESSAGE][PASSED] - Text 'tWUlibp4YoIDteR0AY95TsriJ5CZdHDQdbP4dSZk3pk=' is set on object 'Object Repository/Retailer creation/inventory_object repo/all_distributor_RA_MD_creation/input_Token_inv_input_2_Tracki'

2018-12-19 12:59:39 - [TEST_STEP][PASSED] - verifyElementVisible: Object 'Object Repository/Retailer creation/inventory_object repo/all_distributor_RA_MD_creation/h5_Catalog' is visible

2018-12-19 12:59:39 - [MESSAGE][PASSED] - Object 'Object Repository/Retailer creation/inventory_object repo/all_distributor_RA_MD_creation/h5_Catalog' is visible

2018-12-19 12:59:39 - [TEST_STEP][PASSED] - setText: Text 'ftp.davidsonsinventory.com' is set on object 'Object Repository/Retailer creation/inventory_object repo/all_distributor_RA_MD_creation/input_FTP Host_inv_input_2_Cat'

2018-12-19 12:59:40 - [MESSAGE][PASSED] - Text 'ftp.davidsonsinventory.com' is set on object 'Object Repository/Retailer creation/inventory_object repo/all_distributor_RA_MD_creation/input_FTP Host_inv_input_2_Cat'

2018-12-19 12:59:40 - [TEST_STEP][PASSED] - setText: Text 'ftp58074930-1' is set on object 'Object Repository/Retailer creation/inventory_object repo/all_distributor_RA_MD_creation/input_UserName_inv_input_2_Cat'

2018-12-19 12:59:40 - [MESSAGE][PASSED] - Text 'ftp58074930-1' is set on object 'Object Repository/Retailer creation/inventory_object repo/all_distributor_RA_MD_creation/input_UserName_inv_input_2_Cat'

2018-12-19 12:59:40 - [TEST_STEP][PASSED] - setText: Text 'DavDealerInv' is set on object 'Object Repository/Retailer creation/inventory_object repo/all_distributor_RA_MD_creation/input_Password_inv_input_2_Cat'

2018-12-19 12:59:40 - [MESSAGE][PASSED] - Text 'DavDealerInv' is set on object 'Object Repository/Retailer creation/inventory_object repo/all_distributor_RA_MD_creation/input_Password_inv_input_2_Cat'

2018-12-19 12:59:40 - [TEST_STEP][PASSED] - verifyElementVisible: Object 'Object Repository/Retailer creation/inventory_object repo/all_distributor_RA_MD_creation/h5_Inventory' is visible

2018-12-19 12:59:40 - [MESSAGE][PASSED] - Object 'Object Repository/Retailer creation/inventory_object repo/all_distributor_RA_MD_creation/h5_Inventory' is visible

2018-12-19 12:59:40 - [TEST_STEP][PASSED] - setText: Text 'ftp.davidsonsinventory.com' is set on object 'Object Repository/Retailer creation/inventory_object repo/all_distributor_RA_MD_creation/input_FTP Host_inv_input_2_Inv'

2018-12-19 12:59:40 - [MESSAGE][PASSED] - Text 'ftp.davidsonsinventory.com' is set on object 'Object Repository/Retailer creation/inventory_object repo/all_distributor_RA_MD_creation/input_FTP Host_inv_input_2_Inv'

2018-12-19 12:59:40 - [TEST_STEP][PASSED] - setText: Text 'ftp58074930-1' is set on object 'Object Repository/Retailer creation/inventory_object repo/all_distributor_RA_MD_creation/input_UserName_inv_input_2_Inv'

2018-12-19 12:59:40 - [MESSAGE][PASSED] - Text 'ftp58074930-1' is set on object 'Object Repository/Retailer creation/inventory_object repo/all_distributor_RA_MD_creation/input_UserName_inv_input_2_Inv'

2018-12-19 12:59:40 - [TEST_STEP][PASSED] - setText: Text 'DavDealerInv' is set on object 'Object Repository/Retailer creation/inventory_object repo/all_distributor_RA_MD_creation/input_Password_inv_input_2_Inv'

2018-12-19 12:59:40 - [MESSAGE][PASSED] - Text 'DavDealerInv' is set on object 'Object Repository/Retailer creation/inventory_object repo/all_distributor_RA_MD_creation/input_Password_inv_input_2_Inv'

2018-12-19 12:59:40 - [TEST_STEP][PASSED] - delay: Delayed 5 second(s)

2018-12-19 12:59:45 - [MESSAGE][PASSED] - Delayed 5 second(s)

2018-12-19 12:59:45 - [TEST_STEP][PASSED] - click: Object: 'Object Repository/Retailer creation/inventory_object repo/all_distributor_RA_MD_creation/button_Add Distributor Invento' is clicked on

2018-12-19 12:59:45 - [MESSAGE][PASSED] - Object: 'Object Repository/Retailer creation/inventory_object repo/all_distributor_RA_MD_creation/button_Add Distributor Invento' is clicked on

2018-12-19 12:59:45 - [TEST_STEP][PASSED] - delay: Delayed 3 second(s)

2018-12-19 12:59:48 - [MESSAGE][PASSED] - Delayed 3 second(s)

2018-12-19 12:59:48 - [TEST_STEP][PASSED] - selectOptionByLabel: All options with label 'Ellet' are selected in object 'Object Repository/Retailer creation/inventory_object repo/all_distributor_RA_MD_creation/select_AppCoSSGreen SupplyDavi_3'  using regular expression

2018-12-19 12:59:49 - [MESSAGE][PASSED] - All options with label 'Ellet' are selected in object 'Object Repository/Retailer creation/inventory_object repo/all_distributor_RA_MD_creation/select_AppCoSSGreen SupplyDavi_3'  using regular expression

2018-12-19 12:59:49 - [TEST_STEP][NOT_RUN] - selectOptionByValue: NOT_RUN: selectOptionByValue

2018-12-19 12:59:49 - [MESSAGE][NOT_RUN] - NOT_RUN: selectOptionByValue

2018-12-19 12:59:49 - [TEST_STEP][PASSED] - verifyElementVisible: Object 'Object Repository/Retailer creation/inventory_object repo/all_distributor_RA_MD_creation/h5_Orders' is visible

2018-12-19 12:59:49 - [MESSAGE][PASSED] - Object 'Object Repository/Retailer creation/inventory_object repo/all_distributor_RA_MD_creation/h5_Orders' is visible

2018-12-19 12:59:49 - [TEST_STEP][PASSED] - setText: Text 'ftp.unitedsportingco.com' is set on object 'Object Repository/Retailer creation/inventory_object repo/all_distributor_RA_MD_creation/input_FTP Host_inv_input_3_Ord'

2018-12-19 12:59:49 - [MESSAGE][PASSED] - Text 'ftp.unitedsportingco.com' is set on object 'Object Repository/Retailer creation/inventory_object repo/all_distributor_RA_MD_creation/input_FTP Host_inv_input_3_Ord'

2018-12-19 12:59:49 - [TEST_STEP][PASSED] - setText: Text 'EF' is set on object 'Object Repository/Retailer creation/inventory_object repo/all_distributor_RA_MD_creation/input_SourceCode_inv_input_3_O'

2018-12-19 12:59:49 - [MESSAGE][PASSED] - Text 'EF' is set on object 'Object Repository/Retailer creation/inventory_object repo/all_distributor_RA_MD_creation/input_SourceCode_inv_input_3_O'

2018-12-19 12:59:49 - [TEST_STEP][PASSED] - setText: Text 'Broker' is set on object 'Object Repository/Retailer creation/inventory_object repo/all_distributor_RA_MD_creation/input_UserName_inv_input_3_Ord'

2018-12-19 12:59:49 - [MESSAGE][PASSED] - Text 'Broker' is set on object 'Object Repository/Retailer creation/inventory_object repo/all_distributor_RA_MD_creation/input_UserName_inv_input_3_Ord'

2018-12-19 12:59:49 - [TEST_STEP][PASSED] - setText: Text '19929685' is set on object 'Object Repository/Retailer creation/inventory_object repo/all_distributor_RA_MD_creation/input_CustomerNumber_inv_input_7'

2018-12-19 12:59:49 - [MESSAGE][PASSED] - Text '19929685' is set on object 'Object Repository/Retailer creation/inventory_object repo/all_distributor_RA_MD_creation/input_CustomerNumber_inv_input_7'

2018-12-19 12:59:49 - [TEST_STEP][PASSED] - setText: Text '19929685' is set on object 'Object Repository/Retailer creation/inventory_object repo/all_distributor_RA_MD_creation/input_CustomerNumber_inv_input_8'

2018-12-19 12:59:49 - [MESSAGE][PASSED] - Text '19929685' is set on object 'Object Repository/Retailer creation/inventory_object repo/all_distributor_RA_MD_creation/input_CustomerNumber_inv_input_8'

2018-12-19 12:59:49 - [TEST_STEP][PASSED] - setText: Text '0000001' is set on object 'Object Repository/Retailer creation/inventory_object repo/all_distributor_RA_MD_creation/input_AddrCode_inv_input_3_Ord'

2018-12-19 12:59:50 - [MESSAGE][PASSED] - Text '0000001' is set on object 'Object Repository/Retailer creation/inventory_object repo/all_distributor_RA_MD_creation/input_AddrCode_inv_input_3_Ord'

2018-12-19 12:59:50 - [TEST_STEP][PASSED] - setText: Text '01' is set on object 'Object Repository/Retailer creation/inventory_object repo/all_distributor_RA_MD_creation/input_WhseID_inv_input_3_Order'

2018-12-19 12:59:50 - [MESSAGE][PASSED] - Text '01' is set on object 'Object Repository/Retailer creation/inventory_object repo/all_distributor_RA_MD_creation/input_WhseID_inv_input_3_Order'

2018-12-19 12:59:50 - [TEST_STEP][PASSED] - setText: Text 'Outdoor Liquidators' is set on object 'Object Repository/Retailer creation/inventory_object repo/all_distributor_RA_MD_creation/input_DealerName_inv_input_3_O'

2018-12-19 12:59:50 - [MESSAGE][PASSED] - Text 'Outdoor Liquidators' is set on object 'Object Repository/Retailer creation/inventory_object repo/all_distributor_RA_MD_creation/input_DealerName_inv_input_3_O'

2018-12-19 12:59:50 - [TEST_STEP][PASSED] - setText: Text '4AoN8KUK' is set on object 'Object Repository/Retailer creation/inventory_object repo/all_distributor_RA_MD_creation/input_Password_inv_input_3_Ord'

2018-12-19 12:59:50 - [MESSAGE][PASSED] - Text '4AoN8KUK' is set on object 'Object Repository/Retailer creation/inventory_object repo/all_distributor_RA_MD_creation/input_Password_inv_input_3_Ord'

2018-12-19 12:59:50 - [TEST_STEP][PASSED] - verifyElementVisible: Object 'Object Repository/Retailer creation/inventory_object repo/all_distributor_RA_MD_creation/h5_Tracking' is visible

2018-12-19 12:59:50 - [MESSAGE][PASSED] - Object 'Object Repository/Retailer creation/inventory_object repo/all_distributor_RA_MD_creation/h5_Tracking' is visible

2018-12-19 12:59:50 - [TEST_STEP][PASSED] - setText: Text 'ftp.unitedsportingco.com' is set on object 'Object Repository/Retailer creation/inventory_object repo/all_distributor_RA_MD_creation/input_FTP Host_inv_input_3_Tra'

2018-12-19 12:59:50 - [MESSAGE][PASSED] - Text 'ftp.unitedsportingco.com' is set on object 'Object Repository/Retailer creation/inventory_object repo/all_distributor_RA_MD_creation/input_FTP Host_inv_input_3_Tra'

2018-12-19 12:59:50 - [TEST_STEP][PASSED] - setText: Text 'Broker' is set on object 'Object Repository/Retailer creation/inventory_object repo/all_distributor_RA_MD_creation/input_UserName_inv_input_3_Tra'

2018-12-19 12:59:50 - [MESSAGE][PASSED] - Text 'Broker' is set on object 'Object Repository/Retailer creation/inventory_object repo/all_distributor_RA_MD_creation/input_UserName_inv_input_3_Tra'

2018-12-19 12:59:50 - [TEST_STEP][PASSED] - setText: Text '4AoN8KUK' is set on object 'Object Repository/Retailer creation/inventory_object repo/all_distributor_RA_MD_creation/input_Password_inv_input_3_Tra'

2018-12-19 12:59:50 - [MESSAGE][PASSED] - Text '4AoN8KUK' is set on object 'Object Repository/Retailer creation/inventory_object repo/all_distributor_RA_MD_creation/input_Password_inv_input_3_Tra'

2018-12-19 12:59:50 - [TEST_STEP][PASSED] - verifyElementVisible: Object 'Object Repository/Retailer creation/inventory_object repo/all_distributor_RA_MD_creation/h5_Catalog' is visible

2018-12-19 12:59:50 - [MESSAGE][PASSED] - Object 'Object Repository/Retailer creation/inventory_object repo/all_distributor_RA_MD_creation/h5_Catalog' is visible

2018-12-19 12:59:50 - [TEST_STEP][PASSED] - setText: Text 'ftp.unitedsportingco.com' is set on object 'Object Repository/Retailer creation/inventory_object repo/all_distributor_RA_MD_creation/input_FTP Host_inv_input_3_Cat'

2018-12-19 12:59:51 - [MESSAGE][PASSED] - Text 'ftp.unitedsportingco.com' is set on object 'Object Repository/Retailer creation/inventory_object repo/all_distributor_RA_MD_creation/input_FTP Host_inv_input_3_Cat'

2018-12-19 12:59:51 - [TEST_STEP][PASSED] - setText: Text 'Broker' is set on object 'Object Repository/Retailer creation/inventory_object repo/all_distributor_RA_MD_creation/input_UserName_inv_input_3_Cat'

2018-12-19 12:59:51 - [MESSAGE][PASSED] - Text 'Broker' is set on object 'Object Repository/Retailer creation/inventory_object repo/all_distributor_RA_MD_creation/input_UserName_inv_input_3_Cat'

2018-12-19 12:59:51 - [TEST_STEP][PASSED] - setText: Text '4AoN8KUK' is set on object 'Object Repository/Retailer creation/inventory_object repo/all_distributor_RA_MD_creation/input_Password_inv_input_3_Cat'

2018-12-19 12:59:51 - [MESSAGE][PASSED] - Text '4AoN8KUK' is set on object 'Object Repository/Retailer creation/inventory_object repo/all_distributor_RA_MD_creation/input_Password_inv_input_3_Cat'

2018-12-19 12:59:51 - [TEST_STEP][PASSED] - verifyElementVisible: Object 'Object Repository/Retailer creation/inventory_object repo/all_distributor_RA_MD_creation/h5_Inventory' is visible

2018-12-19 12:59:51 - [MESSAGE][PASSED] - Object 'Object Repository/Retailer creation/inventory_object repo/all_distributor_RA_MD_creation/h5_Inventory' is visible

2018-12-19 12:59:51 - [TEST_STEP][PASSED] - setText: Text 'ftp.unitedsportingco.com' is set on object 'Object Repository/Retailer creation/inventory_object repo/all_distributor_RA_MD_creation/input_FTP Host_inv_input_3_Inv'

2018-12-19 12:59:51 - [MESSAGE][PASSED] - Text 'ftp.unitedsportingco.com' is set on object 'Object Repository/Retailer creation/inventory_object repo/all_distributor_RA_MD_creation/input_FTP Host_inv_input_3_Inv'

2018-12-19 12:59:51 - [TEST_STEP][PASSED] - setText: Text 'Broker' is set on object 'Object Repository/Retailer creation/inventory_object repo/all_distributor_RA_MD_creation/input_UserName_inv_input_3_Inv'

2018-12-19 12:59:51 - [MESSAGE][PASSED] - Text 'Broker' is set on object 'Object Repository/Retailer creation/inventory_object repo/all_distributor_RA_MD_creation/input_UserName_inv_input_3_Inv'

2018-12-19 12:59:51 - [TEST_STEP][PASSED] - setText: Text '4AoN8KUK' is set on object 'Object Repository/Retailer creation/inventory_object repo/all_distributor_RA_MD_creation/input_Password_inv_input_3_Inv'

2018-12-19 12:59:51 - [MESSAGE][PASSED] - Text '4AoN8KUK' is set on object 'Object Repository/Retailer creation/inventory_object repo/all_distributor_RA_MD_creation/input_Password_inv_input_3_Inv'

2018-12-19 12:59:51 - [TEST_STEP][PASSED] - verifyElementVisible: Object 'Object Repository/Retailer creation/inventory_object repo/all_distributor_RA_MD_creation/button_Add Retailer' is visible

2018-12-19 12:59:51 - [MESSAGE][PASSED] - Object 'Object Repository/Retailer creation/inventory_object repo/all_distributor_RA_MD_creation/button_Add Retailer' is visible

2018-12-19 12:59:51 - [TEST_STEP][PASSED] - verifyElementVisible: Object 'Object Repository/Retailer creation/inventory_object repo/all_distributor_RA_MD_creation/button_Cancel' is visible

2018-12-19 12:59:51 - [MESSAGE][PASSED] - Object 'Object Repository/Retailer creation/inventory_object repo/all_distributor_RA_MD_creation/button_Cancel' is visible

2018-12-19 12:59:51 - [TEST_STEP][PASSED] - click: Object: 'Object Repository/Retailer creation/inventory_object repo/all_distributor_RA_MD_creation/button_Add Retailer' is clicked on

2018-12-19 12:59:52 - [MESSAGE][PASSED] - Object: 'Object Repository/Retailer creation/inventory_object repo/all_distributor_RA_MD_creation/button_Add Retailer' is clicked on

2018-12-19 12:59:52 - [TEST_STEP][PASSED] - delay: Delayed 3 second(s)

2018-12-19 12:59:55 - [MESSAGE][PASSED] - Delayed 3 second(s)

2018-12-19 12:59:55 - [TEST_STEP][FAILED] - verifyElementText: com.kms.katalon.core.webui.exception.WebElementNotFoundException: Web element with id: 'Object Repository/Retailer creation/inventory_object repo/h5_Success  Congratulations Yo' located by 'By.xpath: //h5[@id = 'exactmsg' and (text() = 'Success:  Congratulations!! You have successfully added retailer. Email has been sent to his email id!' or . = 'Success:  Congratulations!! You have successfully added retailer. Email has been sent to his email id!')]' not found

2018-12-19 13:00:26 - [MESSAGE][FAILED] - com.kms.katalon.core.webui.exception.WebElementNotFoundException: Web element with id: 'Object Repository/Retailer creation/inventory_object repo/h5_Success  Congratulations Yo' located by 'By.xpath: //h5[@id = 'exactmsg' and (text() = 'Success:  Congratulations!! You have successfully added retailer. Email has been sent to his email id!' or . = 'Success:  Congratulations!! You have successfully added retailer. Email has been sent to his email id!')]' not found
[[ATTACHMENT|C:\\Users\\Snekalatha R\\git\\QA-KatalonNew\\Reports\\Appco_test_suite\\20181219_125827\\1545204626320.png]]]]></system-out>
         <system-err><![CDATA[2018-12-19 12:58:28 - [TEST_CASE][FAILED] - Test Cases/AppcoAdmin/add_RA_MultipleDistributor: Test Cases/AppcoAdmin/add_RA_MultipleDistributor FAILED because (of) (Stack trace: com.kms.katalon.core.exception.StepFailedException: com.kms.katalon.core.webui.exception.WebElementNotFoundException: Web element with id: 'Object Repository/Retailer creation/inventory_object repo/h5_Success  Congratulations Yo' located by 'By.xpath: //h5[@id = 'exactmsg' and (text() = 'Success:  Congratulations!! You have successfully added retailer. Email has been sent to his email id!' or . = 'Success:  Congratulations!! You have successfully added retailer. Email has been sent to his email id!')]' not found
	at com.kms.katalon.core.keyword.internal.KeywordMain.stepFailed(KeywordMain.groovy:32)
	at com.kms.katalon.core.webui.keyword.internal.WebUIKeywordMain.stepFailed(WebUIKeywordMain.groovy:65)
	at com.kms.katalon.core.webui.keyword.builtin.VerifyElementTextKeyword$_verifyElementText_closure1.doCall(VerifyElementTextKeyword.groovy:64)
	at com.kms.katalon.core.webui.keyword.builtin.VerifyElementTextKeyword$_verifyElementText_closure1.call(VerifyElementTextKeyword.groovy)
	at com.kms.katalon.core.webui.keyword.internal.WebUIKeywordMain.runKeyword(WebUIKeywordMain.groovy:21)
	at com.kms.katalon.core.webui.keyword.builtin.VerifyElementTextKeyword.verifyElementText(VerifyElementTextKeyword.groovy:72)
	at com.kms.katalon.core.webui.keyword.builtin.VerifyElementTextKeyword.execute(VerifyElementTextKeyword.groovy:40)
	at com.kms.katalon.core.keyword.internal.KeywordExecutor.executeKeywordForPlatform(KeywordExecutor.groovy:53)
	at com.kms.katalon.core.webui.keyword.WebUiBuiltInKeywords.verifyElementText(WebUiBuiltInKeywords.groovy:3647)
	at com.kms.katalon.core.webui.keyword.WebUiBuiltInKeywords$verifyElementText$8.call(Unknown Source)
	at org.codehaus.groovy.runtime.callsite.CallSiteArray.defaultCall(CallSiteArray.java:48)
	at org.codehaus.groovy.runtime.callsite.AbstractCallSite.call(AbstractCallSite.java:113)
	at org.codehaus.groovy.runtime.callsite.AbstractCallSite.call(AbstractCallSite.java:141)
	at Script1544605049842.run(Script1544605049842.groovy:370)
	at com.kms.katalon.core.main.ScriptEngine.run(ScriptEngine.java:183)
	at com.kms.katalon.core.main.ScriptEngine.runScriptAsRawText(ScriptEngine.java:108)
	at com.kms.katalon.core.main.TestCaseExecutor.runScript(TestCaseExecutor.java:294)
	at com.kms.katalon.core.main.TestCaseExecutor.doExecute(TestCaseExecutor.java:285)
	at com.kms.katalon.core.main.TestCaseExecutor.processExecutionPhase(TestCaseExecutor.java:264)
	at com.kms.katalon.core.main.TestCaseExecutor.accessMainPhase(TestCaseExecutor.java:256)
	at com.kms.katalon.core.main.TestCaseExecutor.execute(TestCaseExecutor.java:200)
	at com.kms.katalon.core.main.TestSuiteExecutor.accessTestCaseMainPhase(TestSuiteExecutor.java:129)
	at com.kms.katalon.core.main.TestSuiteExecutor.accessTestSuiteMainPhase(TestSuiteExecutor.java:112)
	at com.kms.katalon.core.main.TestSuiteExecutor.execute(TestSuiteExecutor.java:81)
	at com.kms.katalon.core.main.TestCaseMain.startTestSuite(TestCaseMain.java:142)
	at com.kms.katalon.core.main.TestCaseMain$startTestSuite$0.call(Unknown Source)
	at org.codehaus.groovy.runtime.callsite.CallSiteArray.defaultCall(CallSiteArray.java:48)
	at org.codehaus.groovy.runtime.callsite.AbstractCallSite.call(AbstractCallSite.java:113)
	at org.codehaus.groovy.runtime.callsite.AbstractCallSite.call(AbstractCallSite.java:141)
	at TempTestSuite1545204507280.run(TempTestSuite1545204507280.groovy:36)
	at groovy.lang.GroovyShell.runScriptOrMainOrTestOrRunnable(GroovyShell.java:263)
	at groovy.lang.GroovyShell.run(GroovyShell.java:518)
	at groovy.lang.GroovyShell.run(GroovyShell.java:507)
	at groovy.ui.GroovyMain.processOnce(GroovyMain.java:653)
	at groovy.ui.GroovyMain.run(GroovyMain.java:384)
	at groovy.ui.GroovyMain.process(GroovyMain.java:370)
	at groovy.ui.GroovyMain.processArgs(GroovyMain.java:129)
	at groovy.ui.GroovyMain.main(GroovyMain.java:109)
	at sun.reflect.NativeMethodAccessorImpl.invoke0(Native Method)
	at sun.reflect.NativeMethodAccessorImpl.invoke(NativeMethodAccessorImpl.java:62)
	at sun.reflect.DelegatingMethodAccessorImpl.invoke(DelegatingMethodAccessorImpl.java:43)
	at java.lang.reflect.Method.invoke(Method.java:498)
	at org.codehaus.groovy.tools.GroovyStarter.rootLoader(GroovyStarter.java:109)
	at org.codehaus.groovy.tools.GroovyStarter.main(GroovyStarter.java:131)
)]]></system-err>
      </testcase>
      <testcase name="Test Cases/AppcoAdmin/add_retailer_Appco" classname="Test Cases/AppcoAdmin/add_retailer_Appco" status="FAILED">
         <failure type="FAILED" message="(Stack trace: com.kms.katalon.core.exception.StepFailedException: com.kms.katalon.core.webui.exception.WebElementNotFoundException: Web element with id: 'Object Repository/Retailer creation/inventory_object repo/h5_Success  Congratulations Yo' located by 'By.xpath: //h5[@id = 'exactmsg' and (text() = 'Success:  Congratulations!! You have successfully added retailer. Email has been sent to his email id!' or . = 'Success:  Congratulations!! You have successfully added retailer. Email has been sent to his email id!')]' not found
	at com.kms.katalon.core.keyword.internal.KeywordMain.stepFailed(KeywordMain.groovy:32)
	at com.kms.katalon.core.webui.keyword.internal.WebUIKeywordMain.stepFailed(WebUIKeywordMain.groovy:65)
	at com.kms.katalon.core.webui.keyword.builtin.VerifyElementTextKeyword$_verifyElementText_closure1.doCall(VerifyElementTextKeyword.groovy:64)
	at com.kms.katalon.core.webui.keyword.builtin.VerifyElementTextKeyword$_verifyElementText_closure1.call(VerifyElementTextKeyword.groovy)
	at com.kms.katalon.core.webui.keyword.internal.WebUIKeywordMain.runKeyword(WebUIKeywordMain.groovy:21)
	at com.kms.katalon.core.webui.keyword.builtin.VerifyElementTextKeyword.verifyElementText(VerifyElementTextKeyword.groovy:72)
	at com.kms.katalon.core.webui.keyword.builtin.VerifyElementTextKeyword.execute(VerifyElementTextKeyword.groovy:40)
	at com.kms.katalon.core.keyword.internal.KeywordExecutor.executeKeywordForPlatform(KeywordExecutor.groovy:53)
	at com.kms.katalon.core.webui.keyword.WebUiBuiltInKeywords.verifyElementText(WebUiBuiltInKeywords.groovy:3647)
	at com.kms.katalon.core.webui.keyword.WebUiBuiltInKeywords$verifyElementText$8.call(Unknown Source)
	at org.codehaus.groovy.runtime.callsite.CallSiteArray.defaultCall(CallSiteArray.java:48)
	at org.codehaus.groovy.runtime.callsite.AbstractCallSite.call(AbstractCallSite.java:113)
	at org.codehaus.groovy.runtime.callsite.AbstractCallSite.call(AbstractCallSite.java:141)
	at Script1544080169223.run(Script1544080169223.groovy:80)
	at com.kms.katalon.core.main.ScriptEngine.run(ScriptEngine.java:183)
	at com.kms.katalon.core.main.ScriptEngine.runScriptAsRawText(ScriptEngine.java:108)
	at com.kms.katalon.core.main.TestCaseExecutor.runScript(TestCaseExecutor.java:294)
	at com.kms.katalon.core.main.TestCaseExecutor.doExecute(TestCaseExecutor.java:285)
	at com.kms.katalon.core.main.TestCaseExecutor.processExecutionPhase(TestCaseExecutor.java:264)
	at com.kms.katalon.core.main.TestCaseExecutor.accessMainPhase(TestCaseExecutor.java:256)
	at com.kms.katalon.core.main.TestCaseExecutor.execute(TestCaseExecutor.java:200)
	at com.kms.katalon.core.main.TestSuiteExecutor.accessTestCaseMainPhase(TestSuiteExecutor.java:129)
	at com.kms.katalon.core.main.TestSuiteExecutor.accessTestSuiteMainPhase(TestSuiteExecutor.java:112)
	at com.kms.katalon.core.main.TestSuiteExecutor.execute(TestSuiteExecutor.java:81)
	at com.kms.katalon.core.main.TestCaseMain.startTestSuite(TestCaseMain.java:142)
	at com.kms.katalon.core.main.TestCaseMain$startTestSuite$0.call(Unknown Source)
	at org.codehaus.groovy.runtime.callsite.CallSiteArray.defaultCall(CallSiteArray.java:48)
	at org.codehaus.groovy.runtime.callsite.AbstractCallSite.call(AbstractCallSite.java:113)
	at org.codehaus.groovy.runtime.callsite.AbstractCallSite.call(AbstractCallSite.java:141)
	at TempTestSuite1545204507280.run(TempTestSuite1545204507280.groovy:36)
	at groovy.lang.GroovyShell.runScriptOrMainOrTestOrRunnable(GroovyShell.java:263)
	at groovy.lang.GroovyShell.run(GroovyShell.java:518)
	at groovy.lang.GroovyShell.run(GroovyShell.java:507)
	at groovy.ui.GroovyMain.processOnce(GroovyMain.java:653)
	at groovy.ui.GroovyMain.run(GroovyMain.java:384)
	at groovy.ui.GroovyMain.process(GroovyMain.java:370)
	at groovy.ui.GroovyMain.processArgs(GroovyMain.java:129)
	at groovy.ui.GroovyMain.main(GroovyMain.java:109)
	at sun.reflect.NativeMethodAccessorImpl.invoke0(Native Method)
	at sun.reflect.NativeMethodAccessorImpl.invoke(NativeMethodAccessorImpl.java:62)
	at sun.reflect.DelegatingMethodAccessorImpl.invoke(DelegatingMethodAccessorImpl.java:43)
	at java.lang.reflect.Method.invoke(Method.java:498)
	at org.codehaus.groovy.tools.GroovyStarter.rootLoader(GroovyStarter.java:109)
	at org.codehaus.groovy.tools.GroovyStarter.main(GroovyStarter.java:131)
)"/>
         <system-out><![CDATA[2018-12-19 13:00:26 - [TEST_CASE][FAILED] - Test Cases/AppcoAdmin/add_retailer_Appco: Test Cases/AppcoAdmin/add_retailer_Appco FAILED because (of) (Stack trace: com.kms.katalon.core.exception.StepFailedException: com.kms.katalon.core.webui.exception.WebElementNotFoundException: Web element with id: 'Object Repository/Retailer creation/inventory_object repo/h5_Success  Congratulations Yo' located by 'By.xpath: //h5[@id = 'exactmsg' and (text() = 'Success:  Congratulations!! You have successfully added retailer. Email has been sent to his email id!' or . = 'Success:  Congratulations!! You have successfully added retailer. Email has been sent to his email id!')]' not found
	at com.kms.katalon.core.keyword.internal.KeywordMain.stepFailed(KeywordMain.groovy:32)
	at com.kms.katalon.core.webui.keyword.internal.WebUIKeywordMain.stepFailed(WebUIKeywordMain.groovy:65)
	at com.kms.katalon.core.webui.keyword.builtin.VerifyElementTextKeyword$_verifyElementText_closure1.doCall(VerifyElementTextKeyword.groovy:64)
	at com.kms.katalon.core.webui.keyword.builtin.VerifyElementTextKeyword$_verifyElementText_closure1.call(VerifyElementTextKeyword.groovy)
	at com.kms.katalon.core.webui.keyword.internal.WebUIKeywordMain.runKeyword(WebUIKeywordMain.groovy:21)
	at com.kms.katalon.core.webui.keyword.builtin.VerifyElementTextKeyword.verifyElementText(VerifyElementTextKeyword.groovy:72)
	at com.kms.katalon.core.webui.keyword.builtin.VerifyElementTextKeyword.execute(VerifyElementTextKeyword.groovy:40)
	at com.kms.katalon.core.keyword.internal.KeywordExecutor.executeKeywordForPlatform(KeywordExecutor.groovy:53)
	at com.kms.katalon.core.webui.keyword.WebUiBuiltInKeywords.verifyElementText(WebUiBuiltInKeywords.groovy:3647)
	at com.kms.katalon.core.webui.keyword.WebUiBuiltInKeywords$verifyElementText$8.call(Unknown Source)
	at org.codehaus.groovy.runtime.callsite.CallSiteArray.defaultCall(CallSiteArray.java:48)
	at org.codehaus.groovy.runtime.callsite.AbstractCallSite.call(AbstractCallSite.java:113)
	at org.codehaus.groovy.runtime.callsite.AbstractCallSite.call(AbstractCallSite.java:141)
	at Script1544080169223.run(Script1544080169223.groovy:80)
	at com.kms.katalon.core.main.ScriptEngine.run(ScriptEngine.java:183)
	at com.kms.katalon.core.main.ScriptEngine.runScriptAsRawText(ScriptEngine.java:108)
	at com.kms.katalon.core.main.TestCaseExecutor.runScript(TestCaseExecutor.java:294)
	at com.kms.katalon.core.main.TestCaseExecutor.doExecute(TestCaseExecutor.java:285)
	at com.kms.katalon.core.main.TestCaseExecutor.processExecutionPhase(TestCaseExecutor.java:264)
	at com.kms.katalon.core.main.TestCaseExecutor.accessMainPhase(TestCaseExecutor.java:256)
	at com.kms.katalon.core.main.TestCaseExecutor.execute(TestCaseExecutor.java:200)
	at com.kms.katalon.core.main.TestSuiteExecutor.accessTestCaseMainPhase(TestSuiteExecutor.java:129)
	at com.kms.katalon.core.main.TestSuiteExecutor.accessTestSuiteMainPhase(TestSuiteExecutor.java:112)
	at com.kms.katalon.core.main.TestSuiteExecutor.execute(TestSuiteExecutor.java:81)
	at com.kms.katalon.core.main.TestCaseMain.startTestSuite(TestCaseMain.java:142)
	at com.kms.katalon.core.main.TestCaseMain$startTestSuite$0.call(Unknown Source)
	at org.codehaus.groovy.runtime.callsite.CallSiteArray.defaultCall(CallSiteArray.java:48)
	at org.codehaus.groovy.runtime.callsite.AbstractCallSite.call(AbstractCallSite.java:113)
	at org.codehaus.groovy.runtime.callsite.AbstractCallSite.call(AbstractCallSite.java:141)
	at TempTestSuite1545204507280.run(TempTestSuite1545204507280.groovy:36)
	at groovy.lang.GroovyShell.runScriptOrMainOrTestOrRunnable(GroovyShell.java:263)
	at groovy.lang.GroovyShell.run(GroovyShell.java:518)
	at groovy.lang.GroovyShell.run(GroovyShell.java:507)
	at groovy.ui.GroovyMain.processOnce(GroovyMain.java:653)
	at groovy.ui.GroovyMain.run(GroovyMain.java:384)
	at groovy.ui.GroovyMain.process(GroovyMain.java:370)
	at groovy.ui.GroovyMain.processArgs(GroovyMain.java:129)
	at groovy.ui.GroovyMain.main(GroovyMain.java:109)
	at sun.reflect.NativeMethodAccessorImpl.invoke0(Native Method)
	at sun.reflect.NativeMethodAccessorImpl.invoke(NativeMethodAccessorImpl.java:62)
	at sun.reflect.DelegatingMethodAccessorImpl.invoke(DelegatingMethodAccessorImpl.java:43)
	at java.lang.reflect.Method.invoke(Method.java:498)
	at org.codehaus.groovy.tools.GroovyStarter.rootLoader(GroovyStarter.java:109)
	at org.codehaus.groovy.tools.GroovyStarter.main(GroovyStarter.java:131)
)

2018-12-19 13:00:26 - [TEST_STEP][PASSED] - callTestCase: Call Test Case 'Test Cases/Call Test Case/Login_Appco_testcase' successfully

2018-12-19 13:00:26 - [TEST_CASE][PASSED] - Test Cases/Call Test Case/Login_Appco_testcase: Test Cases/Call Test Case/Login_Appco_testcase

2018-12-19 13:00:26 - [TEST_STEP][PASSED] - openBrowser: Browser is opened with url: ''

2018-12-19 13:00:26 - [MESSAGE][WARNING] - A browser is already opened. Closing browser and opening a new one

2018-12-19 13:00:29 - [MESSAGE][PASSED] - Browser is opened with url: ''

2018-12-19 13:00:29 - [TEST_STEP][PASSED] - navigateToUrl: Navigate to 'https://app-qa.appcohesion.io/' successfully

2018-12-19 13:00:33 - [MESSAGE][PASSED] - Navigate to 'https://app-qa.appcohesion.io/' successfully

2018-12-19 13:00:33 - [TEST_STEP][PASSED] - maximizeWindow: Current window maximized

2018-12-19 13:00:34 - [MESSAGE][PASSED] - Current window maximized

2018-12-19 13:00:34 - [TEST_STEP][PASSED] - setText: Text 'surunewadmin' is set on object 'Object Repository/add_retailer_gmail/Page_AppCohesion/input_User Name_ac_username'

2018-12-19 13:00:34 - [MESSAGE][PASSED] - Text 'surunewadmin' is set on object 'Object Repository/add_retailer_gmail/Page_AppCohesion/input_User Name_ac_username'

2018-12-19 13:00:34 - [TEST_STEP][PASSED] - setText: Text '9tlTx3@y' is set on object 'Object Repository/Retailer creation/Page_AppCohesion/input_Password_ac_password'

2018-12-19 13:00:34 - [MESSAGE][PASSED] - Text '9tlTx3@y' is set on object 'Object Repository/Retailer creation/Page_AppCohesion/input_Password_ac_password'

2018-12-19 13:00:34 - [TEST_STEP][PASSED] - click: Object: 'Object Repository/Login_OR/Page_AppCohesion/button_Login Now' is clicked on

2018-12-19 13:00:35 - [MESSAGE][PASSED] - Object: 'Object Repository/Login_OR/Page_AppCohesion/button_Login Now' is clicked on

2018-12-19 13:00:35 - [TEST_STEP][PASSED] - delay: Delayed 10 second(s)

2018-12-19 13:00:45 - [MESSAGE][PASSED] - Delayed 10 second(s)

2018-12-19 13:00:45 - [MESSAGE][PASSED] - Call Test Case 'Test Cases/Call Test Case/Login_Appco_testcase' successfully

2018-12-19 13:00:45 - [TEST_STEP][PASSED] - click: Object: 'Object Repository/add_retailer_gmail/Page_AppCohesion/a_Retailers              Retai' is clicked on

2018-12-19 13:00:45 - [MESSAGE][PASSED] - Object: 'Object Repository/add_retailer_gmail/Page_AppCohesion/a_Retailers              Retai' is clicked on

2018-12-19 13:00:45 - [TEST_STEP][PASSED] - delay: Delayed 5 second(s)

2018-12-19 13:00:50 - [MESSAGE][PASSED] - Delayed 5 second(s)

2018-12-19 13:00:50 - [TEST_STEP][PASSED] - click: Object: 'Object Repository/add_retailer_gmail/Page_AppCohesion/a_ADD RETAILER' is clicked on

2018-12-19 13:00:50 - [MESSAGE][PASSED] - Object: 'Object Repository/add_retailer_gmail/Page_AppCohesion/a_ADD RETAILER' is clicked on

2018-12-19 13:00:50 - [TEST_STEP][PASSED] - verifyElementVisible: Object 'Object Repository/Retailer creation/Page_AppCohesion/select_Appco Retailer' is visible

2018-12-19 13:00:50 - [MESSAGE][PASSED] - Object 'Object Repository/Retailer creation/Page_AppCohesion/select_Appco Retailer' is visible

2018-12-19 13:00:50 - [TEST_STEP][PASSED] - selectOptionByLabel: All options with label 'Appco Retailer' are selected in object 'Object Repository/Retailer creation/Page_AppCohesion/select_Appco Retailer'  using regular expression

2018-12-19 13:00:50 - [MESSAGE][PASSED] - All options with label 'Appco Retailer' are selected in object 'Object Repository/Retailer creation/Page_AppCohesion/select_Appco Retailer'  using regular expression

2018-12-19 13:00:50 - [TEST_STEP][PASSED] - setText: Text 'New AAA Appco' is set on object 'Object Repository/add_retailer_gmail/Page_AppCohesion/input_RETAILER NAME_retailerNa'

2018-12-19 13:00:50 - [MESSAGE][PASSED] - Text 'New AAA Appco' is set on object 'Object Repository/add_retailer_gmail/Page_AppCohesion/input_RETAILER NAME_retailerNa'

2018-12-19 13:00:50 - [TEST_STEP][PASSED] - Statement - rn_uname = <not implemented yet for class: org.codehaus.groovy.ast.expr.EmptyExpression>: null

2018-12-19 13:00:50 - [TEST_STEP][PASSED] - Statement - rn_uname = java.lang.Math.random() * 500: null

2018-12-19 13:00:50 - [TEST_STEP][PASSED] - setText: Text 'NewRetailerAdmin29' is set on object 'Object Repository/add_retailer_gmail/Page_AppCohesion/input_USER NAME_userName'

2018-12-19 13:00:50 - [MESSAGE][PASSED] - Text 'NewRetailerAdmin29' is set on object 'Object Repository/add_retailer_gmail/Page_AppCohesion/input_USER NAME_userName'

2018-12-19 13:00:50 - [TEST_STEP][PASSED] - Statement - rn_email = <not implemented yet for class: org.codehaus.groovy.ast.expr.EmptyExpression>: null

2018-12-19 13:00:50 - [TEST_STEP][PASSED] - Statement - rn_email = java.lang.Math.random() * 500: null

2018-12-19 13:00:50 - [TEST_STEP][PASSED] - setText: Text 'snekalatha.r489@iinerds.com' is set on object 'Object Repository/add_retailer_gmail/Page_AppCohesion/input_EMAIL ID_emailId'

2018-12-19 13:00:51 - [MESSAGE][PASSED] - Text 'snekalatha.r489@iinerds.com' is set on object 'Object Repository/add_retailer_gmail/Page_AppCohesion/input_EMAIL ID_emailId'

2018-12-19 13:00:51 - [TEST_STEP][PASSED] - setText: Text 'NewRetailer' is set on object 'Object Repository/add_retailer_gmail/Page_AppCohesion/input_FIRST NAME_firstName'

2018-12-19 13:00:51 - [MESSAGE][PASSED] - Text 'NewRetailer' is set on object 'Object Repository/add_retailer_gmail/Page_AppCohesion/input_FIRST NAME_firstName'

2018-12-19 13:00:51 - [TEST_STEP][PASSED] - setText: Text 'New Retailer' is set on object 'Object Repository/add_retailer_gmail/Page_AppCohesion/input_LAST NAME_lastName'

2018-12-19 13:00:51 - [MESSAGE][PASSED] - Text 'New Retailer' is set on object 'Object Repository/add_retailer_gmail/Page_AppCohesion/input_LAST NAME_lastName'

2018-12-19 13:00:51 - [TEST_STEP][PASSED] - setText: Text '9/10, New QA Build11' is set on object 'Object Repository/add_retailer_gmail/Page_AppCohesion/input_RETAILER ADDRESS 1_retai'

2018-12-19 13:00:51 - [MESSAGE][PASSED] - Text '9/10, New QA Build11' is set on object 'Object Repository/add_retailer_gmail/Page_AppCohesion/input_RETAILER ADDRESS 1_retai'

2018-12-19 13:00:51 - [TEST_STEP][PASSED] - setText: Text '11/28, New Street lane' is set on object 'Object Repository/add_retailer_gmail/Page_AppCohesion/input_RETAILER ADDRESS 2_retai'

2018-12-19 13:00:51 - [MESSAGE][PASSED] - Text '11/28, New Street lane' is set on object 'Object Repository/add_retailer_gmail/Page_AppCohesion/input_RETAILER ADDRESS 2_retai'

2018-12-19 13:00:51 - [TEST_STEP][PASSED] - setText: Text '(446) 626-2462' is set on object 'Object Repository/add_retailer_gmail/Page_AppCohesion/input_PHONE NUMBER_phoneNumber'

2018-12-19 13:00:51 - [MESSAGE][PASSED] - Text '(446) 626-2462' is set on object 'Object Repository/add_retailer_gmail/Page_AppCohesion/input_PHONE NUMBER_phoneNumber'

2018-12-19 13:00:51 - [TEST_STEP][PASSED] - setText: Text '75444' is set on object 'Object Repository/add_retailer_gmail/Page_AppCohesion/input_ZIP CODE_zip'

2018-12-19 13:00:51 - [MESSAGE][PASSED] - Text '75444' is set on object 'Object Repository/add_retailer_gmail/Page_AppCohesion/input_ZIP CODE_zip'

2018-12-19 13:00:51 - [TEST_STEP][PASSED] - setText: Text 'Golden' is set on object 'Object Repository/add_retailer_gmail/Page_AppCohesion/input_CITY_city'

2018-12-19 13:00:52 - [MESSAGE][PASSED] - Text 'Golden' is set on object 'Object Repository/add_retailer_gmail/Page_AppCohesion/input_CITY_city'

2018-12-19 13:00:52 - [TEST_STEP][PASSED] - setText: Text 'Texas' is set on object 'Object Repository/add_retailer_gmail/Page_AppCohesion/input_STATE_state'

2018-12-19 13:00:52 - [MESSAGE][PASSED] - Text 'Texas' is set on object 'Object Repository/add_retailer_gmail/Page_AppCohesion/input_STATE_state'

2018-12-19 13:00:52 - [TEST_STEP][PASSED] - setText: Text '574846848468' is set on object 'Object Repository/add_retailer_gmail/Page_AppCohesion/input_BANK ROUTING ID_bankId'

2018-12-19 13:00:52 - [MESSAGE][PASSED] - Text '574846848468' is set on object 'Object Repository/add_retailer_gmail/Page_AppCohesion/input_BANK ROUTING ID_bankId'

2018-12-19 13:00:52 - [TEST_STEP][PASSED] - setText: Text 'bb bank' is set on object 'Object Repository/add_retailer_gmail/Page_AppCohesion/input_BANK NAME_bankName'

2018-12-19 13:00:52 - [MESSAGE][PASSED] - Text 'bb bank' is set on object 'Object Repository/add_retailer_gmail/Page_AppCohesion/input_BANK NAME_bankName'

2018-12-19 13:00:52 - [TEST_STEP][PASSED] - setText: Text '45747467468468' is set on object 'Object Repository/add_retailer_gmail/Page_AppCohesion/input_BANK AC NUMBER_accountNu'

2018-12-19 13:00:52 - [MESSAGE][PASSED] - Text '45747467468468' is set on object 'Object Repository/add_retailer_gmail/Page_AppCohesion/input_BANK AC NUMBER_accountNu'

2018-12-19 13:00:52 - [TEST_STEP][PASSED] - selectOptionByValue: All options with value '0' are selected in object 'Object Repository/Retailer creation/inventory_object repo/Page_AppCohesion/select_AppCoSSGreen SupplyDavi'  using regular expression

2018-12-19 13:00:52 - [MESSAGE][PASSED] - All options with value '0' are selected in object 'Object Repository/Retailer creation/inventory_object repo/Page_AppCohesion/select_AppCoSSGreen SupplyDavi'  using regular expression

2018-12-19 13:00:52 - [TEST_STEP][PASSED] - delay: Delayed 10 second(s)

2018-12-19 13:01:02 - [MESSAGE][PASSED] - Delayed 10 second(s)

2018-12-19 13:01:02 - [TEST_STEP][PASSED] - click: Object: 'Object Repository/add_retailer_gmail/Page_AppCohesion/button_Add Retailer' is clicked on

2018-12-19 13:01:02 - [MESSAGE][PASSED] - Object: 'Object Repository/add_retailer_gmail/Page_AppCohesion/button_Add Retailer' is clicked on

2018-12-19 13:01:02 - [TEST_STEP][PASSED] - delay: Delayed 3 second(s)

2018-12-19 13:01:05 - [MESSAGE][PASSED] - Delayed 3 second(s)

2018-12-19 13:01:05 - [TEST_STEP][FAILED] - verifyElementText: com.kms.katalon.core.webui.exception.WebElementNotFoundException: Web element with id: 'Object Repository/Retailer creation/inventory_object repo/h5_Success  Congratulations Yo' located by 'By.xpath: //h5[@id = 'exactmsg' and (text() = 'Success:  Congratulations!! You have successfully added retailer. Email has been sent to his email id!' or . = 'Success:  Congratulations!! You have successfully added retailer. Email has been sent to his email id!')]' not found

2018-12-19 13:01:37 - [MESSAGE][FAILED] - com.kms.katalon.core.webui.exception.WebElementNotFoundException: Web element with id: 'Object Repository/Retailer creation/inventory_object repo/h5_Success  Congratulations Yo' located by 'By.xpath: //h5[@id = 'exactmsg' and (text() = 'Success:  Congratulations!! You have successfully added retailer. Email has been sent to his email id!' or . = 'Success:  Congratulations!! You have successfully added retailer. Email has been sent to his email id!')]' not found
[[ATTACHMENT|C:\\Users\\Snekalatha R\\git\\QA-KatalonNew\\Reports\\Appco_test_suite\\20181219_125827\\1545204697135.png]]]]></system-out>
         <system-err><![CDATA[2018-12-19 13:00:26 - [TEST_CASE][FAILED] - Test Cases/AppcoAdmin/add_retailer_Appco: Test Cases/AppcoAdmin/add_retailer_Appco FAILED because (of) (Stack trace: com.kms.katalon.core.exception.StepFailedException: com.kms.katalon.core.webui.exception.WebElementNotFoundException: Web element with id: 'Object Repository/Retailer creation/inventory_object repo/h5_Success  Congratulations Yo' located by 'By.xpath: //h5[@id = 'exactmsg' and (text() = 'Success:  Congratulations!! You have successfully added retailer. Email has been sent to his email id!' or . = 'Success:  Congratulations!! You have successfully added retailer. Email has been sent to his email id!')]' not found
	at com.kms.katalon.core.keyword.internal.KeywordMain.stepFailed(KeywordMain.groovy:32)
	at com.kms.katalon.core.webui.keyword.internal.WebUIKeywordMain.stepFailed(WebUIKeywordMain.groovy:65)
	at com.kms.katalon.core.webui.keyword.builtin.VerifyElementTextKeyword$_verifyElementText_closure1.doCall(VerifyElementTextKeyword.groovy:64)
	at com.kms.katalon.core.webui.keyword.builtin.VerifyElementTextKeyword$_verifyElementText_closure1.call(VerifyElementTextKeyword.groovy)
	at com.kms.katalon.core.webui.keyword.internal.WebUIKeywordMain.runKeyword(WebUIKeywordMain.groovy:21)
	at com.kms.katalon.core.webui.keyword.builtin.VerifyElementTextKeyword.verifyElementText(VerifyElementTextKeyword.groovy:72)
	at com.kms.katalon.core.webui.keyword.builtin.VerifyElementTextKeyword.execute(VerifyElementTextKeyword.groovy:40)
	at com.kms.katalon.core.keyword.internal.KeywordExecutor.executeKeywordForPlatform(KeywordExecutor.groovy:53)
	at com.kms.katalon.core.webui.keyword.WebUiBuiltInKeywords.verifyElementText(WebUiBuiltInKeywords.groovy:3647)
	at com.kms.katalon.core.webui.keyword.WebUiBuiltInKeywords$verifyElementText$8.call(Unknown Source)
	at org.codehaus.groovy.runtime.callsite.CallSiteArray.defaultCall(CallSiteArray.java:48)
	at org.codehaus.groovy.runtime.callsite.AbstractCallSite.call(AbstractCallSite.java:113)
	at org.codehaus.groovy.runtime.callsite.AbstractCallSite.call(AbstractCallSite.java:141)
	at Script1544080169223.run(Script1544080169223.groovy:80)
	at com.kms.katalon.core.main.ScriptEngine.run(ScriptEngine.java:183)
	at com.kms.katalon.core.main.ScriptEngine.runScriptAsRawText(ScriptEngine.java:108)
	at com.kms.katalon.core.main.TestCaseExecutor.runScript(TestCaseExecutor.java:294)
	at com.kms.katalon.core.main.TestCaseExecutor.doExecute(TestCaseExecutor.java:285)
	at com.kms.katalon.core.main.TestCaseExecutor.processExecutionPhase(TestCaseExecutor.java:264)
	at com.kms.katalon.core.main.TestCaseExecutor.accessMainPhase(TestCaseExecutor.java:256)
	at com.kms.katalon.core.main.TestCaseExecutor.execute(TestCaseExecutor.java:200)
	at com.kms.katalon.core.main.TestSuiteExecutor.accessTestCaseMainPhase(TestSuiteExecutor.java:129)
	at com.kms.katalon.core.main.TestSuiteExecutor.accessTestSuiteMainPhase(TestSuiteExecutor.java:112)
	at com.kms.katalon.core.main.TestSuiteExecutor.execute(TestSuiteExecutor.java:81)
	at com.kms.katalon.core.main.TestCaseMain.startTestSuite(TestCaseMain.java:142)
	at com.kms.katalon.core.main.TestCaseMain$startTestSuite$0.call(Unknown Source)
	at org.codehaus.groovy.runtime.callsite.CallSiteArray.defaultCall(CallSiteArray.java:48)
	at org.codehaus.groovy.runtime.callsite.AbstractCallSite.call(AbstractCallSite.java:113)
	at org.codehaus.groovy.runtime.callsite.AbstractCallSite.call(AbstractCallSite.java:141)
	at TempTestSuite1545204507280.run(TempTestSuite1545204507280.groovy:36)
	at groovy.lang.GroovyShell.runScriptOrMainOrTestOrRunnable(GroovyShell.java:263)
	at groovy.lang.GroovyShell.run(GroovyShell.java:518)
	at groovy.lang.GroovyShell.run(GroovyShell.java:507)
	at groovy.ui.GroovyMain.processOnce(GroovyMain.java:653)
	at groovy.ui.GroovyMain.run(GroovyMain.java:384)
	at groovy.ui.GroovyMain.process(GroovyMain.java:370)
	at groovy.ui.GroovyMain.processArgs(GroovyMain.java:129)
	at groovy.ui.GroovyMain.main(GroovyMain.java:109)
	at sun.reflect.NativeMethodAccessorImpl.invoke0(Native Method)
	at sun.reflect.NativeMethodAccessorImpl.invoke(NativeMethodAccessorImpl.java:62)
	at sun.reflect.DelegatingMethodAccessorImpl.invoke(DelegatingMethodAccessorImpl.java:43)
	at java.lang.reflect.Method.invoke(Method.java:498)
	at org.codehaus.groovy.tools.GroovyStarter.rootLoader(GroovyStarter.java:109)
	at org.codehaus.groovy.tools.GroovyStarter.main(GroovyStarter.java:131)
)]]></system-err>
      </testcase>
      <testcase name="Test Cases/AppcoAdmin/Appco Login" classname="Test Cases/AppcoAdmin/Appco Login" status="PASSED">
         <system-out><![CDATA[2018-12-19 13:01:37 - [TEST_CASE][PASSED] - Test Cases/AppcoAdmin/Appco Login: Test Cases/AppcoAdmin/Appco Login

2018-12-19 13:01:37 - [TEST_STEP][PASSED] - openBrowser: Browser is opened with url: ''

2018-12-19 13:01:37 - [MESSAGE][WARNING] - A browser is already opened. Closing browser and opening a new one

2018-12-19 13:01:40 - [MESSAGE][PASSED] - Browser is opened with url: ''

2018-12-19 13:01:40 - [TEST_STEP][PASSED] - navigateToUrl: Navigate to 'http://app-qa.appcohesion.io/' successfully

2018-12-19 13:01:43 - [MESSAGE][PASSED] - Navigate to 'http://app-qa.appcohesion.io/' successfully

2018-12-19 13:01:43 - [TEST_STEP][PASSED] - setText: Text 'surunewadmin' is set on object 'Object Repository/Appco Login/Page_AppCohesion/input_User Name_ac_username'

2018-12-19 13:01:43 - [MESSAGE][PASSED] - Text 'surunewadmin' is set on object 'Object Repository/Appco Login/Page_AppCohesion/input_User Name_ac_username'

2018-12-19 13:01:43 - [TEST_STEP][PASSED] - setText: Text '9tlTx3@y' is set on object 'Object Repository/Appco Login/Page_AppCohesion/input_Password_ac_password'

2018-12-19 13:01:43 - [MESSAGE][PASSED] - Text '9tlTx3@y' is set on object 'Object Repository/Appco Login/Page_AppCohesion/input_Password_ac_password'

2018-12-19 13:01:43 - [TEST_STEP][PASSED] - click: Object: 'Object Repository/Appco Login/Page_AppCohesion/button_Login' is clicked on

2018-12-19 13:01:43 - [MESSAGE][PASSED] - Object: 'Object Repository/Appco Login/Page_AppCohesion/button_Login' is clicked on

2018-12-19 13:01:43 - [TEST_STEP][PASSED] - verifyElementVisible: Object 'Object Repository/Appco Login/Page_AppCohesion/em_Welcome Store Tester' is visible

2018-12-19 13:01:47 - [MESSAGE][PASSED] - Object 'Object Repository/Appco Login/Page_AppCohesion/em_Welcome Store Tester' is visible

2018-12-19 13:01:47 - [TEST_STEP][PASSED] - verifyElementText: Actual text and expected text of test object 'Object Repository/Appco Login/Page_AppCohesion/em_Welcome Store Tester' are matched.

2018-12-19 13:01:47 - [MESSAGE][PASSED] - Actual text and expected text of test object 'Object Repository/Appco Login/Page_AppCohesion/em_Welcome Store Tester' are matched.]]></system-out>
         <system-err><![CDATA[]]></system-err>
      </testcase>
      <testcase name="Test Cases/AppcoAdmin/Appco_employeeView" classname="Test Cases/AppcoAdmin/Appco_employeeView" status="PASSED">
         <system-out><![CDATA[2018-12-19 13:01:47 - [TEST_CASE][PASSED] - Test Cases/AppcoAdmin/Appco_employeeView: Test Cases/AppcoAdmin/Appco_employeeView

2018-12-19 13:01:47 - [TEST_STEP][PASSED] - callTestCase: Call Test Case 'Test Cases/Call Test Case/Login_Appco_testcase' successfully

2018-12-19 13:01:47 - [TEST_CASE][PASSED] - Test Cases/Call Test Case/Login_Appco_testcase: Test Cases/Call Test Case/Login_Appco_testcase

2018-12-19 13:01:47 - [TEST_STEP][PASSED] - openBrowser: Browser is opened with url: ''

2018-12-19 13:01:47 - [MESSAGE][WARNING] - A browser is already opened. Closing browser and opening a new one

2018-12-19 13:01:49 - [MESSAGE][PASSED] - Browser is opened with url: ''

2018-12-19 13:01:49 - [TEST_STEP][PASSED] - navigateToUrl: Navigate to 'https://app-qa.appcohesion.io/' successfully

2018-12-19 13:01:53 - [MESSAGE][PASSED] - Navigate to 'https://app-qa.appcohesion.io/' successfully

2018-12-19 13:01:53 - [TEST_STEP][PASSED] - maximizeWindow: Current window maximized

2018-12-19 13:01:55 - [MESSAGE][PASSED] - Current window maximized

2018-12-19 13:01:55 - [TEST_STEP][PASSED] - setText: Text 'surunewadmin' is set on object 'Object Repository/add_retailer_gmail/Page_AppCohesion/input_User Name_ac_username'

2018-12-19 13:01:55 - [MESSAGE][PASSED] - Text 'surunewadmin' is set on object 'Object Repository/add_retailer_gmail/Page_AppCohesion/input_User Name_ac_username'

2018-12-19 13:01:55 - [TEST_STEP][PASSED] - setText: Text '9tlTx3@y' is set on object 'Object Repository/Retailer creation/Page_AppCohesion/input_Password_ac_password'

2018-12-19 13:01:55 - [MESSAGE][PASSED] - Text '9tlTx3@y' is set on object 'Object Repository/Retailer creation/Page_AppCohesion/input_Password_ac_password'

2018-12-19 13:01:55 - [TEST_STEP][PASSED] - click: Object: 'Object Repository/Login_OR/Page_AppCohesion/button_Login Now' is clicked on

2018-12-19 13:01:55 - [MESSAGE][PASSED] - Object: 'Object Repository/Login_OR/Page_AppCohesion/button_Login Now' is clicked on

2018-12-19 13:01:55 - [TEST_STEP][PASSED] - delay: Delayed 10 second(s)

2018-12-19 13:02:05 - [MESSAGE][PASSED] - Delayed 10 second(s)

2018-12-19 13:02:05 - [MESSAGE][PASSED] - Call Test Case 'Test Cases/Call Test Case/Login_Appco_testcase' successfully

2018-12-19 13:02:05 - [TEST_STEP][NOT_RUN] - click: NOT_RUN: click

2018-12-19 13:02:05 - [MESSAGE][NOT_RUN] - NOT_RUN: click

2018-12-19 13:02:05 - [TEST_STEP][PASSED] - click: Object: 'Object Repository/appco_employee_view_new/retailer_employeeview/Page_AppCohesion/a_Employees              Emplo' is clicked on

2018-12-19 13:02:05 - [MESSAGE][PASSED] - Object: 'Object Repository/appco_employee_view_new/retailer_employeeview/Page_AppCohesion/a_Employees              Emplo' is clicked on

2018-12-19 13:02:05 - [TEST_STEP][PASSED] - delay: Delayed 10 second(s)

2018-12-19 13:02:15 - [MESSAGE][PASSED] - Delayed 10 second(s)

2018-12-19 13:02:15 - [TEST_STEP][PASSED] - click: Object: 'Object Repository/retailer admin All Repo/employee_obj_repo/pop up emp object/Page_AppCohesion/collapsible-header_Retailer Ad' is clicked on

2018-12-19 13:02:15 - [MESSAGE][PASSED] - Object: 'Object Repository/retailer admin All Repo/employee_obj_repo/pop up emp object/Page_AppCohesion/collapsible-header_Retailer Ad' is clicked on

2018-12-19 13:02:15 - [TEST_STEP][PASSED] - click: Object: 'Object Repository/retailer admin All Repo/employee_obj_repo/employee_listed_first' is clicked on

2018-12-19 13:02:17 - [MESSAGE][PASSED] - Object: 'Object Repository/retailer admin All Repo/employee_obj_repo/employee_listed_first' is clicked on

2018-12-19 13:02:17 - [TEST_STEP][PASSED] - delay: Delayed 5 second(s)

2018-12-19 13:02:22 - [MESSAGE][PASSED] - Delayed 5 second(s)

2018-12-19 13:02:22 - [TEST_STEP][PASSED] - verifyElementVisible: Object 'Object Repository/appco_employee_view_new/retailer_employeeview/Page_AppCohesion/span_RetailerAdmin' is visible

2018-12-19 13:02:22 - [MESSAGE][PASSED] - Object 'Object Repository/appco_employee_view_new/retailer_employeeview/Page_AppCohesion/span_RetailerAdmin' is visible

2018-12-19 13:02:22 - [TEST_STEP][PASSED] - verifyElementText: Actual text and expected text of test object 'Object Repository/appco_employee_view_new/retailer_employeeview/Page_AppCohesion/span_RetailerAdmin' are matched.

2018-12-19 13:02:22 - [MESSAGE][PASSED] - Actual text and expected text of test object 'Object Repository/appco_employee_view_new/retailer_employeeview/Page_AppCohesion/span_RetailerAdmin' are matched.

2018-12-19 13:02:22 - [TEST_STEP][NOT_RUN] - click: NOT_RUN: click

2018-12-19 13:02:22 - [MESSAGE][NOT_RUN] - NOT_RUN: click

2018-12-19 13:02:22 - [TEST_STEP][PASSED] - click: Object: 'Object Repository/retailer admin All Repo/employee_obj_repo/pop up emp object/Page_AppCohesion/collapsible-header_Retailer Ad' is clicked on

2018-12-19 13:02:22 - [MESSAGE][PASSED] - Object: 'Object Repository/retailer admin All Repo/employee_obj_repo/pop up emp object/Page_AppCohesion/collapsible-header_Retailer Ad' is clicked on

2018-12-19 13:02:22 - [TEST_STEP][PASSED] - delay: Delayed 5 second(s)

2018-12-19 13:02:27 - [MESSAGE][PASSED] - Delayed 5 second(s)

2018-12-19 13:02:27 - [TEST_STEP][PASSED] - click: Object: 'Object Repository/retailer admin All Repo/employee_obj_repo/pop up emp object/Page_AppCohesion/collapsible-header_Store Admin' is clicked on

2018-12-19 13:02:27 - [MESSAGE][PASSED] - Object: 'Object Repository/retailer admin All Repo/employee_obj_repo/pop up emp object/Page_AppCohesion/collapsible-header_Store Admin' is clicked on

2018-12-19 13:02:27 - [TEST_STEP][PASSED] - click: Object: 'Object Repository/employee_obj_repo/store admin list first' is clicked on

2018-12-19 13:02:28 - [MESSAGE][PASSED] - Object: 'Object Repository/employee_obj_repo/store admin list first' is clicked on

2018-12-19 13:02:28 - [TEST_STEP][PASSED] - delay: Delayed 3 second(s)

2018-12-19 13:02:31 - [MESSAGE][PASSED] - Delayed 3 second(s)

2018-12-19 13:02:31 - [TEST_STEP][NOT_RUN] - verifyElementVisible: NOT_RUN: verifyElementVisible

2018-12-19 13:02:31 - [MESSAGE][NOT_RUN] - NOT_RUN: verifyElementVisible

2018-12-19 13:02:31 - [TEST_STEP][PASSED] - verifyElementText: Actual text and expected text of test object 'Object Repository/appco_employee_view_new/retailer_employeeview/Page_AppCohesion/span_StoreAdmin' are matched.

2018-12-19 13:02:31 - [MESSAGE][PASSED] - Actual text and expected text of test object 'Object Repository/appco_employee_view_new/retailer_employeeview/Page_AppCohesion/span_StoreAdmin' are matched.

2018-12-19 13:02:31 - [TEST_STEP][PASSED] - click: Object: 'Object Repository/appco_employee_view_new/retailer_employeeview/Page_AppCohesion/span_Loading POS Retailer admi' is clicked on

2018-12-19 13:02:31 - [MESSAGE][PASSED] - Object: 'Object Repository/appco_employee_view_new/retailer_employeeview/Page_AppCohesion/span_Loading POS Retailer admi' is clicked on

2018-12-19 13:02:31 - [TEST_STEP][PASSED] - click: Object: 'Object Repository/retailer admin All Repo/employee_obj_repo/pop up emp object/Page_AppCohesion/collapsible-header_Store Admin' is clicked on

2018-12-19 13:02:31 - [MESSAGE][PASSED] - Object: 'Object Repository/retailer admin All Repo/employee_obj_repo/pop up emp object/Page_AppCohesion/collapsible-header_Store Admin' is clicked on

2018-12-19 13:02:31 - [TEST_STEP][PASSED] - delay: Delayed 5 second(s)

2018-12-19 13:02:36 - [MESSAGE][PASSED] - Delayed 5 second(s)

2018-12-19 13:02:36 - [TEST_STEP][PASSED] - click: Object: 'Object Repository/retailer admin All Repo/employee_obj_repo/retailer_employeeview/Page_AppCohesion/collapsible-header_Store Users' is clicked on

2018-12-19 13:02:37 - [MESSAGE][PASSED] - Object: 'Object Repository/retailer admin All Repo/employee_obj_repo/retailer_employeeview/Page_AppCohesion/collapsible-header_Store Users' is clicked on

2018-12-19 13:02:37 - [TEST_STEP][PASSED] - click: Object: 'Object Repository/employee_obj_repo/storeuser_listed_first' is clicked on

2018-12-19 13:02:38 - [MESSAGE][PASSED] - Object: 'Object Repository/employee_obj_repo/storeuser_listed_first' is clicked on

2018-12-19 13:02:38 - [TEST_STEP][PASSED] - delay: Delayed 3 second(s)

2018-12-19 13:02:41 - [MESSAGE][PASSED] - Delayed 3 second(s)

2018-12-19 13:02:41 - [TEST_STEP][NOT_RUN] - verifyElementVisible: NOT_RUN: verifyElementVisible

2018-12-19 13:02:41 - [MESSAGE][NOT_RUN] - NOT_RUN: verifyElementVisible

2018-12-19 13:02:41 - [TEST_STEP][PASSED] - verifyElementText: Actual text and expected text of test object 'Object Repository/appco_employee_view_new/retailer_employeeview/Page_AppCohesion/span_POSUser' are matched.

2018-12-19 13:02:41 - [MESSAGE][PASSED] - Actual text and expected text of test object 'Object Repository/appco_employee_view_new/retailer_employeeview/Page_AppCohesion/span_POSUser' are matched.

2018-12-19 13:02:41 - [TEST_STEP][NOT_RUN] - click: NOT_RUN: click

2018-12-19 13:02:41 - [MESSAGE][NOT_RUN] - NOT_RUN: click

2018-12-19 13:02:41 - [TEST_STEP][PASSED] - click: Object: 'Object Repository/retailer admin All Repo/employee_obj_repo/pop up emp object/Page_AppCohesion/collapsible-header_Store Users' is clicked on

2018-12-19 13:02:41 - [MESSAGE][PASSED] - Object: 'Object Repository/retailer admin All Repo/employee_obj_repo/pop up emp object/Page_AppCohesion/collapsible-header_Store Users' is clicked on

2018-12-19 13:02:41 - [TEST_STEP][PASSED] - delay: Delayed 5 second(s)

2018-12-19 13:02:46 - [MESSAGE][PASSED] - Delayed 5 second(s)

2018-12-19 13:02:46 - [TEST_STEP][PASSED] - click: Object: 'Object Repository/Appco Login/employee repo/collapsible-header_POS Retaile' is clicked on

2018-12-19 13:02:51 - [MESSAGE][PASSED] - Object: 'Object Repository/Appco Login/employee repo/collapsible-header_POS Retaile' is clicked on

2018-12-19 13:02:51 - [TEST_STEP][PASSED] - verifyElementVisible: Object 'Object Repository/Appco Login/employee repo/h5_POSRetailerAdmin' is visible

2018-12-19 13:02:52 - [MESSAGE][PASSED] - Object 'Object Repository/Appco Login/employee repo/h5_POSRetailerAdmin' is visible

2018-12-19 13:02:52 - [TEST_STEP][PASSED] - click: Object: 'Object Repository/Appco Login/employee repo/li_multepicormultepicormultepi' is clicked on

2018-12-19 13:02:57 - [MESSAGE][PASSED] - Object: 'Object Repository/Appco Login/employee repo/li_multepicormultepicormultepi' is clicked on

2018-12-19 13:02:57 - [TEST_STEP][PASSED] - delay: Delayed 5 second(s)

2018-12-19 13:03:02 - [MESSAGE][PASSED] - Delayed 5 second(s)

2018-12-19 13:03:02 - [TEST_STEP][PASSED] - verifyElementText: Actual text and expected text of test object 'Object Repository/Appco Login/employee repo/span_POSRetailerAdmin' are matched.

2018-12-19 13:03:02 - [MESSAGE][PASSED] - Actual text and expected text of test object 'Object Repository/Appco Login/employee repo/span_POSRetailerAdmin' are matched.

2018-12-19 13:03:02 - [TEST_STEP][PASSED] - click: Object: 'Object Repository/Appco Login/employee repo/collapsible-header_POS Retaile' is clicked on

2018-12-19 13:03:02 - [MESSAGE][PASSED] - Object: 'Object Repository/Appco Login/employee repo/collapsible-header_POS Retaile' is clicked on

2018-12-19 13:03:02 - [TEST_STEP][PASSED] - delay: Delayed 3 second(s)

2018-12-19 13:03:05 - [MESSAGE][PASSED] - Delayed 3 second(s)

2018-12-19 13:03:05 - [TEST_STEP][PASSED] - click: Object: 'Object Repository/appco_employee_view_new/retailer_employeeview/Page_AppCohesion/a_Dashboard              Dashb' is clicked on

2018-12-19 13:03:05 - [MESSAGE][PASSED] - Object: 'Object Repository/appco_employee_view_new/retailer_employeeview/Page_AppCohesion/a_Dashboard              Dashb' is clicked on]]></system-out>
         <system-err><![CDATA[]]></system-err>
      </testcase>
      <testcase name="Test Cases/AppcoAdmin/Appco_employee_Creation_edit_delete" classname="Test Cases/AppcoAdmin/Appco_employee_Creation_edit_delete" status="PASSED">
         <system-out><![CDATA[2018-12-19 13:03:05 - [TEST_CASE][PASSED] - Test Cases/AppcoAdmin/Appco_employee_Creation_edit_delete: Test Cases/AppcoAdmin/Appco_employee_Creation_edit_delete

2018-12-19 13:03:06 - [TEST_STEP][PASSED] - callTestCase: Call Test Case 'Test Cases/Call Test Case/Login_Appco_testcase' successfully

2018-12-19 13:03:06 - [TEST_CASE][PASSED] - Test Cases/Call Test Case/Login_Appco_testcase: Test Cases/Call Test Case/Login_Appco_testcase

2018-12-19 13:03:06 - [TEST_STEP][PASSED] - openBrowser: Browser is opened with url: ''

2018-12-19 13:03:06 - [MESSAGE][WARNING] - A browser is already opened. Closing browser and opening a new one

2018-12-19 13:03:08 - [MESSAGE][PASSED] - Browser is opened with url: ''

2018-12-19 13:03:08 - [TEST_STEP][PASSED] - navigateToUrl: Navigate to 'https://app-qa.appcohesion.io/' successfully

2018-12-19 13:03:13 - [MESSAGE][PASSED] - Navigate to 'https://app-qa.appcohesion.io/' successfully

2018-12-19 13:03:13 - [TEST_STEP][PASSED] - maximizeWindow: Current window maximized

2018-12-19 13:03:14 - [MESSAGE][PASSED] - Current window maximized

2018-12-19 13:03:14 - [TEST_STEP][PASSED] - setText: Text 'surunewadmin' is set on object 'Object Repository/add_retailer_gmail/Page_AppCohesion/input_User Name_ac_username'

2018-12-19 13:03:14 - [MESSAGE][PASSED] - Text 'surunewadmin' is set on object 'Object Repository/add_retailer_gmail/Page_AppCohesion/input_User Name_ac_username'

2018-12-19 13:03:14 - [TEST_STEP][PASSED] - setText: Text '9tlTx3@y' is set on object 'Object Repository/Retailer creation/Page_AppCohesion/input_Password_ac_password'

2018-12-19 13:03:14 - [MESSAGE][PASSED] - Text '9tlTx3@y' is set on object 'Object Repository/Retailer creation/Page_AppCohesion/input_Password_ac_password'

2018-12-19 13:03:14 - [TEST_STEP][PASSED] - click: Object: 'Object Repository/Login_OR/Page_AppCohesion/button_Login Now' is clicked on

2018-12-19 13:03:14 - [MESSAGE][PASSED] - Object: 'Object Repository/Login_OR/Page_AppCohesion/button_Login Now' is clicked on

2018-12-19 13:03:14 - [TEST_STEP][PASSED] - delay: Delayed 10 second(s)

2018-12-19 13:03:24 - [MESSAGE][PASSED] - Delayed 10 second(s)

2018-12-19 13:03:24 - [MESSAGE][PASSED] - Call Test Case 'Test Cases/Call Test Case/Login_Appco_testcase' successfully

2018-12-19 13:03:24 - [TEST_STEP][PASSED] - verifyElementVisible: Object 'Object Repository/employee_obj_repo/emp_tab' is visible

2018-12-19 13:03:24 - [MESSAGE][PASSED] - Object 'Object Repository/employee_obj_repo/emp_tab' is visible

2018-12-19 13:03:24 - [TEST_STEP][PASSED] - click: Object: 'Object Repository/employee_obj_repo/emp_tab' is clicked on

2018-12-19 13:03:24 - [MESSAGE][PASSED] - Object: 'Object Repository/employee_obj_repo/emp_tab' is clicked on

2018-12-19 13:03:24 - [TEST_STEP][PASSED] - delay: Delayed 5 second(s)

2018-12-19 13:03:29 - [MESSAGE][PASSED] - Delayed 5 second(s)

2018-12-19 13:03:29 - [TEST_STEP][PASSED] - selectOptionByLabel: All options with label 'New Retailer KatalonAuto' are selected in object 'Object Repository/Appco Login/employee repo/select_All                  AA'  using regular expression

2018-12-19 13:03:34 - [MESSAGE][PASSED] - All options with label 'New Retailer KatalonAuto' are selected in object 'Object Repository/Appco Login/employee repo/select_All                  AA'  using regular expression

2018-12-19 13:03:34 - [TEST_STEP][PASSED] - delay: Delayed 3 second(s)

2018-12-19 13:03:37 - [MESSAGE][PASSED] - Delayed 3 second(s)

2018-12-19 13:03:37 - [TEST_STEP][PASSED] - verifyElementVisible: Object 'Object Repository/employee_obj_repo/emp_new_button' is visible

2018-12-19 13:03:37 - [MESSAGE][PASSED] - Object 'Object Repository/employee_obj_repo/emp_new_button' is visible

2018-12-19 13:03:37 - [TEST_STEP][PASSED] - click: Object: 'Object Repository/employee_obj_repo/emp_new_button' is clicked on

2018-12-19 13:03:37 - [MESSAGE][PASSED] - Object: 'Object Repository/employee_obj_repo/emp_new_button' is clicked on

2018-12-19 13:03:37 - [TEST_STEP][PASSED] - delay: Delayed 5 second(s)

2018-12-19 13:03:42 - [MESSAGE][PASSED] - Delayed 5 second(s)

2018-12-19 13:03:42 - [TEST_STEP][PASSED] - verifyElementVisible: Object 'Object Repository/employee_obj_repo/Page_AppCohesion/label_Retailer Admin' is visible

2018-12-19 13:03:42 - [MESSAGE][PASSED] - Object 'Object Repository/employee_obj_repo/Page_AppCohesion/label_Retailer Admin' is visible

2018-12-19 13:03:42 - [TEST_STEP][PASSED] - verifyElementText: Actual text and expected text of test object 'Object Repository/employee_obj_repo/Page_AppCohesion/label_Retailer Admin' are matched.

2018-12-19 13:03:42 - [MESSAGE][PASSED] - Actual text and expected text of test object 'Object Repository/employee_obj_repo/Page_AppCohesion/label_Retailer Admin' are matched.

2018-12-19 13:03:42 - [TEST_STEP][PASSED] - click: Object: 'Object Repository/employee_obj_repo/Page_AppCohesion/label_Retailer Admin' is clicked on

2018-12-19 13:03:42 - [MESSAGE][PASSED] - Object: 'Object Repository/employee_obj_repo/Page_AppCohesion/label_Retailer Admin' is clicked on

2018-12-19 13:03:42 - [TEST_STEP][NOT_RUN] - selectOptionByValue: NOT_RUN: selectOptionByValue

2018-12-19 13:03:42 - [MESSAGE][NOT_RUN] - NOT_RUN: selectOptionByValue

2018-12-19 13:03:42 - [TEST_STEP][PASSED] - delay: Delayed 3 second(s)

2018-12-19 13:03:45 - [MESSAGE][PASSED] - Delayed 3 second(s)

2018-12-19 13:03:45 - [TEST_STEP][PASSED] - setText: Text 'NewRetailerKatalon' is set on object 'Object Repository/employee_obj_repo/Emp_firstname'

2018-12-19 13:03:46 - [MESSAGE][PASSED] - Text 'NewRetailerKatalon' is set on object 'Object Repository/employee_obj_repo/Emp_firstname'

2018-12-19 13:03:46 - [TEST_STEP][PASSED] - setText: Text 'NewRetailerKatalon' is set on object 'Object Repository/employee_obj_repo/emp_lastname'

2018-12-19 13:03:46 - [MESSAGE][PASSED] - Text 'NewRetailerKatalon' is set on object 'Object Repository/employee_obj_repo/emp_lastname'

2018-12-19 13:03:46 - [TEST_STEP][PASSED] - Statement - rn_uname = <not implemented yet for class: org.codehaus.groovy.ast.expr.EmptyExpression>: null

2018-12-19 13:03:46 - [TEST_STEP][PASSED] - Statement - rn_uname = java.lang.Math.random() * 500: null

2018-12-19 13:03:46 - [TEST_STEP][PASSED] - setText: Text 'NewRetailerKatalon488' is set on object 'Object Repository/employee_obj_repo/emp_username'

2018-12-19 13:03:46 - [MESSAGE][PASSED] - Text 'NewRetailerKatalon488' is set on object 'Object Repository/employee_obj_repo/emp_username'

2018-12-19 13:03:46 - [TEST_STEP][PASSED] - Statement - rn_email = <not implemented yet for class: org.codehaus.groovy.ast.expr.EmptyExpression>: null

2018-12-19 13:03:46 - [TEST_STEP][PASSED] - Statement - rn_email = java.lang.Math.random() * 500: null

2018-12-19 13:03:46 - [TEST_STEP][PASSED] - setText: Text 'snekalatha.r449@iinerds.com' is set on object 'Object Repository/employee_obj_repo/emp_email'

2018-12-19 13:03:46 - [MESSAGE][PASSED] - Text 'snekalatha.r449@iinerds.com' is set on object 'Object Repository/employee_obj_repo/emp_email'

2018-12-19 13:03:46 - [TEST_STEP][PASSED] - setText: Text '9894591635' is set on object 'Object Repository/employee_obj_repo/emp_phonenumber'

2018-12-19 13:03:46 - [MESSAGE][PASSED] - Text '9894591635' is set on object 'Object Repository/employee_obj_repo/emp_phonenumber'

2018-12-19 13:03:46 - [TEST_STEP][PASSED] - click: Object: 'Object Repository/employee_obj_repo/add_emp_button' is clicked on

2018-12-19 13:03:46 - [MESSAGE][PASSED] - Object: 'Object Repository/employee_obj_repo/add_emp_button' is clicked on

2018-12-19 13:03:46 - [TEST_STEP][PASSED] - comment: Valid email

2018-12-19 13:03:46 - [TEST_STEP][NOT_RUN] - verifyElementVisible: NOT_RUN: verifyElementVisible

2018-12-19 13:03:46 - [MESSAGE][NOT_RUN] - NOT_RUN: verifyElementVisible

2018-12-19 13:03:46 - [TEST_STEP][PASSED] - verifyElementText: Actual text and expected text of test object 'Object Repository/retailer admin All Repo/employee_obj_repo/pop up emp object/h5_Success  Congratulations Yo' are matched.

2018-12-19 13:03:48 - [MESSAGE][PASSED] - Actual text and expected text of test object 'Object Repository/retailer admin All Repo/employee_obj_repo/pop up emp object/h5_Success  Congratulations Yo' are matched.

2018-12-19 13:03:48 - [TEST_STEP][PASSED] - delay: Delayed 10 second(s)

2018-12-19 13:03:58 - [MESSAGE][PASSED] - Delayed 10 second(s)

2018-12-19 13:03:58 - [TEST_STEP][PASSED] - verifyElementVisible: Object 'Object Repository/employee_obj_repo/emp_tab' is visible

2018-12-19 13:03:58 - [MESSAGE][PASSED] - Object 'Object Repository/employee_obj_repo/emp_tab' is visible

2018-12-19 13:03:58 - [TEST_STEP][PASSED] - click: Object: 'Object Repository/employee_obj_repo/emp_tab' is clicked on

2018-12-19 13:03:58 - [MESSAGE][PASSED] - Object: 'Object Repository/employee_obj_repo/emp_tab' is clicked on

2018-12-19 13:03:58 - [TEST_STEP][PASSED] - delay: Delayed 10 second(s)

2018-12-19 13:04:08 - [MESSAGE][PASSED] - Delayed 10 second(s)

2018-12-19 13:04:08 - [TEST_STEP][PASSED] - selectOptionByLabel: All options with label 'New Retailer KatalonAuto' are selected in object 'Object Repository/Appco Login/employee repo/select_All                  AA'  using regular expression

2018-12-19 13:04:12 - [MESSAGE][PASSED] - All options with label 'New Retailer KatalonAuto' are selected in object 'Object Repository/Appco Login/employee repo/select_All                  AA'  using regular expression

2018-12-19 13:04:12 - [TEST_STEP][PASSED] - delay: Delayed 6 second(s)

2018-12-19 13:04:18 - [MESSAGE][PASSED] - Delayed 6 second(s)

2018-12-19 13:04:18 - [TEST_STEP][PASSED] - click: Object: 'Object Repository/employee_obj_repo/retailer_employeeview/Page_AppCohesion/collapsible-header_Retailer Ad' is clicked on

2018-12-19 13:04:18 - [MESSAGE][PASSED] - Object: 'Object Repository/employee_obj_repo/retailer_employeeview/Page_AppCohesion/collapsible-header_Retailer Ad' is clicked on

2018-12-19 13:04:18 - [TEST_STEP][PASSED] - delay: Delayed 5 second(s)

2018-12-19 13:04:23 - [MESSAGE][PASSED] - Delayed 5 second(s)

2018-12-19 13:04:23 - [TEST_STEP][PASSED] - verifyElementVisible: Object 'Object Repository/employee_obj_repo/retailer_first_list' is visible

2018-12-19 13:04:23 - [MESSAGE][PASSED] - Object 'Object Repository/employee_obj_repo/retailer_first_list' is visible

2018-12-19 13:04:23 - [TEST_STEP][PASSED] - verifyElementText: Actual text and expected text of test object 'Object Repository/employee_obj_repo/Page_AppCohesion/h4_NewRetailerKatalonNewRetail' are matched.

2018-12-19 13:04:23 - [MESSAGE][PASSED] - Actual text and expected text of test object 'Object Repository/employee_obj_repo/Page_AppCohesion/h4_NewRetailerKatalonNewRetail' are matched.

2018-12-19 13:04:23 - [TEST_STEP][PASSED] - verifyElementText: Actual text and expected text of test object 'Object Repository/retailer admin All Repo/employee_obj_repo/Page_AppCohesion/h5_RetailerAdmin' are matched.

2018-12-19 13:04:23 - [MESSAGE][PASSED] - Actual text and expected text of test object 'Object Repository/retailer admin All Repo/employee_obj_repo/Page_AppCohesion/h5_RetailerAdmin' are matched.

2018-12-19 13:04:23 - [TEST_STEP][NOT_RUN] - verifyElementText: NOT_RUN: verifyElementText

2018-12-19 13:04:23 - [MESSAGE][NOT_RUN] - NOT_RUN: verifyElementText

2018-12-19 13:04:23 - [TEST_STEP][PASSED] - verifyElementText: Actual text and expected text of test object 'Object Repository/employee_obj_repo/Page_AppCohesion/h5_9894591635' are matched.

2018-12-19 13:04:24 - [MESSAGE][PASSED] - Actual text and expected text of test object 'Object Repository/employee_obj_repo/Page_AppCohesion/h5_9894591635' are matched.

2018-12-19 13:04:24 - [TEST_STEP][PASSED] - delay: Delayed 10 second(s)

2018-12-19 13:04:34 - [MESSAGE][PASSED] - Delayed 10 second(s)

2018-12-19 13:04:34 - [TEST_STEP][PASSED] - click: Object: 'Object Repository/employee_obj_repo/retailer_first_list' is clicked on

2018-12-19 13:04:34 - [MESSAGE][PASSED] - Object: 'Object Repository/employee_obj_repo/retailer_first_list' is clicked on

2018-12-19 13:04:34 - [TEST_STEP][PASSED] - delay: Delayed 5 second(s)

2018-12-19 13:04:39 - [MESSAGE][PASSED] - Delayed 5 second(s)

2018-12-19 13:04:39 - [TEST_STEP][PASSED] - waitForElementVisible: Object 'Object Repository/retailer admin All Repo/employee_obj_repo/all_button/Page_AppCohesion/button_Edit' is visible

2018-12-19 13:04:39 - [MESSAGE][PASSED] - Object 'Object Repository/retailer admin All Repo/employee_obj_repo/all_button/Page_AppCohesion/button_Edit' is visible

2018-12-19 13:04:39 - [TEST_STEP][PASSED] - click: Object: 'Object Repository/retailer admin All Repo/employee_obj_repo/all_button/Page_AppCohesion/button_Edit' is clicked on

2018-12-19 13:04:39 - [MESSAGE][PASSED] - Object: 'Object Repository/retailer admin All Repo/employee_obj_repo/all_button/Page_AppCohesion/button_Edit' is clicked on

2018-12-19 13:04:39 - [TEST_STEP][PASSED] - verifyElementVisible: Object 'Object Repository/employee_obj_repo/Page_AppCohesion/label_Store Admin' is visible

2018-12-19 13:04:39 - [MESSAGE][PASSED] - Object 'Object Repository/employee_obj_repo/Page_AppCohesion/label_Store Admin' is visible

2018-12-19 13:04:39 - [TEST_STEP][PASSED] - verifyElementText: Actual text and expected text of test object 'Object Repository/retailer admin All Repo/employee_obj_repo/Page_AppCohesion/label_Store Admin' are matched.

2018-12-19 13:04:39 - [MESSAGE][PASSED] - Actual text and expected text of test object 'Object Repository/retailer admin All Repo/employee_obj_repo/Page_AppCohesion/label_Store Admin' are matched.

2018-12-19 13:04:39 - [TEST_STEP][PASSED] - click: Object: 'Object Repository/employee_obj_repo/Page_AppCohesion/label_Store Admin' is clicked on

2018-12-19 13:04:39 - [MESSAGE][PASSED] - Object: 'Object Repository/employee_obj_repo/Page_AppCohesion/label_Store Admin' is clicked on

2018-12-19 13:04:39 - [TEST_STEP][PASSED] - setText: Text 'EditRetailerKatalon' is set on object 'Object Repository/employee_obj_repo/Emp_firstname'

2018-12-19 13:04:39 - [MESSAGE][PASSED] - Text 'EditRetailerKatalon' is set on object 'Object Repository/employee_obj_repo/Emp_firstname'

2018-12-19 13:04:39 - [TEST_STEP][PASSED] - setText: Text 'EditRetailerKatalon' is set on object 'Object Repository/employee_obj_repo/emp_lastname'

2018-12-19 13:04:39 - [MESSAGE][PASSED] - Text 'EditRetailerKatalon' is set on object 'Object Repository/employee_obj_repo/emp_lastname'

2018-12-19 13:04:39 - [TEST_STEP][PASSED] - setText: Text '9443225554' is set on object 'Object Repository/employee_obj_repo/emp_phonenumber'

2018-12-19 13:04:39 - [MESSAGE][PASSED] - Text '9443225554' is set on object 'Object Repository/employee_obj_repo/emp_phonenumber'

2018-12-19 13:04:39 - [TEST_STEP][NOT_RUN] - verifyElementVisible: NOT_RUN: verifyElementVisible

2018-12-19 13:04:39 - [MESSAGE][NOT_RUN] - NOT_RUN: verifyElementVisible

2018-12-19 13:04:39 - [TEST_STEP][NOT_RUN] - selectOptionByIndex: NOT_RUN: selectOptionByIndex

2018-12-19 13:04:39 - [MESSAGE][NOT_RUN] - NOT_RUN: selectOptionByIndex

2018-12-19 13:04:39 - [TEST_STEP][PASSED] - dragAndDropToObject: Dragged object with id 'Object Repository/retailer admin All Repo/employee_obj_repo/Page_AppCohesion/select_Store Automation (24143' to object with id 'TestObject - 'Object Repository/retailer admin All Repo/employee_obj_repo/Page_AppCohesion/select_Store Automation (24143'' successfully

2018-12-19 13:04:40 - [MESSAGE][PASSED] - Dragged object with id 'Object Repository/retailer admin All Repo/employee_obj_repo/Page_AppCohesion/select_Store Automation (24143' to object with id 'TestObject - 'Object Repository/retailer admin All Repo/employee_obj_repo/Page_AppCohesion/select_Store Automation (24143'' successfully

2018-12-19 13:04:40 - [TEST_STEP][PASSED] - delay: Delayed 10 second(s)

2018-12-19 13:04:50 - [MESSAGE][PASSED] - Delayed 10 second(s)

2018-12-19 13:04:50 - [TEST_STEP][PASSED] - selectOptionByIndex: All options with index in [0] are selected on object 'Object Repository/retailer admin All Repo/employee_obj_repo/Page_AppCohesion/select_Store Automation (24143'

2018-12-19 13:04:50 - [MESSAGE][PASSED] - All options with index in [0] are selected on object 'Object Repository/retailer admin All Repo/employee_obj_repo/Page_AppCohesion/select_Store Automation (24143'

2018-12-19 13:04:50 - [TEST_STEP][PASSED] - click: Object: 'Object Repository/retailer admin All Repo/employee_obj_repo/all_button/Page_AppCohesion/button_Update' is clicked on

2018-12-19 13:04:50 - [MESSAGE][PASSED] - Object: 'Object Repository/retailer admin All Repo/employee_obj_repo/all_button/Page_AppCohesion/button_Update' is clicked on

2018-12-19 13:04:50 - [TEST_STEP][NOT_RUN] - verifyElementVisible: NOT_RUN: verifyElementVisible

2018-12-19 13:04:50 - [MESSAGE][NOT_RUN] - NOT_RUN: verifyElementVisible

2018-12-19 13:04:50 - [TEST_STEP][PASSED] - verifyElementText: Actual text and expected text of test object 'Object Repository/retailer admin All Repo/employee_obj_repo/pop up emp object/h5_Success  User details succe' are matched.

2018-12-19 13:05:00 - [MESSAGE][PASSED] - Actual text and expected text of test object 'Object Repository/retailer admin All Repo/employee_obj_repo/pop up emp object/h5_Success  User details succe' are matched.

2018-12-19 13:05:00 - [TEST_STEP][PASSED] - delay: Delayed 3 second(s)

2018-12-19 13:05:03 - [MESSAGE][PASSED] - Delayed 3 second(s)

2018-12-19 13:05:03 - [TEST_STEP][PASSED] - click: Object: 'Object Repository/retailer admin All Repo/employee_obj_repo/retailer_employeeview/Page_AppCohesion/collapsible-header_Store Admin' is clicked on

2018-12-19 13:05:03 - [MESSAGE][PASSED] - Object: 'Object Repository/retailer admin All Repo/employee_obj_repo/retailer_employeeview/Page_AppCohesion/collapsible-header_Store Admin' is clicked on

2018-12-19 13:05:03 - [TEST_STEP][PASSED] - delay: Delayed 5 second(s)

2018-12-19 13:05:08 - [MESSAGE][PASSED] - Delayed 5 second(s)

2018-12-19 13:05:08 - [TEST_STEP][PASSED] - verifyElementVisible: Object 'Object Repository/employee_obj_repo/store admin list first' is visible

2018-12-19 13:05:08 - [MESSAGE][PASSED] - Object 'Object Repository/employee_obj_repo/store admin list first' is visible

2018-12-19 13:05:08 - [TEST_STEP][PASSED] - click: Object: 'Object Repository/employee_obj_repo/store admin list first' is clicked on

2018-12-19 13:05:08 - [MESSAGE][PASSED] - Object: 'Object Repository/employee_obj_repo/store admin list first' is clicked on

2018-12-19 13:05:08 - [TEST_STEP][NOT_RUN] - callTestCase: NOT_RUN: callTestCase

2018-12-19 13:05:08 - [MESSAGE][NOT_RUN] - NOT_RUN: callTestCase

2018-12-19 13:05:08 - [TEST_STEP][PASSED] - delay: Delayed 5 second(s)

2018-12-19 13:05:13 - [MESSAGE][PASSED] - Delayed 5 second(s)

2018-12-19 13:05:13 - [TEST_STEP][PASSED] - click: Object: 'Object Repository/retailer admin All Repo/employee_obj_repo/all_button/Page_AppCohesion/button_Edit' is clicked on

2018-12-19 13:05:14 - [MESSAGE][PASSED] - Object: 'Object Repository/retailer admin All Repo/employee_obj_repo/all_button/Page_AppCohesion/button_Edit' is clicked on

2018-12-19 13:05:14 - [TEST_STEP][PASSED] - verifyElementVisible: Object 'Object Repository/retailer admin All Repo/employee_obj_repo/Page_AppCohesion/label_Store User' is visible

2018-12-19 13:05:14 - [MESSAGE][PASSED] - Object 'Object Repository/retailer admin All Repo/employee_obj_repo/Page_AppCohesion/label_Store User' is visible

2018-12-19 13:05:14 - [TEST_STEP][PASSED] - verifyElementText: Actual text and expected text of test object 'Object Repository/retailer admin All Repo/employee_obj_repo/Page_AppCohesion/label_Store User' are matched.

2018-12-19 13:05:14 - [MESSAGE][PASSED] - Actual text and expected text of test object 'Object Repository/retailer admin All Repo/employee_obj_repo/Page_AppCohesion/label_Store User' are matched.

2018-12-19 13:05:14 - [TEST_STEP][PASSED] - click: Object: 'Object Repository/retailer admin All Repo/employee_obj_repo/Page_AppCohesion/label_Store User' is clicked on

2018-12-19 13:05:14 - [MESSAGE][PASSED] - Object: 'Object Repository/retailer admin All Repo/employee_obj_repo/Page_AppCohesion/label_Store User' is clicked on

2018-12-19 13:05:14 - [TEST_STEP][NOT_RUN] - verifyElementVisible: NOT_RUN: verifyElementVisible

2018-12-19 13:05:14 - [MESSAGE][NOT_RUN] - NOT_RUN: verifyElementVisible

2018-12-19 13:05:14 - [TEST_STEP][NOT_RUN] - selectOptionByIndex: NOT_RUN: selectOptionByIndex

2018-12-19 13:05:14 - [MESSAGE][NOT_RUN] - NOT_RUN: selectOptionByIndex

2018-12-19 13:05:14 - [TEST_STEP][PASSED] - dragAndDropToObject: Dragged object with id 'Object Repository/retailer admin All Repo/employee_obj_repo/Page_AppCohesion/select_Store Automation (24143' to object with id 'TestObject - 'Object Repository/retailer admin All Repo/employee_obj_repo/Page_AppCohesion/select_Store Automation (24143'' successfully

2018-12-19 13:05:14 - [MESSAGE][PASSED] - Dragged object with id 'Object Repository/retailer admin All Repo/employee_obj_repo/Page_AppCohesion/select_Store Automation (24143' to object with id 'TestObject - 'Object Repository/retailer admin All Repo/employee_obj_repo/Page_AppCohesion/select_Store Automation (24143'' successfully

2018-12-19 13:05:14 - [TEST_STEP][PASSED] - verifyElementVisible: Object 'Object Repository/retailer admin All Repo/employee_obj_repo/Page_AppCohesion/select_Store Automation (24143' is visible

2018-12-19 13:05:14 - [MESSAGE][PASSED] - Object 'Object Repository/retailer admin All Repo/employee_obj_repo/Page_AppCohesion/select_Store Automation (24143' is visible

2018-12-19 13:05:14 - [TEST_STEP][PASSED] - delay: Delayed 10 second(s)

2018-12-19 13:05:24 - [MESSAGE][PASSED] - Delayed 10 second(s)

2018-12-19 13:05:24 - [TEST_STEP][PASSED] - selectOptionByIndex: All options with index in [0] are selected on object 'Object Repository/retailer admin All Repo/employee_obj_repo/store id'

2018-12-19 13:05:25 - [MESSAGE][PASSED] - All options with index in [0] are selected on object 'Object Repository/retailer admin All Repo/employee_obj_repo/store id'

2018-12-19 13:05:25 - [TEST_STEP][NOT_RUN] - verifyElementVisible: NOT_RUN: verifyElementVisible

2018-12-19 13:05:25 - [MESSAGE][NOT_RUN] - NOT_RUN: verifyElementVisible

2018-12-19 13:05:25 - [TEST_STEP][NOT_RUN] - click: NOT_RUN: click

2018-12-19 13:05:25 - [MESSAGE][NOT_RUN] - NOT_RUN: click

2018-12-19 13:05:25 - [TEST_STEP][PASSED] - waitForElementVisible: Object 'Object Repository/retailer admin All Repo/employee_obj_repo/storeuser_updatebutton' is visible

2018-12-19 13:05:25 - [MESSAGE][PASSED] - Object 'Object Repository/retailer admin All Repo/employee_obj_repo/storeuser_updatebutton' is visible

2018-12-19 13:05:25 - [TEST_STEP][PASSED] - click: Object: 'Object Repository/retailer admin All Repo/employee_obj_repo/storeuser_updatebutton' is clicked on

2018-12-19 13:05:25 - [MESSAGE][PASSED] - Object: 'Object Repository/retailer admin All Repo/employee_obj_repo/storeuser_updatebutton' is clicked on

2018-12-19 13:05:25 - [TEST_STEP][NOT_RUN] - verifyElementVisible: NOT_RUN: verifyElementVisible

2018-12-19 13:05:25 - [MESSAGE][NOT_RUN] - NOT_RUN: verifyElementVisible

2018-12-19 13:05:25 - [TEST_STEP][PASSED] - verifyElementText: Actual text and expected text of test object 'Object Repository/retailer admin All Repo/employee_obj_repo/pop up emp object/h5_Success  User details succe' are matched.

2018-12-19 13:05:26 - [MESSAGE][PASSED] - Actual text and expected text of test object 'Object Repository/retailer admin All Repo/employee_obj_repo/pop up emp object/h5_Success  User details succe' are matched.

2018-12-19 13:05:26 - [TEST_STEP][PASSED] - delay: Delayed 3 second(s)

2018-12-19 13:05:29 - [MESSAGE][PASSED] - Delayed 3 second(s)

2018-12-19 13:05:29 - [TEST_STEP][PASSED] - click: Object: 'Object Repository/retailer admin All Repo/employee_obj_repo/Page_AppCohesion/Page_AppCohesion/collapsible-header_Store Users' is clicked on

2018-12-19 13:05:29 - [MESSAGE][PASSED] - Object: 'Object Repository/retailer admin All Repo/employee_obj_repo/Page_AppCohesion/Page_AppCohesion/collapsible-header_Store Users' is clicked on

2018-12-19 13:05:29 - [TEST_STEP][PASSED] - delay: Delayed 5 second(s)

2018-12-19 13:05:34 - [MESSAGE][PASSED] - Delayed 5 second(s)

2018-12-19 13:05:34 - [TEST_STEP][PASSED] - verifyElementVisible: Object 'Object Repository/retailer admin All Repo/employee_obj_repo/storeuser_listed_first' is visible

2018-12-19 13:05:34 - [MESSAGE][PASSED] - Object 'Object Repository/retailer admin All Repo/employee_obj_repo/storeuser_listed_first' is visible

2018-12-19 13:05:34 - [TEST_STEP][PASSED] - click: Object: 'Object Repository/retailer admin All Repo/employee_obj_repo/storeuser_listed_first' is clicked on

2018-12-19 13:05:34 - [MESSAGE][PASSED] - Object: 'Object Repository/retailer admin All Repo/employee_obj_repo/storeuser_listed_first' is clicked on

2018-12-19 13:05:34 - [TEST_STEP][PASSED] - waitForElementVisible: Object 'Object Repository/employee_obj_repo/emp_edit_button' is visible

2018-12-19 13:05:35 - [MESSAGE][PASSED] - Object 'Object Repository/employee_obj_repo/emp_edit_button' is visible

2018-12-19 13:05:35 - [TEST_STEP][PASSED] - click: Object: 'Object Repository/retailer admin All Repo/employee_obj_repo/emp_edit_button' is clicked on

2018-12-19 13:05:35 - [MESSAGE][PASSED] - Object: 'Object Repository/retailer admin All Repo/employee_obj_repo/emp_edit_button' is clicked on

2018-12-19 13:05:35 - [TEST_STEP][PASSED] - verifyElementVisible: Object 'Object Repository/employee_obj_repo/Page_AppCohesion/label_Retailer Admin' is visible

2018-12-19 13:05:35 - [MESSAGE][PASSED] - Object 'Object Repository/employee_obj_repo/Page_AppCohesion/label_Retailer Admin' is visible

2018-12-19 13:05:35 - [TEST_STEP][PASSED] - verifyElementText: Actual text and expected text of test object 'Object Repository/employee_obj_repo/Page_AppCohesion/label_Retailer Admin' are matched.

2018-12-19 13:05:35 - [MESSAGE][PASSED] - Actual text and expected text of test object 'Object Repository/employee_obj_repo/Page_AppCohesion/label_Retailer Admin' are matched.

2018-12-19 13:05:35 - [TEST_STEP][PASSED] - click: Object: 'Object Repository/employee_obj_repo/Page_AppCohesion/label_Retailer Admin' is clicked on

2018-12-19 13:05:35 - [MESSAGE][PASSED] - Object: 'Object Repository/employee_obj_repo/Page_AppCohesion/label_Retailer Admin' is clicked on

2018-12-19 13:05:35 - [TEST_STEP][PASSED] - verifyElementVisible: Object 'Object Repository/employee_obj_repo/emp_update_button' is visible

2018-12-19 13:05:35 - [MESSAGE][PASSED] - Object 'Object Repository/employee_obj_repo/emp_update_button' is visible

2018-12-19 13:05:35 - [TEST_STEP][PASSED] - click: Object: 'Object Repository/employee_obj_repo/emp_update_button' is clicked on

2018-12-19 13:05:35 - [MESSAGE][PASSED] - Object: 'Object Repository/employee_obj_repo/emp_update_button' is clicked on

2018-12-19 13:05:35 - [TEST_STEP][NOT_RUN] - verifyElementVisible: NOT_RUN: verifyElementVisible

2018-12-19 13:05:35 - [MESSAGE][NOT_RUN] - NOT_RUN: verifyElementVisible

2018-12-19 13:05:35 - [TEST_STEP][PASSED] - verifyElementText: Actual text and expected text of test object 'Object Repository/retailer admin All Repo/employee_obj_repo/pop up emp object/h5_Success  User details succe' are matched.

2018-12-19 13:05:36 - [MESSAGE][PASSED] - Actual text and expected text of test object 'Object Repository/retailer admin All Repo/employee_obj_repo/pop up emp object/h5_Success  User details succe' are matched.

2018-12-19 13:05:36 - [TEST_STEP][PASSED] - delay: Delayed 5 second(s)

2018-12-19 13:05:41 - [MESSAGE][PASSED] - Delayed 5 second(s)

2018-12-19 13:05:41 - [TEST_STEP][PASSED] - click: Object: 'Object Repository/employee_obj_repo/retailer_employeeview/Page_AppCohesion/collapsible-header_Retailer Ad' is clicked on

2018-12-19 13:05:41 - [MESSAGE][PASSED] - Object: 'Object Repository/employee_obj_repo/retailer_employeeview/Page_AppCohesion/collapsible-header_Retailer Ad' is clicked on

2018-12-19 13:05:41 - [TEST_STEP][PASSED] - delay: Delayed 5 second(s)

2018-12-19 13:05:46 - [MESSAGE][PASSED] - Delayed 5 second(s)

2018-12-19 13:05:46 - [TEST_STEP][PASSED] - click: Object: 'Object Repository/employee_obj_repo/retailer_first_list' is clicked on

2018-12-19 13:05:46 - [MESSAGE][PASSED] - Object: 'Object Repository/employee_obj_repo/retailer_first_list' is clicked on

2018-12-19 13:05:46 - [TEST_STEP][PASSED] - delay: Delayed 2 second(s)

2018-12-19 13:05:48 - [MESSAGE][PASSED] - Delayed 2 second(s)

2018-12-19 13:05:48 - [TEST_STEP][PASSED] - waitForElementVisible: Object 'Object Repository/retailer admin All Repo/employee_obj_repo/all_button/Page_AppCohesion/button_Delete' is visible

2018-12-19 13:05:48 - [MESSAGE][PASSED] - Object 'Object Repository/retailer admin All Repo/employee_obj_repo/all_button/Page_AppCohesion/button_Delete' is visible

2018-12-19 13:05:48 - [TEST_STEP][PASSED] - click: Object: 'Object Repository/retailer admin All Repo/employee_obj_repo/all_button/Page_AppCohesion/button_Delete' is clicked on

2018-12-19 13:05:48 - [MESSAGE][PASSED] - Object: 'Object Repository/retailer admin All Repo/employee_obj_repo/all_button/Page_AppCohesion/button_Delete' is clicked on

2018-12-19 13:05:48 - [TEST_STEP][PASSED] - waitForElementVisible: Object 'Object Repository/employee_obj_repo/delete_yes_button' is visible

2018-12-19 13:05:48 - [MESSAGE][PASSED] - Object 'Object Repository/employee_obj_repo/delete_yes_button' is visible

2018-12-19 13:05:48 - [TEST_STEP][PASSED] - click: Object: 'Object Repository/employee_obj_repo/delete_yes_button' is clicked on

2018-12-19 13:05:48 - [MESSAGE][PASSED] - Object: 'Object Repository/employee_obj_repo/delete_yes_button' is clicked on

2018-12-19 13:05:48 - [TEST_STEP][PASSED] - verifyElementText: Actual text and expected text of test object 'Object Repository/retailer admin All Repo/employee_obj_repo/pop up emp object/h5_Success  User details has b' are matched.

2018-12-19 13:06:00 - [MESSAGE][PASSED] - Actual text and expected text of test object 'Object Repository/retailer admin All Repo/employee_obj_repo/pop up emp object/h5_Success  User details has b' are matched.

2018-12-19 13:06:00 - [TEST_STEP][PASSED] - delay: Delayed 10 second(s)

2018-12-19 13:06:10 - [MESSAGE][PASSED] - Delayed 10 second(s)

2018-12-19 13:06:10 - [TEST_STEP][PASSED] - click: Object: 'Object Repository/employee_obj_repo/retailer_employeeview/Page_AppCohesion/collapsible-header_Retailer Ad' is clicked on

2018-12-19 13:06:10 - [MESSAGE][PASSED] - Object: 'Object Repository/employee_obj_repo/retailer_employeeview/Page_AppCohesion/collapsible-header_Retailer Ad' is clicked on

2018-12-19 13:06:10 - [TEST_STEP][PASSED] - click: Object: 'Object Repository/employee_obj_repo/retailer_employeeview/Page_AppCohesion/a_Dashboard              Dashb' is clicked on

2018-12-19 13:06:10 - [MESSAGE][PASSED] - Object: 'Object Repository/employee_obj_repo/retailer_employeeview/Page_AppCohesion/a_Dashboard              Dashb' is clicked on]]></system-out>
         <system-err><![CDATA[]]></system-err>
      </testcase>
      <testcase name="Test Cases/AppcoAdmin/retailer edit" classname="Test Cases/AppcoAdmin/retailer edit" status="FAILED">
         <failure type="FAILED" message="(Stack trace: com.kms.katalon.core.exception.StepFailedException: Verify element text of test object 'Object Repository/retailer Edit/h5_Success  Retailer details s' FAILED. (Root cause: Actual text 'Success: Retailer details successfully Updated.' and expected text 'Success:  Retailer details successfully Updated.' of test object 'Object Repository/retailer Edit/h5_Success  Retailer details s' are NOT matched.)
	at com.kms.katalon.core.keyword.internal.KeywordMain.stepFailed(KeywordMain.groovy:36)
	at com.kms.katalon.core.webui.keyword.internal.WebUIKeywordMain.stepFailed(WebUIKeywordMain.groovy:65)
	at com.kms.katalon.core.webui.keyword.internal.WebUIKeywordMain.runKeyword(WebUIKeywordMain.groovy:27)
	at com.kms.katalon.core.webui.keyword.builtin.VerifyElementTextKeyword.verifyElementText(VerifyElementTextKeyword.groovy:72)
	at com.kms.katalon.core.webui.keyword.builtin.VerifyElementTextKeyword.execute(VerifyElementTextKeyword.groovy:40)
	at com.kms.katalon.core.keyword.internal.KeywordExecutor.executeKeywordForPlatform(KeywordExecutor.groovy:53)
	at com.kms.katalon.core.webui.keyword.WebUiBuiltInKeywords.verifyElementText(WebUiBuiltInKeywords.groovy:3663)
	at com.kms.katalon.core.webui.keyword.WebUiBuiltInKeywords$verifyElementText$10.call(Unknown Source)
	at org.codehaus.groovy.runtime.callsite.CallSiteArray.defaultCall(CallSiteArray.java:48)
	at org.codehaus.groovy.runtime.callsite.AbstractCallSite.call(AbstractCallSite.java:113)
	at org.codehaus.groovy.runtime.callsite.AbstractCallSite.call(AbstractCallSite.java:133)
	at Script1544612159793.run(Script1544612159793.groovy:60)
	at com.kms.katalon.core.main.ScriptEngine.run(ScriptEngine.java:183)
	at com.kms.katalon.core.main.ScriptEngine.runScriptAsRawText(ScriptEngine.java:108)
	at com.kms.katalon.core.main.TestCaseExecutor.runScript(TestCaseExecutor.java:294)
	at com.kms.katalon.core.main.TestCaseExecutor.doExecute(TestCaseExecutor.java:285)
	at com.kms.katalon.core.main.TestCaseExecutor.processExecutionPhase(TestCaseExecutor.java:264)
	at com.kms.katalon.core.main.TestCaseExecutor.accessMainPhase(TestCaseExecutor.java:256)
	at com.kms.katalon.core.main.TestCaseExecutor.execute(TestCaseExecutor.java:200)
	at com.kms.katalon.core.main.TestSuiteExecutor.accessTestCaseMainPhase(TestSuiteExecutor.java:129)
	at com.kms.katalon.core.main.TestSuiteExecutor.accessTestSuiteMainPhase(TestSuiteExecutor.java:112)
	at com.kms.katalon.core.main.TestSuiteExecutor.execute(TestSuiteExecutor.java:81)
	at com.kms.katalon.core.main.TestCaseMain.startTestSuite(TestCaseMain.java:142)
	at com.kms.katalon.core.main.TestCaseMain$startTestSuite$0.call(Unknown Source)
	at org.codehaus.groovy.runtime.callsite.CallSiteArray.defaultCall(CallSiteArray.java:48)
	at org.codehaus.groovy.runtime.callsite.AbstractCallSite.call(AbstractCallSite.java:113)
	at org.codehaus.groovy.runtime.callsite.AbstractCallSite.call(AbstractCallSite.java:141)
	at TempTestSuite1545204507280.run(TempTestSuite1545204507280.groovy:36)
	at groovy.lang.GroovyShell.runScriptOrMainOrTestOrRunnable(GroovyShell.java:263)
	at groovy.lang.GroovyShell.run(GroovyShell.java:518)
	at groovy.lang.GroovyShell.run(GroovyShell.java:507)
	at groovy.ui.GroovyMain.processOnce(GroovyMain.java:653)
	at groovy.ui.GroovyMain.run(GroovyMain.java:384)
	at groovy.ui.GroovyMain.process(GroovyMain.java:370)
	at groovy.ui.GroovyMain.processArgs(GroovyMain.java:129)
	at groovy.ui.GroovyMain.main(GroovyMain.java:109)
	at sun.reflect.NativeMethodAccessorImpl.invoke0(Native Method)
	at sun.reflect.NativeMethodAccessorImpl.invoke(NativeMethodAccessorImpl.java:62)
	at sun.reflect.DelegatingMethodAccessorImpl.invoke(DelegatingMethodAccessorImpl.java:43)
	at java.lang.reflect.Method.invoke(Method.java:498)
	at org.codehaus.groovy.tools.GroovyStarter.rootLoader(GroovyStarter.java:109)
	at org.codehaus.groovy.tools.GroovyStarter.main(GroovyStarter.java:131)
)"/>
         <system-out><![CDATA[2018-12-19 13:06:10 - [TEST_CASE][FAILED] - Test Cases/AppcoAdmin/retailer edit: Test Cases/AppcoAdmin/retailer edit FAILED because (of) (Stack trace: com.kms.katalon.core.exception.StepFailedException: Verify element text of test object 'Object Repository/retailer Edit/h5_Success  Retailer details s' FAILED. (Root cause: Actual text 'Success: Retailer details successfully Updated.' and expected text 'Success:  Retailer details successfully Updated.' of test object 'Object Repository/retailer Edit/h5_Success  Retailer details s' are NOT matched.)
	at com.kms.katalon.core.keyword.internal.KeywordMain.stepFailed(KeywordMain.groovy:36)
	at com.kms.katalon.core.webui.keyword.internal.WebUIKeywordMain.stepFailed(WebUIKeywordMain.groovy:65)
	at com.kms.katalon.core.webui.keyword.internal.WebUIKeywordMain.runKeyword(WebUIKeywordMain.groovy:27)
	at com.kms.katalon.core.webui.keyword.builtin.VerifyElementTextKeyword.verifyElementText(VerifyElementTextKeyword.groovy:72)
	at com.kms.katalon.core.webui.keyword.builtin.VerifyElementTextKeyword.execute(VerifyElementTextKeyword.groovy:40)
	at com.kms.katalon.core.keyword.internal.KeywordExecutor.executeKeywordForPlatform(KeywordExecutor.groovy:53)
	at com.kms.katalon.core.webui.keyword.WebUiBuiltInKeywords.verifyElementText(WebUiBuiltInKeywords.groovy:3663)
	at com.kms.katalon.core.webui.keyword.WebUiBuiltInKeywords$verifyElementText$10.call(Unknown Source)
	at org.codehaus.groovy.runtime.callsite.CallSiteArray.defaultCall(CallSiteArray.java:48)
	at org.codehaus.groovy.runtime.callsite.AbstractCallSite.call(AbstractCallSite.java:113)
	at org.codehaus.groovy.runtime.callsite.AbstractCallSite.call(AbstractCallSite.java:133)
	at Script1544612159793.run(Script1544612159793.groovy:60)
	at com.kms.katalon.core.main.ScriptEngine.run(ScriptEngine.java:183)
	at com.kms.katalon.core.main.ScriptEngine.runScriptAsRawText(ScriptEngine.java:108)
	at com.kms.katalon.core.main.TestCaseExecutor.runScript(TestCaseExecutor.java:294)
	at com.kms.katalon.core.main.TestCaseExecutor.doExecute(TestCaseExecutor.java:285)
	at com.kms.katalon.core.main.TestCaseExecutor.processExecutionPhase(TestCaseExecutor.java:264)
	at com.kms.katalon.core.main.TestCaseExecutor.accessMainPhase(TestCaseExecutor.java:256)
	at com.kms.katalon.core.main.TestCaseExecutor.execute(TestCaseExecutor.java:200)
	at com.kms.katalon.core.main.TestSuiteExecutor.accessTestCaseMainPhase(TestSuiteExecutor.java:129)
	at com.kms.katalon.core.main.TestSuiteExecutor.accessTestSuiteMainPhase(TestSuiteExecutor.java:112)
	at com.kms.katalon.core.main.TestSuiteExecutor.execute(TestSuiteExecutor.java:81)
	at com.kms.katalon.core.main.TestCaseMain.startTestSuite(TestCaseMain.java:142)
	at com.kms.katalon.core.main.TestCaseMain$startTestSuite$0.call(Unknown Source)
	at org.codehaus.groovy.runtime.callsite.CallSiteArray.defaultCall(CallSiteArray.java:48)
	at org.codehaus.groovy.runtime.callsite.AbstractCallSite.call(AbstractCallSite.java:113)
	at org.codehaus.groovy.runtime.callsite.AbstractCallSite.call(AbstractCallSite.java:141)
	at TempTestSuite1545204507280.run(TempTestSuite1545204507280.groovy:36)
	at groovy.lang.GroovyShell.runScriptOrMainOrTestOrRunnable(GroovyShell.java:263)
	at groovy.lang.GroovyShell.run(GroovyShell.java:518)
	at groovy.lang.GroovyShell.run(GroovyShell.java:507)
	at groovy.ui.GroovyMain.processOnce(GroovyMain.java:653)
	at groovy.ui.GroovyMain.run(GroovyMain.java:384)
	at groovy.ui.GroovyMain.process(GroovyMain.java:370)
	at groovy.ui.GroovyMain.processArgs(GroovyMain.java:129)
	at groovy.ui.GroovyMain.main(GroovyMain.java:109)
	at sun.reflect.NativeMethodAccessorImpl.invoke0(Native Method)
	at sun.reflect.NativeMethodAccessorImpl.invoke(NativeMethodAccessorImpl.java:62)
	at sun.reflect.DelegatingMethodAccessorImpl.invoke(DelegatingMethodAccessorImpl.java:43)
	at java.lang.reflect.Method.invoke(Method.java:498)
	at org.codehaus.groovy.tools.GroovyStarter.rootLoader(GroovyStarter.java:109)
	at org.codehaus.groovy.tools.GroovyStarter.main(GroovyStarter.java:131)
)

2018-12-19 13:06:10 - [TEST_STEP][PASSED] - callTestCase: Call Test Case 'Test Cases/Call Test Case/Login_Appco_testcase' successfully

2018-12-19 13:06:10 - [TEST_CASE][PASSED] - Test Cases/Call Test Case/Login_Appco_testcase: Test Cases/Call Test Case/Login_Appco_testcase

2018-12-19 13:06:10 - [TEST_STEP][PASSED] - openBrowser: Browser is opened with url: ''

2018-12-19 13:06:10 - [MESSAGE][WARNING] - A browser is already opened. Closing browser and opening a new one

2018-12-19 13:06:13 - [MESSAGE][PASSED] - Browser is opened with url: ''

2018-12-19 13:06:13 - [TEST_STEP][PASSED] - navigateToUrl: Navigate to 'https://app-qa.appcohesion.io/' successfully

2018-12-19 13:06:17 - [MESSAGE][PASSED] - Navigate to 'https://app-qa.appcohesion.io/' successfully

2018-12-19 13:06:17 - [TEST_STEP][PASSED] - maximizeWindow: Current window maximized

2018-12-19 13:06:18 - [MESSAGE][PASSED] - Current window maximized

2018-12-19 13:06:18 - [TEST_STEP][PASSED] - setText: Text 'surunewadmin' is set on object 'Object Repository/add_retailer_gmail/Page_AppCohesion/input_User Name_ac_username'

2018-12-19 13:06:18 - [MESSAGE][PASSED] - Text 'surunewadmin' is set on object 'Object Repository/add_retailer_gmail/Page_AppCohesion/input_User Name_ac_username'

2018-12-19 13:06:18 - [TEST_STEP][PASSED] - setText: Text '9tlTx3@y' is set on object 'Object Repository/Retailer creation/Page_AppCohesion/input_Password_ac_password'

2018-12-19 13:06:18 - [MESSAGE][PASSED] - Text '9tlTx3@y' is set on object 'Object Repository/Retailer creation/Page_AppCohesion/input_Password_ac_password'

2018-12-19 13:06:18 - [TEST_STEP][PASSED] - click: Object: 'Object Repository/Login_OR/Page_AppCohesion/button_Login Now' is clicked on

2018-12-19 13:06:18 - [MESSAGE][PASSED] - Object: 'Object Repository/Login_OR/Page_AppCohesion/button_Login Now' is clicked on

2018-12-19 13:06:18 - [TEST_STEP][PASSED] - delay: Delayed 10 second(s)

2018-12-19 13:06:28 - [MESSAGE][PASSED] - Delayed 10 second(s)

2018-12-19 13:06:28 - [MESSAGE][PASSED] - Call Test Case 'Test Cases/Call Test Case/Login_Appco_testcase' successfully

2018-12-19 13:06:28 - [TEST_STEP][PASSED] - verifyElementVisible: Object 'Object Repository/retailer Edit/a_Dashboard              Dashb' is visible

2018-12-19 13:06:28 - [MESSAGE][PASSED] - Object 'Object Repository/retailer Edit/a_Dashboard              Dashb' is visible

2018-12-19 13:06:28 - [TEST_STEP][PASSED] - verifyElementVisible: Object 'Object Repository/retailer Edit/a_Retailers              Retai' is visible

2018-12-19 13:06:28 - [MESSAGE][PASSED] - Object 'Object Repository/retailer Edit/a_Retailers              Retai' is visible

2018-12-19 13:06:28 - [TEST_STEP][PASSED] - click: Object: 'Object Repository/retailer Edit/a_Retailers              Retai' is clicked on

2018-12-19 13:06:28 - [MESSAGE][PASSED] - Object: 'Object Repository/retailer Edit/a_Retailers              Retai' is clicked on

2018-12-19 13:06:28 - [TEST_STEP][PASSED] - delay: Delayed 5 second(s)

2018-12-19 13:06:33 - [MESSAGE][PASSED] - Delayed 5 second(s)

2018-12-19 13:06:33 - [TEST_STEP][PASSED] - verifyElementVisible: Object 'Object Repository/retailer Edit/div_Inventory' is visible

2018-12-19 13:06:34 - [MESSAGE][PASSED] - Object 'Object Repository/retailer Edit/div_Inventory' is visible

2018-12-19 13:06:34 - [TEST_STEP][PASSED] - click: Object: 'Object Repository/retailer Edit/div_Inventory' is clicked on

2018-12-19 13:06:34 - [MESSAGE][PASSED] - Object: 'Object Repository/retailer Edit/div_Inventory' is clicked on

2018-12-19 13:06:34 - [TEST_STEP][PASSED] - delay: Delayed 5 second(s)

2018-12-19 13:06:39 - [MESSAGE][PASSED] - Delayed 5 second(s)

2018-12-19 13:06:39 - [TEST_STEP][PASSED] - verifyElementVisible: Object 'Object Repository/retailer Edit/button_Edit' is visible

2018-12-19 13:06:39 - [MESSAGE][PASSED] - Object 'Object Repository/retailer Edit/button_Edit' is visible

2018-12-19 13:06:39 - [TEST_STEP][PASSED] - click: Object: 'Object Repository/retailer Edit/button_Edit' is clicked on

2018-12-19 13:06:39 - [MESSAGE][PASSED] - Object: 'Object Repository/retailer Edit/button_Edit' is clicked on

2018-12-19 13:06:39 - [TEST_STEP][PASSED] - delay: Delayed 5 second(s)

2018-12-19 13:06:44 - [MESSAGE][PASSED] - Delayed 5 second(s)

2018-12-19 13:06:44 - [TEST_STEP][PASSED] - setText: Text 'AAA RA MD new' is set on object 'Object Repository/retailer Edit/input_RETAILER NAME_retailerNa'

2018-12-19 13:06:44 - [MESSAGE][PASSED] - Text 'AAA RA MD new' is set on object 'Object Repository/retailer Edit/input_RETAILER NAME_retailerNa'

2018-12-19 13:06:44 - [TEST_STEP][PASSED] - setText: Text '9/10, New QA Build edit' is set on object 'Object Repository/retailer Edit/input_RETAILER ADDRESS 1_retai'

2018-12-19 13:06:44 - [MESSAGE][PASSED] - Text '9/10, New QA Build edit' is set on object 'Object Repository/retailer Edit/input_RETAILER ADDRESS 1_retai'

2018-12-19 13:06:44 - [TEST_STEP][PASSED] - setText: Text '11/28, New Street lane new' is set on object 'Object Repository/retailer Edit/input_RETAILER ADDRESS 2_retai'

2018-12-19 13:06:44 - [MESSAGE][PASSED] - Text '11/28, New Street lane new' is set on object 'Object Repository/retailer Edit/input_RETAILER ADDRESS 2_retai'

2018-12-19 13:06:44 - [TEST_STEP][PASSED] - setText: Text '45733' is set on object 'Object Repository/retailer Edit/input_ZIP CODE_zip'

2018-12-19 13:06:44 - [MESSAGE][PASSED] - Text '45733' is set on object 'Object Repository/retailer Edit/input_ZIP CODE_zip'

2018-12-19 13:06:44 - [TEST_STEP][PASSED] - verifyElementVisible: Object 'Object Repository/retailer Edit/h4_Inventory Info' is visible

2018-12-19 13:06:44 - [MESSAGE][PASSED] - Object 'Object Repository/retailer Edit/h4_Inventory Info' is visible

2018-12-19 13:06:44 - [TEST_STEP][PASSED] - verifyElementVisible: Object 'Object Repository/retailer Edit/select_AppCoSSGreen SupplyDavi' is visible

2018-12-19 13:06:45 - [MESSAGE][PASSED] - Object 'Object Repository/retailer Edit/select_AppCoSSGreen SupplyDavi' is visible

2018-12-19 13:06:45 - [TEST_STEP][PASSED] - verifyElementVisible: Object 'Object Repository/retailer Edit/button_Remove' is visible

2018-12-19 13:06:45 - [MESSAGE][PASSED] - Object 'Object Repository/retailer Edit/button_Remove' is visible

2018-12-19 13:06:45 - [TEST_STEP][PASSED] - verifyElementVisible: Object 'Object Repository/retailer Edit/button_Update Retailer' is visible

2018-12-19 13:06:45 - [MESSAGE][PASSED] - Object 'Object Repository/retailer Edit/button_Update Retailer' is visible

2018-12-19 13:06:45 - [TEST_STEP][PASSED] - click: Object: 'Object Repository/retailer Edit/button_Update Retailer' is clicked on

2018-12-19 13:06:45 - [MESSAGE][PASSED] - Object: 'Object Repository/retailer Edit/button_Update Retailer' is clicked on

2018-12-19 13:06:45 - [TEST_STEP][PASSED] - delay: Delayed 1 second(s)

2018-12-19 13:06:46 - [MESSAGE][PASSED] - Delayed 1 second(s)

2018-12-19 13:06:46 - [TEST_STEP][NOT_RUN] - verifyElementVisible: NOT_RUN: verifyElementVisible

2018-12-19 13:06:46 - [MESSAGE][NOT_RUN] - NOT_RUN: verifyElementVisible

2018-12-19 13:06:46 - [TEST_STEP][FAILED] - verifyElementText: Verify element text of test object 'Object Repository/retailer Edit/h5_Success  Retailer details s' FAILED. (Root cause: Actual text 'Success: Retailer details successfully Updated.' and expected text 'Success:  Retailer details successfully Updated.' of test object 'Object Repository/retailer Edit/h5_Success  Retailer details s' are NOT matched.)

2018-12-19 13:06:57 - [MESSAGE][FAILED] - Actual text 'Success: Retailer details successfully Updated.' and expected text 'Success:  Retailer details successfully Updated.' of test object 'Object Repository/retailer Edit/h5_Success  Retailer details s' are NOT matched.
[[ATTACHMENT|C:\\Users\\Snekalatha R\\git\\QA-KatalonNew\\Reports\\Appco_test_suite\\20181219_125827\\1545205017007.png]]

2018-12-19 13:06:57 - [MESSAGE][FAILED] - Verify element text of test object 'Object Repository/retailer Edit/h5_Success  Retailer details s' FAILED. (Root cause: Actual text 'Success: Retailer details successfully Updated.' and expected text 'Success:  Retailer details successfully Updated.' of test object 'Object Repository/retailer Edit/h5_Success  Retailer details s' are NOT matched.)
[[ATTACHMENT|C:\\Users\\Snekalatha R\\git\\QA-KatalonNew\\Reports\\Appco_test_suite\\20181219_125827\\1545205017305.png]]]]></system-out>
         <system-err><![CDATA[2018-12-19 13:06:10 - [TEST_CASE][FAILED] - Test Cases/AppcoAdmin/retailer edit: Test Cases/AppcoAdmin/retailer edit FAILED because (of) (Stack trace: com.kms.katalon.core.exception.StepFailedException: Verify element text of test object 'Object Repository/retailer Edit/h5_Success  Retailer details s' FAILED. (Root cause: Actual text 'Success: Retailer details successfully Updated.' and expected text 'Success:  Retailer details successfully Updated.' of test object 'Object Repository/retailer Edit/h5_Success  Retailer details s' are NOT matched.)
	at com.kms.katalon.core.keyword.internal.KeywordMain.stepFailed(KeywordMain.groovy:36)
	at com.kms.katalon.core.webui.keyword.internal.WebUIKeywordMain.stepFailed(WebUIKeywordMain.groovy:65)
	at com.kms.katalon.core.webui.keyword.internal.WebUIKeywordMain.runKeyword(WebUIKeywordMain.groovy:27)
	at com.kms.katalon.core.webui.keyword.builtin.VerifyElementTextKeyword.verifyElementText(VerifyElementTextKeyword.groovy:72)
	at com.kms.katalon.core.webui.keyword.builtin.VerifyElementTextKeyword.execute(VerifyElementTextKeyword.groovy:40)
	at com.kms.katalon.core.keyword.internal.KeywordExecutor.executeKeywordForPlatform(KeywordExecutor.groovy:53)
	at com.kms.katalon.core.webui.keyword.WebUiBuiltInKeywords.verifyElementText(WebUiBuiltInKeywords.groovy:3663)
	at com.kms.katalon.core.webui.keyword.WebUiBuiltInKeywords$verifyElementText$10.call(Unknown Source)
	at org.codehaus.groovy.runtime.callsite.CallSiteArray.defaultCall(CallSiteArray.java:48)
	at org.codehaus.groovy.runtime.callsite.AbstractCallSite.call(AbstractCallSite.java:113)
	at org.codehaus.groovy.runtime.callsite.AbstractCallSite.call(AbstractCallSite.java:133)
	at Script1544612159793.run(Script1544612159793.groovy:60)
	at com.kms.katalon.core.main.ScriptEngine.run(ScriptEngine.java:183)
	at com.kms.katalon.core.main.ScriptEngine.runScriptAsRawText(ScriptEngine.java:108)
	at com.kms.katalon.core.main.TestCaseExecutor.runScript(TestCaseExecutor.java:294)
	at com.kms.katalon.core.main.TestCaseExecutor.doExecute(TestCaseExecutor.java:285)
	at com.kms.katalon.core.main.TestCaseExecutor.processExecutionPhase(TestCaseExecutor.java:264)
	at com.kms.katalon.core.main.TestCaseExecutor.accessMainPhase(TestCaseExecutor.java:256)
	at com.kms.katalon.core.main.TestCaseExecutor.execute(TestCaseExecutor.java:200)
	at com.kms.katalon.core.main.TestSuiteExecutor.accessTestCaseMainPhase(TestSuiteExecutor.java:129)
	at com.kms.katalon.core.main.TestSuiteExecutor.accessTestSuiteMainPhase(TestSuiteExecutor.java:112)
	at com.kms.katalon.core.main.TestSuiteExecutor.execute(TestSuiteExecutor.java:81)
	at com.kms.katalon.core.main.TestCaseMain.startTestSuite(TestCaseMain.java:142)
	at com.kms.katalon.core.main.TestCaseMain$startTestSuite$0.call(Unknown Source)
	at org.codehaus.groovy.runtime.callsite.CallSiteArray.defaultCall(CallSiteArray.java:48)
	at org.codehaus.groovy.runtime.callsite.AbstractCallSite.call(AbstractCallSite.java:113)
	at org.codehaus.groovy.runtime.callsite.AbstractCallSite.call(AbstractCallSite.java:141)
	at TempTestSuite1545204507280.run(TempTestSuite1545204507280.groovy:36)
	at groovy.lang.GroovyShell.runScriptOrMainOrTestOrRunnable(GroovyShell.java:263)
	at groovy.lang.GroovyShell.run(GroovyShell.java:518)
	at groovy.lang.GroovyShell.run(GroovyShell.java:507)
	at groovy.ui.GroovyMain.processOnce(GroovyMain.java:653)
	at groovy.ui.GroovyMain.run(GroovyMain.java:384)
	at groovy.ui.GroovyMain.process(GroovyMain.java:370)
	at groovy.ui.GroovyMain.processArgs(GroovyMain.java:129)
	at groovy.ui.GroovyMain.main(GroovyMain.java:109)
	at sun.reflect.NativeMethodAccessorImpl.invoke0(Native Method)
	at sun.reflect.NativeMethodAccessorImpl.invoke(NativeMethodAccessorImpl.java:62)
	at sun.reflect.DelegatingMethodAccessorImpl.invoke(DelegatingMethodAccessorImpl.java:43)
	at java.lang.reflect.Method.invoke(Method.java:498)
	at org.codehaus.groovy.tools.GroovyStarter.rootLoader(GroovyStarter.java:109)
	at org.codehaus.groovy.tools.GroovyStarter.main(GroovyStarter.java:131)
)]]></system-err>
      </testcase>
      <testcase name="Test Cases/AppcoAdmin/Appco_store_creation_edit_delete" classname="Test Cases/AppcoAdmin/Appco_store_creation_edit_delete" status="PASSED">
         <system-out><![CDATA[2018-12-19 13:06:57 - [TEST_CASE][PASSED] - Test Cases/AppcoAdmin/Appco_store_creation_edit_delete: Test Cases/AppcoAdmin/Appco_store_creation_edit_delete

2018-12-19 13:06:57 - [TEST_STEP][PASSED] - callTestCase: Call Test Case 'Test Cases/Call Test Case/Login_Appco_testcase' successfully

2018-12-19 13:06:57 - [TEST_CASE][PASSED] - Test Cases/Call Test Case/Login_Appco_testcase: Test Cases/Call Test Case/Login_Appco_testcase

2018-12-19 13:06:57 - [TEST_STEP][PASSED] - openBrowser: Browser is opened with url: ''

2018-12-19 13:06:57 - [MESSAGE][WARNING] - A browser is already opened. Closing browser and opening a new one

2018-12-19 13:07:00 - [MESSAGE][PASSED] - Browser is opened with url: ''

2018-12-19 13:07:00 - [TEST_STEP][PASSED] - navigateToUrl: Navigate to 'https://app-qa.appcohesion.io/' successfully

2018-12-19 13:07:04 - [MESSAGE][PASSED] - Navigate to 'https://app-qa.appcohesion.io/' successfully

2018-12-19 13:07:04 - [TEST_STEP][PASSED] - maximizeWindow: Current window maximized

2018-12-19 13:07:05 - [MESSAGE][PASSED] - Current window maximized

2018-12-19 13:07:05 - [TEST_STEP][PASSED] - setText: Text 'surunewadmin' is set on object 'Object Repository/add_retailer_gmail/Page_AppCohesion/input_User Name_ac_username'

2018-12-19 13:07:05 - [MESSAGE][PASSED] - Text 'surunewadmin' is set on object 'Object Repository/add_retailer_gmail/Page_AppCohesion/input_User Name_ac_username'

2018-12-19 13:07:05 - [TEST_STEP][PASSED] - setText: Text '9tlTx3@y' is set on object 'Object Repository/Retailer creation/Page_AppCohesion/input_Password_ac_password'

2018-12-19 13:07:05 - [MESSAGE][PASSED] - Text '9tlTx3@y' is set on object 'Object Repository/Retailer creation/Page_AppCohesion/input_Password_ac_password'

2018-12-19 13:07:05 - [TEST_STEP][PASSED] - click: Object: 'Object Repository/Login_OR/Page_AppCohesion/button_Login Now' is clicked on

2018-12-19 13:07:06 - [MESSAGE][PASSED] - Object: 'Object Repository/Login_OR/Page_AppCohesion/button_Login Now' is clicked on

2018-12-19 13:07:06 - [TEST_STEP][PASSED] - delay: Delayed 10 second(s)

2018-12-19 13:07:16 - [MESSAGE][PASSED] - Delayed 10 second(s)

2018-12-19 13:07:16 - [MESSAGE][PASSED] - Call Test Case 'Test Cases/Call Test Case/Login_Appco_testcase' successfully

2018-12-19 13:07:16 - [TEST_STEP][PASSED] - delay: Delayed 5 second(s)

2018-12-19 13:07:21 - [MESSAGE][PASSED] - Delayed 5 second(s)

2018-12-19 13:07:21 - [TEST_STEP][PASSED] - click: Object: 'Object Repository/retailer admin All Repo/store_object_repo/store_tab' is clicked on

2018-12-19 13:07:21 - [MESSAGE][PASSED] - Object: 'Object Repository/retailer admin All Repo/store_object_repo/store_tab' is clicked on

2018-12-19 13:07:21 - [TEST_STEP][PASSED] - delay: Delayed 5 second(s)

2018-12-19 13:07:26 - [MESSAGE][PASSED] - Delayed 5 second(s)

2018-12-19 13:07:26 - [TEST_STEP][NOT_RUN] - selectOptionByValue: NOT_RUN: selectOptionByValue

2018-12-19 13:07:26 - [MESSAGE][NOT_RUN] - NOT_RUN: selectOptionByValue

2018-12-19 13:07:26 - [TEST_STEP][PASSED] - selectOptionByLabel: All options with label 'New Retailer KatalonAuto' are selected in object 'Object Repository/Appco Login/store repo/select_All'  using regular expression

2018-12-19 13:07:32 - [MESSAGE][PASSED] - All options with label 'New Retailer KatalonAuto' are selected in object 'Object Repository/Appco Login/store repo/select_All'  using regular expression

2018-12-19 13:07:32 - [TEST_STEP][PASSED] - delay: Delayed 5 second(s)

2018-12-19 13:07:37 - [MESSAGE][PASSED] - Delayed 5 second(s)

2018-12-19 13:07:37 - [TEST_STEP][PASSED] - click: Object: 'Object Repository/retailer admin All Repo/store_object_repo/store_new_button' is clicked on

2018-12-19 13:07:37 - [MESSAGE][PASSED] - Object: 'Object Repository/retailer admin All Repo/store_object_repo/store_new_button' is clicked on

2018-12-19 13:07:37 - [TEST_STEP][PASSED] - setText: Text 'Store Automation' is set on object 'Object Repository/retailer admin All Repo/store_object_repo/store_name'

2018-12-19 13:07:37 - [MESSAGE][PASSED] - Text 'Store Automation' is set on object 'Object Repository/retailer admin All Repo/store_object_repo/store_name'

2018-12-19 13:07:37 - [TEST_STEP][PASSED] - Statement - ts = java.lang.System.currentTimeMillis().toString(): null

2018-12-19 13:07:37 - [TEST_STEP][PASSED] - setText: Text '1545205057433' is set on object 'Object Repository/retailer admin All Repo/store_object_repo/FFL_no'

2018-12-19 13:07:37 - [MESSAGE][PASSED] - Text '1545205057433' is set on object 'Object Repository/retailer admin All Repo/store_object_repo/FFL_no'

2018-12-19 13:07:37 - [TEST_STEP][PASSED] - uploadFile: File 'C:\sample_doc\sample.pdf' sent to object: 'Object Repository/retailer admin All Repo/store_object_repo/FFL_doc'

2018-12-19 13:07:37 - [MESSAGE][PASSED] - File 'C:\sample_doc\sample.pdf' sent to object: 'Object Repository/retailer admin All Repo/store_object_repo/FFL_doc'

2018-12-19 13:07:37 - [TEST_STEP][PASSED] - setText: Text '3/10, New QA Build' is set on object 'Object Repository/retailer admin All Repo/store_object_repo/store_address'

2018-12-19 13:07:37 - [MESSAGE][PASSED] - Text '3/10, New QA Build' is set on object 'Object Repository/retailer admin All Repo/store_object_repo/store_address'

2018-12-19 13:07:37 - [TEST_STEP][PASSED] - setText: Text '24143' is set on object 'Object Repository/retailer admin All Repo/store_object_repo/zip_code'

2018-12-19 13:07:37 - [MESSAGE][PASSED] - Text '24143' is set on object 'Object Repository/retailer admin All Repo/store_object_repo/zip_code'

2018-12-19 13:07:37 - [TEST_STEP][PASSED] - setText: Text 'Newton Falls' is set on object 'Object Repository/retailer admin All Repo/store_object_repo/city_name'

2018-12-19 13:07:38 - [MESSAGE][PASSED] - Text 'Newton Falls' is set on object 'Object Repository/retailer admin All Repo/store_object_repo/city_name'

2018-12-19 13:07:38 - [TEST_STEP][PASSED] - setText: Text 'Ohio' is set on object 'Object Repository/retailer admin All Repo/store_object_repo/state_name'

2018-12-19 13:07:38 - [MESSAGE][PASSED] - Text 'Ohio' is set on object 'Object Repository/retailer admin All Repo/store_object_repo/state_name'

2018-12-19 13:07:38 - [TEST_STEP][PASSED] - delay: Delayed 10 second(s)

2018-12-19 13:07:48 - [MESSAGE][PASSED] - Delayed 10 second(s)

2018-12-19 13:07:48 - [TEST_STEP][PASSED] - waitForElementVisible: Object 'Object Repository/retailer admin All Repo/store_object_repo/check_default_store' is visible

2018-12-19 13:07:48 - [MESSAGE][PASSED] - Object 'Object Repository/retailer admin All Repo/store_object_repo/check_default_store' is visible

2018-12-19 13:07:48 - [TEST_STEP][PASSED] - check: Object 'Object Repository/retailer admin All Repo/store_object_repo/check_default_store' is checked

2018-12-19 13:07:48 - [MESSAGE][PASSED] - Object 'Object Repository/retailer admin All Repo/store_object_repo/check_default_store' is checked

2018-12-19 13:07:48 - [TEST_STEP][NOT_RUN] - verifyElementChecked: NOT_RUN: verifyElementChecked

2018-12-19 13:07:48 - [MESSAGE][NOT_RUN] - NOT_RUN: verifyElementChecked

2018-12-19 13:07:48 - [TEST_STEP][PASSED] - verifyElementVisible: Object 'Object Repository/retailer admin All Repo/store_object_repo/add_store_button' is visible

2018-12-19 13:07:48 - [MESSAGE][PASSED] - Object 'Object Repository/retailer admin All Repo/store_object_repo/add_store_button' is visible

2018-12-19 13:07:48 - [TEST_STEP][PASSED] - click: Object: 'Object Repository/retailer admin All Repo/store_object_repo/add_store_button' is clicked on

2018-12-19 13:07:48 - [MESSAGE][PASSED] - Object: 'Object Repository/retailer admin All Repo/store_object_repo/add_store_button' is clicked on

2018-12-19 13:07:48 - [TEST_STEP][PASSED] - delay: Delayed 2 second(s)

2018-12-19 13:07:50 - [MESSAGE][PASSED] - Delayed 2 second(s)

2018-12-19 13:07:50 - [TEST_STEP][PASSED] - verifyElementVisible: Object 'Object Repository/retailer admin All Repo/store_object_repo/h5_Success  Store created succ' is visible

2018-12-19 13:08:02 - [MESSAGE][PASSED] - Object 'Object Repository/retailer admin All Repo/store_object_repo/h5_Success  Store created succ' is visible

2018-12-19 13:08:02 - [TEST_STEP][PASSED] - verifyElementText: Actual text and expected text of test object 'Object Repository/retailer admin All Repo/store_object_repo/h5_Success  Store created succ' are matched.

2018-12-19 13:08:02 - [MESSAGE][PASSED] - Actual text and expected text of test object 'Object Repository/retailer admin All Repo/store_object_repo/h5_Success  Store created succ' are matched.

2018-12-19 13:08:02 - [TEST_STEP][PASSED] - delay: Delayed 5 second(s)

2018-12-19 13:08:07 - [MESSAGE][PASSED] - Delayed 5 second(s)

2018-12-19 13:08:07 - [TEST_STEP][NOT_RUN] - verifyElementText: NOT_RUN: verifyElementText

2018-12-19 13:08:07 - [MESSAGE][NOT_RUN] - NOT_RUN: verifyElementText

2018-12-19 13:08:07 - [TEST_STEP][NOT_RUN] - verifyElementText: NOT_RUN: verifyElementText

2018-12-19 13:08:07 - [MESSAGE][NOT_RUN] - NOT_RUN: verifyElementText

2018-12-19 13:08:07 - [TEST_STEP][NOT_RUN] - click: NOT_RUN: click

2018-12-19 13:08:07 - [MESSAGE][NOT_RUN] - NOT_RUN: click

2018-12-19 13:08:07 - [TEST_STEP][PASSED] - delay: Delayed 5 second(s)

2018-12-19 13:08:12 - [MESSAGE][PASSED] - Delayed 5 second(s)

2018-12-19 13:08:12 - [TEST_STEP][PASSED] - verifyElementVisible: Object 'Object Repository/retailer admin All Repo/store_object_repo/default store container' is visible

2018-12-19 13:08:13 - [MESSAGE][PASSED] - Object 'Object Repository/retailer admin All Repo/store_object_repo/default store container' is visible

2018-12-19 13:08:13 - [TEST_STEP][PASSED] - verifyElementVisible: Object 'Object Repository/retailer admin All Repo/store_object_repo/store_container0' is visible

2018-12-19 13:08:13 - [MESSAGE][PASSED] - Object 'Object Repository/retailer admin All Repo/store_object_repo/store_container0' is visible

2018-12-19 13:08:13 - [TEST_STEP][PASSED] - click: Object: 'Object Repository/retailer admin All Repo/store_object_repo/store_container0' is clicked on

2018-12-19 13:08:13 - [MESSAGE][PASSED] - Object: 'Object Repository/retailer admin All Repo/store_object_repo/store_container0' is clicked on

2018-12-19 13:08:13 - [TEST_STEP][PASSED] - delay: Delayed 5 second(s)

2018-12-19 13:08:18 - [MESSAGE][PASSED] - Delayed 5 second(s)

2018-12-19 13:08:18 - [TEST_STEP][PASSED] - verifyElementVisible: Object 'Object Repository/retailer admin All Repo/store_object_repo/storeeditbutton' is visible

2018-12-19 13:08:18 - [MESSAGE][PASSED] - Object 'Object Repository/retailer admin All Repo/store_object_repo/storeeditbutton' is visible

2018-12-19 13:08:18 - [TEST_STEP][PASSED] - click: Object: 'Object Repository/retailer admin All Repo/store_object_repo/storeeditbutton' is clicked on

2018-12-19 13:08:18 - [MESSAGE][PASSED] - Object: 'Object Repository/retailer admin All Repo/store_object_repo/storeeditbutton' is clicked on

2018-12-19 13:08:18 - [TEST_STEP][PASSED] - setText: Text 'edit Store automation' is set on object 'Object Repository/retailer admin All Repo/store_object_repo/store_name'

2018-12-19 13:08:18 - [MESSAGE][PASSED] - Text 'edit Store automation' is set on object 'Object Repository/retailer admin All Repo/store_object_repo/store_name'

2018-12-19 13:08:18 - [TEST_STEP][PASSED] - Statement - ts1 = java.lang.System.currentTimeMillis().toString(): null

2018-12-19 13:08:18 - [TEST_STEP][PASSED] - setText: Text '1545205098434' is set on object 'Object Repository/retailer admin All Repo/store_object_repo/FFL_no'

2018-12-19 13:08:18 - [MESSAGE][PASSED] - Text '1545205098434' is set on object 'Object Repository/retailer admin All Repo/store_object_repo/FFL_no'

2018-12-19 13:08:18 - [TEST_STEP][NOT_RUN] - uploadFile: NOT_RUN: uploadFile

2018-12-19 13:08:18 - [MESSAGE][NOT_RUN] - NOT_RUN: uploadFile

2018-12-19 13:08:18 - [TEST_STEP][PASSED] - setText: Text '3/10, New QA Build' is set on object 'Object Repository/retailer admin All Repo/store_object_repo/store_address'

2018-12-19 13:08:18 - [MESSAGE][PASSED] - Text '3/10, New QA Build' is set on object 'Object Repository/retailer admin All Repo/store_object_repo/store_address'

2018-12-19 13:08:18 - [TEST_STEP][PASSED] - setText: Text '24143' is set on object 'Object Repository/retailer admin All Repo/store_object_repo/zip_code'

2018-12-19 13:08:18 - [MESSAGE][PASSED] - Text '24143' is set on object 'Object Repository/retailer admin All Repo/store_object_repo/zip_code'

2018-12-19 13:08:18 - [TEST_STEP][PASSED] - setText: Text 'Newton Falls' is set on object 'Object Repository/retailer admin All Repo/store_object_repo/city_name'

2018-12-19 13:08:18 - [MESSAGE][PASSED] - Text 'Newton Falls' is set on object 'Object Repository/retailer admin All Repo/store_object_repo/city_name'

2018-12-19 13:08:18 - [TEST_STEP][PASSED] - setText: Text 'Ohio' is set on object 'Object Repository/retailer admin All Repo/store_object_repo/state_name'

2018-12-19 13:08:19 - [MESSAGE][PASSED] - Text 'Ohio' is set on object 'Object Repository/retailer admin All Repo/store_object_repo/state_name'

2018-12-19 13:08:19 - [TEST_STEP][PASSED] - waitForElementVisible: Object 'Object Repository/retailer admin All Repo/store_object_repo/store_update_button' is visible

2018-12-19 13:08:19 - [MESSAGE][PASSED] - Object 'Object Repository/retailer admin All Repo/store_object_repo/store_update_button' is visible

2018-12-19 13:08:19 - [TEST_STEP][PASSED] - verifyElementVisible: Object 'Object Repository/retailer admin All Repo/store_object_repo/store_update_button' is visible

2018-12-19 13:08:19 - [MESSAGE][PASSED] - Object 'Object Repository/retailer admin All Repo/store_object_repo/store_update_button' is visible

2018-12-19 13:08:19 - [TEST_STEP][PASSED] - click: Object: 'Object Repository/retailer admin All Repo/store_object_repo/store_update_button' is clicked on

2018-12-19 13:08:19 - [MESSAGE][PASSED] - Object: 'Object Repository/retailer admin All Repo/store_object_repo/store_update_button' is clicked on

2018-12-19 13:08:19 - [TEST_STEP][PASSED] - waitForElementVisible: Object 'Object Repository/retailer admin All Repo/store_object_repo/alert_proceed' is visible

2018-12-19 13:08:19 - [MESSAGE][PASSED] - Object 'Object Repository/retailer admin All Repo/store_object_repo/alert_proceed' is visible

2018-12-19 13:08:19 - [TEST_STEP][PASSED] - click: Object: 'Object Repository/retailer admin All Repo/store_object_repo/alert_proceed' is clicked on

2018-12-19 13:08:19 - [MESSAGE][PASSED] - Object: 'Object Repository/retailer admin All Repo/store_object_repo/alert_proceed' is clicked on

2018-12-19 13:08:19 - [TEST_STEP][PASSED] - verifyElementText: Actual text and expected text of test object 'Object Repository/retailer admin All Repo/store_object_repo/h5_Success  Store details upda' are matched.

2018-12-19 13:08:32 - [MESSAGE][PASSED] - Actual text and expected text of test object 'Object Repository/retailer admin All Repo/store_object_repo/h5_Success  Store details upda' are matched.

2018-12-19 13:08:32 - [TEST_STEP][PASSED] - delay: Delayed 5 second(s)

2018-12-19 13:08:37 - [MESSAGE][PASSED] - Delayed 5 second(s)

2018-12-19 13:08:37 - [TEST_STEP][PASSED] - verifyElementVisible: Object 'Object Repository/retailer admin All Repo/store_object_repo/store_container0' is visible

2018-12-19 13:08:37 - [MESSAGE][PASSED] - Object 'Object Repository/retailer admin All Repo/store_object_repo/store_container0' is visible

2018-12-19 13:08:37 - [TEST_STEP][PASSED] - verifyElementVisible: Object 'Object Repository/retailer admin All Repo/store_object_repo/default store container' is visible

2018-12-19 13:08:37 - [MESSAGE][PASSED] - Object 'Object Repository/retailer admin All Repo/store_object_repo/default store container' is visible

2018-12-19 13:08:37 - [TEST_STEP][PASSED] - verifyElementVisible: Object 'Object Repository/retailer admin All Repo/store_object_repo/store_container1' is visible

2018-12-19 13:08:37 - [MESSAGE][PASSED] - Object 'Object Repository/retailer admin All Repo/store_object_repo/store_container1' is visible

2018-12-19 13:08:37 - [TEST_STEP][PASSED] - check: Object 'Object Repository/retailer admin All Repo/store_object_repo/change_default_store' is checked

2018-12-19 13:08:37 - [MESSAGE][PASSED] - Object 'Object Repository/retailer admin All Repo/store_object_repo/change_default_store' is checked

2018-12-19 13:08:37 - [TEST_STEP][NOT_RUN] - verifyElementVisible: NOT_RUN: verifyElementVisible

2018-12-19 13:08:37 - [MESSAGE][NOT_RUN] - NOT_RUN: verifyElementVisible

2018-12-19 13:08:37 - [TEST_STEP][PASSED] - verifyElementText: Actual text and expected text of test object 'Object Repository/retailer admin All Repo/store_object_repo/h5_Success  Your default store' are matched.

2018-12-19 13:08:38 - [MESSAGE][PASSED] - Actual text and expected text of test object 'Object Repository/retailer admin All Repo/store_object_repo/h5_Success  Your default store' are matched.

2018-12-19 13:08:38 - [TEST_STEP][PASSED] - delay: Delayed 10 second(s)

2018-12-19 13:08:48 - [MESSAGE][PASSED] - Delayed 10 second(s)

2018-12-19 13:08:48 - [TEST_STEP][PASSED] - click: Object: 'Object Repository/retailer admin All Repo/store_object_repo/store_container0' is clicked on

2018-12-19 13:08:49 - [MESSAGE][PASSED] - Object: 'Object Repository/retailer admin All Repo/store_object_repo/store_container0' is clicked on

2018-12-19 13:08:49 - [TEST_STEP][PASSED] - waitForElementVisible: Object 'Object Repository/retailer admin All Repo/store_object_repo/store_delete_button' is visible

2018-12-19 13:08:49 - [MESSAGE][PASSED] - Object 'Object Repository/retailer admin All Repo/store_object_repo/store_delete_button' is visible

2018-12-19 13:08:49 - [TEST_STEP][PASSED] - click: Object: 'Object Repository/retailer admin All Repo/store_object_repo/store_delete_button' is clicked on

2018-12-19 13:08:49 - [MESSAGE][PASSED] - Object: 'Object Repository/retailer admin All Repo/store_object_repo/store_delete_button' is clicked on

2018-12-19 13:08:49 - [TEST_STEP][NOT_RUN] - waitForAlert: NOT_RUN: waitForAlert

2018-12-19 13:08:49 - [MESSAGE][NOT_RUN] - NOT_RUN: waitForAlert

2018-12-19 13:08:49 - [TEST_STEP][PASSED] - verifyElementVisible: Object 'Object Repository/retailer admin All Repo/store_object_repo/delete_yes_button' is visible

2018-12-19 13:08:49 - [MESSAGE][PASSED] - Object 'Object Repository/retailer admin All Repo/store_object_repo/delete_yes_button' is visible

2018-12-19 13:08:49 - [TEST_STEP][PASSED] - click: Object: 'Object Repository/retailer admin All Repo/store_object_repo/delete_yes_button' is clicked on

2018-12-19 13:08:49 - [MESSAGE][PASSED] - Object: 'Object Repository/retailer admin All Repo/store_object_repo/delete_yes_button' is clicked on

2018-12-19 13:08:49 - [TEST_STEP][PASSED] - verifyElementVisible: Object 'Object Repository/retailer admin All Repo/store_object_repo/h5_Success  Store has been del' is visible

2018-12-19 13:09:03 - [MESSAGE][PASSED] - Object 'Object Repository/retailer admin All Repo/store_object_repo/h5_Success  Store has been del' is visible

2018-12-19 13:09:03 - [TEST_STEP][PASSED] - verifyElementText: Actual text and expected text of test object 'Object Repository/retailer admin All Repo/store_object_repo/h5_Success  Store has been del' are matched.

2018-12-19 13:09:03 - [MESSAGE][PASSED] - Actual text and expected text of test object 'Object Repository/retailer admin All Repo/store_object_repo/h5_Success  Store has been del' are matched.

2018-12-19 13:09:03 - [TEST_STEP][PASSED] - delay: Delayed 5 second(s)

2018-12-19 13:09:08 - [MESSAGE][PASSED] - Delayed 5 second(s)

2018-12-19 13:09:08 - [TEST_STEP][PASSED] - verifyElementVisible: Object 'Object Repository/retailer admin All Repo/store_object_repo/a_Dashboard              Dashb' is visible

2018-12-19 13:09:08 - [MESSAGE][PASSED] - Object 'Object Repository/retailer admin All Repo/store_object_repo/a_Dashboard              Dashb' is visible

2018-12-19 13:09:08 - [TEST_STEP][PASSED] - click: Object: 'Object Repository/retailer admin All Repo/store_object_repo/a_Dashboard              Dashb' is clicked on

2018-12-19 13:09:08 - [MESSAGE][PASSED] - Object: 'Object Repository/retailer admin All Repo/store_object_repo/a_Dashboard              Dashb' is clicked on]]></system-out>
         <system-err><![CDATA[]]></system-err>
      </testcase>
      <testcase name="Test Cases/AppcoAdmin/delete_retailer" classname="Test Cases/AppcoAdmin/delete_retailer" status="PASSED">
         <system-out><![CDATA[2018-12-19 13:09:08 - [TEST_CASE][PASSED] - Test Cases/AppcoAdmin/delete_retailer: Test Cases/AppcoAdmin/delete_retailer

2018-12-19 13:09:08 - [TEST_STEP][PASSED] - callTestCase: Call Test Case 'Test Cases/Call Test Case/Login_Appco_testcase' successfully

2018-12-19 13:09:08 - [TEST_CASE][PASSED] - Test Cases/Call Test Case/Login_Appco_testcase: Test Cases/Call Test Case/Login_Appco_testcase

2018-12-19 13:09:08 - [TEST_STEP][PASSED] - openBrowser: Browser is opened with url: ''

2018-12-19 13:09:08 - [MESSAGE][WARNING] - A browser is already opened. Closing browser and opening a new one

2018-12-19 13:09:11 - [MESSAGE][PASSED] - Browser is opened with url: ''

2018-12-19 13:09:11 - [TEST_STEP][PASSED] - navigateToUrl: Navigate to 'https://app-qa.appcohesion.io/' successfully

2018-12-19 13:09:15 - [MESSAGE][PASSED] - Navigate to 'https://app-qa.appcohesion.io/' successfully

2018-12-19 13:09:15 - [TEST_STEP][PASSED] - maximizeWindow: Current window maximized

2018-12-19 13:09:16 - [MESSAGE][PASSED] - Current window maximized

2018-12-19 13:09:16 - [TEST_STEP][PASSED] - setText: Text 'surunewadmin' is set on object 'Object Repository/add_retailer_gmail/Page_AppCohesion/input_User Name_ac_username'

2018-12-19 13:09:16 - [MESSAGE][PASSED] - Text 'surunewadmin' is set on object 'Object Repository/add_retailer_gmail/Page_AppCohesion/input_User Name_ac_username'

2018-12-19 13:09:16 - [TEST_STEP][PASSED] - setText: Text '9tlTx3@y' is set on object 'Object Repository/Retailer creation/Page_AppCohesion/input_Password_ac_password'

2018-12-19 13:09:16 - [MESSAGE][PASSED] - Text '9tlTx3@y' is set on object 'Object Repository/Retailer creation/Page_AppCohesion/input_Password_ac_password'

2018-12-19 13:09:16 - [TEST_STEP][PASSED] - click: Object: 'Object Repository/Login_OR/Page_AppCohesion/button_Login Now' is clicked on

2018-12-19 13:09:16 - [MESSAGE][PASSED] - Object: 'Object Repository/Login_OR/Page_AppCohesion/button_Login Now' is clicked on

2018-12-19 13:09:16 - [TEST_STEP][PASSED] - delay: Delayed 10 second(s)

2018-12-19 13:09:26 - [MESSAGE][PASSED] - Delayed 10 second(s)

2018-12-19 13:09:26 - [MESSAGE][PASSED] - Call Test Case 'Test Cases/Call Test Case/Login_Appco_testcase' successfully

2018-12-19 13:09:26 - [TEST_STEP][PASSED] - delay: Delayed 5 second(s)

2018-12-19 13:09:31 - [MESSAGE][PASSED] - Delayed 5 second(s)

2018-12-19 13:09:31 - [TEST_STEP][PASSED] - click: Object: 'Object Repository/Appco Login/retailer delete/a_Retailers              Retai' is clicked on

2018-12-19 13:09:32 - [MESSAGE][PASSED] - Object: 'Object Repository/Appco Login/retailer delete/a_Retailers              Retai' is clicked on

2018-12-19 13:09:32 - [TEST_STEP][PASSED] - delay: Delayed 5 second(s)

2018-12-19 13:09:37 - [MESSAGE][PASSED] - Delayed 5 second(s)

2018-12-19 13:09:37 - [TEST_STEP][PASSED] - verifyElementVisible: Object 'Object Repository/Appco Login/retailer delete/div_Inventory' is visible

2018-12-19 13:09:37 - [MESSAGE][PASSED] - Object 'Object Repository/Appco Login/retailer delete/div_Inventory' is visible

2018-12-19 13:09:37 - [TEST_STEP][PASSED] - click: Object: 'Object Repository/Appco Login/retailer delete/div_Inventory' is clicked on

2018-12-19 13:09:37 - [MESSAGE][PASSED] - Object: 'Object Repository/Appco Login/retailer delete/div_Inventory' is clicked on

2018-12-19 13:09:37 - [TEST_STEP][PASSED] - verifyElementPresent: Object 'Object Repository/Appco Login/retailer delete/button_Delete' is present

2018-12-19 13:09:37 - [MESSAGE][PASSED] - Object 'Object Repository/Appco Login/retailer delete/button_Delete' is present

2018-12-19 13:09:37 - [TEST_STEP][PASSED] - verifyElementPresent: Object 'Object Repository/Appco Login/retailer delete/button_Edit' is present

2018-12-19 13:09:37 - [MESSAGE][PASSED] - Object 'Object Repository/Appco Login/retailer delete/button_Edit' is present

2018-12-19 13:09:37 - [TEST_STEP][PASSED] - delay: Delayed 3 second(s)

2018-12-19 13:09:40 - [MESSAGE][PASSED] - Delayed 3 second(s)

2018-12-19 13:09:40 - [TEST_STEP][PASSED] - click: Object: 'Object Repository/Appco Login/retailer delete/button_Delete' is clicked on

2018-12-19 13:09:40 - [MESSAGE][PASSED] - Object: 'Object Repository/Appco Login/retailer delete/button_Delete' is clicked on

2018-12-19 13:09:40 - [TEST_STEP][PASSED] - verifyElementVisible: Object 'Object Repository/Appco Login/retailer delete/div_Warning' is visible

2018-12-19 13:09:40 - [MESSAGE][PASSED] - Object 'Object Repository/Appco Login/retailer delete/div_Warning' is visible

2018-12-19 13:09:40 - [TEST_STEP][PASSED] - verifyElementVisible: Object 'Object Repository/Appco Login/retailer delete/button_NO' is visible

2018-12-19 13:09:40 - [MESSAGE][PASSED] - Object 'Object Repository/Appco Login/retailer delete/button_NO' is visible

2018-12-19 13:09:40 - [TEST_STEP][PASSED] - verifyElementVisible: Object 'Object Repository/Appco Login/retailer delete/button_YES' is visible

2018-12-19 13:09:40 - [MESSAGE][PASSED] - Object 'Object Repository/Appco Login/retailer delete/button_YES' is visible

2018-12-19 13:09:40 - [TEST_STEP][PASSED] - click: Object: 'Object Repository/Appco Login/retailer delete/button_YES' is clicked on

2018-12-19 13:09:40 - [MESSAGE][PASSED] - Object: 'Object Repository/Appco Login/retailer delete/button_YES' is clicked on

2018-12-19 13:09:40 - [TEST_STEP][PASSED] - verifyElementVisible: Object 'Object Repository/Appco Login/retailer delete/h5_Success  Retailer has been' is visible

2018-12-19 13:09:52 - [MESSAGE][PASSED] - Object 'Object Repository/Appco Login/retailer delete/h5_Success  Retailer has been' is visible]]></system-out>
         <system-err><![CDATA[]]></system-err>
      </testcase>
      <testcase name="Test Cases/AppcoAdmin/Order listing_details" classname="Test Cases/AppcoAdmin/Order listing_details" status="FAILED">
         <failure type="FAILED" message="(Stack trace: com.kms.katalon.core.exception.StepFailedException: Web element with id: 'Object Repository/Appco Login/order listing/span_Order       882' located by 'By.xpath: //span[(text() = '
      Order #
      882
    ' or . = '
      Order #
      882
    ')]' not found
	at com.kms.katalon.core.keyword.internal.KeywordMain.stepFailed(KeywordMain.groovy:32)
	at com.kms.katalon.core.webui.keyword.internal.WebUIKeywordMain.stepFailed(WebUIKeywordMain.groovy:65)
	at com.kms.katalon.core.webui.keyword.builtin.VerifyElementVisibleKeyword$_verifyElementVisible_closure1.doCall(VerifyElementVisibleKeyword.groovy:89)
	at com.kms.katalon.core.webui.keyword.builtin.VerifyElementVisibleKeyword$_verifyElementVisible_closure1.call(VerifyElementVisibleKeyword.groovy)
	at com.kms.katalon.core.webui.keyword.internal.WebUIKeywordMain.runKeyword(WebUIKeywordMain.groovy:21)
	at com.kms.katalon.core.webui.keyword.builtin.VerifyElementVisibleKeyword.verifyElementVisible(VerifyElementVisibleKeyword.groovy:97)
	at com.kms.katalon.core.webui.keyword.builtin.VerifyElementVisibleKeyword.execute(VerifyElementVisibleKeyword.groovy:67)
	at com.kms.katalon.core.keyword.internal.KeywordExecutor.executeKeywordForPlatform(KeywordExecutor.groovy:53)
	at com.kms.katalon.core.webui.keyword.WebUiBuiltInKeywords.verifyElementVisible(WebUiBuiltInKeywords.groovy:358)
	at com.kms.katalon.core.webui.keyword.WebUiBuiltInKeywords$verifyElementVisible$5.call(Unknown Source)
	at org.codehaus.groovy.runtime.callsite.CallSiteArray.defaultCall(CallSiteArray.java:48)
	at org.codehaus.groovy.runtime.callsite.AbstractCallSite.call(AbstractCallSite.java:113)
	at org.codehaus.groovy.runtime.callsite.AbstractCallSite.call(AbstractCallSite.java:133)
	at Script1544782628580.run(Script1544782628580.groovy:51)
	at com.kms.katalon.core.main.ScriptEngine.run(ScriptEngine.java:183)
	at com.kms.katalon.core.main.ScriptEngine.runScriptAsRawText(ScriptEngine.java:108)
	at com.kms.katalon.core.main.TestCaseExecutor.runScript(TestCaseExecutor.java:294)
	at com.kms.katalon.core.main.TestCaseExecutor.doExecute(TestCaseExecutor.java:285)
	at com.kms.katalon.core.main.TestCaseExecutor.processExecutionPhase(TestCaseExecutor.java:264)
	at com.kms.katalon.core.main.TestCaseExecutor.accessMainPhase(TestCaseExecutor.java:256)
	at com.kms.katalon.core.main.TestCaseExecutor.execute(TestCaseExecutor.java:200)
	at com.kms.katalon.core.main.TestSuiteExecutor.accessTestCaseMainPhase(TestSuiteExecutor.java:129)
	at com.kms.katalon.core.main.TestSuiteExecutor.accessTestSuiteMainPhase(TestSuiteExecutor.java:112)
	at com.kms.katalon.core.main.TestSuiteExecutor.execute(TestSuiteExecutor.java:81)
	at com.kms.katalon.core.main.TestCaseMain.startTestSuite(TestCaseMain.java:142)
	at com.kms.katalon.core.main.TestCaseMain$startTestSuite$0.call(Unknown Source)
	at org.codehaus.groovy.runtime.callsite.CallSiteArray.defaultCall(CallSiteArray.java:48)
	at org.codehaus.groovy.runtime.callsite.AbstractCallSite.call(AbstractCallSite.java:113)
	at org.codehaus.groovy.runtime.callsite.AbstractCallSite.call(AbstractCallSite.java:141)
	at TempTestSuite1545204507280.run(TempTestSuite1545204507280.groovy:36)
	at groovy.lang.GroovyShell.runScriptOrMainOrTestOrRunnable(GroovyShell.java:263)
	at groovy.lang.GroovyShell.run(GroovyShell.java:518)
	at groovy.lang.GroovyShell.run(GroovyShell.java:507)
	at groovy.ui.GroovyMain.processOnce(GroovyMain.java:653)
	at groovy.ui.GroovyMain.run(GroovyMain.java:384)
	at groovy.ui.GroovyMain.process(GroovyMain.java:370)
	at groovy.ui.GroovyMain.processArgs(GroovyMain.java:129)
	at groovy.ui.GroovyMain.main(GroovyMain.java:109)
	at sun.reflect.NativeMethodAccessorImpl.invoke0(Native Method)
	at sun.reflect.NativeMethodAccessorImpl.invoke(NativeMethodAccessorImpl.java:62)
	at sun.reflect.DelegatingMethodAccessorImpl.invoke(DelegatingMethodAccessorImpl.java:43)
	at java.lang.reflect.Method.invoke(Method.java:498)
	at org.codehaus.groovy.tools.GroovyStarter.rootLoader(GroovyStarter.java:109)
	at org.codehaus.groovy.tools.GroovyStarter.main(GroovyStarter.java:131)
)"/>
         <system-out><![CDATA[2018-12-19 13:09:52 - [TEST_CASE][FAILED] - Test Cases/AppcoAdmin/Order listing_details: Test Cases/AppcoAdmin/Order listing_details FAILED because (of) (Stack trace: com.kms.katalon.core.exception.StepFailedException: Web element with id: 'Object Repository/Appco Login/order listing/span_Order       882' located by 'By.xpath: //span[(text() = '
      Order #
      882
    ' or . = '
      Order #
      882
    ')]' not found
	at com.kms.katalon.core.keyword.internal.KeywordMain.stepFailed(KeywordMain.groovy:32)
	at com.kms.katalon.core.webui.keyword.internal.WebUIKeywordMain.stepFailed(WebUIKeywordMain.groovy:65)
	at com.kms.katalon.core.webui.keyword.builtin.VerifyElementVisibleKeyword$_verifyElementVisible_closure1.doCall(VerifyElementVisibleKeyword.groovy:89)
	at com.kms.katalon.core.webui.keyword.builtin.VerifyElementVisibleKeyword$_verifyElementVisible_closure1.call(VerifyElementVisibleKeyword.groovy)
	at com.kms.katalon.core.webui.keyword.internal.WebUIKeywordMain.runKeyword(WebUIKeywordMain.groovy:21)
	at com.kms.katalon.core.webui.keyword.builtin.VerifyElementVisibleKeyword.verifyElementVisible(VerifyElementVisibleKeyword.groovy:97)
	at com.kms.katalon.core.webui.keyword.builtin.VerifyElementVisibleKeyword.execute(VerifyElementVisibleKeyword.groovy:67)
	at com.kms.katalon.core.keyword.internal.KeywordExecutor.executeKeywordForPlatform(KeywordExecutor.groovy:53)
	at com.kms.katalon.core.webui.keyword.WebUiBuiltInKeywords.verifyElementVisible(WebUiBuiltInKeywords.groovy:358)
	at com.kms.katalon.core.webui.keyword.WebUiBuiltInKeywords$verifyElementVisible$5.call(Unknown Source)
	at org.codehaus.groovy.runtime.callsite.CallSiteArray.defaultCall(CallSiteArray.java:48)
	at org.codehaus.groovy.runtime.callsite.AbstractCallSite.call(AbstractCallSite.java:113)
	at org.codehaus.groovy.runtime.callsite.AbstractCallSite.call(AbstractCallSite.java:133)
	at Script1544782628580.run(Script1544782628580.groovy:51)
	at com.kms.katalon.core.main.ScriptEngine.run(ScriptEngine.java:183)
	at com.kms.katalon.core.main.ScriptEngine.runScriptAsRawText(ScriptEngine.java:108)
	at com.kms.katalon.core.main.TestCaseExecutor.runScript(TestCaseExecutor.java:294)
	at com.kms.katalon.core.main.TestCaseExecutor.doExecute(TestCaseExecutor.java:285)
	at com.kms.katalon.core.main.TestCaseExecutor.processExecutionPhase(TestCaseExecutor.java:264)
	at com.kms.katalon.core.main.TestCaseExecutor.accessMainPhase(TestCaseExecutor.java:256)
	at com.kms.katalon.core.main.TestCaseExecutor.execute(TestCaseExecutor.java:200)
	at com.kms.katalon.core.main.TestSuiteExecutor.accessTestCaseMainPhase(TestSuiteExecutor.java:129)
	at com.kms.katalon.core.main.TestSuiteExecutor.accessTestSuiteMainPhase(TestSuiteExecutor.java:112)
	at com.kms.katalon.core.main.TestSuiteExecutor.execute(TestSuiteExecutor.java:81)
	at com.kms.katalon.core.main.TestCaseMain.startTestSuite(TestCaseMain.java:142)
	at com.kms.katalon.core.main.TestCaseMain$startTestSuite$0.call(Unknown Source)
	at org.codehaus.groovy.runtime.callsite.CallSiteArray.defaultCall(CallSiteArray.java:48)
	at org.codehaus.groovy.runtime.callsite.AbstractCallSite.call(AbstractCallSite.java:113)
	at org.codehaus.groovy.runtime.callsite.AbstractCallSite.call(AbstractCallSite.java:141)
	at TempTestSuite1545204507280.run(TempTestSuite1545204507280.groovy:36)
	at groovy.lang.GroovyShell.runScriptOrMainOrTestOrRunnable(GroovyShell.java:263)
	at groovy.lang.GroovyShell.run(GroovyShell.java:518)
	at groovy.lang.GroovyShell.run(GroovyShell.java:507)
	at groovy.ui.GroovyMain.processOnce(GroovyMain.java:653)
	at groovy.ui.GroovyMain.run(GroovyMain.java:384)
	at groovy.ui.GroovyMain.process(GroovyMain.java:370)
	at groovy.ui.GroovyMain.processArgs(GroovyMain.java:129)
	at groovy.ui.GroovyMain.main(GroovyMain.java:109)
	at sun.reflect.NativeMethodAccessorImpl.invoke0(Native Method)
	at sun.reflect.NativeMethodAccessorImpl.invoke(NativeMethodAccessorImpl.java:62)
	at sun.reflect.DelegatingMethodAccessorImpl.invoke(DelegatingMethodAccessorImpl.java:43)
	at java.lang.reflect.Method.invoke(Method.java:498)
	at org.codehaus.groovy.tools.GroovyStarter.rootLoader(GroovyStarter.java:109)
	at org.codehaus.groovy.tools.GroovyStarter.main(GroovyStarter.java:131)
)

2018-12-19 13:09:52 - [TEST_STEP][PASSED] - callTestCase: Call Test Case 'Test Cases/Call Test Case/Login_Appco_testcase' successfully

2018-12-19 13:09:52 - [TEST_CASE][PASSED] - Test Cases/Call Test Case/Login_Appco_testcase: Test Cases/Call Test Case/Login_Appco_testcase

2018-12-19 13:09:52 - [TEST_STEP][PASSED] - openBrowser: Browser is opened with url: ''

2018-12-19 13:09:52 - [MESSAGE][WARNING] - A browser is already opened. Closing browser and opening a new one

2018-12-19 13:09:55 - [MESSAGE][PASSED] - Browser is opened with url: ''

2018-12-19 13:09:55 - [TEST_STEP][PASSED] - navigateToUrl: Navigate to 'https://app-qa.appcohesion.io/' successfully

2018-12-19 13:09:59 - [MESSAGE][PASSED] - Navigate to 'https://app-qa.appcohesion.io/' successfully

2018-12-19 13:09:59 - [TEST_STEP][PASSED] - maximizeWindow: Current window maximized

2018-12-19 13:10:00 - [MESSAGE][PASSED] - Current window maximized

2018-12-19 13:10:00 - [TEST_STEP][PASSED] - setText: Text 'surunewadmin' is set on object 'Object Repository/add_retailer_gmail/Page_AppCohesion/input_User Name_ac_username'

2018-12-19 13:10:00 - [MESSAGE][PASSED] - Text 'surunewadmin' is set on object 'Object Repository/add_retailer_gmail/Page_AppCohesion/input_User Name_ac_username'

2018-12-19 13:10:00 - [TEST_STEP][PASSED] - setText: Text '9tlTx3@y' is set on object 'Object Repository/Retailer creation/Page_AppCohesion/input_Password_ac_password'

2018-12-19 13:10:00 - [MESSAGE][PASSED] - Text '9tlTx3@y' is set on object 'Object Repository/Retailer creation/Page_AppCohesion/input_Password_ac_password'

2018-12-19 13:10:00 - [TEST_STEP][PASSED] - click: Object: 'Object Repository/Login_OR/Page_AppCohesion/button_Login Now' is clicked on

2018-12-19 13:10:00 - [MESSAGE][PASSED] - Object: 'Object Repository/Login_OR/Page_AppCohesion/button_Login Now' is clicked on

2018-12-19 13:10:00 - [TEST_STEP][PASSED] - delay: Delayed 10 second(s)

2018-12-19 13:10:10 - [MESSAGE][PASSED] - Delayed 10 second(s)

2018-12-19 13:10:10 - [MESSAGE][PASSED] - Call Test Case 'Test Cases/Call Test Case/Login_Appco_testcase' successfully

2018-12-19 13:10:10 - [TEST_STEP][PASSED] - delay: Delayed 5 second(s)

2018-12-19 13:10:15 - [MESSAGE][PASSED] - Delayed 5 second(s)

2018-12-19 13:10:15 - [TEST_STEP][PASSED] - click: Object: 'Object Repository/retailer admin All Repo/retailer_order_placement/order_placement_verifymarkup/Page_AppCohesion/a_Dashboard              Dashb' is clicked on

2018-12-19 13:10:15 - [MESSAGE][PASSED] - Object: 'Object Repository/retailer admin All Repo/retailer_order_placement/order_placement_verifymarkup/Page_AppCohesion/a_Dashboard              Dashb' is clicked on

2018-12-19 13:10:15 - [TEST_STEP][PASSED] - delay: Delayed 5 second(s)

2018-12-19 13:10:20 - [MESSAGE][PASSED] - Delayed 5 second(s)

2018-12-19 13:10:20 - [TEST_STEP][PASSED] - click: Object: 'Object Repository/retailer admin All Repo/retailer_order_placement/key_press_orderList/order_tab' is clicked on

2018-12-19 13:10:20 - [MESSAGE][PASSED] - Object: 'Object Repository/retailer admin All Repo/retailer_order_placement/key_press_orderList/order_tab' is clicked on

2018-12-19 13:10:20 - [TEST_STEP][PASSED] - delay: Delayed 5 second(s)

2018-12-19 13:10:25 - [MESSAGE][PASSED] - Delayed 5 second(s)

2018-12-19 13:10:25 - [TEST_STEP][NOT_RUN] - waitForElementVisible: NOT_RUN: waitForElementVisible

2018-12-19 13:10:25 - [MESSAGE][NOT_RUN] - NOT_RUN: waitForElementVisible

2018-12-19 13:10:25 - [TEST_STEP][PASSED] - check: Object 'Object Repository/Appco Login/order listing/i__glyphicon glyphicon-search' is checked

2018-12-19 13:10:26 - [MESSAGE][PASSED] - Object 'Object Repository/Appco Login/order listing/i__glyphicon glyphicon-search' is checked

2018-12-19 13:10:26 - [TEST_STEP][NOT_RUN] - dragAndDropToObject: NOT_RUN: dragAndDropToObject

2018-12-19 13:10:26 - [MESSAGE][NOT_RUN] - NOT_RUN: dragAndDropToObject

2018-12-19 13:10:26 - [TEST_STEP][PASSED] - setText: Text 'wallmart' is set on object 'Object Repository/Appco Login/order listing/input_ORDER STATUS_input_2'

2018-12-19 13:10:26 - [MESSAGE][PASSED] - Text 'wallmart' is set on object 'Object Repository/Appco Login/order listing/input_ORDER STATUS_input_2'

2018-12-19 13:10:26 - [TEST_STEP][PASSED] - delay: Delayed 5 second(s)

2018-12-19 13:10:31 - [MESSAGE][PASSED] - Delayed 5 second(s)

2018-12-19 13:10:31 - [TEST_STEP][PASSED] - sendKeys: Keys 'ENTER + ' sent to object: 'Object Repository/Appco Login/order listing/input_ORDER STATUS_input_2'

2018-12-19 13:10:31 - [MESSAGE][PASSED] - Keys 'ENTER + ' sent to object: 'Object Repository/Appco Login/order listing/input_ORDER STATUS_input_2'

2018-12-19 13:10:31 - [TEST_STEP][PASSED] - delay: Delayed 5 second(s)

2018-12-19 13:10:36 - [MESSAGE][PASSED] - Delayed 5 second(s)

2018-12-19 13:10:36 - [TEST_STEP][PASSED] - verifyElementVisible: Object 'Object Repository/retailer admin All Repo/retailer_order_placement/Page_AppCohesion/tr_order HCKLR-IHMFX7Z1' is visible

2018-12-19 13:10:36 - [MESSAGE][PASSED] - Object 'Object Repository/retailer admin All Repo/retailer_order_placement/Page_AppCohesion/tr_order HCKLR-IHMFX7Z1' is visible

2018-12-19 13:10:36 - [TEST_STEP][PASSED] - click: Object: 'Object Repository/retailer admin All Repo/retailer_order_placement/Page_AppCohesion/tr_order HCKLR-IHMFX7Z1' is clicked on

2018-12-19 13:10:36 - [MESSAGE][PASSED] - Object: 'Object Repository/retailer admin All Repo/retailer_order_placement/Page_AppCohesion/tr_order HCKLR-IHMFX7Z1' is clicked on

2018-12-19 13:10:36 - [TEST_STEP][FAILED] - verifyElementVisible: Web element with id: 'Object Repository/Appco Login/order listing/span_Order       882' located by 'By.xpath: //span[(text() = '
      Order #
      882
    ' or . = '
      Order #
      882
    ')]' not found

2018-12-19 13:11:08 - [MESSAGE][FAILED] - Web element with id: 'Object Repository/Appco Login/order listing/span_Order       882' located by 'By.xpath: //span[(text() = '
      Order #
      882
    ' or . = '
      Order #
      882
    ')]' not found
[[ATTACHMENT|C:\\Users\\Snekalatha R\\git\\QA-KatalonNew\\Reports\\Appco_test_suite\\20181219_125827\\1545205267848.png]]

2018-12-19 13:11:08 - [TEST_STEP][FAILED] - verifyElementVisible: Web element with id: 'Object Repository/Appco Login/order listing/h5_882' located by 'By.xpath: //h5[(text() = '882' or . = '882')]' not found

2018-12-19 13:11:39 - [MESSAGE][FAILED] - Web element with id: 'Object Repository/Appco Login/order listing/h5_882' located by 'By.xpath: //h5[(text() = '882' or . = '882')]' not found
[[ATTACHMENT|C:\\Users\\Snekalatha R\\git\\QA-KatalonNew\\Reports\\Appco_test_suite\\20181219_125827\\1545205299578.png]]

2018-12-19 13:11:39 - [TEST_STEP][FAILED] - verifyElementText: com.kms.katalon.core.webui.exception.WebElementNotFoundException: Web element with id: 'Object Repository/Appco Login/order listing/h5_882' located by 'By.xpath: //h5[(text() = '882' or . = '882')]' not found

2018-12-19 13:12:11 - [MESSAGE][FAILED] - com.kms.katalon.core.webui.exception.WebElementNotFoundException: Web element with id: 'Object Repository/Appco Login/order listing/h5_882' located by 'By.xpath: //h5[(text() = '882' or . = '882')]' not found
[[ATTACHMENT|C:\\Users\\Snekalatha R\\git\\QA-KatalonNew\\Reports\\Appco_test_suite\\20181219_125827\\1545205331108.png]]

2018-12-19 13:12:11 - [TEST_STEP][PASSED] - verifyElementVisible: Object 'Object Repository/Appco Login/order listing/span_Order Total      1113.50' is visible

2018-12-19 13:12:11 - [MESSAGE][PASSED] - Object 'Object Repository/Appco Login/order listing/span_Order Total      1113.50' is visible

2018-12-19 13:12:11 - [TEST_STEP][PASSED] - verifyElementVisible: Object 'Object Repository/Appco Login/order listing/p_Order Total' is visible

2018-12-19 13:12:11 - [MESSAGE][PASSED] - Object 'Object Repository/Appco Login/order listing/p_Order Total' is visible

2018-12-19 13:12:11 - [TEST_STEP][PASSED] - verifyElementVisible: Object 'Object Repository/Appco Login/order listing/span_Ordered on      03122018' is visible

2018-12-19 13:12:11 - [MESSAGE][PASSED] - Object 'Object Repository/Appco Login/order listing/span_Ordered on      03122018' is visible

2018-12-19 13:12:11 - [TEST_STEP][PASSED] - verifyElementVisible: Object 'Object Repository/Appco Login/order listing/th_PRODUCT' is visible

2018-12-19 13:12:11 - [MESSAGE][PASSED] - Object 'Object Repository/Appco Login/order listing/th_PRODUCT' is visible

2018-12-19 13:12:11 - [TEST_STEP][PASSED] - verifyElementVisible: Object 'Object Repository/Appco Login/order listing/td_Remington Versa Max Versa M' is visible

2018-12-19 13:12:11 - [MESSAGE][PASSED] - Object 'Object Repository/Appco Login/order listing/td_Remington Versa Max Versa M' is visible

2018-12-19 13:12:11 - [TEST_STEP][PASSED] - verifyElementVisible: Object 'Object Repository/Appco Login/order listing/th_QUANTITY' is visible

2018-12-19 13:12:11 - [MESSAGE][PASSED] - Object 'Object Repository/Appco Login/order listing/th_QUANTITY' is visible

2018-12-19 13:12:11 - [TEST_STEP][PASSED] - verifyElementVisible: Object 'Object Repository/Appco Login/order listing/td_1' is visible

2018-12-19 13:12:11 - [MESSAGE][PASSED] - Object 'Object Repository/Appco Login/order listing/td_1' is visible

2018-12-19 13:12:11 - [TEST_STEP][PASSED] - verifyElementVisible: Object 'Object Repository/Appco Login/order listing/th_DISTRIBUTOR' is visible

2018-12-19 13:12:11 - [MESSAGE][PASSED] - Object 'Object Repository/Appco Login/order listing/th_DISTRIBUTOR' is visible

2018-12-19 13:12:11 - [TEST_STEP][PASSED] - verifyElementVisible: Object 'Object Repository/Appco Login/order listing/th_TRACKING' is visible

2018-12-19 13:12:11 - [MESSAGE][PASSED] - Object 'Object Repository/Appco Login/order listing/th_TRACKING' is visible

2018-12-19 13:12:11 - [TEST_STEP][PASSED] - verifyElementVisible: Object 'Object Repository/Appco Login/order listing/th_STATUS' is visible

2018-12-19 13:12:11 - [MESSAGE][PASSED] - Object 'Object Repository/Appco Login/order listing/th_STATUS' is visible

2018-12-19 13:12:11 - [TEST_STEP][PASSED] - verifyElementVisible: Object 'Object Repository/retailer admin All Repo/retailer_order_placement/Page_AppCohesion/span_RACreation_close_order_de' is visible

2018-12-19 13:12:11 - [MESSAGE][PASSED] - Object 'Object Repository/retailer admin All Repo/retailer_order_placement/Page_AppCohesion/span_RACreation_close_order_de' is visible

2018-12-19 13:12:11 - [TEST_STEP][PASSED] - click: Object: 'Object Repository/retailer admin All Repo/retailer_order_placement/Page_AppCohesion/span_RACreation_close_order_de' is clicked on

2018-12-19 13:12:11 - [MESSAGE][PASSED] - Object: 'Object Repository/retailer admin All Repo/retailer_order_placement/Page_AppCohesion/span_RACreation_close_order_de' is clicked on

2018-12-19 13:12:11 - [TEST_STEP][PASSED] - clearText: Text of object 'Object Repository/Appco Login/order listing/input_ORDER STATUS_input_2' is cleared

2018-12-19 13:12:11 - [MESSAGE][PASSED] - Text of object 'Object Repository/Appco Login/order listing/input_ORDER STATUS_input_2' is cleared

2018-12-19 13:12:11 - [TEST_STEP][PASSED] - delay: Delayed 3 second(s)

2018-12-19 13:12:14 - [MESSAGE][PASSED] - Delayed 3 second(s)

2018-12-19 13:12:14 - [TEST_STEP][FAILED] - check: Unable to check object 'Object Repository/Appco Login/order listing/i__clear_data - Copy' (Root cause: org.openqa.selenium.WebDriverException: unknown error: Element <i _ngcontent-c16="" class="glyphicon glyphicon-search" id="clear_data" title="Clear search"></i> is not clickable at point (1301, 181). Other element would receive the click: <i _ngcontent-c16="" class="glyphicon glyphicon-search glyphicon-remove"></i>
  (Session info: chrome=70.0.3538.110)
  (Driver info: chromedriver=2.35.528161 (5b82f2d2aae0ca24b877009200ced9065a772e73),platform=Windows NT 6.3.9600 x86_64) (WARNING: The server did not provide any stacktrace information)
Command duration or timeout: 0 milliseconds
Build info: version: '3.7.1', revision: '8a0099a', time: '2017-11-06T21:07:36.161Z'
System info: host: 'IIA-DES-021', ip: '192.168.1.86', os.name: 'Windows 8.1', os.arch: 'amd64', os.version: '6.3', java.version: '1.8.0_181'
Driver info: com.kms.katalon.selenium.driver.CChromeDriver
Capabilities {acceptInsecureCerts: false, acceptSslCerts: false, applicationCacheEnabled: false, browserConnectionEnabled: false, browserName: chrome, chrome: {chromedriverVersion: 2.35.528161 (5b82f2d2aae0ca..., userDataDir: C:\Users\SNEKAL~1\AppData\L...}, cssSelectorsEnabled: true, databaseEnabled: false, handlesAlerts: true, hasTouchScreen: false, javascriptEnabled: true, locationContextEnabled: true, mobileEmulationEnabled: false, nativeEvents: true, networkConnectionEnabled: false, pageLoadStrategy: normal, platform: XP, platformName: XP, rotatable: false, setWindowRect: true, takesHeapSnapshot: true, takesScreenshot: true, unexpectedAlertBehaviour: , unhandledPromptBehavior: , version: 70.0.3538.110, webStorageEnabled: true}
Session ID: 6126923a0bc3068e338f85f3bad90780)

2018-12-19 13:12:15 - [MESSAGE][FAILED] - Unable to check object 'Object Repository/Appco Login/order listing/i__clear_data - Copy' (Root cause: org.openqa.selenium.WebDriverException: unknown error: Element <i _ngcontent-c16="" class="glyphicon glyphicon-search" id="clear_data" title="Clear search"></i> is not clickable at point (1301, 181). Other element would receive the click: <i _ngcontent-c16="" class="glyphicon glyphicon-search glyphicon-remove"></i>
  (Session info: chrome=70.0.3538.110)
  (Driver info: chromedriver=2.35.528161 (5b82f2d2aae0ca24b877009200ced9065a772e73),platform=Windows NT 6.3.9600 x86_64) (WARNING: The server did not provide any stacktrace information)
Command duration or timeout: 0 milliseconds
Build info: version: '3.7.1', revision: '8a0099a', time: '2017-11-06T21:07:36.161Z'
System info: host: 'IIA-DES-021', ip: '192.168.1.86', os.name: 'Windows 8.1', os.arch: 'amd64', os.version: '6.3', java.version: '1.8.0_181'
Driver info: com.kms.katalon.selenium.driver.CChromeDriver
Capabilities {acceptInsecureCerts: false, acceptSslCerts: false, applicationCacheEnabled: false, browserConnectionEnabled: false, browserName: chrome, chrome: {chromedriverVersion: 2.35.528161 (5b82f2d2aae0ca..., userDataDir: C:\Users\SNEKAL~1\AppData\L...}, cssSelectorsEnabled: true, databaseEnabled: false, handlesAlerts: true, hasTouchScreen: false, javascriptEnabled: true, locationContextEnabled: true, mobileEmulationEnabled: false, nativeEvents: true, networkConnectionEnabled: false, pageLoadStrategy: normal, platform: XP, platformName: XP, rotatable: false, setWindowRect: true, takesHeapSnapshot: true, takesScreenshot: true, unexpectedAlertBehaviour: , unhandledPromptBehavior: , version: 70.0.3538.110, webStorageEnabled: true}
Session ID: 6126923a0bc3068e338f85f3bad90780)
[[ATTACHMENT|C:\\Users\\Snekalatha R\\git\\QA-KatalonNew\\Reports\\Appco_test_suite\\20181219_125827\\1545205334905.png]]]]></system-out>
         <system-err><![CDATA[2018-12-19 13:09:52 - [TEST_CASE][FAILED] - Test Cases/AppcoAdmin/Order listing_details: Test Cases/AppcoAdmin/Order listing_details FAILED because (of) (Stack trace: com.kms.katalon.core.exception.StepFailedException: Web element with id: 'Object Repository/Appco Login/order listing/span_Order       882' located by 'By.xpath: //span[(text() = '
      Order #
      882
    ' or . = '
      Order #
      882
    ')]' not found
	at com.kms.katalon.core.keyword.internal.KeywordMain.stepFailed(KeywordMain.groovy:32)
	at com.kms.katalon.core.webui.keyword.internal.WebUIKeywordMain.stepFailed(WebUIKeywordMain.groovy:65)
	at com.kms.katalon.core.webui.keyword.builtin.VerifyElementVisibleKeyword$_verifyElementVisible_closure1.doCall(VerifyElementVisibleKeyword.groovy:89)
	at com.kms.katalon.core.webui.keyword.builtin.VerifyElementVisibleKeyword$_verifyElementVisible_closure1.call(VerifyElementVisibleKeyword.groovy)
	at com.kms.katalon.core.webui.keyword.internal.WebUIKeywordMain.runKeyword(WebUIKeywordMain.groovy:21)
	at com.kms.katalon.core.webui.keyword.builtin.VerifyElementVisibleKeyword.verifyElementVisible(VerifyElementVisibleKeyword.groovy:97)
	at com.kms.katalon.core.webui.keyword.builtin.VerifyElementVisibleKeyword.execute(VerifyElementVisibleKeyword.groovy:67)
	at com.kms.katalon.core.keyword.internal.KeywordExecutor.executeKeywordForPlatform(KeywordExecutor.groovy:53)
	at com.kms.katalon.core.webui.keyword.WebUiBuiltInKeywords.verifyElementVisible(WebUiBuiltInKeywords.groovy:358)
	at com.kms.katalon.core.webui.keyword.WebUiBuiltInKeywords$verifyElementVisible$5.call(Unknown Source)
	at org.codehaus.groovy.runtime.callsite.CallSiteArray.defaultCall(CallSiteArray.java:48)
	at org.codehaus.groovy.runtime.callsite.AbstractCallSite.call(AbstractCallSite.java:113)
	at org.codehaus.groovy.runtime.callsite.AbstractCallSite.call(AbstractCallSite.java:133)
	at Script1544782628580.run(Script1544782628580.groovy:51)
	at com.kms.katalon.core.main.ScriptEngine.run(ScriptEngine.java:183)
	at com.kms.katalon.core.main.ScriptEngine.runScriptAsRawText(ScriptEngine.java:108)
	at com.kms.katalon.core.main.TestCaseExecutor.runScript(TestCaseExecutor.java:294)
	at com.kms.katalon.core.main.TestCaseExecutor.doExecute(TestCaseExecutor.java:285)
	at com.kms.katalon.core.main.TestCaseExecutor.processExecutionPhase(TestCaseExecutor.java:264)
	at com.kms.katalon.core.main.TestCaseExecutor.accessMainPhase(TestCaseExecutor.java:256)
	at com.kms.katalon.core.main.TestCaseExecutor.execute(TestCaseExecutor.java:200)
	at com.kms.katalon.core.main.TestSuiteExecutor.accessTestCaseMainPhase(TestSuiteExecutor.java:129)
	at com.kms.katalon.core.main.TestSuiteExecutor.accessTestSuiteMainPhase(TestSuiteExecutor.java:112)
	at com.kms.katalon.core.main.TestSuiteExecutor.execute(TestSuiteExecutor.java:81)
	at com.kms.katalon.core.main.TestCaseMain.startTestSuite(TestCaseMain.java:142)
	at com.kms.katalon.core.main.TestCaseMain$startTestSuite$0.call(Unknown Source)
	at org.codehaus.groovy.runtime.callsite.CallSiteArray.defaultCall(CallSiteArray.java:48)
	at org.codehaus.groovy.runtime.callsite.AbstractCallSite.call(AbstractCallSite.java:113)
	at org.codehaus.groovy.runtime.callsite.AbstractCallSite.call(AbstractCallSite.java:141)
	at TempTestSuite1545204507280.run(TempTestSuite1545204507280.groovy:36)
	at groovy.lang.GroovyShell.runScriptOrMainOrTestOrRunnable(GroovyShell.java:263)
	at groovy.lang.GroovyShell.run(GroovyShell.java:518)
	at groovy.lang.GroovyShell.run(GroovyShell.java:507)
	at groovy.ui.GroovyMain.processOnce(GroovyMain.java:653)
	at groovy.ui.GroovyMain.run(GroovyMain.java:384)
	at groovy.ui.GroovyMain.process(GroovyMain.java:370)
	at groovy.ui.GroovyMain.processArgs(GroovyMain.java:129)
	at groovy.ui.GroovyMain.main(GroovyMain.java:109)
	at sun.reflect.NativeMethodAccessorImpl.invoke0(Native Method)
	at sun.reflect.NativeMethodAccessorImpl.invoke(NativeMethodAccessorImpl.java:62)
	at sun.reflect.DelegatingMethodAccessorImpl.invoke(DelegatingMethodAccessorImpl.java:43)
	at java.lang.reflect.Method.invoke(Method.java:498)
	at org.codehaus.groovy.tools.GroovyStarter.rootLoader(GroovyStarter.java:109)
	at org.codehaus.groovy.tools.GroovyStarter.main(GroovyStarter.java:131)
)]]></system-err>
      </testcase>
      <testcase name="Test Cases/AppcoAdmin/Appco_markup" classname="Test Cases/AppcoAdmin/Appco_markup" status="PASSED">
         <system-out><![CDATA[2018-12-19 13:12:15 - [TEST_CASE][PASSED] - Test Cases/AppcoAdmin/Appco_markup: Test Cases/AppcoAdmin/Appco_markup

2018-12-19 13:12:15 - [TEST_STEP][PASSED] - callTestCase: Call Test Case 'Test Cases/Call Test Case/Login_Appco_testcase' successfully

2018-12-19 13:12:15 - [TEST_CASE][PASSED] - Test Cases/Call Test Case/Login_Appco_testcase: Test Cases/Call Test Case/Login_Appco_testcase

2018-12-19 13:12:15 - [TEST_STEP][PASSED] - openBrowser: Browser is opened with url: ''

2018-12-19 13:12:15 - [MESSAGE][WARNING] - A browser is already opened. Closing browser and opening a new one

2018-12-19 13:12:17 - [MESSAGE][PASSED] - Browser is opened with url: ''

2018-12-19 13:12:17 - [TEST_STEP][PASSED] - navigateToUrl: Navigate to 'https://app-qa.appcohesion.io/' successfully

2018-12-19 13:12:22 - [MESSAGE][PASSED] - Navigate to 'https://app-qa.appcohesion.io/' successfully

2018-12-19 13:12:22 - [TEST_STEP][PASSED] - maximizeWindow: Current window maximized

2018-12-19 13:12:23 - [MESSAGE][PASSED] - Current window maximized

2018-12-19 13:12:23 - [TEST_STEP][PASSED] - setText: Text 'surunewadmin' is set on object 'Object Repository/add_retailer_gmail/Page_AppCohesion/input_User Name_ac_username'

2018-12-19 13:12:23 - [MESSAGE][PASSED] - Text 'surunewadmin' is set on object 'Object Repository/add_retailer_gmail/Page_AppCohesion/input_User Name_ac_username'

2018-12-19 13:12:23 - [TEST_STEP][PASSED] - setText: Text '9tlTx3@y' is set on object 'Object Repository/Retailer creation/Page_AppCohesion/input_Password_ac_password'

2018-12-19 13:12:23 - [MESSAGE][PASSED] - Text '9tlTx3@y' is set on object 'Object Repository/Retailer creation/Page_AppCohesion/input_Password_ac_password'

2018-12-19 13:12:23 - [TEST_STEP][PASSED] - click: Object: 'Object Repository/Login_OR/Page_AppCohesion/button_Login Now' is clicked on

2018-12-19 13:12:23 - [MESSAGE][PASSED] - Object: 'Object Repository/Login_OR/Page_AppCohesion/button_Login Now' is clicked on

2018-12-19 13:12:23 - [TEST_STEP][PASSED] - delay: Delayed 10 second(s)

2018-12-19 13:12:33 - [MESSAGE][PASSED] - Delayed 10 second(s)

2018-12-19 13:12:33 - [MESSAGE][PASSED] - Call Test Case 'Test Cases/Call Test Case/Login_Appco_testcase' successfully

2018-12-19 13:12:33 - [TEST_STEP][PASSED] - click: Object: 'Object Repository/add_retailer_gmail/Page_AppCohesion/a_Retailers              Retai' is clicked on

2018-12-19 13:12:38 - [MESSAGE][PASSED] - Object: 'Object Repository/add_retailer_gmail/Page_AppCohesion/a_Retailers              Retai' is clicked on

2018-12-19 13:12:38 - [TEST_STEP][PASSED] - delay: Delayed 5 second(s)

2018-12-19 13:12:43 - [MESSAGE][PASSED] - Delayed 5 second(s)

2018-12-19 13:12:43 - [TEST_STEP][PASSED] - verifyElementVisible: Object 'Object Repository/Appco Login/Appco_Markup/div_Inventory' is visible

2018-12-19 13:12:43 - [MESSAGE][PASSED] - Object 'Object Repository/Appco Login/Appco_Markup/div_Inventory' is visible

2018-12-19 13:12:43 - [TEST_STEP][PASSED] - verifyElementVisible: Object 'Object Repository/Appco Login/Appco_Markup/span_Inventory' is visible

2018-12-19 13:12:43 - [MESSAGE][PASSED] - Object 'Object Repository/Appco Login/Appco_Markup/span_Inventory' is visible

2018-12-19 13:12:43 - [TEST_STEP][PASSED] - click: Object: 'Object Repository/Appco Login/Appco_Markup/span_Inventory' is clicked on

2018-12-19 13:12:49 - [MESSAGE][PASSED] - Object: 'Object Repository/Appco Login/Appco_Markup/span_Inventory' is clicked on

2018-12-19 13:12:49 - [TEST_STEP][PASSED] - verifyElementVisible: Object 'Object Repository/Appco Login/Appco_Markup/a_Inventory' is visible

2018-12-19 13:12:49 - [MESSAGE][PASSED] - Object 'Object Repository/Appco Login/Appco_Markup/a_Inventory' is visible

2018-12-19 13:12:49 - [TEST_STEP][PASSED] - click: Object: 'Object Repository/Appco Login/Appco_Markup/a_Inventory' is clicked on

2018-12-19 13:12:49 - [MESSAGE][PASSED] - Object: 'Object Repository/Appco Login/Appco_Markup/a_Inventory' is clicked on

2018-12-19 13:12:49 - [TEST_STEP][PASSED] - delay: Delayed 3 second(s)

2018-12-19 13:12:52 - [MESSAGE][PASSED] - Delayed 3 second(s)

2018-12-19 13:12:52 - [TEST_STEP][PASSED] - setText: Text 'RUGER-UCSR7GCZ' is set on object 'Object Repository/Appco Login/Appco_Markup/input__markup_searchproduct'

2018-12-19 13:13:04 - [MESSAGE][PASSED] - Text 'RUGER-UCSR7GCZ' is set on object 'Object Repository/Appco Login/Appco_Markup/input__markup_searchproduct'

2018-12-19 13:13:04 - [TEST_STEP][PASSED] - click: Object: 'Object Repository/Appco Login/Appco_Markup/img__markupsearch_icon' is clicked on

2018-12-19 13:13:04 - [MESSAGE][PASSED] - Object: 'Object Repository/Appco Login/Appco_Markup/img__markupsearch_icon' is clicked on

2018-12-19 13:13:04 - [TEST_STEP][PASSED] - delay: Delayed 5 second(s)

2018-12-19 13:13:09 - [MESSAGE][PASSED] - Delayed 5 second(s)

2018-12-19 13:13:09 - [TEST_STEP][PASSED] - setText: Text '123.67' is set on object 'Object Repository/Appco Login/Appco_Markup/input_Pistols_markup0'

2018-12-19 13:13:19 - [MESSAGE][PASSED] - Text '123.67' is set on object 'Object Repository/Appco Login/Appco_Markup/input_Pistols_markup0'

2018-12-19 13:13:19 - [TEST_STEP][PASSED] - click: Object: 'Object Repository/Appco Login/Appco_Markup/button_AddUpdate' is clicked on

2018-12-19 13:13:19 - [MESSAGE][PASSED] - Object: 'Object Repository/Appco Login/Appco_Markup/button_AddUpdate' is clicked on

2018-12-19 13:13:19 - [TEST_STEP][PASSED] - verifyElementText: Actual text and expected text of test object 'Object Repository/retailer admin All Repo/retailer_order_placement/order_placement_verifymarkup/Page_AppCohesion/h5_Success  Markup updated suc' are matched.

2018-12-19 13:13:31 - [MESSAGE][PASSED] - Actual text and expected text of test object 'Object Repository/retailer admin All Repo/retailer_order_placement/order_placement_verifymarkup/Page_AppCohesion/h5_Success  Markup updated suc' are matched.

2018-12-19 13:13:31 - [TEST_STEP][PASSED] - delay: Delayed 5 second(s)

2018-12-19 13:13:36 - [MESSAGE][PASSED] - Delayed 5 second(s)

2018-12-19 13:13:36 - [TEST_STEP][PASSED] - verifyElementVisible: Object 'Object Repository/Appco Login/Appco_Markup/h3_Store Tester' is visible

2018-12-19 13:13:36 - [MESSAGE][PASSED] - Object 'Object Repository/Appco Login/Appco_Markup/h3_Store Tester' is visible

2018-12-19 13:13:36 - [TEST_STEP][PASSED] - click: Object: 'Object Repository/Appco Login/Appco_Markup/h3_Store Tester' is clicked on

2018-12-19 13:13:36 - [MESSAGE][PASSED] - Object: 'Object Repository/Appco Login/Appco_Markup/h3_Store Tester' is clicked on

2018-12-19 13:13:36 - [TEST_STEP][PASSED] - click: Object: 'Object Repository/Appco Login/Appco_Markup/a_Log Out' is clicked on

2018-12-19 13:13:36 - [MESSAGE][PASSED] - Object: 'Object Repository/Appco Login/Appco_Markup/a_Log Out' is clicked on

2018-12-19 13:13:36 - [TEST_STEP][PASSED] - delay: Delayed 5 second(s)

2018-12-19 13:13:41 - [MESSAGE][PASSED] - Delayed 5 second(s)

2018-12-19 13:13:41 - [TEST_STEP][PASSED] - callTestCase: Call Test Case 'Test Cases/Call Test Case/Login_retailer_testcase_markup' successfully

2018-12-19 13:13:41 - [TEST_CASE][PASSED] - Test Cases/Call Test Case/Login_retailer_testcase_markup: Test Cases/Call Test Case/Login_retailer_testcase_markup

2018-12-19 13:13:41 - [TEST_STEP][PASSED] - openBrowser: Browser is opened with url: 'https://app-qa.appcohesion.io/'

2018-12-19 13:13:41 - [MESSAGE][WARNING] - A browser is already opened. Closing browser and opening a new one

2018-12-19 13:13:48 - [MESSAGE][PASSED] - Browser is opened with url: 'https://app-qa.appcohesion.io/'

2018-12-19 13:13:48 - [TEST_STEP][PASSED] - maximizeWindow: Current window maximized

2018-12-19 13:13:49 - [MESSAGE][PASSED] - Current window maximized

2018-12-19 13:13:49 - [TEST_STEP][PASSED] - setText: Text 'AAARetailerMD@17_12' is set on object 'Object Repository/Login_OR/Page_AppCohesion/input_User Name_ac_username'

2018-12-19 13:13:50 - [MESSAGE][PASSED] - Text 'AAARetailerMD@17_12' is set on object 'Object Repository/Login_OR/Page_AppCohesion/input_User Name_ac_username'

2018-12-19 13:13:50 - [TEST_STEP][PASSED] - setText: Text 'AAARetailerMD@17_12' is set on object 'Object Repository/Login_OR/Page_AppCohesion/input_Password_ac_password'

2018-12-19 13:13:50 - [MESSAGE][PASSED] - Text 'AAARetailerMD@17_12' is set on object 'Object Repository/Login_OR/Page_AppCohesion/input_Password_ac_password'

2018-12-19 13:13:50 - [TEST_STEP][PASSED] - click: Object: 'Object Repository/Login_OR/Page_AppCohesion/button_Login Now' is clicked on

2018-12-19 13:13:50 - [MESSAGE][PASSED] - Object: 'Object Repository/Login_OR/Page_AppCohesion/button_Login Now' is clicked on

2018-12-19 13:13:50 - [TEST_STEP][PASSED] - waitForPageLoad: Wait for page load successfully

2018-12-19 13:13:50 - [MESSAGE][PASSED] - Wait for page load successfully

2018-12-19 13:13:50 - [MESSAGE][PASSED] - Call Test Case 'Test Cases/Call Test Case/Login_retailer_testcase_markup' successfully

2018-12-19 13:13:50 - [TEST_STEP][PASSED] - delay: Delayed 5 second(s)

2018-12-19 13:13:55 - [MESSAGE][PASSED] - Delayed 5 second(s)

2018-12-19 13:13:55 - [TEST_STEP][PASSED] - setText: Text 'RUGER-UCSR7GCZ' is set on object 'Object Repository/Appco Login/Appco_Markup/input_Invoice_common_searchpro'

2018-12-19 13:13:55 - [MESSAGE][PASSED] - Text 'RUGER-UCSR7GCZ' is set on object 'Object Repository/Appco Login/Appco_Markup/input_Invoice_common_searchpro'

2018-12-19 13:13:55 - [TEST_STEP][PASSED] - click: Object: 'Object Repository/Appco Login/Appco_Markup/button_Invoice_searchbutton' is clicked on

2018-12-19 13:13:55 - [MESSAGE][PASSED] - Object: 'Object Repository/Appco Login/Appco_Markup/button_Invoice_searchbutton' is clicked on

2018-12-19 13:13:55 - [TEST_STEP][PASSED] - delay: Delayed 5 second(s)

2018-12-19 13:14:00 - [MESSAGE][PASSED] - Delayed 5 second(s)

2018-12-19 13:14:00 - [TEST_STEP][PASSED] - verifyElementVisible: Object 'Object Repository/Appco Login/Appco_Markup/td_SS' is visible

2018-12-19 13:14:00 - [MESSAGE][PASSED] - Object 'Object Repository/Appco Login/Appco_Markup/td_SS' is visible

2018-12-19 13:14:00 - [TEST_STEP][PASSED] - click: Object: 'Object Repository/Appco Login/Appco_Markup/td_SS' is clicked on

2018-12-19 13:14:00 - [MESSAGE][PASSED] - Object: 'Object Repository/Appco Login/Appco_Markup/td_SS' is clicked on

2018-12-19 13:14:00 - [TEST_STEP][PASSED] - verifyElementVisible: Object 'Object Repository/Appco Login/Appco_Markup/h2_Ruger Standard LCP' is visible

2018-12-19 13:14:02 - [MESSAGE][PASSED] - Object 'Object Repository/Appco Login/Appco_Markup/h2_Ruger Standard LCP' is visible

2018-12-19 13:14:02 - [TEST_STEP][PASSED] - verifyElementVisible: Object 'Object Repository/Appco Login/Appco_Markup/span_Manufacturer Part Number3' is visible

2018-12-19 13:14:02 - [MESSAGE][PASSED] - Object 'Object Repository/Appco Login/Appco_Markup/span_Manufacturer Part Number3' is visible

2018-12-19 13:14:02 - [TEST_STEP][PASSED] - verifyElementVisible: Object 'Object Repository/Appco Login/Appco_Markup/strong_3701' is visible

2018-12-19 13:14:02 - [MESSAGE][PASSED] - Object 'Object Repository/Appco Login/Appco_Markup/strong_3701' is visible

2018-12-19 13:14:02 - [TEST_STEP][PASSED] - verifyElementVisible: Object 'Object Repository/Appco Login/Appco_Markup/span_DistributorSS' is visible

2018-12-19 13:14:02 - [MESSAGE][PASSED] - Object 'Object Repository/Appco Login/Appco_Markup/span_DistributorSS' is visible

2018-12-19 13:14:02 - [TEST_STEP][PASSED] - verifyElementVisible: Object 'Object Repository/Appco Login/Appco_Markup/strong_SS' is visible

2018-12-19 13:14:02 - [MESSAGE][PASSED] - Object 'Object Repository/Appco Login/Appco_Markup/strong_SS' is visible

2018-12-19 13:14:02 - [TEST_STEP][PASSED] - verifyElementVisible: Object 'Object Repository/Appco Login/Appco_Markup/span_UPC736676037018' is visible

2018-12-19 13:14:02 - [MESSAGE][PASSED] - Object 'Object Repository/Appco Login/Appco_Markup/span_UPC736676037018' is visible

2018-12-19 13:14:02 - [TEST_STEP][PASSED] - verifyElementVisible: Object 'Object Repository/Appco Login/Appco_Markup/strong_736676037018' is visible

2018-12-19 13:14:03 - [MESSAGE][PASSED] - Object 'Object Repository/Appco Login/Appco_Markup/strong_736676037018' is visible

2018-12-19 13:14:03 - [TEST_STEP][PASSED] - verifyElementVisible: Object 'Object Repository/Appco Login/Appco_Markup/span_Base Price416.00' is visible

2018-12-19 13:14:03 - [MESSAGE][PASSED] - Object 'Object Repository/Appco Login/Appco_Markup/span_Base Price416.00' is visible

2018-12-19 13:14:03 - [TEST_STEP][PASSED] - verifyElementVisible: Object 'Object Repository/Appco Login/Appco_Markup/strong_416.00' is visible

2018-12-19 13:14:03 - [MESSAGE][PASSED] - Object 'Object Repository/Appco Login/Appco_Markup/strong_416.00' is visible

2018-12-19 13:14:03 - [TEST_STEP][PASSED] - verifyElementVisible: Object 'Object Repository/Appco Login/Appco_Markup/span_Retailer Markup0.00' is visible

2018-12-19 13:14:03 - [MESSAGE][PASSED] - Object 'Object Repository/Appco Login/Appco_Markup/span_Retailer Markup0.00' is visible

2018-12-19 13:14:03 - [TEST_STEP][PASSED] - verifyElementVisible: Object 'Object Repository/Appco Login/Appco_Markup/strong_0.00' is visible

2018-12-19 13:14:03 - [MESSAGE][PASSED] - Object 'Object Repository/Appco Login/Appco_Markup/strong_0.00' is visible

2018-12-19 13:14:03 - [TEST_STEP][PASSED] - verifyElementVisible: Object 'Object Repository/Appco Login/Appco_Markup/span_Amount Payable416.00' is visible

2018-12-19 13:14:03 - [MESSAGE][PASSED] - Object 'Object Repository/Appco Login/Appco_Markup/span_Amount Payable416.00' is visible

2018-12-19 13:14:03 - [TEST_STEP][PASSED] - verifyElementVisible: Object 'Object Repository/Appco Login/Appco_Markup/strong_416.00' is visible

2018-12-19 13:14:03 - [MESSAGE][PASSED] - Object 'Object Repository/Appco Login/Appco_Markup/strong_416.00' is visible

2018-12-19 13:14:03 - [TEST_STEP][PASSED] - verifyElementText: Actual text and expected text of test object 'Object Repository/Appco Login/Appco_Markup/strong_416.00' are matched.

2018-12-19 13:14:03 - [MESSAGE][PASSED] - Actual text and expected text of test object 'Object Repository/Appco Login/Appco_Markup/strong_416.00' are matched.

2018-12-19 13:14:03 - [TEST_STEP][PASSED] - verifyElementVisible: Object 'Object Repository/Appco Login/Appco_Markup/button_ADD TO CART' is visible

2018-12-19 13:14:03 - [MESSAGE][PASSED] - Object 'Object Repository/Appco Login/Appco_Markup/button_ADD TO CART' is visible

2018-12-19 13:14:03 - [TEST_STEP][PASSED] - verifyElementVisible: Object 'Object Repository/Appco Login/Appco_Markup/h4_Only 25 left in stock' is visible

2018-12-19 13:14:03 - [MESSAGE][PASSED] - Object 'Object Repository/Appco Login/Appco_Markup/h4_Only 25 left in stock' is visible

2018-12-19 13:14:03 - [TEST_STEP][PASSED] - verifyElementVisible: Object 'Object Repository/Appco Login/Appco_Markup/a_Product Specifications' is visible

2018-12-19 13:14:03 - [MESSAGE][PASSED] - Object 'Object Repository/Appco Login/Appco_Markup/a_Product Specifications' is visible

2018-12-19 13:14:03 - [TEST_STEP][PASSED] - verifyElementVisible: Object 'Object Repository/Appco Login/Appco_Markup/p_Manufacturer Part Number 370' is visible

2018-12-19 13:14:03 - [MESSAGE][PASSED] - Object 'Object Repository/Appco Login/Appco_Markup/p_Manufacturer Part Number 370' is visible

2018-12-19 13:14:03 - [TEST_STEP][PASSED] - verifyElementVisible: Object 'Object Repository/Appco Login/Appco_Markup/div_Manufacturer Part Number 3' is visible

2018-12-19 13:14:03 - [MESSAGE][PASSED] - Object 'Object Repository/Appco Login/Appco_Markup/div_Manufacturer Part Number 3' is visible

2018-12-19 13:14:03 - [TEST_STEP][PASSED] - click: Object: 'Object Repository/Appco Login/Appco_Markup/button_ADD TO CART' is clicked on

2018-12-19 13:14:03 - [MESSAGE][PASSED] - Object: 'Object Repository/Appco Login/Appco_Markup/button_ADD TO CART' is clicked on

2018-12-19 13:14:03 - [TEST_STEP][PASSED] - verifyElementVisible: Object 'Object Repository/Appco Login/Appco_Markup/span_Added to Cart' is visible

2018-12-19 13:14:17 - [MESSAGE][PASSED] - Object 'Object Repository/Appco Login/Appco_Markup/span_Added to Cart' is visible

2018-12-19 13:14:17 - [TEST_STEP][PASSED] - verifyElementVisible: Object 'Object Repository/Appco Login/Appco_Markup/img' is visible

2018-12-19 13:14:17 - [MESSAGE][PASSED] - Object 'Object Repository/Appco Login/Appco_Markup/img' is visible

2018-12-19 13:14:17 - [TEST_STEP][PASSED] - click: Object: 'Object Repository/Appco Login/Appco_Markup/img' is clicked on

2018-12-19 13:14:17 - [MESSAGE][PASSED] - Object: 'Object Repository/Appco Login/Appco_Markup/img' is clicked on

2018-12-19 13:14:17 - [TEST_STEP][PASSED] - verifyElementVisible: Object 'Object Repository/Appco Login/Appco_Markup/div_Ruger Standard LCP' is visible

2018-12-19 13:14:20 - [MESSAGE][PASSED] - Object 'Object Repository/Appco Login/Appco_Markup/div_Ruger Standard LCP' is visible

2018-12-19 13:14:20 - [TEST_STEP][PASSED] - verifyElementVisible: Object 'Object Repository/Appco Login/Appco_Markup/span_UNIT PRICE' is visible

2018-12-19 13:14:20 - [MESSAGE][PASSED] - Object 'Object Repository/Appco Login/Appco_Markup/span_UNIT PRICE' is visible

2018-12-19 13:14:20 - [TEST_STEP][PASSED] - verifyElementVisible: Object 'Object Repository/Appco Login/Appco_Markup/span_416.00' is visible

2018-12-19 13:14:20 - [MESSAGE][PASSED] - Object 'Object Repository/Appco Login/Appco_Markup/span_416.00' is visible

2018-12-19 13:14:20 - [TEST_STEP][PASSED] - verifyElementText: Actual text and expected text of test object 'Object Repository/Appco Login/Appco_Markup/span_416.00' are matched.

2018-12-19 13:14:20 - [MESSAGE][PASSED] - Actual text and expected text of test object 'Object Repository/Appco Login/Appco_Markup/span_416.00' are matched.

2018-12-19 13:14:20 - [TEST_STEP][PASSED] - verifyElementVisible: Object 'Object Repository/Appco Login/Appco_Markup/button_View Cart' is visible

2018-12-19 13:14:20 - [MESSAGE][PASSED] - Object 'Object Repository/Appco Login/Appco_Markup/button_View Cart' is visible

2018-12-19 13:14:20 - [TEST_STEP][PASSED] - click: Object: 'Object Repository/Appco Login/Appco_Markup/button_View Cart' is clicked on

2018-12-19 13:14:20 - [MESSAGE][PASSED] - Object: 'Object Repository/Appco Login/Appco_Markup/button_View Cart' is clicked on

2018-12-19 13:14:20 - [TEST_STEP][PASSED] - delay: Delayed 5 second(s)

2018-12-19 13:14:25 - [MESSAGE][PASSED] - Delayed 5 second(s)

2018-12-19 13:14:25 - [TEST_STEP][PASSED] - verifyElementVisible: Object 'Object Repository/delete_added _products/Page_AppCohesion/div_406.08_cart-item-removeBut' is visible

2018-12-19 13:14:25 - [MESSAGE][PASSED] - Object 'Object Repository/delete_added _products/Page_AppCohesion/div_406.08_cart-item-removeBut' is visible

2018-12-19 13:14:25 - [TEST_STEP][PASSED] - click: Object: 'Object Repository/delete_added _products/Page_AppCohesion/div_406.08_cart-item-removeBut' is clicked on

2018-12-19 13:14:25 - [MESSAGE][PASSED] - Object: 'Object Repository/delete_added _products/Page_AppCohesion/div_406.08_cart-item-removeBut' is clicked on

2018-12-19 13:14:25 - [TEST_STEP][PASSED] - verifyElementVisible: Object 'Object Repository/delete_added _products/Page_AppCohesion/h4_SorryNo Items inside cart' is visible

2018-12-19 13:14:36 - [MESSAGE][PASSED] - Object 'Object Repository/delete_added _products/Page_AppCohesion/h4_SorryNo Items inside cart' is visible

2018-12-19 13:14:36 - [TEST_STEP][PASSED] - verifyElementText: Actual text and expected text of test object 'Object Repository/delete_added _products/Page_AppCohesion/h4_SorryNo Items inside cart' are matched.

2018-12-19 13:14:36 - [MESSAGE][PASSED] - Actual text and expected text of test object 'Object Repository/delete_added _products/Page_AppCohesion/h4_SorryNo Items inside cart' are matched.

2018-12-19 13:14:36 - [TEST_STEP][PASSED] - delay: Delayed 5 second(s)

2018-12-19 13:14:41 - [MESSAGE][PASSED] - Delayed 5 second(s)

2018-12-19 13:14:41 - [TEST_STEP][PASSED] - check: Object 'Object Repository/retailer admin All Repo/menu list/menuopen (1)' is checked

2018-12-19 13:14:41 - [MESSAGE][PASSED] - Object 'Object Repository/retailer admin All Repo/menu list/menuopen (1)' is checked

2018-12-19 13:14:41 - [TEST_STEP][PASSED] - click: Object: 'Object Repository/Appco Login/Appco_Markup/a_Log Out' is clicked on

2018-12-19 13:14:41 - [MESSAGE][PASSED] - Object: 'Object Repository/Appco Login/Appco_Markup/a_Log Out' is clicked on]]></system-out>
         <system-err><![CDATA[]]></system-err>
      </testcase>
      <system-out><![CDATA[2018-12-19 12:58:28 - [TEST_SUITE][FAILED] - Appco_test_suite: Test Cases/AppcoAdmin/add_RA_MultipleDistributor FAILED because (of) (Stack trace: com.kms.katalon.core.exception.StepFailedException: com.kms.katalon.core.webui.exception.WebElementNotFoundException: Web element with id: 'Object Repository/Retailer creation/inventory_object repo/h5_Success  Congratulations Yo' located by 'By.xpath: //h5[@id = 'exactmsg' and (text() = 'Success:  Congratulations!! You have successfully added retailer. Email has been sent to his email id!' or . = 'Success:  Congratulations!! You have successfully added retailer. Email has been sent to his email id!')]' not found
	at com.kms.katalon.core.keyword.internal.KeywordMain.stepFailed(KeywordMain.groovy:32)
	at com.kms.katalon.core.webui.keyword.internal.WebUIKeywordMain.stepFailed(WebUIKeywordMain.groovy:65)
	at com.kms.katalon.core.webui.keyword.builtin.VerifyElementTextKeyword$_verifyElementText_closure1.doCall(VerifyElementTextKeyword.groovy:64)
	at com.kms.katalon.core.webui.keyword.builtin.VerifyElementTextKeyword$_verifyElementText_closure1.call(VerifyElementTextKeyword.groovy)
	at com.kms.katalon.core.webui.keyword.internal.WebUIKeywordMain.runKeyword(WebUIKeywordMain.groovy:21)
	at com.kms.katalon.core.webui.keyword.builtin.VerifyElementTextKeyword.verifyElementText(VerifyElementTextKeyword.groovy:72)
	at com.kms.katalon.core.webui.keyword.builtin.VerifyElementTextKeyword.execute(VerifyElementTextKeyword.groovy:40)
	at com.kms.katalon.core.keyword.internal.KeywordExecutor.executeKeywordForPlatform(KeywordExecutor.groovy:53)
	at com.kms.katalon.core.webui.keyword.WebUiBuiltInKeywords.verifyElementText(WebUiBuiltInKeywords.groovy:3647)
	at com.kms.katalon.core.webui.keyword.WebUiBuiltInKeywords$verifyElementText$8.call(Unknown Source)
	at org.codehaus.groovy.runtime.callsite.CallSiteArray.defaultCall(CallSiteArray.java:48)
	at org.codehaus.groovy.runtime.callsite.AbstractCallSite.call(AbstractCallSite.java:113)
	at org.codehaus.groovy.runtime.callsite.AbstractCallSite.call(AbstractCallSite.java:141)
	at Script1544605049842.run(Script1544605049842.groovy:370)
	at com.kms.katalon.core.main.ScriptEngine.run(ScriptEngine.java:183)
	at com.kms.katalon.core.main.ScriptEngine.runScriptAsRawText(ScriptEngine.java:108)
	at com.kms.katalon.core.main.TestCaseExecutor.runScript(TestCaseExecutor.java:294)
	at com.kms.katalon.core.main.TestCaseExecutor.doExecute(TestCaseExecutor.java:285)
	at com.kms.katalon.core.main.TestCaseExecutor.processExecutionPhase(TestCaseExecutor.java:264)
	at com.kms.katalon.core.main.TestCaseExecutor.accessMainPhase(TestCaseExecutor.java:256)
	at com.kms.katalon.core.main.TestCaseExecutor.execute(TestCaseExecutor.java:200)
	at com.kms.katalon.core.main.TestSuiteExecutor.accessTestCaseMainPhase(TestSuiteExecutor.java:129)
	at com.kms.katalon.core.main.TestSuiteExecutor.accessTestSuiteMainPhase(TestSuiteExecutor.java:112)
	at com.kms.katalon.core.main.TestSuiteExecutor.execute(TestSuiteExecutor.java:81)
	at com.kms.katalon.core.main.TestCaseMain.startTestSuite(TestCaseMain.java:142)
	at com.kms.katalon.core.main.TestCaseMain$startTestSuite$0.call(Unknown Source)
	at org.codehaus.groovy.runtime.callsite.CallSiteArray.defaultCall(CallSiteArray.java:48)
	at org.codehaus.groovy.runtime.callsite.AbstractCallSite.call(AbstractCallSite.java:113)
	at org.codehaus.groovy.runtime.callsite.AbstractCallSite.call(AbstractCallSite.java:141)
	at TempTestSuite1545204507280.run(TempTestSuite1545204507280.groovy:36)
	at groovy.lang.GroovyShell.runScriptOrMainOrTestOrRunnable(GroovyShell.java:263)
	at groovy.lang.GroovyShell.run(GroovyShell.java:518)
	at groovy.lang.GroovyShell.run(GroovyShell.java:507)
	at groovy.ui.GroovyMain.processOnce(GroovyMain.java:653)
	at groovy.ui.GroovyMain.run(GroovyMain.java:384)
	at groovy.ui.GroovyMain.process(GroovyMain.java:370)
	at groovy.ui.GroovyMain.processArgs(GroovyMain.java:129)
	at groovy.ui.GroovyMain.main(GroovyMain.java:109)
	at sun.reflect.NativeMethodAccessorImpl.invoke0(Native Method)
	at sun.reflect.NativeMethodAccessorImpl.invoke(NativeMethodAccessorImpl.java:62)
	at sun.reflect.DelegatingMethodAccessorImpl.invoke(DelegatingMethodAccessorImpl.java:43)
	at java.lang.reflect.Method.invoke(Method.java:498)
	at org.codehaus.groovy.tools.GroovyStarter.rootLoader(GroovyStarter.java:109)
	at org.codehaus.groovy.tools.GroovyStarter.main(GroovyStarter.java:131)
)]]></system-out>
      <system-err><![CDATA[2018-12-19 12:58:28 - [TEST_SUITE][FAILED] - Appco_test_suite: Test Cases/AppcoAdmin/add_RA_MultipleDistributor FAILED because (of) (Stack trace: com.kms.katalon.core.exception.StepFailedException: com.kms.katalon.core.webui.exception.WebElementNotFoundException: Web element with id: 'Object Repository/Retailer creation/inventory_object repo/h5_Success  Congratulations Yo' located by 'By.xpath: //h5[@id = 'exactmsg' and (text() = 'Success:  Congratulations!! You have successfully added retailer. Email has been sent to his email id!' or . = 'Success:  Congratulations!! You have successfully added retailer. Email has been sent to his email id!')]' not found
	at com.kms.katalon.core.keyword.internal.KeywordMain.stepFailed(KeywordMain.groovy:32)
	at com.kms.katalon.core.webui.keyword.internal.WebUIKeywordMain.stepFailed(WebUIKeywordMain.groovy:65)
	at com.kms.katalon.core.webui.keyword.builtin.VerifyElementTextKeyword$_verifyElementText_closure1.doCall(VerifyElementTextKeyword.groovy:64)
	at com.kms.katalon.core.webui.keyword.builtin.VerifyElementTextKeyword$_verifyElementText_closure1.call(VerifyElementTextKeyword.groovy)
	at com.kms.katalon.core.webui.keyword.internal.WebUIKeywordMain.runKeyword(WebUIKeywordMain.groovy:21)
	at com.kms.katalon.core.webui.keyword.builtin.VerifyElementTextKeyword.verifyElementText(VerifyElementTextKeyword.groovy:72)
	at com.kms.katalon.core.webui.keyword.builtin.VerifyElementTextKeyword.execute(VerifyElementTextKeyword.groovy:40)
	at com.kms.katalon.core.keyword.internal.KeywordExecutor.executeKeywordForPlatform(KeywordExecutor.groovy:53)
	at com.kms.katalon.core.webui.keyword.WebUiBuiltInKeywords.verifyElementText(WebUiBuiltInKeywords.groovy:3647)
	at com.kms.katalon.core.webui.keyword.WebUiBuiltInKeywords$verifyElementText$8.call(Unknown Source)
	at org.codehaus.groovy.runtime.callsite.CallSiteArray.defaultCall(CallSiteArray.java:48)
	at org.codehaus.groovy.runtime.callsite.AbstractCallSite.call(AbstractCallSite.java:113)
	at org.codehaus.groovy.runtime.callsite.AbstractCallSite.call(AbstractCallSite.java:141)
	at Script1544605049842.run(Script1544605049842.groovy:370)
	at com.kms.katalon.core.main.ScriptEngine.run(ScriptEngine.java:183)
	at com.kms.katalon.core.main.ScriptEngine.runScriptAsRawText(ScriptEngine.java:108)
	at com.kms.katalon.core.main.TestCaseExecutor.runScript(TestCaseExecutor.java:294)
	at com.kms.katalon.core.main.TestCaseExecutor.doExecute(TestCaseExecutor.java:285)
	at com.kms.katalon.core.main.TestCaseExecutor.processExecutionPhase(TestCaseExecutor.java:264)
	at com.kms.katalon.core.main.TestCaseExecutor.accessMainPhase(TestCaseExecutor.java:256)
	at com.kms.katalon.core.main.TestCaseExecutor.execute(TestCaseExecutor.java:200)
	at com.kms.katalon.core.main.TestSuiteExecutor.accessTestCaseMainPhase(TestSuiteExecutor.java:129)
	at com.kms.katalon.core.main.TestSuiteExecutor.accessTestSuiteMainPhase(TestSuiteExecutor.java:112)
	at com.kms.katalon.core.main.TestSuiteExecutor.execute(TestSuiteExecutor.java:81)
	at com.kms.katalon.core.main.TestCaseMain.startTestSuite(TestCaseMain.java:142)
	at com.kms.katalon.core.main.TestCaseMain$startTestSuite$0.call(Unknown Source)
	at org.codehaus.groovy.runtime.callsite.CallSiteArray.defaultCall(CallSiteArray.java:48)
	at org.codehaus.groovy.runtime.callsite.AbstractCallSite.call(AbstractCallSite.java:113)
	at org.codehaus.groovy.runtime.callsite.AbstractCallSite.call(AbstractCallSite.java:141)
	at TempTestSuite1545204507280.run(TempTestSuite1545204507280.groovy:36)
	at groovy.lang.GroovyShell.runScriptOrMainOrTestOrRunnable(GroovyShell.java:263)
	at groovy.lang.GroovyShell.run(GroovyShell.java:518)
	at groovy.lang.GroovyShell.run(GroovyShell.java:507)
	at groovy.ui.GroovyMain.processOnce(GroovyMain.java:653)
	at groovy.ui.GroovyMain.run(GroovyMain.java:384)
	at groovy.ui.GroovyMain.process(GroovyMain.java:370)
	at groovy.ui.GroovyMain.processArgs(GroovyMain.java:129)
	at groovy.ui.GroovyMain.main(GroovyMain.java:109)
	at sun.reflect.NativeMethodAccessorImpl.invoke0(Native Method)
	at sun.reflect.NativeMethodAccessorImpl.invoke(NativeMethodAccessorImpl.java:62)
	at sun.reflect.DelegatingMethodAccessorImpl.invoke(DelegatingMethodAccessorImpl.java:43)
	at java.lang.reflect.Method.invoke(Method.java:498)
	at org.codehaus.groovy.tools.GroovyStarter.rootLoader(GroovyStarter.java:109)
	at org.codehaus.groovy.tools.GroovyStarter.main(GroovyStarter.java:131)
)]]></system-err>
   </testsuite>
</testsuites>
