<?xml version="1.0" encoding="UTF-8"?>
<testsuites name="Retailer_test_suite" time="548" tests="5" failures="1" errors="0">
   <testsuite name="Retailer_test_suite" tests="5" failures="1" errors="0" time="548" timestamp="2018-10-26 20:17:00" hostname="DELL - DESKTOP-TL3A0SA" id="Test Suites/Retailer_test_suite">
      <properties>
         <property name="deviceName" value=""/>
         <property name="devicePlatform" value=""/>
         <property name="logFolder" value="G:\\automation_katalon\\qa-automation-katolon_new26_10\\Reports\\Retailer_test_suite\\20181026_201651"/>
         <property name="logFiles" value="G:\\automation_katalon\\qa-automation-katolon_new26_10\\Reports\\Retailer_test_suite\\20181026_201651\\execution0.log"/>
         <property name="attachments" value="G:\\automation_katalon\\qa-automation-katolon_new26_10\\Reports\\Retailer_test_suite\\20181026_201651\\1540565410009.png"/>
         <property name="hostName" value="DELL - DESKTOP-TL3A0SA"/>
         <property name="os" value="Windows 10 64bit"/>
         <property name="katalonVersion" value="5.8.3.2"/>
         <property name="browser" value="Chrome 69.0.3497.100"/>
         <property name="hostAddress" value="192.168.1.102"/>
         <property name="sessionId" value="102db40c091db0c99310c6da1de07c7a"/>
         <property name="seleniumVersion" value="3.7.1"/>
         <property name="proxyInformation" value="ProxyInformation{proxyOption=NO_PROXY, proxyServerType=HTTP, password=, proxyServerAddress=, proxyServerPort=0}"/>
         <property name="platform" value="Windows 10"/>
      </properties>
      <testcase name="Test Cases/RetailerAdmin_Login_All_Functionality/Retailer_Employee_management/retailer_employeeView" classname="Test Cases/RetailerAdmin_Login_All_Functionality/Retailer_Employee_management/retailer_employeeView" status="PASSED">
         <system-out><![CDATA[2018-10-26 20:17:01 - [TEST_CASE][PASSED] - Test Cases/RetailerAdmin_Login_All_Functionality/Retailer_Employee_management/retailer_employeeView: Test Cases/RetailerAdmin_Login_All_Functionality/Retailer_Employee_management/retailer_employeeView

2018-10-26 20:17:01 - [TEST_STEP][PASSED] - callTestCase: Call Test Case 'Test Cases/Call Test Case/Login_retailer_testcase' successfully

2018-10-26 20:17:01 - [TEST_CASE][PASSED] - Test Cases/Call Test Case/Login_retailer_testcase: Test Cases/Call Test Case/Login_retailer_testcase

2018-10-26 20:17:02 - [TEST_STEP][PASSED] - openBrowser: Browser is opened with url: 'http://localhost:4200/'

2018-10-26 20:17:24 - [MESSAGE][PASSED] - Browser is opened with url: 'http://localhost:4200/'

2018-10-26 20:17:24 - [TEST_STEP][PASSED] - maximizeWindow: Current window maximized

2018-10-26 20:17:28 - [MESSAGE][PASSED] - Current window maximized

2018-10-26 20:17:28 - [TEST_STEP][PASSED] - setText: Text 'RACreation@10_9' is set on object 'Object Repository/Login_OR/Page_AppCohesion/input_User Name_ac_username'

2018-10-26 20:17:31 - [MESSAGE][PASSED] - Text 'RACreation@10_9' is set on object 'Object Repository/Login_OR/Page_AppCohesion/input_User Name_ac_username'

2018-10-26 20:17:31 - [TEST_STEP][PASSED] - setText: Text 'RACreation@10_9' is set on object 'Object Repository/Login_OR/Page_AppCohesion/input_Password_ac_password'

2018-10-26 20:17:32 - [MESSAGE][PASSED] - Text 'RACreation@10_9' is set on object 'Object Repository/Login_OR/Page_AppCohesion/input_Password_ac_password'

2018-10-26 20:17:32 - [TEST_STEP][PASSED] - click: Object: 'Object Repository/Login_OR/Page_AppCohesion/button_Login Now' is clicked on

2018-10-26 20:17:34 - [MESSAGE][PASSED] - Object: 'Object Repository/Login_OR/Page_AppCohesion/button_Login Now' is clicked on

2018-10-26 20:17:34 - [TEST_STEP][PASSED] - waitForPageLoad: Wait for page load successfully

2018-10-26 20:17:34 - [MESSAGE][PASSED] - Wait for page load successfully

2018-10-26 20:17:34 - [MESSAGE][PASSED] - Call Test Case 'Test Cases/Call Test Case/Login_retailer_testcase' successfully

2018-10-26 20:17:34 - [TEST_STEP][NOT_RUN] - click: NOT_RUN: click

2018-10-26 20:17:34 - [MESSAGE][NOT_RUN] - NOT_RUN: click

2018-10-26 20:17:34 - [TEST_STEP][PASSED] - click: Object: 'Object Repository/appco_employee_view_new/retailer_employeeview/Page_AppCohesion/a_Employees              Emplo' is clicked on

2018-10-26 20:17:41 - [MESSAGE][PASSED] - Object: 'Object Repository/appco_employee_view_new/retailer_employeeview/Page_AppCohesion/a_Employees              Emplo' is clicked on

2018-10-26 20:17:41 - [TEST_STEP][PASSED] - verifyElementVisible: Object 'Object Repository/retailer admin All Repo/employee_obj_repo/pop up emp object/Page_AppCohesion/collapsible-header_Retailer Ad' is visible

2018-10-26 20:17:42 - [MESSAGE][PASSED] - Object 'Object Repository/retailer admin All Repo/employee_obj_repo/pop up emp object/Page_AppCohesion/collapsible-header_Retailer Ad' is visible

2018-10-26 20:17:42 - [TEST_STEP][PASSED] - click: Object: 'Object Repository/retailer admin All Repo/employee_obj_repo/pop up emp object/Page_AppCohesion/collapsible-header_Retailer Ad' is clicked on

2018-10-26 20:17:42 - [MESSAGE][PASSED] - Object: 'Object Repository/retailer admin All Repo/employee_obj_repo/pop up emp object/Page_AppCohesion/collapsible-header_Retailer Ad' is clicked on

2018-10-26 20:17:42 - [TEST_STEP][PASSED] - click: Object: 'Object Repository/retailer admin All Repo/employee_obj_repo/employee_listed_first' is clicked on

2018-10-26 20:17:44 - [MESSAGE][PASSED] - Object: 'Object Repository/retailer admin All Repo/employee_obj_repo/employee_listed_first' is clicked on

2018-10-26 20:17:44 - [TEST_STEP][PASSED] - waitForElementVisible: Object 'Object Repository/appco_employee_view_new/retailer_employeeview/Page_AppCohesion/span_RetailerAdmin' is visible

2018-10-26 20:17:44 - [MESSAGE][PASSED] - Object 'Object Repository/appco_employee_view_new/retailer_employeeview/Page_AppCohesion/span_RetailerAdmin' is visible

2018-10-26 20:17:44 - [TEST_STEP][PASSED] - verifyElementText: Actual text and expected text of test object 'Object Repository/appco_employee_view_new/retailer_employeeview/Page_AppCohesion/span_RetailerAdmin' are matched.

2018-10-26 20:17:44 - [MESSAGE][PASSED] - Actual text and expected text of test object 'Object Repository/appco_employee_view_new/retailer_employeeview/Page_AppCohesion/span_RetailerAdmin' are matched.

2018-10-26 20:17:44 - [TEST_STEP][PASSED] - click: Object: 'Object Repository/appco_employee_view_new/retailer_employeeview/Page_AppCohesion/span_Loading POS Retailer admi' is clicked on

2018-10-26 20:17:45 - [MESSAGE][PASSED] - Object: 'Object Repository/appco_employee_view_new/retailer_employeeview/Page_AppCohesion/span_Loading POS Retailer admi' is clicked on

2018-10-26 20:17:45 - [TEST_STEP][PASSED] - click: Object: 'Object Repository/retailer admin All Repo/employee_obj_repo/pop up emp object/Page_AppCohesion/collapsible-header_Retailer Ad' is clicked on

2018-10-26 20:17:45 - [MESSAGE][PASSED] - Object: 'Object Repository/retailer admin All Repo/employee_obj_repo/pop up emp object/Page_AppCohesion/collapsible-header_Retailer Ad' is clicked on

2018-10-26 20:17:45 - [TEST_STEP][PASSED] - delay: Delayed 5 second(s)

2018-10-26 20:17:50 - [MESSAGE][PASSED] - Delayed 5 second(s)

2018-10-26 20:17:50 - [TEST_STEP][PASSED] - click: Object: 'Object Repository/retailer admin All Repo/employee_obj_repo/pop up emp object/Page_AppCohesion/collapsible-header_Store Admin' is clicked on

2018-10-26 20:17:50 - [MESSAGE][PASSED] - Object: 'Object Repository/retailer admin All Repo/employee_obj_repo/pop up emp object/Page_AppCohesion/collapsible-header_Store Admin' is clicked on

2018-10-26 20:17:50 - [TEST_STEP][PASSED] - click: Object: 'Object Repository/employee_obj_repo/store admin list first' is clicked on

2018-10-26 20:17:52 - [MESSAGE][PASSED] - Object: 'Object Repository/employee_obj_repo/store admin list first' is clicked on

2018-10-26 20:17:52 - [TEST_STEP][PASSED] - waitForElementVisible: Object 'Object Repository/appco_employee_view_new/retailer_employeeview/Page_AppCohesion/span_StoreAdmin' is visible

2018-10-26 20:17:52 - [MESSAGE][PASSED] - Object 'Object Repository/appco_employee_view_new/retailer_employeeview/Page_AppCohesion/span_StoreAdmin' is visible

2018-10-26 20:17:52 - [TEST_STEP][PASSED] - verifyElementText: Actual text and expected text of test object 'Object Repository/appco_employee_view_new/retailer_employeeview/Page_AppCohesion/span_StoreAdmin' are matched.

2018-10-26 20:17:52 - [MESSAGE][PASSED] - Actual text and expected text of test object 'Object Repository/appco_employee_view_new/retailer_employeeview/Page_AppCohesion/span_StoreAdmin' are matched.

2018-10-26 20:17:52 - [TEST_STEP][PASSED] - click: Object: 'Object Repository/appco_employee_view_new/retailer_employeeview/Page_AppCohesion/span_Loading POS Retailer admi' is clicked on

2018-10-26 20:17:52 - [MESSAGE][PASSED] - Object: 'Object Repository/appco_employee_view_new/retailer_employeeview/Page_AppCohesion/span_Loading POS Retailer admi' is clicked on

2018-10-26 20:17:52 - [TEST_STEP][PASSED] - click: Object: 'Object Repository/retailer admin All Repo/employee_obj_repo/pop up emp object/Page_AppCohesion/collapsible-header_Store Admin' is clicked on

2018-10-26 20:17:52 - [MESSAGE][PASSED] - Object: 'Object Repository/retailer admin All Repo/employee_obj_repo/pop up emp object/Page_AppCohesion/collapsible-header_Store Admin' is clicked on

2018-10-26 20:17:52 - [TEST_STEP][PASSED] - delay: Delayed 5 second(s)

2018-10-26 20:17:57 - [MESSAGE][PASSED] - Delayed 5 second(s)

2018-10-26 20:17:57 - [TEST_STEP][PASSED] - click: Object: 'Object Repository/retailer admin All Repo/employee_obj_repo/retailer_employeeview/Page_AppCohesion/collapsible-header_Store Users' is clicked on

2018-10-26 20:17:57 - [MESSAGE][PASSED] - Object: 'Object Repository/retailer admin All Repo/employee_obj_repo/retailer_employeeview/Page_AppCohesion/collapsible-header_Store Users' is clicked on

2018-10-26 20:17:57 - [TEST_STEP][PASSED] - click: Object: 'Object Repository/employee_obj_repo/storeuser_listed_first' is clicked on

2018-10-26 20:18:00 - [MESSAGE][PASSED] - Object: 'Object Repository/employee_obj_repo/storeuser_listed_first' is clicked on

2018-10-26 20:18:00 - [TEST_STEP][PASSED] - waitForElementVisible: Object 'Object Repository/appco_employee_view_new/retailer_employeeview/Page_AppCohesion/span_POSUser' is visible

2018-10-26 20:18:00 - [MESSAGE][PASSED] - Object 'Object Repository/appco_employee_view_new/retailer_employeeview/Page_AppCohesion/span_POSUser' is visible

2018-10-26 20:18:00 - [TEST_STEP][PASSED] - verifyElementText: Actual text and expected text of test object 'Object Repository/appco_employee_view_new/retailer_employeeview/Page_AppCohesion/span_POSUser' are matched.

2018-10-26 20:18:00 - [MESSAGE][PASSED] - Actual text and expected text of test object 'Object Repository/appco_employee_view_new/retailer_employeeview/Page_AppCohesion/span_POSUser' are matched.

2018-10-26 20:18:00 - [TEST_STEP][PASSED] - click: Object: 'Object Repository/appco_employee_view_new/retailer_employeeview/Page_AppCohesion/span_Loading POS Retailer admi' is clicked on

2018-10-26 20:18:00 - [MESSAGE][PASSED] - Object: 'Object Repository/appco_employee_view_new/retailer_employeeview/Page_AppCohesion/span_Loading POS Retailer admi' is clicked on

2018-10-26 20:18:00 - [TEST_STEP][PASSED] - click: Object: 'Object Repository/retailer admin All Repo/employee_obj_repo/pop up emp object/Page_AppCohesion/collapsible-header_Store Users' is clicked on

2018-10-26 20:18:00 - [MESSAGE][PASSED] - Object: 'Object Repository/retailer admin All Repo/employee_obj_repo/pop up emp object/Page_AppCohesion/collapsible-header_Store Users' is clicked on

2018-10-26 20:18:00 - [TEST_STEP][PASSED] - click: Object: 'Object Repository/appco_employee_view_new/retailer_employeeview/Page_AppCohesion/a_Dashboard              Dashb' is clicked on

2018-10-26 20:18:00 - [MESSAGE][PASSED] - Object: 'Object Repository/appco_employee_view_new/retailer_employeeview/Page_AppCohesion/a_Dashboard              Dashb' is clicked on]]></system-out>
         <system-err><![CDATA[]]></system-err>
      </testcase>
      <testcase name="Test Cases/RetailerAdmin_Login_All_Functionality/order_placement_order_details/retaileradmin_order_placement" classname="Test Cases/RetailerAdmin_Login_All_Functionality/order_placement_order_details/retaileradmin_order_placement" status="FAILED">
         <failure type="FAILED" message="(Stack trace: com.kms.katalon.core.exception.StepFailedException: Unable to check object 'Object Repository/retailer admin All Repo/retailer_order_placement/key_press_orderList/Page_AppCohesion/i__glyphicon glyphicon-search_2' (Root cause: org.openqa.selenium.WebDriverException: unknown error: Element &lt;i _ngcontent-c13=&quot;&quot; class=&quot;glyphicon glyphicon-search&quot; id=&quot;clear_data&quot; title=&quot;Clear search&quot;>&lt;/i> is not clickable at point (1301, 181). Other element would receive the click: &lt;i _ngcontent-c13=&quot;&quot; class=&quot;glyphicon glyphicon-search glyphicon-remove&quot;>&lt;/i>
  (Session info: chrome=69.0.3497.100)
  (Driver info: chromedriver=2.35.528161 (5b82f2d2aae0ca24b877009200ced9065a772e73),platform=Windows NT 10.0.17134 x86_64) (WARNING: The server did not provide any stacktrace information)
Command duration or timeout: 0 milliseconds
Build info: version: '3.7.1', revision: '8a0099a', time: '2017-11-06T21:07:36.161Z'
System info: host: 'DESKTOP-TL3A0SA', ip: '192.168.1.102', os.name: 'Windows 10', os.arch: 'amd64', os.version: '10.0', java.version: '1.8.0_181'
Driver info: com.kms.katalon.selenium.driver.CChromeDriver
Capabilities {acceptInsecureCerts: false, acceptSslCerts: false, applicationCacheEnabled: false, browserConnectionEnabled: false, browserName: chrome, chrome: {chromedriverVersion: 2.35.528161 (5b82f2d2aae0ca..., userDataDir: C:\Users\DELL\AppData\Local...}, cssSelectorsEnabled: true, databaseEnabled: false, handlesAlerts: true, hasTouchScreen: false, javascriptEnabled: true, locationContextEnabled: true, mobileEmulationEnabled: false, nativeEvents: true, networkConnectionEnabled: false, pageLoadStrategy: normal, platform: XP, platformName: XP, rotatable: false, setWindowRect: true, takesHeapSnapshot: true, takesScreenshot: true, unexpectedAlertBehaviour: , unhandledPromptBehavior: , version: 69.0.3497.100, webStorageEnabled: true}
Session ID: 842009dd4a72b1d92d9f0120c3930139)
	at com.kms.katalon.core.keyword.internal.KeywordMain.stepFailed(KeywordMain.groovy:36)
	at com.kms.katalon.core.webui.keyword.internal.WebUIKeywordMain.stepFailed(WebUIKeywordMain.groovy:65)
	at com.kms.katalon.core.webui.keyword.internal.WebUIKeywordMain.runKeyword(WebUIKeywordMain.groovy:27)
	at com.kms.katalon.core.webui.keyword.builtin.CheckKeyword.check(CheckKeyword.groovy:88)
	at com.kms.katalon.core.webui.keyword.builtin.CheckKeyword.execute(CheckKeyword.groovy:67)
	at com.kms.katalon.core.keyword.internal.KeywordExecutor.executeKeywordForPlatform(KeywordExecutor.groovy:53)
	at com.kms.katalon.core.webui.keyword.WebUiBuiltInKeywords.check(WebUiBuiltInKeywords.groovy:1027)
	at com.kms.katalon.core.webui.keyword.WebUiBuiltInKeywords$check$18.call(Unknown Source)
	at org.codehaus.groovy.runtime.callsite.CallSiteArray.defaultCall(CallSiteArray.java:48)
	at org.codehaus.groovy.runtime.callsite.AbstractCallSite.call(AbstractCallSite.java:113)
	at org.codehaus.groovy.runtime.callsite.AbstractCallSite.call(AbstractCallSite.java:133)
	at Script1539598411543.run(Script1539598411543.groovy:243)
	at com.kms.katalon.core.main.ScriptEngine.run(ScriptEngine.java:183)
	at com.kms.katalon.core.main.ScriptEngine.runScriptAsRawText(ScriptEngine.java:108)
	at com.kms.katalon.core.main.TestCaseExecutor.runScript(TestCaseExecutor.java:294)
	at com.kms.katalon.core.main.TestCaseExecutor.doExecute(TestCaseExecutor.java:285)
	at com.kms.katalon.core.main.TestCaseExecutor.processExecutionPhase(TestCaseExecutor.java:264)
	at com.kms.katalon.core.main.TestCaseExecutor.accessMainPhase(TestCaseExecutor.java:256)
	at com.kms.katalon.core.main.TestCaseExecutor.execute(TestCaseExecutor.java:200)
	at com.kms.katalon.core.main.TestSuiteExecutor.accessTestCaseMainPhase(TestSuiteExecutor.java:129)
	at com.kms.katalon.core.main.TestSuiteExecutor.accessTestSuiteMainPhase(TestSuiteExecutor.java:112)
	at com.kms.katalon.core.main.TestSuiteExecutor.execute(TestSuiteExecutor.java:81)
	at com.kms.katalon.core.main.TestCaseMain.startTestSuite(TestCaseMain.java:142)
	at com.kms.katalon.core.main.TestCaseMain$startTestSuite$0.call(Unknown Source)
	at org.codehaus.groovy.runtime.callsite.CallSiteArray.defaultCall(CallSiteArray.java:48)
	at org.codehaus.groovy.runtime.callsite.AbstractCallSite.call(AbstractCallSite.java:113)
	at org.codehaus.groovy.runtime.callsite.AbstractCallSite.call(AbstractCallSite.java:141)
	at TempTestSuite1540565211426.run(TempTestSuite1540565211426.groovy:36)
	at groovy.lang.GroovyShell.runScriptOrMainOrTestOrRunnable(GroovyShell.java:263)
	at groovy.lang.GroovyShell.run(GroovyShell.java:518)
	at groovy.lang.GroovyShell.run(GroovyShell.java:507)
	at groovy.ui.GroovyMain.processOnce(GroovyMain.java:653)
	at groovy.ui.GroovyMain.run(GroovyMain.java:384)
	at groovy.ui.GroovyMain.process(GroovyMain.java:370)
	at groovy.ui.GroovyMain.processArgs(GroovyMain.java:129)
	at groovy.ui.GroovyMain.main(GroovyMain.java:109)
	at sun.reflect.NativeMethodAccessorImpl.invoke0(Native Method)
	at sun.reflect.NativeMethodAccessorImpl.invoke(NativeMethodAccessorImpl.java:62)
	at sun.reflect.DelegatingMethodAccessorImpl.invoke(DelegatingMethodAccessorImpl.java:43)
	at java.lang.reflect.Method.invoke(Method.java:498)
	at org.codehaus.groovy.tools.GroovyStarter.rootLoader(GroovyStarter.java:109)
	at org.codehaus.groovy.tools.GroovyStarter.main(GroovyStarter.java:131)
)"/>
         <system-out><![CDATA[2018-10-26 20:18:00 - [TEST_CASE][FAILED] - Test Cases/RetailerAdmin_Login_All_Functionality/order_placement_order_details/retaileradmin_order_placement: Test Cases/RetailerAdmin_Login_All_Functionality/order_placement_order_details/retaileradmin_order_placement FAILED because (of) (Stack trace: com.kms.katalon.core.exception.StepFailedException: Unable to check object 'Object Repository/retailer admin All Repo/retailer_order_placement/key_press_orderList/Page_AppCohesion/i__glyphicon glyphicon-search_2' (Root cause: org.openqa.selenium.WebDriverException: unknown error: Element <i _ngcontent-c13="" class="glyphicon glyphicon-search" id="clear_data" title="Clear search"></i> is not clickable at point (1301, 181). Other element would receive the click: <i _ngcontent-c13="" class="glyphicon glyphicon-search glyphicon-remove"></i>
  (Session info: chrome=69.0.3497.100)
  (Driver info: chromedriver=2.35.528161 (5b82f2d2aae0ca24b877009200ced9065a772e73),platform=Windows NT 10.0.17134 x86_64) (WARNING: The server did not provide any stacktrace information)
Command duration or timeout: 0 milliseconds
Build info: version: '3.7.1', revision: '8a0099a', time: '2017-11-06T21:07:36.161Z'
System info: host: 'DESKTOP-TL3A0SA', ip: '192.168.1.102', os.name: 'Windows 10', os.arch: 'amd64', os.version: '10.0', java.version: '1.8.0_181'
Driver info: com.kms.katalon.selenium.driver.CChromeDriver
Capabilities {acceptInsecureCerts: false, acceptSslCerts: false, applicationCacheEnabled: false, browserConnectionEnabled: false, browserName: chrome, chrome: {chromedriverVersion: 2.35.528161 (5b82f2d2aae0ca..., userDataDir: C:\Users\DELL\AppData\Local...}, cssSelectorsEnabled: true, databaseEnabled: false, handlesAlerts: true, hasTouchScreen: false, javascriptEnabled: true, locationContextEnabled: true, mobileEmulationEnabled: false, nativeEvents: true, networkConnectionEnabled: false, pageLoadStrategy: normal, platform: XP, platformName: XP, rotatable: false, setWindowRect: true, takesHeapSnapshot: true, takesScreenshot: true, unexpectedAlertBehaviour: , unhandledPromptBehavior: , version: 69.0.3497.100, webStorageEnabled: true}
Session ID: 842009dd4a72b1d92d9f0120c3930139)
	at com.kms.katalon.core.keyword.internal.KeywordMain.stepFailed(KeywordMain.groovy:36)
	at com.kms.katalon.core.webui.keyword.internal.WebUIKeywordMain.stepFailed(WebUIKeywordMain.groovy:65)
	at com.kms.katalon.core.webui.keyword.internal.WebUIKeywordMain.runKeyword(WebUIKeywordMain.groovy:27)
	at com.kms.katalon.core.webui.keyword.builtin.CheckKeyword.check(CheckKeyword.groovy:88)
	at com.kms.katalon.core.webui.keyword.builtin.CheckKeyword.execute(CheckKeyword.groovy:67)
	at com.kms.katalon.core.keyword.internal.KeywordExecutor.executeKeywordForPlatform(KeywordExecutor.groovy:53)
	at com.kms.katalon.core.webui.keyword.WebUiBuiltInKeywords.check(WebUiBuiltInKeywords.groovy:1027)
	at com.kms.katalon.core.webui.keyword.WebUiBuiltInKeywords$check$18.call(Unknown Source)
	at org.codehaus.groovy.runtime.callsite.CallSiteArray.defaultCall(CallSiteArray.java:48)
	at org.codehaus.groovy.runtime.callsite.AbstractCallSite.call(AbstractCallSite.java:113)
	at org.codehaus.groovy.runtime.callsite.AbstractCallSite.call(AbstractCallSite.java:133)
	at Script1539598411543.run(Script1539598411543.groovy:243)
	at com.kms.katalon.core.main.ScriptEngine.run(ScriptEngine.java:183)
	at com.kms.katalon.core.main.ScriptEngine.runScriptAsRawText(ScriptEngine.java:108)
	at com.kms.katalon.core.main.TestCaseExecutor.runScript(TestCaseExecutor.java:294)
	at com.kms.katalon.core.main.TestCaseExecutor.doExecute(TestCaseExecutor.java:285)
	at com.kms.katalon.core.main.TestCaseExecutor.processExecutionPhase(TestCaseExecutor.java:264)
	at com.kms.katalon.core.main.TestCaseExecutor.accessMainPhase(TestCaseExecutor.java:256)
	at com.kms.katalon.core.main.TestCaseExecutor.execute(TestCaseExecutor.java:200)
	at com.kms.katalon.core.main.TestSuiteExecutor.accessTestCaseMainPhase(TestSuiteExecutor.java:129)
	at com.kms.katalon.core.main.TestSuiteExecutor.accessTestSuiteMainPhase(TestSuiteExecutor.java:112)
	at com.kms.katalon.core.main.TestSuiteExecutor.execute(TestSuiteExecutor.java:81)
	at com.kms.katalon.core.main.TestCaseMain.startTestSuite(TestCaseMain.java:142)
	at com.kms.katalon.core.main.TestCaseMain$startTestSuite$0.call(Unknown Source)
	at org.codehaus.groovy.runtime.callsite.CallSiteArray.defaultCall(CallSiteArray.java:48)
	at org.codehaus.groovy.runtime.callsite.AbstractCallSite.call(AbstractCallSite.java:113)
	at org.codehaus.groovy.runtime.callsite.AbstractCallSite.call(AbstractCallSite.java:141)
	at TempTestSuite1540565211426.run(TempTestSuite1540565211426.groovy:36)
	at groovy.lang.GroovyShell.runScriptOrMainOrTestOrRunnable(GroovyShell.java:263)
	at groovy.lang.GroovyShell.run(GroovyShell.java:518)
	at groovy.lang.GroovyShell.run(GroovyShell.java:507)
	at groovy.ui.GroovyMain.processOnce(GroovyMain.java:653)
	at groovy.ui.GroovyMain.run(GroovyMain.java:384)
	at groovy.ui.GroovyMain.process(GroovyMain.java:370)
	at groovy.ui.GroovyMain.processArgs(GroovyMain.java:129)
	at groovy.ui.GroovyMain.main(GroovyMain.java:109)
	at sun.reflect.NativeMethodAccessorImpl.invoke0(Native Method)
	at sun.reflect.NativeMethodAccessorImpl.invoke(NativeMethodAccessorImpl.java:62)
	at sun.reflect.DelegatingMethodAccessorImpl.invoke(DelegatingMethodAccessorImpl.java:43)
	at java.lang.reflect.Method.invoke(Method.java:498)
	at org.codehaus.groovy.tools.GroovyStarter.rootLoader(GroovyStarter.java:109)
	at org.codehaus.groovy.tools.GroovyStarter.main(GroovyStarter.java:131)
)

2018-10-26 20:18:01 - [TEST_STEP][PASSED] - callTestCase: Call Test Case 'Test Cases/Call Test Case/Login_retailer_testcase' successfully

2018-10-26 20:18:01 - [TEST_CASE][PASSED] - Test Cases/Call Test Case/Login_retailer_testcase: Test Cases/Call Test Case/Login_retailer_testcase

2018-10-26 20:18:01 - [TEST_STEP][PASSED] - openBrowser: Browser is opened with url: 'http://localhost:4200/'

2018-10-26 20:18:01 - [MESSAGE][WARNING] - A browser is already opened. Closing browser and opening a new one

2018-10-26 20:18:19 - [MESSAGE][PASSED] - Browser is opened with url: 'http://localhost:4200/'

2018-10-26 20:18:19 - [TEST_STEP][PASSED] - maximizeWindow: Current window maximized

2018-10-26 20:18:20 - [MESSAGE][PASSED] - Current window maximized

2018-10-26 20:18:20 - [TEST_STEP][PASSED] - setText: Text 'RACreation@10_9' is set on object 'Object Repository/Login_OR/Page_AppCohesion/input_User Name_ac_username'

2018-10-26 20:18:24 - [MESSAGE][PASSED] - Text 'RACreation@10_9' is set on object 'Object Repository/Login_OR/Page_AppCohesion/input_User Name_ac_username'

2018-10-26 20:18:24 - [TEST_STEP][PASSED] - setText: Text 'RACreation@10_9' is set on object 'Object Repository/Login_OR/Page_AppCohesion/input_Password_ac_password'

2018-10-26 20:18:25 - [MESSAGE][PASSED] - Text 'RACreation@10_9' is set on object 'Object Repository/Login_OR/Page_AppCohesion/input_Password_ac_password'

2018-10-26 20:18:25 - [TEST_STEP][PASSED] - click: Object: 'Object Repository/Login_OR/Page_AppCohesion/button_Login Now' is clicked on

2018-10-26 20:18:28 - [MESSAGE][PASSED] - Object: 'Object Repository/Login_OR/Page_AppCohesion/button_Login Now' is clicked on

2018-10-26 20:18:28 - [TEST_STEP][PASSED] - waitForPageLoad: Wait for page load successfully

2018-10-26 20:18:28 - [MESSAGE][PASSED] - Wait for page load successfully

2018-10-26 20:18:28 - [MESSAGE][PASSED] - Call Test Case 'Test Cases/Call Test Case/Login_retailer_testcase' successfully

2018-10-26 20:18:28 - [TEST_STEP][NOT_RUN] - waitForElementVisible: NOT_RUN: waitForElementVisible

2018-10-26 20:18:28 - [MESSAGE][NOT_RUN] - NOT_RUN: waitForElementVisible

2018-10-26 20:18:28 - [TEST_STEP][PASSED] - verifyElementVisible: Object 'Object Repository/retailer admin All Repo/inventory retailer markup repo/common search product' is visible

2018-10-26 20:18:34 - [MESSAGE][PASSED] - Object 'Object Repository/retailer admin All Repo/inventory retailer markup repo/common search product' is visible

2018-10-26 20:18:34 - [TEST_STEP][PASSED] - setText: Text 'HCKLR-IHMFX7Z1' is set on object 'Object Repository/retailer admin All Repo/inventory retailer markup repo/common search product'

2018-10-26 20:18:34 - [MESSAGE][PASSED] - Text 'HCKLR-IHMFX7Z1' is set on object 'Object Repository/retailer admin All Repo/inventory retailer markup repo/common search product'

2018-10-26 20:18:34 - [TEST_STEP][PASSED] - verifyElementVisible: Object 'Object Repository/retailer admin All Repo/Search Products Details/Page_AppCohesion/button_Settings_searchbutton' is visible

2018-10-26 20:18:35 - [MESSAGE][PASSED] - Object 'Object Repository/retailer admin All Repo/Search Products Details/Page_AppCohesion/button_Settings_searchbutton' is visible

2018-10-26 20:18:35 - [TEST_STEP][PASSED] - click: Object: 'Object Repository/retailer admin All Repo/Search Products Details/Page_AppCohesion/button_Settings_searchbutton' is clicked on

2018-10-26 20:18:35 - [MESSAGE][PASSED] - Object: 'Object Repository/retailer admin All Repo/Search Products Details/Page_AppCohesion/button_Settings_searchbutton' is clicked on

2018-10-26 20:18:35 - [TEST_STEP][NOT_RUN] - click: NOT_RUN: click

2018-10-26 20:18:35 - [MESSAGE][NOT_RUN] - NOT_RUN: click

2018-10-26 20:18:35 - [TEST_STEP][NOT_RUN] - setText: NOT_RUN: setText

2018-10-26 20:18:35 - [MESSAGE][NOT_RUN] - NOT_RUN: setText

2018-10-26 20:18:35 - [TEST_STEP][NOT_RUN] - setText: NOT_RUN: setText

2018-10-26 20:18:35 - [MESSAGE][NOT_RUN] - NOT_RUN: setText

2018-10-26 20:18:35 - [TEST_STEP][NOT_RUN] - verifyElementVisible: NOT_RUN: verifyElementVisible

2018-10-26 20:18:35 - [MESSAGE][NOT_RUN] - NOT_RUN: verifyElementVisible

2018-10-26 20:18:35 - [TEST_STEP][NOT_RUN] - click: NOT_RUN: click

2018-10-26 20:18:35 - [MESSAGE][NOT_RUN] - NOT_RUN: click

2018-10-26 20:18:35 - [TEST_STEP][PASSED] - verifyElementVisible: Object 'Object Repository/retailer admin All Repo/retailer_order_placement/Page_AppCohesion/tr_Green Supply' is visible

2018-10-26 20:18:38 - [MESSAGE][PASSED] - Object 'Object Repository/retailer admin All Repo/retailer_order_placement/Page_AppCohesion/tr_Green Supply' is visible

2018-10-26 20:18:38 - [TEST_STEP][PASSED] - verifyElementText: Actual text and expected text of test object 'Object Repository/retailer admin All Repo/retailer_order_placement/Page_AppCohesion/tr_Green Supply' are matched.

2018-10-26 20:18:38 - [MESSAGE][PASSED] - Actual text and expected text of test object 'Object Repository/retailer admin All Repo/retailer_order_placement/Page_AppCohesion/tr_Green Supply' are matched.

2018-10-26 20:18:38 - [TEST_STEP][PASSED] - verifyElementVisible: Object 'Object Repository/retailer admin All Repo/retailer_order_placement/Page_AppCohesion/div_Heckler  Koch VP VP9' is visible

2018-10-26 20:18:39 - [MESSAGE][PASSED] - Object 'Object Repository/retailer admin All Repo/retailer_order_placement/Page_AppCohesion/div_Heckler  Koch VP VP9' is visible

2018-10-26 20:18:39 - [TEST_STEP][PASSED] - click: Object: 'Object Repository/retailer admin All Repo/retailer_order_placement/Page_AppCohesion/div_Heckler  Koch VP VP9' is clicked on

2018-10-26 20:18:39 - [MESSAGE][PASSED] - Object: 'Object Repository/retailer admin All Repo/retailer_order_placement/Page_AppCohesion/div_Heckler  Koch VP VP9' is clicked on

2018-10-26 20:18:39 - [TEST_STEP][PASSED] - verifyElementVisible: Object 'Object Repository/retailer admin All Repo/retailer_order_placement/Page_AppCohesion/strong_534.20' is visible

2018-10-26 20:18:45 - [MESSAGE][PASSED] - Object 'Object Repository/retailer admin All Repo/retailer_order_placement/Page_AppCohesion/strong_534.20' is visible

2018-10-26 20:18:45 - [TEST_STEP][PASSED] - verifyElementText: Actual text and expected text of test object 'Object Repository/retailer admin All Repo/retailer_order_placement/Page_AppCohesion/strong_534.20' are matched.

2018-10-26 20:18:45 - [MESSAGE][PASSED] - Actual text and expected text of test object 'Object Repository/retailer admin All Repo/retailer_order_placement/Page_AppCohesion/strong_534.20' are matched.

2018-10-26 20:18:45 - [TEST_STEP][PASSED] - verifyElementVisible: Object 'Object Repository/retailer admin All Repo/retailer_order_placement/Page_AppCohesion/span_176' is visible

2018-10-26 20:18:45 - [MESSAGE][PASSED] - Object 'Object Repository/retailer admin All Repo/retailer_order_placement/Page_AppCohesion/span_176' is visible

2018-10-26 20:18:45 - [TEST_STEP][PASSED] - verifyElementText: Actual text and expected text of test object 'Object Repository/retailer admin All Repo/retailer_order_placement/Page_AppCohesion/span_176' are matched.

2018-10-26 20:18:45 - [MESSAGE][PASSED] - Actual text and expected text of test object 'Object Repository/retailer admin All Repo/retailer_order_placement/Page_AppCohesion/span_176' are matched.

2018-10-26 20:18:45 - [TEST_STEP][PASSED] - verifyElementVisible: Object 'Object Repository/retailer admin All Repo/retailer_order_placement/Page_AppCohesion/h4_Only 176 left in stock' is visible

2018-10-26 20:18:45 - [MESSAGE][PASSED] - Object 'Object Repository/retailer admin All Repo/retailer_order_placement/Page_AppCohesion/h4_Only 176 left in stock' is visible

2018-10-26 20:18:45 - [TEST_STEP][PASSED] - verifyElementText: Actual text and expected text of test object 'Object Repository/retailer admin All Repo/retailer_order_placement/Page_AppCohesion/h4_Only 176 left in stock' are matched.

2018-10-26 20:18:46 - [MESSAGE][PASSED] - Actual text and expected text of test object 'Object Repository/retailer admin All Repo/retailer_order_placement/Page_AppCohesion/h4_Only 176 left in stock' are matched.

2018-10-26 20:18:46 - [TEST_STEP][PASSED] - verifyElementVisible: Object 'Object Repository/retailer admin All Repo/retailer_order_placement/Page_AppCohesion/button_ADD TO CART' is visible

2018-10-26 20:18:46 - [MESSAGE][PASSED] - Object 'Object Repository/retailer admin All Repo/retailer_order_placement/Page_AppCohesion/button_ADD TO CART' is visible

2018-10-26 20:18:46 - [TEST_STEP][PASSED] - click: Object: 'Object Repository/retailer admin All Repo/retailer_order_placement/Page_AppCohesion/button_ADD TO CART' is clicked on

2018-10-26 20:18:46 - [MESSAGE][PASSED] - Object: 'Object Repository/retailer admin All Repo/retailer_order_placement/Page_AppCohesion/button_ADD TO CART' is clicked on

2018-10-26 20:18:46 - [TEST_STEP][PASSED] - waitForElementVisible: Object 'Object Repository/retailer admin All Repo/retailer_order_placement/Page_AppCohesion/img' is visible

2018-10-26 20:18:46 - [MESSAGE][PASSED] - Object 'Object Repository/retailer admin All Repo/retailer_order_placement/Page_AppCohesion/img' is visible

2018-10-26 20:18:46 - [TEST_STEP][PASSED] - click: Object: 'Object Repository/retailer admin All Repo/retailer_order_placement/Page_AppCohesion/img' is clicked on

2018-10-26 20:18:46 - [MESSAGE][PASSED] - Object: 'Object Repository/retailer admin All Repo/retailer_order_placement/Page_AppCohesion/img' is clicked on

2018-10-26 20:18:46 - [TEST_STEP][PASSED] - verifyElementVisible: Object 'Object Repository/retailer admin All Repo/retailer_order_placement/Page_AppCohesion/increasequantity_cartlist' is visible

2018-10-26 20:19:04 - [MESSAGE][PASSED] - Object 'Object Repository/retailer admin All Repo/retailer_order_placement/Page_AppCohesion/increasequantity_cartlist' is visible

2018-10-26 20:19:04 - [TEST_STEP][PASSED] - click: Object: 'Object Repository/retailer admin All Repo/retailer_order_placement/Page_AppCohesion/increasequantity_cartlist' is clicked on

2018-10-26 20:19:04 - [MESSAGE][PASSED] - Object: 'Object Repository/retailer admin All Repo/retailer_order_placement/Page_AppCohesion/increasequantity_cartlist' is clicked on

2018-10-26 20:19:04 - [TEST_STEP][PASSED] - delay: Delayed 5 second(s)

2018-10-26 20:19:09 - [MESSAGE][PASSED] - Delayed 5 second(s)

2018-10-26 20:19:09 - [TEST_STEP][PASSED] - click: Object: 'Object Repository/retailer admin All Repo/retailer_order_placement/Page_AppCohesion/button_View Cart' is clicked on

2018-10-26 20:19:09 - [MESSAGE][PASSED] - Object: 'Object Repository/retailer admin All Repo/retailer_order_placement/Page_AppCohesion/button_View Cart' is clicked on

2018-10-26 20:19:09 - [TEST_STEP][PASSED] - verifyElementClickable: Object 'Object Repository/retailer admin All Repo/retailer_order_placement/Page_AppCohesion/button_Quantity_decreasequatit' is clickable

2018-10-26 20:19:11 - [MESSAGE][PASSED] - Object 'Object Repository/retailer admin All Repo/retailer_order_placement/Page_AppCohesion/button_Quantity_decreasequatit' is clickable

2018-10-26 20:19:11 - [TEST_STEP][PASSED] - click: Object: 'Object Repository/retailer admin All Repo/retailer_order_placement/Page_AppCohesion/button_Quantity_decreasequatit' is clicked on

2018-10-26 20:19:11 - [MESSAGE][PASSED] - Object: 'Object Repository/retailer admin All Repo/retailer_order_placement/Page_AppCohesion/button_Quantity_decreasequatit' is clicked on

2018-10-26 20:19:11 - [TEST_STEP][PASSED] - delay: Delayed 5 second(s)

2018-10-26 20:19:16 - [MESSAGE][PASSED] - Delayed 5 second(s)

2018-10-26 20:19:16 - [TEST_STEP][NOT_RUN] - waitForElementVisible: NOT_RUN: waitForElementVisible

2018-10-26 20:19:16 - [MESSAGE][NOT_RUN] - NOT_RUN: waitForElementVisible

2018-10-26 20:19:16 - [TEST_STEP][NOT_RUN] - check: NOT_RUN: check

2018-10-26 20:19:16 - [MESSAGE][NOT_RUN] - NOT_RUN: check

2018-10-26 20:19:16 - [TEST_STEP][NOT_RUN] - waitForElementClickable: NOT_RUN: waitForElementClickable

2018-10-26 20:19:16 - [MESSAGE][NOT_RUN] - NOT_RUN: waitForElementClickable

2018-10-26 20:19:16 - [TEST_STEP][NOT_RUN] - check: NOT_RUN: check

2018-10-26 20:19:16 - [MESSAGE][NOT_RUN] - NOT_RUN: check

2018-10-26 20:19:16 - [TEST_STEP][PASSED] - click: Object: 'Object Repository/retailer admin All Repo/retailer_order_placement/Page_AppCohesion/h5_Heckler  Koch VP VP9' is clicked on

2018-10-26 20:19:16 - [MESSAGE][PASSED] - Object: 'Object Repository/retailer admin All Repo/retailer_order_placement/Page_AppCohesion/h5_Heckler  Koch VP VP9' is clicked on

2018-10-26 20:19:16 - [TEST_STEP][PASSED] - click: Object: 'Object Repository/retailer admin All Repo/retailer_order_placement/Page_AppCohesion/a_Back to Cart' is clicked on

2018-10-26 20:19:17 - [MESSAGE][PASSED] - Object: 'Object Repository/retailer admin All Repo/retailer_order_placement/Page_AppCohesion/a_Back to Cart' is clicked on

2018-10-26 20:19:17 - [TEST_STEP][PASSED] - waitForElementVisible: Object 'Object Repository/retailer admin All Repo/retailer_order_placement/Page_AppCohesion/span_534.20' is visible

2018-10-26 20:19:19 - [MESSAGE][PASSED] - Object 'Object Repository/retailer admin All Repo/retailer_order_placement/Page_AppCohesion/span_534.20' is visible

2018-10-26 20:19:19 - [TEST_STEP][PASSED] - verifyElementText: Actual text and expected text of test object 'Object Repository/retailer admin All Repo/retailer_order_placement/Page_AppCohesion/span_534.20' are matched.

2018-10-26 20:19:19 - [MESSAGE][PASSED] - Actual text and expected text of test object 'Object Repository/retailer admin All Repo/retailer_order_placement/Page_AppCohesion/span_534.20' are matched.

2018-10-26 20:19:19 - [TEST_STEP][PASSED] - waitForElementVisible: Object 'Object Repository/retailer admin All Repo/retailer_order_placement/Page_AppCohesion/span_25.00' is visible

2018-10-26 20:19:19 - [MESSAGE][PASSED] - Object 'Object Repository/retailer admin All Repo/retailer_order_placement/Page_AppCohesion/span_25.00' is visible

2018-10-26 20:19:19 - [TEST_STEP][PASSED] - verifyElementText: Actual text and expected text of test object 'Object Repository/retailer admin All Repo/retailer_order_placement/Page_AppCohesion/span_25.00' are matched.

2018-10-26 20:19:19 - [MESSAGE][PASSED] - Actual text and expected text of test object 'Object Repository/retailer admin All Repo/retailer_order_placement/Page_AppCohesion/span_25.00' are matched.

2018-10-26 20:19:19 - [TEST_STEP][PASSED] - verifyElementVisible: Object 'Object Repository/retailer admin All Repo/retailer_order_placement/Page_AppCohesion/em_Item selected 1' is visible

2018-10-26 20:19:19 - [MESSAGE][PASSED] - Object 'Object Repository/retailer admin All Repo/retailer_order_placement/Page_AppCohesion/em_Item selected 1' is visible

2018-10-26 20:19:19 - [TEST_STEP][PASSED] - verifyElementText: Actual text and expected text of test object 'Object Repository/retailer admin All Repo/retailer_order_placement/Page_AppCohesion/em_Item selected 1' are matched.

2018-10-26 20:19:19 - [MESSAGE][PASSED] - Actual text and expected text of test object 'Object Repository/retailer admin All Repo/retailer_order_placement/Page_AppCohesion/em_Item selected 1' are matched.

2018-10-26 20:19:19 - [TEST_STEP][PASSED] - click: Object: 'Object Repository/retailer admin All Repo/retailer_order_placement/Page_AppCohesion/button_CHECKOUT' is clicked on

2018-10-26 20:19:20 - [MESSAGE][PASSED] - Object: 'Object Repository/retailer admin All Repo/retailer_order_placement/Page_AppCohesion/button_CHECKOUT' is clicked on

2018-10-26 20:19:20 - [TEST_STEP][PASSED] - delay: Delayed 10 second(s)

2018-10-26 20:19:30 - [MESSAGE][PASSED] - Delayed 10 second(s)

2018-10-26 20:19:30 - [TEST_STEP][PASSED] - setText: Text 'order HCKLR-IHMFX7Z1' is set on object 'Object Repository/retailer admin All Repo/retailer_order_placement/Page_AppCohesion/input_FIRST NAME_firstName'

2018-10-26 20:19:30 - [MESSAGE][PASSED] - Text 'order HCKLR-IHMFX7Z1' is set on object 'Object Repository/retailer admin All Repo/retailer_order_placement/Page_AppCohesion/input_FIRST NAME_firstName'

2018-10-26 20:19:30 - [TEST_STEP][PASSED] - setText: Text 'snekalatha.r@iinerds.com' is set on object 'Object Repository/retailer admin All Repo/retailer_order_placement/Page_AppCohesion/input_EMAIL_email'

2018-10-26 20:19:31 - [MESSAGE][PASSED] - Text 'snekalatha.r@iinerds.com' is set on object 'Object Repository/retailer admin All Repo/retailer_order_placement/Page_AppCohesion/input_EMAIL_email'

2018-10-26 20:19:31 - [TEST_STEP][PASSED] - delay: Delayed 10 second(s)

2018-10-26 20:19:41 - [MESSAGE][PASSED] - Delayed 10 second(s)

2018-10-26 20:19:41 - [TEST_STEP][PASSED] - selectOptionByIndex: All options with index in [1] are selected on object 'Object Repository/retailer admin All Repo/retailer_order_placement/key_press_orderList/Page_AppCohesion/select store'

2018-10-26 20:19:41 - [MESSAGE][PASSED] - All options with index in [1] are selected on object 'Object Repository/retailer admin All Repo/retailer_order_placement/key_press_orderList/Page_AppCohesion/select store'

2018-10-26 20:19:41 - [TEST_STEP][PASSED] - verifyElementVisible: Object 'Object Repository/retailer admin All Repo/retailer_order_placement/Page_AppCohesion/span_534.20' is visible

2018-10-26 20:19:41 - [MESSAGE][PASSED] - Object 'Object Repository/retailer admin All Repo/retailer_order_placement/Page_AppCohesion/span_534.20' is visible

2018-10-26 20:19:41 - [TEST_STEP][PASSED] - verifyElementText: Actual text and expected text of test object 'Object Repository/retailer admin All Repo/retailer_order_placement/Page_AppCohesion/span_534.20' are matched.

2018-10-26 20:19:41 - [MESSAGE][PASSED] - Actual text and expected text of test object 'Object Repository/retailer admin All Repo/retailer_order_placement/Page_AppCohesion/span_534.20' are matched.

2018-10-26 20:19:41 - [TEST_STEP][PASSED] - verifyElementVisible: Object 'Object Repository/retailer admin All Repo/retailer_order_placement/Page_AppCohesion/span_25' is visible

2018-10-26 20:19:41 - [MESSAGE][PASSED] - Object 'Object Repository/retailer admin All Repo/retailer_order_placement/Page_AppCohesion/span_25' is visible

2018-10-26 20:19:41 - [TEST_STEP][PASSED] - verifyElementText: Actual text and expected text of test object 'Object Repository/retailer admin All Repo/retailer_order_placement/Page_AppCohesion/span_25' are matched.

2018-10-26 20:19:41 - [MESSAGE][PASSED] - Actual text and expected text of test object 'Object Repository/retailer admin All Repo/retailer_order_placement/Page_AppCohesion/span_25' are matched.

2018-10-26 20:19:41 - [TEST_STEP][PASSED] - verifyElementVisible: Object 'Object Repository/retailer admin All Repo/retailer_order_placement/Page_AppCohesion/span_559.20' is visible

2018-10-26 20:19:41 - [MESSAGE][PASSED] - Object 'Object Repository/retailer admin All Repo/retailer_order_placement/Page_AppCohesion/span_559.20' is visible

2018-10-26 20:19:41 - [TEST_STEP][PASSED] - verifyElementText: Actual text and expected text of test object 'Object Repository/retailer admin All Repo/retailer_order_placement/Page_AppCohesion/span_559.20' are matched.

2018-10-26 20:19:41 - [MESSAGE][PASSED] - Actual text and expected text of test object 'Object Repository/retailer admin All Repo/retailer_order_placement/Page_AppCohesion/span_559.20' are matched.

2018-10-26 20:19:41 - [TEST_STEP][PASSED] - click: Object: 'Object Repository/retailer admin All Repo/retailer_order_placement/Page_AppCohesion/button_Confirm Order' is clicked on

2018-10-26 20:19:41 - [MESSAGE][PASSED] - Object: 'Object Repository/retailer admin All Repo/retailer_order_placement/Page_AppCohesion/button_Confirm Order' is clicked on

2018-10-26 20:19:41 - [TEST_STEP][PASSED] - waitForAlert: No alert found after 5 second(s).

2018-10-26 20:19:47 - [MESSAGE][WARNING] - No alert found after 5 second(s).

2018-10-26 20:19:47 - [TEST_STEP][PASSED] - verifyElementVisible: Object 'Object Repository/retailer admin All Repo/retailer_order_placement/key_press_orderList/Page_AppCohesion/order_status_button' is visible

2018-10-26 20:19:55 - [MESSAGE][PASSED] - Object 'Object Repository/retailer admin All Repo/retailer_order_placement/key_press_orderList/Page_AppCohesion/order_status_button' is visible

2018-10-26 20:19:55 - [TEST_STEP][NOT_RUN] - verifyElementText: NOT_RUN: verifyElementText

2018-10-26 20:19:55 - [MESSAGE][NOT_RUN] - NOT_RUN: verifyElementText

2018-10-26 20:19:55 - [TEST_STEP][PASSED] - click: Object: 'Object Repository/retailer admin All Repo/retailer_order_placement/key_press_orderList/Page_AppCohesion/order_status_button' is clicked on

2018-10-26 20:19:56 - [MESSAGE][PASSED] - Object: 'Object Repository/retailer admin All Repo/retailer_order_placement/key_press_orderList/Page_AppCohesion/order_status_button' is clicked on

2018-10-26 20:19:56 - [TEST_STEP][PASSED] - delay: Delayed 5 second(s)

2018-10-26 20:20:01 - [MESSAGE][PASSED] - Delayed 5 second(s)

2018-10-26 20:20:01 - [TEST_STEP][PASSED] - click: Object: 'Object Repository/retailer admin All Repo/retailer_order_placement/order_placement_verifymarkup/Page_AppCohesion/a_Dashboard              Dashb' is clicked on

2018-10-26 20:20:01 - [MESSAGE][PASSED] - Object: 'Object Repository/retailer admin All Repo/retailer_order_placement/order_placement_verifymarkup/Page_AppCohesion/a_Dashboard              Dashb' is clicked on

2018-10-26 20:20:01 - [TEST_STEP][PASSED] - waitForPageLoad: Wait for page load successfully

2018-10-26 20:20:01 - [MESSAGE][PASSED] - Wait for page load successfully

2018-10-26 20:20:01 - [TEST_STEP][PASSED] - click: Object: 'Object Repository/retailer admin All Repo/retailer_order_placement/key_press_orderList/order_tab' is clicked on

2018-10-26 20:20:01 - [MESSAGE][PASSED] - Object: 'Object Repository/retailer admin All Repo/retailer_order_placement/key_press_orderList/order_tab' is clicked on

2018-10-26 20:20:01 - [TEST_STEP][PASSED] - waitForElementVisible: Object 'Object Repository/retailer admin All Repo/retailer_order_placement/key_press_orderList/Page_AppCohesion/i__glyphicon glyphicon-search' is visible

2018-10-26 20:20:02 - [MESSAGE][PASSED] - Object 'Object Repository/retailer admin All Repo/retailer_order_placement/key_press_orderList/Page_AppCohesion/i__glyphicon glyphicon-search' is visible

2018-10-26 20:20:02 - [TEST_STEP][PASSED] - check: Object 'Object Repository/retailer admin All Repo/retailer_order_placement/key_press_orderList/Page_AppCohesion/i__glyphicon glyphicon-search' is checked

2018-10-26 20:20:02 - [MESSAGE][PASSED] - Object 'Object Repository/retailer admin All Repo/retailer_order_placement/key_press_orderList/Page_AppCohesion/i__glyphicon glyphicon-search' is checked

2018-10-26 20:20:02 - [TEST_STEP][PASSED] - dragAndDropToObject: Dragged object with id 'Object Repository/retailer admin All Repo/retailer_order_placement/Page_AppCohesion/input_RETAILER NAME_searchInpu' to object with id 'TestObject - 'Object Repository/retailer admin All Repo/retailer_order_placement/Page_AppCohesion/input_RETAILER NAME_searchInpu'' successfully

2018-10-26 20:20:05 - [MESSAGE][PASSED] - Dragged object with id 'Object Repository/retailer admin All Repo/retailer_order_placement/Page_AppCohesion/input_RETAILER NAME_searchInpu' to object with id 'TestObject - 'Object Repository/retailer admin All Repo/retailer_order_placement/Page_AppCohesion/input_RETAILER NAME_searchInpu'' successfully

2018-10-26 20:20:05 - [TEST_STEP][PASSED] - setText: Text 'order HCKLR-IHMFX7Z1' is set on object 'Object Repository/retailer admin All Repo/retailer_order_placement/Page_AppCohesion/input_RETAILER NAME_searchInpu'

2018-10-26 20:20:05 - [MESSAGE][PASSED] - Text 'order HCKLR-IHMFX7Z1' is set on object 'Object Repository/retailer admin All Repo/retailer_order_placement/Page_AppCohesion/input_RETAILER NAME_searchInpu'

2018-10-26 20:20:05 - [TEST_STEP][PASSED] - waitForElementVisible: Object 'Object Repository/retailer admin All Repo/retailer_order_placement/Page_AppCohesion/input_RETAILER NAME_searchInpu' is visible

2018-10-26 20:20:05 - [MESSAGE][PASSED] - Object 'Object Repository/retailer admin All Repo/retailer_order_placement/Page_AppCohesion/input_RETAILER NAME_searchInpu' is visible

2018-10-26 20:20:05 - [TEST_STEP][PASSED] - sendKeys: Keys 'ENTER + ' sent to object: 'Object Repository/retailer admin All Repo/retailer_order_placement/Page_AppCohesion/input_RETAILER NAME_searchInpu'

2018-10-26 20:20:05 - [MESSAGE][PASSED] - Keys 'ENTER + ' sent to object: 'Object Repository/retailer admin All Repo/retailer_order_placement/Page_AppCohesion/input_RETAILER NAME_searchInpu'

2018-10-26 20:20:05 - [TEST_STEP][PASSED] - verifyElementVisible: Object 'Object Repository/retailer admin All Repo/retailer_order_placement/Page_AppCohesion/tr_order HCKLR-IHMFX7Z1' is visible

2018-10-26 20:20:05 - [MESSAGE][PASSED] - Object 'Object Repository/retailer admin All Repo/retailer_order_placement/Page_AppCohesion/tr_order HCKLR-IHMFX7Z1' is visible

2018-10-26 20:20:05 - [TEST_STEP][PASSED] - click: Object: 'Object Repository/retailer admin All Repo/retailer_order_placement/Page_AppCohesion/tr_order HCKLR-IHMFX7Z1' is clicked on

2018-10-26 20:20:06 - [MESSAGE][PASSED] - Object: 'Object Repository/retailer admin All Repo/retailer_order_placement/Page_AppCohesion/tr_order HCKLR-IHMFX7Z1' is clicked on

2018-10-26 20:20:06 - [TEST_STEP][PASSED] - verifyElementVisible: Object 'Object Repository/retailer admin All Repo/retailer_order_placement/Page_AppCohesion/span_Order Total      559.20' is visible

2018-10-26 20:20:08 - [MESSAGE][PASSED] - Object 'Object Repository/retailer admin All Repo/retailer_order_placement/Page_AppCohesion/span_Order Total      559.20' is visible

2018-10-26 20:20:08 - [TEST_STEP][PASSED] - verifyElementText: Actual text and expected text of test object 'Object Repository/retailer admin All Repo/retailer_order_placement/key_press_orderList/Page_AppCohesion/h5_696' are matched.

2018-10-26 20:20:08 - [MESSAGE][PASSED] - Actual text and expected text of test object 'Object Repository/retailer admin All Repo/retailer_order_placement/key_press_orderList/Page_AppCohesion/h5_696' are matched.

2018-10-26 20:20:08 - [TEST_STEP][PASSED] - verifyElementVisible: Object 'Object Repository/retailer admin All Repo/retailer_order_placement/key_press_orderList/Page_AppCohesion/h5_559.20' is visible

2018-10-26 20:20:08 - [MESSAGE][PASSED] - Object 'Object Repository/retailer admin All Repo/retailer_order_placement/key_press_orderList/Page_AppCohesion/h5_559.20' is visible

2018-10-26 20:20:08 - [TEST_STEP][PASSED] - verifyElementText: Actual text and expected text of test object 'Object Repository/retailer admin All Repo/retailer_order_placement/key_press_orderList/Page_AppCohesion/h5_559.20' are matched.

2018-10-26 20:20:08 - [MESSAGE][PASSED] - Actual text and expected text of test object 'Object Repository/retailer admin All Repo/retailer_order_placement/key_press_orderList/Page_AppCohesion/h5_559.20' are matched.

2018-10-26 20:20:08 - [TEST_STEP][PASSED] - verifyElementVisible: Object 'Object Repository/retailer admin All Repo/retailer_order_placement/Page_AppCohesion/span_Name      order HCKLR-IHM' is visible

2018-10-26 20:20:08 - [MESSAGE][PASSED] - Object 'Object Repository/retailer admin All Repo/retailer_order_placement/Page_AppCohesion/span_Name      order HCKLR-IHM' is visible

2018-10-26 20:20:08 - [TEST_STEP][PASSED] - verifyElementText: Actual text and expected text of test object 'Object Repository/retailer admin All Repo/retailer_order_placement/key_press_orderList/Page_AppCohesion/h5_order HCKLR-IHMFX7Z1' are matched.

2018-10-26 20:20:08 - [MESSAGE][PASSED] - Actual text and expected text of test object 'Object Repository/retailer admin All Repo/retailer_order_placement/key_press_orderList/Page_AppCohesion/h5_order HCKLR-IHMFX7Z1' are matched.

2018-10-26 20:20:09 - [TEST_STEP][PASSED] - verifyElementVisible: Object 'Object Repository/retailer admin All Repo/retailer_order_placement/key_press_orderList/Page_AppCohesion/span_Email      snekalatha.rii' is visible

2018-10-26 20:20:09 - [MESSAGE][PASSED] - Object 'Object Repository/retailer admin All Repo/retailer_order_placement/key_press_orderList/Page_AppCohesion/span_Email      snekalatha.rii' is visible

2018-10-26 20:20:09 - [TEST_STEP][PASSED] - verifyElementText: Actual text and expected text of test object 'Object Repository/retailer admin All Repo/retailer_order_placement/key_press_orderList/Page_AppCohesion/h5_snekalatha.riinerds.com' are matched.

2018-10-26 20:20:09 - [MESSAGE][PASSED] - Actual text and expected text of test object 'Object Repository/retailer admin All Repo/retailer_order_placement/key_press_orderList/Page_AppCohesion/h5_snekalatha.riinerds.com' are matched.

2018-10-26 20:20:09 - [TEST_STEP][PASSED] - verifyElementVisible: Object 'Object Repository/retailer admin All Repo/retailer_order_placement/Page_AppCohesion/th_QUANTITY' is visible

2018-10-26 20:20:09 - [MESSAGE][PASSED] - Object 'Object Repository/retailer admin All Repo/retailer_order_placement/Page_AppCohesion/th_QUANTITY' is visible

2018-10-26 20:20:09 - [TEST_STEP][PASSED] - verifyElementVisible: Object 'Object Repository/retailer admin All Repo/retailer_order_placement/Page_AppCohesion/td_1' is visible

2018-10-26 20:20:09 - [MESSAGE][PASSED] - Object 'Object Repository/retailer admin All Repo/retailer_order_placement/Page_AppCohesion/td_1' is visible

2018-10-26 20:20:09 - [TEST_STEP][PASSED] - verifyElementText: Actual text and expected text of test object 'Object Repository/retailer admin All Repo/retailer_order_placement/Page_AppCohesion/td_1' are matched.

2018-10-26 20:20:09 - [MESSAGE][PASSED] - Actual text and expected text of test object 'Object Repository/retailer admin All Repo/retailer_order_placement/Page_AppCohesion/td_1' are matched.

2018-10-26 20:20:09 - [TEST_STEP][PASSED] - verifyElementVisible: Object 'Object Repository/retailer admin All Repo/retailer_order_placement/key_press_orderList/Page_AppCohesion/td_Green Supply' is visible

2018-10-26 20:20:09 - [MESSAGE][PASSED] - Object 'Object Repository/retailer admin All Repo/retailer_order_placement/key_press_orderList/Page_AppCohesion/td_Green Supply' is visible

2018-10-26 20:20:09 - [TEST_STEP][PASSED] - verifyElementText: Actual text and expected text of test object 'Object Repository/retailer admin All Repo/retailer_order_placement/key_press_orderList/Page_AppCohesion/td_Green Supply' are matched.

2018-10-26 20:20:09 - [MESSAGE][PASSED] - Actual text and expected text of test object 'Object Repository/retailer admin All Repo/retailer_order_placement/key_press_orderList/Page_AppCohesion/td_Green Supply' are matched.

2018-10-26 20:20:09 - [TEST_STEP][PASSED] - verifyElementVisible: Object 'Object Repository/retailer admin All Repo/retailer_order_placement/key_press_orderList/Page_AppCohesion/td_Completed' is visible

2018-10-26 20:20:09 - [MESSAGE][PASSED] - Object 'Object Repository/retailer admin All Repo/retailer_order_placement/key_press_orderList/Page_AppCohesion/td_Completed' is visible

2018-10-26 20:20:09 - [TEST_STEP][PASSED] - verifyElementText: Actual text and expected text of test object 'Object Repository/retailer admin All Repo/retailer_order_placement/key_press_orderList/Page_AppCohesion/td_Completed' are matched.

2018-10-26 20:20:09 - [MESSAGE][PASSED] - Actual text and expected text of test object 'Object Repository/retailer admin All Repo/retailer_order_placement/key_press_orderList/Page_AppCohesion/td_Completed' are matched.

2018-10-26 20:20:09 - [TEST_STEP][PASSED] - verifyElementVisible: Object 'Object Repository/retailer admin All Repo/retailer_order_placement/Page_AppCohesion/span_RACreation_close_order_de' is visible

2018-10-26 20:20:09 - [MESSAGE][PASSED] - Object 'Object Repository/retailer admin All Repo/retailer_order_placement/Page_AppCohesion/span_RACreation_close_order_de' is visible

2018-10-26 20:20:09 - [TEST_STEP][PASSED] - click: Object: 'Object Repository/retailer admin All Repo/retailer_order_placement/Page_AppCohesion/span_RACreation_close_order_de' is clicked on

2018-10-26 20:20:09 - [MESSAGE][PASSED] - Object: 'Object Repository/retailer admin All Repo/retailer_order_placement/Page_AppCohesion/span_RACreation_close_order_de' is clicked on

2018-10-26 20:20:09 - [TEST_STEP][PASSED] - clearText: Text of object 'Object Repository/retailer admin All Repo/retailer_order_placement/Page_AppCohesion/input_RETAILER NAME_searchInpu' is cleared

2018-10-26 20:20:09 - [MESSAGE][PASSED] - Text of object 'Object Repository/retailer admin All Repo/retailer_order_placement/Page_AppCohesion/input_RETAILER NAME_searchInpu' is cleared

2018-10-26 20:20:09 - [TEST_STEP][PASSED] - waitForElementVisible: Object 'Object Repository/retailer admin All Repo/retailer_order_placement/key_press_orderList/Page_AppCohesion/i__glyphicon glyphicon-search_2' is visible

2018-10-26 20:20:09 - [MESSAGE][PASSED] - Object 'Object Repository/retailer admin All Repo/retailer_order_placement/key_press_orderList/Page_AppCohesion/i__glyphicon glyphicon-search_2' is visible

2018-10-26 20:20:09 - [TEST_STEP][PASSED] - verifyElementVisible: Object 'Object Repository/retailer admin All Repo/retailer_order_placement/key_press_orderList/Page_AppCohesion/i__glyphicon glyphicon-search_2' is visible

2018-10-26 20:20:09 - [MESSAGE][PASSED] - Object 'Object Repository/retailer admin All Repo/retailer_order_placement/key_press_orderList/Page_AppCohesion/i__glyphicon glyphicon-search_2' is visible

2018-10-26 20:20:09 - [TEST_STEP][FAILED] - check: Unable to check object 'Object Repository/retailer admin All Repo/retailer_order_placement/key_press_orderList/Page_AppCohesion/i__glyphicon glyphicon-search_2' (Root cause: org.openqa.selenium.WebDriverException: unknown error: Element <i _ngcontent-c13="" class="glyphicon glyphicon-search" id="clear_data" title="Clear search"></i> is not clickable at point (1301, 181). Other element would receive the click: <i _ngcontent-c13="" class="glyphicon glyphicon-search glyphicon-remove"></i>
  (Session info: chrome=69.0.3497.100)
  (Driver info: chromedriver=2.35.528161 (5b82f2d2aae0ca24b877009200ced9065a772e73),platform=Windows NT 10.0.17134 x86_64) (WARNING: The server did not provide any stacktrace information)
Command duration or timeout: 0 milliseconds
Build info: version: '3.7.1', revision: '8a0099a', time: '2017-11-06T21:07:36.161Z'
System info: host: 'DESKTOP-TL3A0SA', ip: '192.168.1.102', os.name: 'Windows 10', os.arch: 'amd64', os.version: '10.0', java.version: '1.8.0_181'
Driver info: com.kms.katalon.selenium.driver.CChromeDriver
Capabilities {acceptInsecureCerts: false, acceptSslCerts: false, applicationCacheEnabled: false, browserConnectionEnabled: false, browserName: chrome, chrome: {chromedriverVersion: 2.35.528161 (5b82f2d2aae0ca..., userDataDir: C:\Users\DELL\AppData\Local...}, cssSelectorsEnabled: true, databaseEnabled: false, handlesAlerts: true, hasTouchScreen: false, javascriptEnabled: true, locationContextEnabled: true, mobileEmulationEnabled: false, nativeEvents: true, networkConnectionEnabled: false, pageLoadStrategy: normal, platform: XP, platformName: XP, rotatable: false, setWindowRect: true, takesHeapSnapshot: true, takesScreenshot: true, unexpectedAlertBehaviour: , unhandledPromptBehavior: , version: 69.0.3497.100, webStorageEnabled: true}
Session ID: 842009dd4a72b1d92d9f0120c3930139)

2018-10-26 20:20:10 - [MESSAGE][FAILED] - Unable to check object 'Object Repository/retailer admin All Repo/retailer_order_placement/key_press_orderList/Page_AppCohesion/i__glyphicon glyphicon-search_2' (Root cause: org.openqa.selenium.WebDriverException: unknown error: Element <i _ngcontent-c13="" class="glyphicon glyphicon-search" id="clear_data" title="Clear search"></i> is not clickable at point (1301, 181). Other element would receive the click: <i _ngcontent-c13="" class="glyphicon glyphicon-search glyphicon-remove"></i>
  (Session info: chrome=69.0.3497.100)
  (Driver info: chromedriver=2.35.528161 (5b82f2d2aae0ca24b877009200ced9065a772e73),platform=Windows NT 10.0.17134 x86_64) (WARNING: The server did not provide any stacktrace information)
Command duration or timeout: 0 milliseconds
Build info: version: '3.7.1', revision: '8a0099a', time: '2017-11-06T21:07:36.161Z'
System info: host: 'DESKTOP-TL3A0SA', ip: '192.168.1.102', os.name: 'Windows 10', os.arch: 'amd64', os.version: '10.0', java.version: '1.8.0_181'
Driver info: com.kms.katalon.selenium.driver.CChromeDriver
Capabilities {acceptInsecureCerts: false, acceptSslCerts: false, applicationCacheEnabled: false, browserConnectionEnabled: false, browserName: chrome, chrome: {chromedriverVersion: 2.35.528161 (5b82f2d2aae0ca..., userDataDir: C:\Users\DELL\AppData\Local...}, cssSelectorsEnabled: true, databaseEnabled: false, handlesAlerts: true, hasTouchScreen: false, javascriptEnabled: true, locationContextEnabled: true, mobileEmulationEnabled: false, nativeEvents: true, networkConnectionEnabled: false, pageLoadStrategy: normal, platform: XP, platformName: XP, rotatable: false, setWindowRect: true, takesHeapSnapshot: true, takesScreenshot: true, unexpectedAlertBehaviour: , unhandledPromptBehavior: , version: 69.0.3497.100, webStorageEnabled: true}
Session ID: 842009dd4a72b1d92d9f0120c3930139)
[[ATTACHMENT|G:\\automation_katalon\\qa-automation-katolon_new26_10\\Reports\\Retailer_test_suite\\20181026_201651\\1540565410009.png]]]]></system-out>
         <system-err><![CDATA[2018-10-26 20:18:00 - [TEST_CASE][FAILED] - Test Cases/RetailerAdmin_Login_All_Functionality/order_placement_order_details/retaileradmin_order_placement: Test Cases/RetailerAdmin_Login_All_Functionality/order_placement_order_details/retaileradmin_order_placement FAILED because (of) (Stack trace: com.kms.katalon.core.exception.StepFailedException: Unable to check object 'Object Repository/retailer admin All Repo/retailer_order_placement/key_press_orderList/Page_AppCohesion/i__glyphicon glyphicon-search_2' (Root cause: org.openqa.selenium.WebDriverException: unknown error: Element <i _ngcontent-c13="" class="glyphicon glyphicon-search" id="clear_data" title="Clear search"></i> is not clickable at point (1301, 181). Other element would receive the click: <i _ngcontent-c13="" class="glyphicon glyphicon-search glyphicon-remove"></i>
  (Session info: chrome=69.0.3497.100)
  (Driver info: chromedriver=2.35.528161 (5b82f2d2aae0ca24b877009200ced9065a772e73),platform=Windows NT 10.0.17134 x86_64) (WARNING: The server did not provide any stacktrace information)
Command duration or timeout: 0 milliseconds
Build info: version: '3.7.1', revision: '8a0099a', time: '2017-11-06T21:07:36.161Z'
System info: host: 'DESKTOP-TL3A0SA', ip: '192.168.1.102', os.name: 'Windows 10', os.arch: 'amd64', os.version: '10.0', java.version: '1.8.0_181'
Driver info: com.kms.katalon.selenium.driver.CChromeDriver
Capabilities {acceptInsecureCerts: false, acceptSslCerts: false, applicationCacheEnabled: false, browserConnectionEnabled: false, browserName: chrome, chrome: {chromedriverVersion: 2.35.528161 (5b82f2d2aae0ca..., userDataDir: C:\Users\DELL\AppData\Local...}, cssSelectorsEnabled: true, databaseEnabled: false, handlesAlerts: true, hasTouchScreen: false, javascriptEnabled: true, locationContextEnabled: true, mobileEmulationEnabled: false, nativeEvents: true, networkConnectionEnabled: false, pageLoadStrategy: normal, platform: XP, platformName: XP, rotatable: false, setWindowRect: true, takesHeapSnapshot: true, takesScreenshot: true, unexpectedAlertBehaviour: , unhandledPromptBehavior: , version: 69.0.3497.100, webStorageEnabled: true}
Session ID: 842009dd4a72b1d92d9f0120c3930139)
	at com.kms.katalon.core.keyword.internal.KeywordMain.stepFailed(KeywordMain.groovy:36)
	at com.kms.katalon.core.webui.keyword.internal.WebUIKeywordMain.stepFailed(WebUIKeywordMain.groovy:65)
	at com.kms.katalon.core.webui.keyword.internal.WebUIKeywordMain.runKeyword(WebUIKeywordMain.groovy:27)
	at com.kms.katalon.core.webui.keyword.builtin.CheckKeyword.check(CheckKeyword.groovy:88)
	at com.kms.katalon.core.webui.keyword.builtin.CheckKeyword.execute(CheckKeyword.groovy:67)
	at com.kms.katalon.core.keyword.internal.KeywordExecutor.executeKeywordForPlatform(KeywordExecutor.groovy:53)
	at com.kms.katalon.core.webui.keyword.WebUiBuiltInKeywords.check(WebUiBuiltInKeywords.groovy:1027)
	at com.kms.katalon.core.webui.keyword.WebUiBuiltInKeywords$check$18.call(Unknown Source)
	at org.codehaus.groovy.runtime.callsite.CallSiteArray.defaultCall(CallSiteArray.java:48)
	at org.codehaus.groovy.runtime.callsite.AbstractCallSite.call(AbstractCallSite.java:113)
	at org.codehaus.groovy.runtime.callsite.AbstractCallSite.call(AbstractCallSite.java:133)
	at Script1539598411543.run(Script1539598411543.groovy:243)
	at com.kms.katalon.core.main.ScriptEngine.run(ScriptEngine.java:183)
	at com.kms.katalon.core.main.ScriptEngine.runScriptAsRawText(ScriptEngine.java:108)
	at com.kms.katalon.core.main.TestCaseExecutor.runScript(TestCaseExecutor.java:294)
	at com.kms.katalon.core.main.TestCaseExecutor.doExecute(TestCaseExecutor.java:285)
	at com.kms.katalon.core.main.TestCaseExecutor.processExecutionPhase(TestCaseExecutor.java:264)
	at com.kms.katalon.core.main.TestCaseExecutor.accessMainPhase(TestCaseExecutor.java:256)
	at com.kms.katalon.core.main.TestCaseExecutor.execute(TestCaseExecutor.java:200)
	at com.kms.katalon.core.main.TestSuiteExecutor.accessTestCaseMainPhase(TestSuiteExecutor.java:129)
	at com.kms.katalon.core.main.TestSuiteExecutor.accessTestSuiteMainPhase(TestSuiteExecutor.java:112)
	at com.kms.katalon.core.main.TestSuiteExecutor.execute(TestSuiteExecutor.java:81)
	at com.kms.katalon.core.main.TestCaseMain.startTestSuite(TestCaseMain.java:142)
	at com.kms.katalon.core.main.TestCaseMain$startTestSuite$0.call(Unknown Source)
	at org.codehaus.groovy.runtime.callsite.CallSiteArray.defaultCall(CallSiteArray.java:48)
	at org.codehaus.groovy.runtime.callsite.AbstractCallSite.call(AbstractCallSite.java:113)
	at org.codehaus.groovy.runtime.callsite.AbstractCallSite.call(AbstractCallSite.java:141)
	at TempTestSuite1540565211426.run(TempTestSuite1540565211426.groovy:36)
	at groovy.lang.GroovyShell.runScriptOrMainOrTestOrRunnable(GroovyShell.java:263)
	at groovy.lang.GroovyShell.run(GroovyShell.java:518)
	at groovy.lang.GroovyShell.run(GroovyShell.java:507)
	at groovy.ui.GroovyMain.processOnce(GroovyMain.java:653)
	at groovy.ui.GroovyMain.run(GroovyMain.java:384)
	at groovy.ui.GroovyMain.process(GroovyMain.java:370)
	at groovy.ui.GroovyMain.processArgs(GroovyMain.java:129)
	at groovy.ui.GroovyMain.main(GroovyMain.java:109)
	at sun.reflect.NativeMethodAccessorImpl.invoke0(Native Method)
	at sun.reflect.NativeMethodAccessorImpl.invoke(NativeMethodAccessorImpl.java:62)
	at sun.reflect.DelegatingMethodAccessorImpl.invoke(DelegatingMethodAccessorImpl.java:43)
	at java.lang.reflect.Method.invoke(Method.java:498)
	at org.codehaus.groovy.tools.GroovyStarter.rootLoader(GroovyStarter.java:109)
	at org.codehaus.groovy.tools.GroovyStarter.main(GroovyStarter.java:131)
)]]></system-err>
      </testcase>
      <testcase name="Test Cases/RetailerAdmin_Login_All_Functionality/Product_details/Search Products Details" classname="Test Cases/RetailerAdmin_Login_All_Functionality/Product_details/Search Products Details" status="PASSED">
         <system-out><![CDATA[2018-10-26 20:20:10 - [TEST_CASE][PASSED] - Test Cases/RetailerAdmin_Login_All_Functionality/Product_details/Search Products Details: Test Cases/RetailerAdmin_Login_All_Functionality/Product_details/Search Products Details

2018-10-26 20:20:11 - [TEST_STEP][PASSED] - callTestCase: Call Test Case 'Test Cases/Call Test Case/Login_retailer_testcase' successfully

2018-10-26 20:20:11 - [TEST_CASE][PASSED] - Test Cases/Call Test Case/Login_retailer_testcase: Test Cases/Call Test Case/Login_retailer_testcase

2018-10-26 20:20:11 - [TEST_STEP][PASSED] - openBrowser: Browser is opened with url: 'http://localhost:4200/'

2018-10-26 20:20:11 - [MESSAGE][WARNING] - A browser is already opened. Closing browser and opening a new one

2018-10-26 20:20:26 - [MESSAGE][PASSED] - Browser is opened with url: 'http://localhost:4200/'

2018-10-26 20:20:26 - [TEST_STEP][PASSED] - maximizeWindow: Current window maximized

2018-10-26 20:20:26 - [MESSAGE][PASSED] - Current window maximized

2018-10-26 20:20:26 - [TEST_STEP][PASSED] - setText: Text 'RACreation@10_9' is set on object 'Object Repository/Login_OR/Page_AppCohesion/input_User Name_ac_username'

2018-10-26 20:20:27 - [MESSAGE][PASSED] - Text 'RACreation@10_9' is set on object 'Object Repository/Login_OR/Page_AppCohesion/input_User Name_ac_username'

2018-10-26 20:20:27 - [TEST_STEP][PASSED] - setText: Text 'RACreation@10_9' is set on object 'Object Repository/Login_OR/Page_AppCohesion/input_Password_ac_password'

2018-10-26 20:20:27 - [MESSAGE][PASSED] - Text 'RACreation@10_9' is set on object 'Object Repository/Login_OR/Page_AppCohesion/input_Password_ac_password'

2018-10-26 20:20:27 - [TEST_STEP][PASSED] - click: Object: 'Object Repository/Login_OR/Page_AppCohesion/button_Login Now' is clicked on

2018-10-26 20:20:27 - [MESSAGE][PASSED] - Object: 'Object Repository/Login_OR/Page_AppCohesion/button_Login Now' is clicked on

2018-10-26 20:20:27 - [TEST_STEP][PASSED] - waitForPageLoad: Wait for page load successfully

2018-10-26 20:20:27 - [MESSAGE][PASSED] - Wait for page load successfully

2018-10-26 20:20:27 - [MESSAGE][PASSED] - Call Test Case 'Test Cases/Call Test Case/Login_retailer_testcase' successfully

2018-10-26 20:20:27 - [TEST_STEP][PASSED] - verifyElementVisible: Object 'Object Repository/retailer admin All Repo/Search Products Details/Page_AppCohesion/input_Settings_searchproduct' is visible

2018-10-26 20:20:33 - [MESSAGE][PASSED] - Object 'Object Repository/retailer admin All Repo/Search Products Details/Page_AppCohesion/input_Settings_searchproduct' is visible

2018-10-26 20:20:33 - [TEST_STEP][PASSED] - setText: Text 'RUGER-UCSR7GCZ' is set on object 'Object Repository/retailer admin All Repo/Search Products Details/Page_AppCohesion/input_Settings_searchproduct'

2018-10-26 20:20:33 - [MESSAGE][PASSED] - Text 'RUGER-UCSR7GCZ' is set on object 'Object Repository/retailer admin All Repo/Search Products Details/Page_AppCohesion/input_Settings_searchproduct'

2018-10-26 20:20:33 - [TEST_STEP][PASSED] - verifyElementVisible: Object 'Object Repository/retailer admin All Repo/Search Products Details/Page_AppCohesion/button_Settings_searchbutton' is visible

2018-10-26 20:20:33 - [MESSAGE][PASSED] - Object 'Object Repository/retailer admin All Repo/Search Products Details/Page_AppCohesion/button_Settings_searchbutton' is visible

2018-10-26 20:20:33 - [TEST_STEP][PASSED] - click: Object: 'Object Repository/retailer admin All Repo/Search Products Details/Page_AppCohesion/button_Settings_searchbutton' is clicked on

2018-10-26 20:20:33 - [MESSAGE][PASSED] - Object: 'Object Repository/retailer admin All Repo/Search Products Details/Page_AppCohesion/button_Settings_searchbutton' is clicked on

2018-10-26 20:20:33 - [TEST_STEP][PASSED] - waitForPageLoad: Wait for page load successfully

2018-10-26 20:20:34 - [MESSAGE][PASSED] - Wait for page load successfully

2018-10-26 20:20:34 - [TEST_STEP][PASSED] - verifyElementVisible: Object 'Object Repository/retailer admin All Repo/Search Products Details/Page_AppCohesion/td_Ruger LC LCP' is visible

2018-10-26 20:20:38 - [MESSAGE][PASSED] - Object 'Object Repository/retailer admin All Repo/Search Products Details/Page_AppCohesion/td_Ruger LC LCP' is visible

2018-10-26 20:20:38 - [TEST_STEP][PASSED] - click: Object: 'Object Repository/retailer admin All Repo/Search Products Details/Page_AppCohesion/td_Ruger LC LCP' is clicked on

2018-10-26 20:20:38 - [MESSAGE][PASSED] - Object: 'Object Repository/retailer admin All Repo/Search Products Details/Page_AppCohesion/td_Ruger LC LCP' is clicked on

2018-10-26 20:20:38 - [TEST_STEP][PASSED] - verifyElementVisible: Object 'Object Repository/retailer admin All Repo/Search Products Details/Page_AppCohesion/h2_Ruger LC LCP' is visible

2018-10-26 20:20:41 - [MESSAGE][PASSED] - Object 'Object Repository/retailer admin All Repo/Search Products Details/Page_AppCohesion/h2_Ruger LC LCP' is visible

2018-10-26 20:20:41 - [TEST_STEP][PASSED] - verifyElementText: Actual text and expected text of test object 'Object Repository/retailer admin All Repo/Search Products Details/Page_AppCohesion/h2_Ruger LC LCP' are matched.

2018-10-26 20:20:42 - [MESSAGE][PASSED] - Actual text and expected text of test object 'Object Repository/retailer admin All Repo/Search Products Details/Page_AppCohesion/h2_Ruger LC LCP' are matched.

2018-10-26 20:20:42 - [TEST_STEP][PASSED] - verifyElementVisible: Object 'Object Repository/retailer admin All Repo/Search Products Details/Page_AppCohesion/span_Manufacturer Part Number3' is visible

2018-10-26 20:20:42 - [MESSAGE][PASSED] - Object 'Object Repository/retailer admin All Repo/Search Products Details/Page_AppCohesion/span_Manufacturer Part Number3' is visible

2018-10-26 20:20:42 - [TEST_STEP][PASSED] - verifyElementVisible: Object 'Object Repository/retailer admin All Repo/Search Products Details/Page_AppCohesion/strong_3701' is visible

2018-10-26 20:20:42 - [MESSAGE][PASSED] - Object 'Object Repository/retailer admin All Repo/Search Products Details/Page_AppCohesion/strong_3701' is visible

2018-10-26 20:20:42 - [TEST_STEP][PASSED] - verifyElementText: Actual text and expected text of test object 'Object Repository/retailer admin All Repo/Search Products Details/Page_AppCohesion/strong_3701' are matched.

2018-10-26 20:20:42 - [MESSAGE][PASSED] - Actual text and expected text of test object 'Object Repository/retailer admin All Repo/Search Products Details/Page_AppCohesion/strong_3701' are matched.

2018-10-26 20:20:42 - [TEST_STEP][PASSED] - verifyElementVisible: Object 'Object Repository/retailer admin All Repo/Search Products Details/Page_AppCohesion/span_ManufacturerRuger' is visible

2018-10-26 20:20:42 - [MESSAGE][PASSED] - Object 'Object Repository/retailer admin All Repo/Search Products Details/Page_AppCohesion/span_ManufacturerRuger' is visible

2018-10-26 20:20:42 - [TEST_STEP][PASSED] - verifyElementVisible: Object 'Object Repository/retailer admin All Repo/Search Products Details/Page_AppCohesion/strong_Ruger' is visible

2018-10-26 20:20:42 - [MESSAGE][PASSED] - Object 'Object Repository/retailer admin All Repo/Search Products Details/Page_AppCohesion/strong_Ruger' is visible

2018-10-26 20:20:42 - [TEST_STEP][PASSED] - verifyElementText: Actual text and expected text of test object 'Object Repository/retailer admin All Repo/Search Products Details/Page_AppCohesion/strong_Ruger' are matched.

2018-10-26 20:20:42 - [MESSAGE][PASSED] - Actual text and expected text of test object 'Object Repository/retailer admin All Repo/Search Products Details/Page_AppCohesion/strong_Ruger' are matched.

2018-10-26 20:20:42 - [TEST_STEP][PASSED] - verifyElementVisible: Object 'Object Repository/retailer admin All Repo/Search Products Details/Page_AppCohesion/span_DistributorSS' is visible

2018-10-26 20:20:42 - [MESSAGE][PASSED] - Object 'Object Repository/retailer admin All Repo/Search Products Details/Page_AppCohesion/span_DistributorSS' is visible

2018-10-26 20:20:42 - [TEST_STEP][PASSED] - verifyElementVisible: Object 'Object Repository/retailer admin All Repo/Search Products Details/Page_AppCohesion/strong_SS' is visible

2018-10-26 20:20:42 - [MESSAGE][PASSED] - Object 'Object Repository/retailer admin All Repo/Search Products Details/Page_AppCohesion/strong_SS' is visible

2018-10-26 20:20:42 - [TEST_STEP][PASSED] - verifyElementText: Actual text and expected text of test object 'Object Repository/retailer admin All Repo/Search Products Details/Page_AppCohesion/strong_SS' are matched.

2018-10-26 20:20:42 - [MESSAGE][PASSED] - Actual text and expected text of test object 'Object Repository/retailer admin All Repo/Search Products Details/Page_AppCohesion/strong_SS' are matched.

2018-10-26 20:20:42 - [TEST_STEP][PASSED] - verifyElementVisible: Object 'Object Repository/retailer admin All Repo/Search Products Details/Page_AppCohesion/span_UPC736676037018' is visible

2018-10-26 20:20:42 - [MESSAGE][PASSED] - Object 'Object Repository/retailer admin All Repo/Search Products Details/Page_AppCohesion/span_UPC736676037018' is visible

2018-10-26 20:20:42 - [TEST_STEP][PASSED] - verifyElementVisible: Object 'Object Repository/retailer admin All Repo/Search Products Details/Page_AppCohesion/strong_736676037018' is visible

2018-10-26 20:20:42 - [MESSAGE][PASSED] - Object 'Object Repository/retailer admin All Repo/Search Products Details/Page_AppCohesion/strong_736676037018' is visible

2018-10-26 20:20:42 - [TEST_STEP][PASSED] - verifyElementText: Actual text and expected text of test object 'Object Repository/retailer admin All Repo/Search Products Details/Page_AppCohesion/strong_736676037018' are matched.

2018-10-26 20:20:42 - [MESSAGE][PASSED] - Actual text and expected text of test object 'Object Repository/retailer admin All Repo/Search Products Details/Page_AppCohesion/strong_736676037018' are matched.

2018-10-26 20:20:42 - [TEST_STEP][PASSED] - verifyElementVisible: Object 'Object Repository/retailer admin All Repo/Search Products Details/Page_AppCohesion/span_Base Price180.00' is visible

2018-10-26 20:20:42 - [MESSAGE][PASSED] - Object 'Object Repository/retailer admin All Repo/Search Products Details/Page_AppCohesion/span_Base Price180.00' is visible

2018-10-26 20:20:42 - [TEST_STEP][PASSED] - verifyElementVisible: Object 'Object Repository/retailer admin All Repo/Search Products Details/Page_AppCohesion/strong_180.00' is visible

2018-10-26 20:20:43 - [MESSAGE][PASSED] - Object 'Object Repository/retailer admin All Repo/Search Products Details/Page_AppCohesion/strong_180.00' is visible

2018-10-26 20:20:43 - [TEST_STEP][PASSED] - verifyElementText: Actual text and expected text of test object 'Object Repository/retailer admin All Repo/Search Products Details/Page_AppCohesion/strong_180.00' are matched.

2018-10-26 20:20:43 - [MESSAGE][PASSED] - Actual text and expected text of test object 'Object Repository/retailer admin All Repo/Search Products Details/Page_AppCohesion/strong_180.00' are matched.

2018-10-26 20:20:43 - [TEST_STEP][PASSED] - verifyElementVisible: Object 'Object Repository/retailer admin All Repo/Search Products Details/Page_AppCohesion/span_Retailer Markup0.00' is visible

2018-10-26 20:20:43 - [MESSAGE][PASSED] - Object 'Object Repository/retailer admin All Repo/Search Products Details/Page_AppCohesion/span_Retailer Markup0.00' is visible

2018-10-26 20:20:43 - [TEST_STEP][PASSED] - verifyElementVisible: Object 'Object Repository/retailer admin All Repo/Search Products Details/Page_AppCohesion/strong_0.00' is visible

2018-10-26 20:20:43 - [MESSAGE][PASSED] - Object 'Object Repository/retailer admin All Repo/Search Products Details/Page_AppCohesion/strong_0.00' is visible

2018-10-26 20:20:43 - [TEST_STEP][PASSED] - verifyElementText: Actual text and expected text of test object 'Object Repository/retailer admin All Repo/Search Products Details/Page_AppCohesion/strong_0.00' are matched.

2018-10-26 20:20:43 - [MESSAGE][PASSED] - Actual text and expected text of test object 'Object Repository/retailer admin All Repo/Search Products Details/Page_AppCohesion/strong_0.00' are matched.

2018-10-26 20:20:43 - [TEST_STEP][PASSED] - verifyElementVisible: Object 'Object Repository/retailer admin All Repo/Search Products Details/Page_AppCohesion/span_Amount Payable180.00' is visible

2018-10-26 20:20:43 - [MESSAGE][PASSED] - Object 'Object Repository/retailer admin All Repo/Search Products Details/Page_AppCohesion/span_Amount Payable180.00' is visible

2018-10-26 20:20:43 - [TEST_STEP][PASSED] - verifyElementVisible: Object 'Object Repository/retailer admin All Repo/inventory retailer markup repo/Page_AppCohesion/Page_AppCohesion/strong_203.04' is visible

2018-10-26 20:20:43 - [MESSAGE][PASSED] - Object 'Object Repository/retailer admin All Repo/inventory retailer markup repo/Page_AppCohesion/Page_AppCohesion/strong_203.04' is visible

2018-10-26 20:20:43 - [TEST_STEP][PASSED] - verifyElementText: Actual text and expected text of test object 'Object Repository/retailer admin All Repo/inventory retailer markup repo/Page_AppCohesion/Page_AppCohesion/strong_203.04' are matched.

2018-10-26 20:20:43 - [MESSAGE][PASSED] - Actual text and expected text of test object 'Object Repository/retailer admin All Repo/inventory retailer markup repo/Page_AppCohesion/Page_AppCohesion/strong_203.04' are matched.

2018-10-26 20:20:43 - [TEST_STEP][PASSED] - verifyElementVisible: Object 'Object Repository/retailer admin All Repo/Search Products Details/Page_AppCohesion/h4_Only 25 left in stock' is visible

2018-10-26 20:20:43 - [MESSAGE][PASSED] - Object 'Object Repository/retailer admin All Repo/Search Products Details/Page_AppCohesion/h4_Only 25 left in stock' is visible

2018-10-26 20:20:43 - [TEST_STEP][PASSED] - verifyElementText: Actual text and expected text of test object 'Object Repository/retailer admin All Repo/Search Products Details/Page_AppCohesion/h4_Only 25 left in stock' are matched.

2018-10-26 20:20:43 - [MESSAGE][PASSED] - Actual text and expected text of test object 'Object Repository/retailer admin All Repo/Search Products Details/Page_AppCohesion/h4_Only 25 left in stock' are matched.

2018-10-26 20:20:43 - [TEST_STEP][PASSED] - verifyElementVisible: Object 'Object Repository/retailer admin All Repo/Search Products Details/Page_AppCohesion/span_25' is visible

2018-10-26 20:20:43 - [MESSAGE][PASSED] - Object 'Object Repository/retailer admin All Repo/Search Products Details/Page_AppCohesion/span_25' is visible

2018-10-26 20:20:43 - [TEST_STEP][PASSED] - verifyElementText: Actual text and expected text of test object 'Object Repository/retailer admin All Repo/Search Products Details/Page_AppCohesion/span_25' are matched.

2018-10-26 20:20:43 - [MESSAGE][PASSED] - Actual text and expected text of test object 'Object Repository/retailer admin All Repo/Search Products Details/Page_AppCohesion/span_25' are matched.

2018-10-26 20:20:43 - [TEST_STEP][PASSED] - verifyElementVisible: Object 'Object Repository/retailer admin All Repo/Search Products Details/Page_AppCohesion/p_Manufacturer Part 3701UPC 73' is visible

2018-10-26 20:20:43 - [MESSAGE][PASSED] - Object 'Object Repository/retailer admin All Repo/Search Products Details/Page_AppCohesion/p_Manufacturer Part 3701UPC 73' is visible

2018-10-26 20:20:43 - [TEST_STEP][PASSED] - verifyElementVisible: Object 'Object Repository/retailer admin All Repo/Search Products Details/Page_AppCohesion/a_Back to Search' is visible

2018-10-26 20:20:43 - [MESSAGE][PASSED] - Object 'Object Repository/retailer admin All Repo/Search Products Details/Page_AppCohesion/a_Back to Search' is visible

2018-10-26 20:20:43 - [TEST_STEP][PASSED] - click: Object: 'Object Repository/retailer admin All Repo/Search Products Details/Page_AppCohesion/a_Back to Search' is clicked on

2018-10-26 20:20:43 - [MESSAGE][PASSED] - Object: 'Object Repository/retailer admin All Repo/Search Products Details/Page_AppCohesion/a_Back to Search' is clicked on]]></system-out>
         <system-err><![CDATA[]]></system-err>
      </testcase>
      <testcase name="Test Cases/RetailerAdmin_Login_All_Functionality/Retailer_Store_managment/Retailer_store_creation_edit_delete" classname="Test Cases/RetailerAdmin_Login_All_Functionality/Retailer_Store_managment/Retailer_store_creation_edit_delete" status="PASSED">
         <system-out><![CDATA[2018-10-26 20:20:43 - [TEST_CASE][PASSED] - Test Cases/RetailerAdmin_Login_All_Functionality/Retailer_Store_managment/Retailer_store_creation_edit_delete: Test Cases/RetailerAdmin_Login_All_Functionality/Retailer_Store_managment/Retailer_store_creation_edit_delete

2018-10-26 20:20:44 - [TEST_STEP][PASSED] - callTestCase: Call Test Case 'Test Cases/Call Test Case/Login_retailer_testcase' successfully

2018-10-26 20:20:44 - [TEST_CASE][PASSED] - Test Cases/Call Test Case/Login_retailer_testcase: Test Cases/Call Test Case/Login_retailer_testcase

2018-10-26 20:20:44 - [TEST_STEP][PASSED] - openBrowser: Browser is opened with url: 'http://localhost:4200/'

2018-10-26 20:20:44 - [MESSAGE][WARNING] - A browser is already opened. Closing browser and opening a new one

2018-10-26 20:20:56 - [MESSAGE][PASSED] - Browser is opened with url: 'http://localhost:4200/'

2018-10-26 20:20:56 - [TEST_STEP][PASSED] - maximizeWindow: Current window maximized

2018-10-26 20:20:56 - [MESSAGE][PASSED] - Current window maximized

2018-10-26 20:20:56 - [TEST_STEP][PASSED] - setText: Text 'RACreation@10_9' is set on object 'Object Repository/Login_OR/Page_AppCohesion/input_User Name_ac_username'

2018-10-26 20:20:57 - [MESSAGE][PASSED] - Text 'RACreation@10_9' is set on object 'Object Repository/Login_OR/Page_AppCohesion/input_User Name_ac_username'

2018-10-26 20:20:57 - [TEST_STEP][PASSED] - setText: Text 'RACreation@10_9' is set on object 'Object Repository/Login_OR/Page_AppCohesion/input_Password_ac_password'

2018-10-26 20:20:57 - [MESSAGE][PASSED] - Text 'RACreation@10_9' is set on object 'Object Repository/Login_OR/Page_AppCohesion/input_Password_ac_password'

2018-10-26 20:20:57 - [TEST_STEP][PASSED] - click: Object: 'Object Repository/Login_OR/Page_AppCohesion/button_Login Now' is clicked on

2018-10-26 20:20:57 - [MESSAGE][PASSED] - Object: 'Object Repository/Login_OR/Page_AppCohesion/button_Login Now' is clicked on

2018-10-26 20:20:57 - [TEST_STEP][PASSED] - waitForPageLoad: Wait for page load successfully

2018-10-26 20:20:57 - [MESSAGE][PASSED] - Wait for page load successfully

2018-10-26 20:20:57 - [MESSAGE][PASSED] - Call Test Case 'Test Cases/Call Test Case/Login_retailer_testcase' successfully

2018-10-26 20:20:57 - [TEST_STEP][PASSED] - click: Object: 'Object Repository/retailer admin All Repo/store_object_repo/store_tab' is clicked on

2018-10-26 20:21:02 - [MESSAGE][PASSED] - Object: 'Object Repository/retailer admin All Repo/store_object_repo/store_tab' is clicked on

2018-10-26 20:21:02 - [TEST_STEP][PASSED] - click: Object: 'Object Repository/retailer admin All Repo/store_object_repo/store_new_button' is clicked on

2018-10-26 20:21:03 - [MESSAGE][PASSED] - Object: 'Object Repository/retailer admin All Repo/store_object_repo/store_new_button' is clicked on

2018-10-26 20:21:03 - [TEST_STEP][PASSED] - setText: Text 'Store Automation' is set on object 'Object Repository/retailer admin All Repo/store_object_repo/store_name'

2018-10-26 20:21:05 - [MESSAGE][PASSED] - Text 'Store Automation' is set on object 'Object Repository/retailer admin All Repo/store_object_repo/store_name'

2018-10-26 20:21:05 - [TEST_STEP][PASSED] - Statement - ts = java.lang.System.currentTimeMillis().toString(): null

2018-10-26 20:21:05 - [TEST_STEP][PASSED] - setText: Text '1540565465692' is set on object 'Object Repository/retailer admin All Repo/store_object_repo/FFL_no'

2018-10-26 20:21:06 - [MESSAGE][PASSED] - Text '1540565465692' is set on object 'Object Repository/retailer admin All Repo/store_object_repo/FFL_no'

2018-10-26 20:21:06 - [TEST_STEP][PASSED] - uploadFile: File 'D:\sample_doc\sample.pdf' sent to object: 'Object Repository/retailer admin All Repo/store_object_repo/FFL_doc'

2018-10-26 20:21:07 - [MESSAGE][PASSED] - File 'D:\sample_doc\sample.pdf' sent to object: 'Object Repository/retailer admin All Repo/store_object_repo/FFL_doc'

2018-10-26 20:21:07 - [TEST_STEP][PASSED] - setText: Text '3/10, New QA Build' is set on object 'Object Repository/retailer admin All Repo/store_object_repo/store_address'

2018-10-26 20:21:07 - [MESSAGE][PASSED] - Text '3/10, New QA Build' is set on object 'Object Repository/retailer admin All Repo/store_object_repo/store_address'

2018-10-26 20:21:07 - [TEST_STEP][PASSED] - setText: Text '24143' is set on object 'Object Repository/retailer admin All Repo/store_object_repo/zip_code'

2018-10-26 20:21:07 - [MESSAGE][PASSED] - Text '24143' is set on object 'Object Repository/retailer admin All Repo/store_object_repo/zip_code'

2018-10-26 20:21:07 - [TEST_STEP][PASSED] - setText: Text 'Newton Falls' is set on object 'Object Repository/retailer admin All Repo/store_object_repo/city_name'

2018-10-26 20:21:08 - [MESSAGE][PASSED] - Text 'Newton Falls' is set on object 'Object Repository/retailer admin All Repo/store_object_repo/city_name'

2018-10-26 20:21:08 - [TEST_STEP][PASSED] - setText: Text 'Ohio' is set on object 'Object Repository/retailer admin All Repo/store_object_repo/state_name'

2018-10-26 20:21:09 - [MESSAGE][PASSED] - Text 'Ohio' is set on object 'Object Repository/retailer admin All Repo/store_object_repo/state_name'

2018-10-26 20:21:09 - [TEST_STEP][PASSED] - delay: Delayed 10 second(s)

2018-10-26 20:21:19 - [MESSAGE][PASSED] - Delayed 10 second(s)

2018-10-26 20:21:19 - [TEST_STEP][PASSED] - waitForElementVisible: Object 'Object Repository/retailer admin All Repo/store_object_repo/check_default_store' is visible

2018-10-26 20:21:19 - [MESSAGE][PASSED] - Object 'Object Repository/retailer admin All Repo/store_object_repo/check_default_store' is visible

2018-10-26 20:21:19 - [TEST_STEP][PASSED] - check: Object 'Object Repository/retailer admin All Repo/store_object_repo/check_default_store' is checked

2018-10-26 20:21:19 - [MESSAGE][PASSED] - Object 'Object Repository/retailer admin All Repo/store_object_repo/check_default_store' is checked

2018-10-26 20:21:19 - [TEST_STEP][NOT_RUN] - verifyElementChecked: NOT_RUN: verifyElementChecked

2018-10-26 20:21:19 - [MESSAGE][NOT_RUN] - NOT_RUN: verifyElementChecked

2018-10-26 20:21:19 - [TEST_STEP][PASSED] - waitForElementPresent: Object 'Object Repository/retailer admin All Repo/store_object_repo/add_store_button' is present

2018-10-26 20:21:19 - [MESSAGE][PASSED] - Object 'Object Repository/retailer admin All Repo/store_object_repo/add_store_button' is present

2018-10-26 20:21:19 - [TEST_STEP][PASSED] - verifyElementVisible: Object 'Object Repository/retailer admin All Repo/store_object_repo/add_store_button' is visible

2018-10-26 20:21:19 - [MESSAGE][PASSED] - Object 'Object Repository/retailer admin All Repo/store_object_repo/add_store_button' is visible

2018-10-26 20:21:19 - [TEST_STEP][PASSED] - click: Object: 'Object Repository/retailer admin All Repo/store_object_repo/add_store_button' is clicked on

2018-10-26 20:21:19 - [MESSAGE][PASSED] - Object: 'Object Repository/retailer admin All Repo/store_object_repo/add_store_button' is clicked on

2018-10-26 20:21:19 - [TEST_STEP][PASSED] - verifyElementVisible: Object 'Object Repository/retailer admin All Repo/store_object_repo/h5_Success  Store created succ' is visible

2018-10-26 20:21:36 - [MESSAGE][PASSED] - Object 'Object Repository/retailer admin All Repo/store_object_repo/h5_Success  Store created succ' is visible

2018-10-26 20:21:36 - [TEST_STEP][PASSED] - verifyElementText: Actual text and expected text of test object 'Object Repository/retailer admin All Repo/store_object_repo/h5_Success  Store created succ' are matched.

2018-10-26 20:21:36 - [MESSAGE][PASSED] - Actual text and expected text of test object 'Object Repository/retailer admin All Repo/store_object_repo/h5_Success  Store created succ' are matched.

2018-10-26 20:21:36 - [TEST_STEP][PASSED] - delay: Delayed 5 second(s)

2018-10-26 20:21:41 - [MESSAGE][PASSED] - Delayed 5 second(s)

2018-10-26 20:21:41 - [TEST_STEP][NOT_RUN] - verifyElementText: NOT_RUN: verifyElementText

2018-10-26 20:21:41 - [MESSAGE][NOT_RUN] - NOT_RUN: verifyElementText

2018-10-26 20:21:41 - [TEST_STEP][NOT_RUN] - verifyElementText: NOT_RUN: verifyElementText

2018-10-26 20:21:41 - [MESSAGE][NOT_RUN] - NOT_RUN: verifyElementText

2018-10-26 20:21:41 - [TEST_STEP][NOT_RUN] - click: NOT_RUN: click

2018-10-26 20:21:41 - [MESSAGE][NOT_RUN] - NOT_RUN: click

2018-10-26 20:21:41 - [TEST_STEP][PASSED] - delay: Delayed 5 second(s)

2018-10-26 20:21:46 - [MESSAGE][PASSED] - Delayed 5 second(s)

2018-10-26 20:21:46 - [TEST_STEP][PASSED] - verifyElementVisible: Object 'Object Repository/retailer admin All Repo/store_object_repo/default store container' is visible

2018-10-26 20:21:46 - [MESSAGE][PASSED] - Object 'Object Repository/retailer admin All Repo/store_object_repo/default store container' is visible

2018-10-26 20:21:46 - [TEST_STEP][PASSED] - verifyElementVisible: Object 'Object Repository/retailer admin All Repo/store_object_repo/store_container0' is visible

2018-10-26 20:21:46 - [MESSAGE][PASSED] - Object 'Object Repository/retailer admin All Repo/store_object_repo/store_container0' is visible

2018-10-26 20:21:46 - [TEST_STEP][PASSED] - click: Object: 'Object Repository/retailer admin All Repo/store_object_repo/store_container0' is clicked on

2018-10-26 20:21:46 - [MESSAGE][PASSED] - Object: 'Object Repository/retailer admin All Repo/store_object_repo/store_container0' is clicked on

2018-10-26 20:21:46 - [TEST_STEP][PASSED] - waitForElementVisible: Object 'Object Repository/retailer admin All Repo/store_object_repo/storeeditbutton' is visible

2018-10-26 20:21:47 - [MESSAGE][PASSED] - Object 'Object Repository/retailer admin All Repo/store_object_repo/storeeditbutton' is visible

2018-10-26 20:21:47 - [TEST_STEP][PASSED] - click: Object: 'Object Repository/retailer admin All Repo/store_object_repo/storeeditbutton' is clicked on

2018-10-26 20:21:47 - [MESSAGE][PASSED] - Object: 'Object Repository/retailer admin All Repo/store_object_repo/storeeditbutton' is clicked on

2018-10-26 20:21:47 - [TEST_STEP][PASSED] - setText: Text 'edit Store automation' is set on object 'Object Repository/retailer admin All Repo/store_object_repo/store_name'

2018-10-26 20:21:47 - [MESSAGE][PASSED] - Text 'edit Store automation' is set on object 'Object Repository/retailer admin All Repo/store_object_repo/store_name'

2018-10-26 20:21:47 - [TEST_STEP][PASSED] - Statement - ts1 = java.lang.System.currentTimeMillis().toString(): null

2018-10-26 20:21:47 - [TEST_STEP][PASSED] - setText: Text '1540565507506' is set on object 'Object Repository/retailer admin All Repo/store_object_repo/FFL_no'

2018-10-26 20:21:47 - [MESSAGE][PASSED] - Text '1540565507506' is set on object 'Object Repository/retailer admin All Repo/store_object_repo/FFL_no'

2018-10-26 20:21:47 - [TEST_STEP][NOT_RUN] - uploadFile: NOT_RUN: uploadFile

2018-10-26 20:21:47 - [MESSAGE][NOT_RUN] - NOT_RUN: uploadFile

2018-10-26 20:21:47 - [TEST_STEP][PASSED] - setText: Text '3/10, New QA Build' is set on object 'Object Repository/retailer admin All Repo/store_object_repo/store_address'

2018-10-26 20:21:48 - [MESSAGE][PASSED] - Text '3/10, New QA Build' is set on object 'Object Repository/retailer admin All Repo/store_object_repo/store_address'

2018-10-26 20:21:48 - [TEST_STEP][PASSED] - setText: Text '24143' is set on object 'Object Repository/retailer admin All Repo/store_object_repo/zip_code'

2018-10-26 20:21:48 - [MESSAGE][PASSED] - Text '24143' is set on object 'Object Repository/retailer admin All Repo/store_object_repo/zip_code'

2018-10-26 20:21:48 - [TEST_STEP][PASSED] - setText: Text 'Newton Falls' is set on object 'Object Repository/retailer admin All Repo/store_object_repo/city_name'

2018-10-26 20:21:48 - [MESSAGE][PASSED] - Text 'Newton Falls' is set on object 'Object Repository/retailer admin All Repo/store_object_repo/city_name'

2018-10-26 20:21:48 - [TEST_STEP][PASSED] - setText: Text 'Ohio' is set on object 'Object Repository/retailer admin All Repo/store_object_repo/state_name'

2018-10-26 20:21:48 - [MESSAGE][PASSED] - Text 'Ohio' is set on object 'Object Repository/retailer admin All Repo/store_object_repo/state_name'

2018-10-26 20:21:48 - [TEST_STEP][PASSED] - waitForElementVisible: Object 'Object Repository/retailer admin All Repo/store_object_repo/store_update_button' is visible

2018-10-26 20:21:48 - [MESSAGE][PASSED] - Object 'Object Repository/retailer admin All Repo/store_object_repo/store_update_button' is visible

2018-10-26 20:21:48 - [TEST_STEP][PASSED] - verifyElementVisible: Object 'Object Repository/retailer admin All Repo/store_object_repo/store_update_button' is visible

2018-10-26 20:21:48 - [MESSAGE][PASSED] - Object 'Object Repository/retailer admin All Repo/store_object_repo/store_update_button' is visible

2018-10-26 20:21:48 - [TEST_STEP][PASSED] - click: Object: 'Object Repository/retailer admin All Repo/store_object_repo/store_update_button' is clicked on

2018-10-26 20:21:48 - [MESSAGE][PASSED] - Object: 'Object Repository/retailer admin All Repo/store_object_repo/store_update_button' is clicked on

2018-10-26 20:21:48 - [TEST_STEP][PASSED] - waitForElementVisible: Object 'Object Repository/retailer admin All Repo/store_object_repo/alert_proceed' is visible

2018-10-26 20:21:49 - [MESSAGE][PASSED] - Object 'Object Repository/retailer admin All Repo/store_object_repo/alert_proceed' is visible

2018-10-26 20:21:49 - [TEST_STEP][PASSED] - click: Object: 'Object Repository/retailer admin All Repo/store_object_repo/alert_proceed' is clicked on

2018-10-26 20:21:49 - [MESSAGE][PASSED] - Object: 'Object Repository/retailer admin All Repo/store_object_repo/alert_proceed' is clicked on

2018-10-26 20:21:49 - [TEST_STEP][PASSED] - verifyElementText: Actual text and expected text of test object 'Object Repository/retailer admin All Repo/store_object_repo/h5_Success  Store details upda' are matched.

2018-10-26 20:22:02 - [MESSAGE][PASSED] - Actual text and expected text of test object 'Object Repository/retailer admin All Repo/store_object_repo/h5_Success  Store details upda' are matched.

2018-10-26 20:22:02 - [TEST_STEP][PASSED] - delay: Delayed 5 second(s)

2018-10-26 20:22:07 - [MESSAGE][PASSED] - Delayed 5 second(s)

2018-10-26 20:22:07 - [TEST_STEP][PASSED] - verifyElementVisible: Object 'Object Repository/retailer admin All Repo/store_object_repo/store_container0' is visible

2018-10-26 20:22:07 - [MESSAGE][PASSED] - Object 'Object Repository/retailer admin All Repo/store_object_repo/store_container0' is visible

2018-10-26 20:22:07 - [TEST_STEP][PASSED] - verifyElementVisible: Object 'Object Repository/retailer admin All Repo/store_object_repo/default store container' is visible

2018-10-26 20:22:07 - [MESSAGE][PASSED] - Object 'Object Repository/retailer admin All Repo/store_object_repo/default store container' is visible

2018-10-26 20:22:07 - [TEST_STEP][PASSED] - verifyElementVisible: Object 'Object Repository/retailer admin All Repo/store_object_repo/store_container1' is visible

2018-10-26 20:22:07 - [MESSAGE][PASSED] - Object 'Object Repository/retailer admin All Repo/store_object_repo/store_container1' is visible

2018-10-26 20:22:07 - [TEST_STEP][PASSED] - check: Object 'Object Repository/retailer admin All Repo/store_object_repo/change_default_store' is checked

2018-10-26 20:22:07 - [MESSAGE][PASSED] - Object 'Object Repository/retailer admin All Repo/store_object_repo/change_default_store' is checked

2018-10-26 20:22:07 - [TEST_STEP][PASSED] - verifyElementVisible: Object 'Object Repository/retailer admin All Repo/store_object_repo/h5_Success  Your default store' is visible

2018-10-26 20:22:09 - [MESSAGE][PASSED] - Object 'Object Repository/retailer admin All Repo/store_object_repo/h5_Success  Your default store' is visible

2018-10-26 20:22:09 - [TEST_STEP][PASSED] - verifyElementText: Actual text and expected text of test object 'Object Repository/retailer admin All Repo/store_object_repo/h5_Success  Your default store' are matched.

2018-10-26 20:22:09 - [MESSAGE][PASSED] - Actual text and expected text of test object 'Object Repository/retailer admin All Repo/store_object_repo/h5_Success  Your default store' are matched.

2018-10-26 20:22:09 - [TEST_STEP][PASSED] - delay: Delayed 10 second(s)

2018-10-26 20:22:19 - [MESSAGE][PASSED] - Delayed 10 second(s)

2018-10-26 20:22:19 - [TEST_STEP][PASSED] - click: Object: 'Object Repository/retailer admin All Repo/store_object_repo/store_container0' is clicked on

2018-10-26 20:22:19 - [MESSAGE][PASSED] - Object: 'Object Repository/retailer admin All Repo/store_object_repo/store_container0' is clicked on

2018-10-26 20:22:19 - [TEST_STEP][PASSED] - waitForElementVisible: Object 'Object Repository/retailer admin All Repo/store_object_repo/store_delete_button' is visible

2018-10-26 20:22:19 - [MESSAGE][PASSED] - Object 'Object Repository/retailer admin All Repo/store_object_repo/store_delete_button' is visible

2018-10-26 20:22:19 - [TEST_STEP][PASSED] - click: Object: 'Object Repository/retailer admin All Repo/store_object_repo/store_delete_button' is clicked on

2018-10-26 20:22:19 - [MESSAGE][PASSED] - Object: 'Object Repository/retailer admin All Repo/store_object_repo/store_delete_button' is clicked on

2018-10-26 20:22:19 - [TEST_STEP][NOT_RUN] - waitForAlert: NOT_RUN: waitForAlert

2018-10-26 20:22:19 - [MESSAGE][NOT_RUN] - NOT_RUN: waitForAlert

2018-10-26 20:22:19 - [TEST_STEP][PASSED] - verifyElementVisible: Object 'Object Repository/retailer admin All Repo/store_object_repo/delete_yes_button' is visible

2018-10-26 20:22:20 - [MESSAGE][PASSED] - Object 'Object Repository/retailer admin All Repo/store_object_repo/delete_yes_button' is visible

2018-10-26 20:22:20 - [TEST_STEP][PASSED] - click: Object: 'Object Repository/retailer admin All Repo/store_object_repo/delete_yes_button' is clicked on

2018-10-26 20:22:20 - [MESSAGE][PASSED] - Object: 'Object Repository/retailer admin All Repo/store_object_repo/delete_yes_button' is clicked on

2018-10-26 20:22:20 - [TEST_STEP][PASSED] - verifyElementVisible: Object 'Object Repository/retailer admin All Repo/store_object_repo/h5_Success  Store has been del' is visible

2018-10-26 20:22:33 - [MESSAGE][PASSED] - Object 'Object Repository/retailer admin All Repo/store_object_repo/h5_Success  Store has been del' is visible

2018-10-26 20:22:33 - [TEST_STEP][PASSED] - verifyElementText: Actual text and expected text of test object 'Object Repository/retailer admin All Repo/store_object_repo/h5_Success  Store has been del' are matched.

2018-10-26 20:22:33 - [MESSAGE][PASSED] - Actual text and expected text of test object 'Object Repository/retailer admin All Repo/store_object_repo/h5_Success  Store has been del' are matched.

2018-10-26 20:22:33 - [TEST_STEP][PASSED] - delay: Delayed 5 second(s)

2018-10-26 20:22:38 - [MESSAGE][PASSED] - Delayed 5 second(s)

2018-10-26 20:22:38 - [TEST_STEP][PASSED] - verifyElementVisible: Object 'Object Repository/retailer admin All Repo/store_object_repo/a_Dashboard              Dashb' is visible

2018-10-26 20:22:38 - [MESSAGE][PASSED] - Object 'Object Repository/retailer admin All Repo/store_object_repo/a_Dashboard              Dashb' is visible

2018-10-26 20:22:38 - [TEST_STEP][PASSED] - click: Object: 'Object Repository/retailer admin All Repo/store_object_repo/a_Dashboard              Dashb' is clicked on

2018-10-26 20:22:38 - [MESSAGE][PASSED] - Object: 'Object Repository/retailer admin All Repo/store_object_repo/a_Dashboard              Dashb' is clicked on]]></system-out>
         <system-err><![CDATA[]]></system-err>
      </testcase>
      <testcase name="Test Cases/RetailerAdmin_Login_All_Functionality/Retailer_Employee_management/employee_Creation_edit_delete" classname="Test Cases/RetailerAdmin_Login_All_Functionality/Retailer_Employee_management/employee_Creation_edit_delete" status="PASSED">
         <system-out><![CDATA[2018-10-26 20:22:38 - [TEST_CASE][PASSED] - Test Cases/RetailerAdmin_Login_All_Functionality/Retailer_Employee_management/employee_Creation_edit_delete: Test Cases/RetailerAdmin_Login_All_Functionality/Retailer_Employee_management/employee_Creation_edit_delete

2018-10-26 20:22:39 - [TEST_STEP][PASSED] - callTestCase: Call Test Case 'Test Cases/Call Test Case/Login_retailer_testcase' successfully

2018-10-26 20:22:39 - [TEST_CASE][PASSED] - Test Cases/Call Test Case/Login_retailer_testcase: Test Cases/Call Test Case/Login_retailer_testcase

2018-10-26 20:22:39 - [TEST_STEP][PASSED] - openBrowser: Browser is opened with url: 'http://localhost:4200/'

2018-10-26 20:22:39 - [MESSAGE][WARNING] - A browser is already opened. Closing browser and opening a new one

2018-10-26 20:22:52 - [MESSAGE][PASSED] - Browser is opened with url: 'http://localhost:4200/'

2018-10-26 20:22:52 - [TEST_STEP][PASSED] - maximizeWindow: Current window maximized

2018-10-26 20:22:52 - [MESSAGE][PASSED] - Current window maximized

2018-10-26 20:22:52 - [TEST_STEP][PASSED] - setText: Text 'RACreation@10_9' is set on object 'Object Repository/Login_OR/Page_AppCohesion/input_User Name_ac_username'

2018-10-26 20:22:52 - [MESSAGE][PASSED] - Text 'RACreation@10_9' is set on object 'Object Repository/Login_OR/Page_AppCohesion/input_User Name_ac_username'

2018-10-26 20:22:52 - [TEST_STEP][PASSED] - setText: Text 'RACreation@10_9' is set on object 'Object Repository/Login_OR/Page_AppCohesion/input_Password_ac_password'

2018-10-26 20:22:53 - [MESSAGE][PASSED] - Text 'RACreation@10_9' is set on object 'Object Repository/Login_OR/Page_AppCohesion/input_Password_ac_password'

2018-10-26 20:22:53 - [TEST_STEP][PASSED] - click: Object: 'Object Repository/Login_OR/Page_AppCohesion/button_Login Now' is clicked on

2018-10-26 20:22:53 - [MESSAGE][PASSED] - Object: 'Object Repository/Login_OR/Page_AppCohesion/button_Login Now' is clicked on

2018-10-26 20:22:53 - [TEST_STEP][PASSED] - waitForPageLoad: Wait for page load successfully

2018-10-26 20:22:53 - [MESSAGE][PASSED] - Wait for page load successfully

2018-10-26 20:22:53 - [MESSAGE][PASSED] - Call Test Case 'Test Cases/Call Test Case/Login_retailer_testcase' successfully

2018-10-26 20:22:53 - [TEST_STEP][PASSED] - verifyElementVisible: Object 'Object Repository/employee_obj_repo/emp_tab' is visible

2018-10-26 20:22:57 - [MESSAGE][PASSED] - Object 'Object Repository/employee_obj_repo/emp_tab' is visible

2018-10-26 20:22:57 - [TEST_STEP][PASSED] - click: Object: 'Object Repository/employee_obj_repo/emp_tab' is clicked on

2018-10-26 20:22:58 - [MESSAGE][PASSED] - Object: 'Object Repository/employee_obj_repo/emp_tab' is clicked on

2018-10-26 20:22:58 - [TEST_STEP][PASSED] - verifyElementVisible: Object 'Object Repository/employee_obj_repo/emp_new_button' is visible

2018-10-26 20:22:58 - [MESSAGE][PASSED] - Object 'Object Repository/employee_obj_repo/emp_new_button' is visible

2018-10-26 20:22:58 - [TEST_STEP][PASSED] - click: Object: 'Object Repository/employee_obj_repo/emp_new_button' is clicked on

2018-10-26 20:22:58 - [MESSAGE][PASSED] - Object: 'Object Repository/employee_obj_repo/emp_new_button' is clicked on

2018-10-26 20:22:58 - [TEST_STEP][PASSED] - verifyElementVisible: Object 'Object Repository/employee_obj_repo/Page_AppCohesion/label_Retailer Admin' is visible

2018-10-26 20:22:59 - [MESSAGE][PASSED] - Object 'Object Repository/employee_obj_repo/Page_AppCohesion/label_Retailer Admin' is visible

2018-10-26 20:22:59 - [TEST_STEP][PASSED] - verifyElementText: Actual text and expected text of test object 'Object Repository/employee_obj_repo/Page_AppCohesion/label_Retailer Admin' are matched.

2018-10-26 20:22:59 - [MESSAGE][PASSED] - Actual text and expected text of test object 'Object Repository/employee_obj_repo/Page_AppCohesion/label_Retailer Admin' are matched.

2018-10-26 20:22:59 - [TEST_STEP][PASSED] - click: Object: 'Object Repository/employee_obj_repo/Page_AppCohesion/label_Retailer Admin' is clicked on

2018-10-26 20:22:59 - [MESSAGE][PASSED] - Object: 'Object Repository/employee_obj_repo/Page_AppCohesion/label_Retailer Admin' is clicked on

2018-10-26 20:22:59 - [TEST_STEP][PASSED] - setText: Text 'NewRetailerKatalon' is set on object 'Object Repository/employee_obj_repo/Emp_firstname'

2018-10-26 20:23:00 - [MESSAGE][PASSED] - Text 'NewRetailerKatalon' is set on object 'Object Repository/employee_obj_repo/Emp_firstname'

2018-10-26 20:23:00 - [TEST_STEP][PASSED] - setText: Text 'NewRetailerKatalon' is set on object 'Object Repository/employee_obj_repo/emp_lastname'

2018-10-26 20:23:00 - [MESSAGE][PASSED] - Text 'NewRetailerKatalon' is set on object 'Object Repository/employee_obj_repo/emp_lastname'

2018-10-26 20:23:00 - [TEST_STEP][PASSED] - Statement - rn_uname = <not implemented yet for class: org.codehaus.groovy.ast.expr.EmptyExpression>: null

2018-10-26 20:23:00 - [TEST_STEP][PASSED] - Statement - rn_uname = java.lang.Math.random() * 500: null

2018-10-26 20:23:00 - [TEST_STEP][PASSED] - setText: Text 'NewRetailerKatalon144' is set on object 'Object Repository/employee_obj_repo/emp_username'

2018-10-26 20:23:01 - [MESSAGE][PASSED] - Text 'NewRetailerKatalon144' is set on object 'Object Repository/employee_obj_repo/emp_username'

2018-10-26 20:23:01 - [TEST_STEP][PASSED] - Statement - rn_email = <not implemented yet for class: org.codehaus.groovy.ast.expr.EmptyExpression>: null

2018-10-26 20:23:01 - [TEST_STEP][PASSED] - Statement - rn_email = java.lang.Math.random() * 500: null

2018-10-26 20:23:01 - [TEST_STEP][PASSED] - setText: Text 'snekalatha.r316@iinerds.com' is set on object 'Object Repository/employee_obj_repo/emp_email'

2018-10-26 20:23:02 - [MESSAGE][PASSED] - Text 'snekalatha.r316@iinerds.com' is set on object 'Object Repository/employee_obj_repo/emp_email'

2018-10-26 20:23:02 - [TEST_STEP][PASSED] - setText: Text '9894591635' is set on object 'Object Repository/employee_obj_repo/emp_phonenumber'

2018-10-26 20:23:02 - [MESSAGE][PASSED] - Text '9894591635' is set on object 'Object Repository/employee_obj_repo/emp_phonenumber'

2018-10-26 20:23:02 - [TEST_STEP][PASSED] - click: Object: 'Object Repository/employee_obj_repo/add_emp_button' is clicked on

2018-10-26 20:23:02 - [MESSAGE][PASSED] - Object: 'Object Repository/employee_obj_repo/add_emp_button' is clicked on

2018-10-26 20:23:02 - [TEST_STEP][PASSED] - comment: Valid email

2018-10-26 20:23:02 - [TEST_STEP][PASSED] - verifyElementVisible: Object 'Object Repository/retailer admin All Repo/employee_obj_repo/pop up emp object/h5_Success  Congratulations Yo' is visible

2018-10-26 20:23:18 - [MESSAGE][PASSED] - Object 'Object Repository/retailer admin All Repo/employee_obj_repo/pop up emp object/h5_Success  Congratulations Yo' is visible

2018-10-26 20:23:18 - [TEST_STEP][PASSED] - verifyElementText: Actual text and expected text of test object 'Object Repository/retailer admin All Repo/employee_obj_repo/pop up emp object/h5_Success  Congratulations Yo' are matched.

2018-10-26 20:23:18 - [MESSAGE][PASSED] - Actual text and expected text of test object 'Object Repository/retailer admin All Repo/employee_obj_repo/pop up emp object/h5_Success  Congratulations Yo' are matched.

2018-10-26 20:23:18 - [TEST_STEP][PASSED] - delay: Delayed 10 second(s)

2018-10-26 20:23:28 - [MESSAGE][PASSED] - Delayed 10 second(s)

2018-10-26 20:23:28 - [TEST_STEP][PASSED] - click: Object: 'Object Repository/employee_obj_repo/retailer_employeeview/Page_AppCohesion/collapsible-header_Retailer Ad' is clicked on

2018-10-26 20:23:28 - [MESSAGE][PASSED] - Object: 'Object Repository/employee_obj_repo/retailer_employeeview/Page_AppCohesion/collapsible-header_Retailer Ad' is clicked on

2018-10-26 20:23:28 - [TEST_STEP][PASSED] - delay: Delayed 5 second(s)

2018-10-26 20:23:33 - [MESSAGE][PASSED] - Delayed 5 second(s)

2018-10-26 20:23:33 - [TEST_STEP][PASSED] - verifyElementVisible: Object 'Object Repository/employee_obj_repo/retailer_first_list' is visible

2018-10-26 20:23:33 - [MESSAGE][PASSED] - Object 'Object Repository/employee_obj_repo/retailer_first_list' is visible

2018-10-26 20:23:33 - [TEST_STEP][PASSED] - verifyElementText: Actual text and expected text of test object 'Object Repository/employee_obj_repo/Page_AppCohesion/h4_NewRetailerKatalonNewRetail' are matched.

2018-10-26 20:23:33 - [MESSAGE][PASSED] - Actual text and expected text of test object 'Object Repository/employee_obj_repo/Page_AppCohesion/h4_NewRetailerKatalonNewRetail' are matched.

2018-10-26 20:23:33 - [TEST_STEP][PASSED] - verifyElementText: Actual text and expected text of test object 'Object Repository/retailer admin All Repo/employee_obj_repo/Page_AppCohesion/h5_RetailerAdmin' are matched.

2018-10-26 20:23:33 - [MESSAGE][PASSED] - Actual text and expected text of test object 'Object Repository/retailer admin All Repo/employee_obj_repo/Page_AppCohesion/h5_RetailerAdmin' are matched.

2018-10-26 20:23:33 - [TEST_STEP][NOT_RUN] - verifyElementText: NOT_RUN: verifyElementText

2018-10-26 20:23:33 - [MESSAGE][NOT_RUN] - NOT_RUN: verifyElementText

2018-10-26 20:23:33 - [TEST_STEP][PASSED] - verifyElementText: Actual text and expected text of test object 'Object Repository/employee_obj_repo/Page_AppCohesion/h5_9894591635' are matched.

2018-10-26 20:23:33 - [MESSAGE][PASSED] - Actual text and expected text of test object 'Object Repository/employee_obj_repo/Page_AppCohesion/h5_9894591635' are matched.

2018-10-26 20:23:33 - [TEST_STEP][PASSED] - delay: Delayed 10 second(s)

2018-10-26 20:23:43 - [MESSAGE][PASSED] - Delayed 10 second(s)

2018-10-26 20:23:43 - [TEST_STEP][PASSED] - click: Object: 'Object Repository/employee_obj_repo/retailer_first_list' is clicked on

2018-10-26 20:23:43 - [MESSAGE][PASSED] - Object: 'Object Repository/employee_obj_repo/retailer_first_list' is clicked on

2018-10-26 20:23:43 - [TEST_STEP][PASSED] - waitForElementVisible: Object 'Object Repository/retailer admin All Repo/employee_obj_repo/all_button/Page_AppCohesion/button_Edit' is visible

2018-10-26 20:23:43 - [MESSAGE][PASSED] - Object 'Object Repository/retailer admin All Repo/employee_obj_repo/all_button/Page_AppCohesion/button_Edit' is visible

2018-10-26 20:23:43 - [TEST_STEP][PASSED] - click: Object: 'Object Repository/retailer admin All Repo/employee_obj_repo/all_button/Page_AppCohesion/button_Edit' is clicked on

2018-10-26 20:23:44 - [MESSAGE][PASSED] - Object: 'Object Repository/retailer admin All Repo/employee_obj_repo/all_button/Page_AppCohesion/button_Edit' is clicked on

2018-10-26 20:23:44 - [TEST_STEP][PASSED] - verifyElementVisible: Object 'Object Repository/employee_obj_repo/Page_AppCohesion/label_Store Admin' is visible

2018-10-26 20:23:44 - [MESSAGE][PASSED] - Object 'Object Repository/employee_obj_repo/Page_AppCohesion/label_Store Admin' is visible

2018-10-26 20:23:44 - [TEST_STEP][PASSED] - verifyElementText: Actual text and expected text of test object 'Object Repository/retailer admin All Repo/employee_obj_repo/Page_AppCohesion/label_Store Admin' are matched.

2018-10-26 20:23:44 - [MESSAGE][PASSED] - Actual text and expected text of test object 'Object Repository/retailer admin All Repo/employee_obj_repo/Page_AppCohesion/label_Store Admin' are matched.

2018-10-26 20:23:44 - [TEST_STEP][PASSED] - click: Object: 'Object Repository/employee_obj_repo/Page_AppCohesion/label_Store Admin' is clicked on

2018-10-26 20:23:44 - [MESSAGE][PASSED] - Object: 'Object Repository/employee_obj_repo/Page_AppCohesion/label_Store Admin' is clicked on

2018-10-26 20:23:44 - [TEST_STEP][PASSED] - setText: Text 'EditRetailerKatalon' is set on object 'Object Repository/employee_obj_repo/Emp_firstname'

2018-10-26 20:23:44 - [MESSAGE][PASSED] - Text 'EditRetailerKatalon' is set on object 'Object Repository/employee_obj_repo/Emp_firstname'

2018-10-26 20:23:44 - [TEST_STEP][PASSED] - setText: Text 'EditRetailerKatalon' is set on object 'Object Repository/employee_obj_repo/emp_lastname'

2018-10-26 20:23:45 - [MESSAGE][PASSED] - Text 'EditRetailerKatalon' is set on object 'Object Repository/employee_obj_repo/emp_lastname'

2018-10-26 20:23:45 - [TEST_STEP][PASSED] - setText: Text '9443225554' is set on object 'Object Repository/employee_obj_repo/emp_phonenumber'

2018-10-26 20:23:45 - [MESSAGE][PASSED] - Text '9443225554' is set on object 'Object Repository/employee_obj_repo/emp_phonenumber'

2018-10-26 20:23:45 - [TEST_STEP][NOT_RUN] - verifyElementVisible: NOT_RUN: verifyElementVisible

2018-10-26 20:23:45 - [MESSAGE][NOT_RUN] - NOT_RUN: verifyElementVisible

2018-10-26 20:23:45 - [TEST_STEP][NOT_RUN] - selectOptionByIndex: NOT_RUN: selectOptionByIndex

2018-10-26 20:23:45 - [MESSAGE][NOT_RUN] - NOT_RUN: selectOptionByIndex

2018-10-26 20:23:45 - [TEST_STEP][PASSED] - dragAndDropToObject: Dragged object with id 'Object Repository/retailer admin All Repo/employee_obj_repo/Page_AppCohesion/select_Store Automation (24143' to object with id 'TestObject - 'Object Repository/retailer admin All Repo/employee_obj_repo/Page_AppCohesion/select_Store Automation (24143'' successfully

2018-10-26 20:23:46 - [MESSAGE][PASSED] - Dragged object with id 'Object Repository/retailer admin All Repo/employee_obj_repo/Page_AppCohesion/select_Store Automation (24143' to object with id 'TestObject - 'Object Repository/retailer admin All Repo/employee_obj_repo/Page_AppCohesion/select_Store Automation (24143'' successfully

2018-10-26 20:23:46 - [TEST_STEP][PASSED] - delay: Delayed 10 second(s)

2018-10-26 20:23:56 - [MESSAGE][PASSED] - Delayed 10 second(s)

2018-10-26 20:23:56 - [TEST_STEP][PASSED] - selectOptionByIndex: All options with index in [0] are selected on object 'Object Repository/retailer admin All Repo/employee_obj_repo/Page_AppCohesion/select_Store Automation (24143'

2018-10-26 20:23:56 - [MESSAGE][PASSED] - All options with index in [0] are selected on object 'Object Repository/retailer admin All Repo/employee_obj_repo/Page_AppCohesion/select_Store Automation (24143'

2018-10-26 20:23:56 - [TEST_STEP][PASSED] - click: Object: 'Object Repository/retailer admin All Repo/employee_obj_repo/all_button/Page_AppCohesion/button_Update' is clicked on

2018-10-26 20:23:56 - [MESSAGE][PASSED] - Object: 'Object Repository/retailer admin All Repo/employee_obj_repo/all_button/Page_AppCohesion/button_Update' is clicked on

2018-10-26 20:23:56 - [TEST_STEP][NOT_RUN] - verifyElementVisible: NOT_RUN: verifyElementVisible

2018-10-26 20:23:56 - [MESSAGE][NOT_RUN] - NOT_RUN: verifyElementVisible

2018-10-26 20:23:56 - [TEST_STEP][PASSED] - verifyElementText: Actual text and expected text of test object 'Object Repository/retailer admin All Repo/employee_obj_repo/pop up emp object/h5_Success  User details succe' are matched.

2018-10-26 20:24:09 - [MESSAGE][PASSED] - Actual text and expected text of test object 'Object Repository/retailer admin All Repo/employee_obj_repo/pop up emp object/h5_Success  User details succe' are matched.

2018-10-26 20:24:09 - [TEST_STEP][PASSED] - click: Object: 'Object Repository/retailer admin All Repo/employee_obj_repo/retailer_employeeview/Page_AppCohesion/collapsible-header_Store Admin' is clicked on

2018-10-26 20:24:09 - [MESSAGE][PASSED] - Object: 'Object Repository/retailer admin All Repo/employee_obj_repo/retailer_employeeview/Page_AppCohesion/collapsible-header_Store Admin' is clicked on

2018-10-26 20:24:09 - [TEST_STEP][PASSED] - delay: Delayed 5 second(s)

2018-10-26 20:24:14 - [MESSAGE][PASSED] - Delayed 5 second(s)

2018-10-26 20:24:14 - [TEST_STEP][PASSED] - verifyElementVisible: Object 'Object Repository/employee_obj_repo/store admin list first' is visible

2018-10-26 20:24:15 - [MESSAGE][PASSED] - Object 'Object Repository/employee_obj_repo/store admin list first' is visible

2018-10-26 20:24:15 - [TEST_STEP][PASSED] - click: Object: 'Object Repository/employee_obj_repo/store admin list first' is clicked on

2018-10-26 20:24:15 - [MESSAGE][PASSED] - Object: 'Object Repository/employee_obj_repo/store admin list first' is clicked on

2018-10-26 20:24:15 - [TEST_STEP][NOT_RUN] - callTestCase: NOT_RUN: callTestCase

2018-10-26 20:24:15 - [MESSAGE][NOT_RUN] - NOT_RUN: callTestCase

2018-10-26 20:24:15 - [TEST_STEP][PASSED] - waitForElementVisible: Object 'Object Repository/retailer admin All Repo/employee_obj_repo/all_button/Page_AppCohesion/button_Edit' is visible

2018-10-26 20:24:15 - [MESSAGE][PASSED] - Object 'Object Repository/retailer admin All Repo/employee_obj_repo/all_button/Page_AppCohesion/button_Edit' is visible

2018-10-26 20:24:15 - [TEST_STEP][PASSED] - click: Object: 'Object Repository/retailer admin All Repo/employee_obj_repo/all_button/Page_AppCohesion/button_Edit' is clicked on

2018-10-26 20:24:15 - [MESSAGE][PASSED] - Object: 'Object Repository/retailer admin All Repo/employee_obj_repo/all_button/Page_AppCohesion/button_Edit' is clicked on

2018-10-26 20:24:15 - [TEST_STEP][PASSED] - verifyElementVisible: Object 'Object Repository/retailer admin All Repo/employee_obj_repo/Page_AppCohesion/label_Store User' is visible

2018-10-26 20:24:15 - [MESSAGE][PASSED] - Object 'Object Repository/retailer admin All Repo/employee_obj_repo/Page_AppCohesion/label_Store User' is visible

2018-10-26 20:24:15 - [TEST_STEP][PASSED] - verifyElementText: Actual text and expected text of test object 'Object Repository/retailer admin All Repo/employee_obj_repo/Page_AppCohesion/label_Store User' are matched.

2018-10-26 20:24:15 - [MESSAGE][PASSED] - Actual text and expected text of test object 'Object Repository/retailer admin All Repo/employee_obj_repo/Page_AppCohesion/label_Store User' are matched.

2018-10-26 20:24:15 - [TEST_STEP][PASSED] - click: Object: 'Object Repository/retailer admin All Repo/employee_obj_repo/Page_AppCohesion/label_Store User' is clicked on

2018-10-26 20:24:15 - [MESSAGE][PASSED] - Object: 'Object Repository/retailer admin All Repo/employee_obj_repo/Page_AppCohesion/label_Store User' is clicked on

2018-10-26 20:24:15 - [TEST_STEP][NOT_RUN] - verifyElementVisible: NOT_RUN: verifyElementVisible

2018-10-26 20:24:15 - [MESSAGE][NOT_RUN] - NOT_RUN: verifyElementVisible

2018-10-26 20:24:15 - [TEST_STEP][NOT_RUN] - selectOptionByIndex: NOT_RUN: selectOptionByIndex

2018-10-26 20:24:15 - [MESSAGE][NOT_RUN] - NOT_RUN: selectOptionByIndex

2018-10-26 20:24:15 - [TEST_STEP][PASSED] - dragAndDropToObject: Dragged object with id 'Object Repository/retailer admin All Repo/employee_obj_repo/Page_AppCohesion/select_Store Automation (24143' to object with id 'TestObject - 'Object Repository/retailer admin All Repo/employee_obj_repo/Page_AppCohesion/select_Store Automation (24143'' successfully

2018-10-26 20:24:16 - [MESSAGE][PASSED] - Dragged object with id 'Object Repository/retailer admin All Repo/employee_obj_repo/Page_AppCohesion/select_Store Automation (24143' to object with id 'TestObject - 'Object Repository/retailer admin All Repo/employee_obj_repo/Page_AppCohesion/select_Store Automation (24143'' successfully

2018-10-26 20:24:16 - [TEST_STEP][PASSED] - verifyElementVisible: Object 'Object Repository/retailer admin All Repo/employee_obj_repo/Page_AppCohesion/select_Store Automation (24143' is visible

2018-10-26 20:24:16 - [MESSAGE][PASSED] - Object 'Object Repository/retailer admin All Repo/employee_obj_repo/Page_AppCohesion/select_Store Automation (24143' is visible

2018-10-26 20:24:16 - [TEST_STEP][PASSED] - delay: Delayed 10 second(s)

2018-10-26 20:24:26 - [MESSAGE][PASSED] - Delayed 10 second(s)

2018-10-26 20:24:26 - [TEST_STEP][PASSED] - selectOptionByIndex: All options with index in [0] are selected on object 'Object Repository/retailer admin All Repo/employee_obj_repo/store id'

2018-10-26 20:24:26 - [MESSAGE][PASSED] - All options with index in [0] are selected on object 'Object Repository/retailer admin All Repo/employee_obj_repo/store id'

2018-10-26 20:24:26 - [TEST_STEP][NOT_RUN] - verifyElementVisible: NOT_RUN: verifyElementVisible

2018-10-26 20:24:26 - [MESSAGE][NOT_RUN] - NOT_RUN: verifyElementVisible

2018-10-26 20:24:26 - [TEST_STEP][NOT_RUN] - click: NOT_RUN: click

2018-10-26 20:24:26 - [MESSAGE][NOT_RUN] - NOT_RUN: click

2018-10-26 20:24:26 - [TEST_STEP][PASSED] - waitForElementVisible: Object 'Object Repository/retailer admin All Repo/employee_obj_repo/storeuser_updatebutton' is visible

2018-10-26 20:24:26 - [MESSAGE][PASSED] - Object 'Object Repository/retailer admin All Repo/employee_obj_repo/storeuser_updatebutton' is visible

2018-10-26 20:24:26 - [TEST_STEP][PASSED] - click: Object: 'Object Repository/retailer admin All Repo/employee_obj_repo/storeuser_updatebutton' is clicked on

2018-10-26 20:24:26 - [MESSAGE][PASSED] - Object: 'Object Repository/retailer admin All Repo/employee_obj_repo/storeuser_updatebutton' is clicked on

2018-10-26 20:24:26 - [TEST_STEP][NOT_RUN] - verifyElementVisible: NOT_RUN: verifyElementVisible

2018-10-26 20:24:26 - [MESSAGE][NOT_RUN] - NOT_RUN: verifyElementVisible

2018-10-26 20:24:26 - [TEST_STEP][PASSED] - verifyElementText: Actual text and expected text of test object 'Object Repository/retailer admin All Repo/employee_obj_repo/pop up emp object/h5_Success  User details succe' are matched.

2018-10-26 20:24:28 - [MESSAGE][PASSED] - Actual text and expected text of test object 'Object Repository/retailer admin All Repo/employee_obj_repo/pop up emp object/h5_Success  User details succe' are matched.

2018-10-26 20:24:28 - [TEST_STEP][PASSED] - waitForElementVisible: Object 'Object Repository/retailer admin All Repo/employee_obj_repo/Page_AppCohesion/Page_AppCohesion/collapsible-header_Store Users' is visible

2018-10-26 20:24:29 - [MESSAGE][PASSED] - Object 'Object Repository/retailer admin All Repo/employee_obj_repo/Page_AppCohesion/Page_AppCohesion/collapsible-header_Store Users' is visible

2018-10-26 20:24:29 - [TEST_STEP][PASSED] - click: Object: 'Object Repository/retailer admin All Repo/employee_obj_repo/Page_AppCohesion/Page_AppCohesion/collapsible-header_Store Users' is clicked on

2018-10-26 20:24:29 - [MESSAGE][PASSED] - Object: 'Object Repository/retailer admin All Repo/employee_obj_repo/Page_AppCohesion/Page_AppCohesion/collapsible-header_Store Users' is clicked on

2018-10-26 20:24:29 - [TEST_STEP][PASSED] - delay: Delayed 5 second(s)

2018-10-26 20:24:34 - [MESSAGE][PASSED] - Delayed 5 second(s)

2018-10-26 20:24:34 - [TEST_STEP][PASSED] - verifyElementVisible: Object 'Object Repository/retailer admin All Repo/employee_obj_repo/storeuser_listed_first' is visible

2018-10-26 20:24:34 - [MESSAGE][PASSED] - Object 'Object Repository/retailer admin All Repo/employee_obj_repo/storeuser_listed_first' is visible

2018-10-26 20:24:34 - [TEST_STEP][PASSED] - click: Object: 'Object Repository/retailer admin All Repo/employee_obj_repo/storeuser_listed_first' is clicked on

2018-10-26 20:24:34 - [MESSAGE][PASSED] - Object: 'Object Repository/retailer admin All Repo/employee_obj_repo/storeuser_listed_first' is clicked on

2018-10-26 20:24:34 - [TEST_STEP][PASSED] - waitForElementVisible: Object 'Object Repository/employee_obj_repo/emp_edit_button' is visible

2018-10-26 20:24:34 - [MESSAGE][PASSED] - Object 'Object Repository/employee_obj_repo/emp_edit_button' is visible

2018-10-26 20:24:34 - [TEST_STEP][PASSED] - click: Object: 'Object Repository/retailer admin All Repo/employee_obj_repo/emp_edit_button' is clicked on

2018-10-26 20:24:34 - [MESSAGE][PASSED] - Object: 'Object Repository/retailer admin All Repo/employee_obj_repo/emp_edit_button' is clicked on

2018-10-26 20:24:34 - [TEST_STEP][PASSED] - verifyElementVisible: Object 'Object Repository/employee_obj_repo/Page_AppCohesion/label_Retailer Admin' is visible

2018-10-26 20:24:34 - [MESSAGE][PASSED] - Object 'Object Repository/employee_obj_repo/Page_AppCohesion/label_Retailer Admin' is visible

2018-10-26 20:24:34 - [TEST_STEP][PASSED] - verifyElementText: Actual text and expected text of test object 'Object Repository/employee_obj_repo/Page_AppCohesion/label_Retailer Admin' are matched.

2018-10-26 20:24:34 - [MESSAGE][PASSED] - Actual text and expected text of test object 'Object Repository/employee_obj_repo/Page_AppCohesion/label_Retailer Admin' are matched.

2018-10-26 20:24:34 - [TEST_STEP][PASSED] - click: Object: 'Object Repository/employee_obj_repo/Page_AppCohesion/label_Retailer Admin' is clicked on

2018-10-26 20:24:34 - [MESSAGE][PASSED] - Object: 'Object Repository/employee_obj_repo/Page_AppCohesion/label_Retailer Admin' is clicked on

2018-10-26 20:24:34 - [TEST_STEP][PASSED] - verifyElementVisible: Object 'Object Repository/employee_obj_repo/emp_update_button' is visible

2018-10-26 20:24:34 - [MESSAGE][PASSED] - Object 'Object Repository/employee_obj_repo/emp_update_button' is visible

2018-10-26 20:24:34 - [TEST_STEP][PASSED] - click: Object: 'Object Repository/employee_obj_repo/emp_update_button' is clicked on

2018-10-26 20:24:35 - [MESSAGE][PASSED] - Object: 'Object Repository/employee_obj_repo/emp_update_button' is clicked on

2018-10-26 20:24:35 - [TEST_STEP][NOT_RUN] - verifyElementVisible: NOT_RUN: verifyElementVisible

2018-10-26 20:24:35 - [MESSAGE][NOT_RUN] - NOT_RUN: verifyElementVisible

2018-10-26 20:24:35 - [TEST_STEP][PASSED] - verifyElementText: Actual text and expected text of test object 'Object Repository/retailer admin All Repo/employee_obj_repo/pop up emp object/h5_Success  User details succe' are matched.

2018-10-26 20:24:37 - [MESSAGE][PASSED] - Actual text and expected text of test object 'Object Repository/retailer admin All Repo/employee_obj_repo/pop up emp object/h5_Success  User details succe' are matched.

2018-10-26 20:24:37 - [TEST_STEP][PASSED] - click: Object: 'Object Repository/employee_obj_repo/retailer_employeeview/Page_AppCohesion/collapsible-header_Retailer Ad' is clicked on

2018-10-26 20:24:37 - [MESSAGE][PASSED] - Object: 'Object Repository/employee_obj_repo/retailer_employeeview/Page_AppCohesion/collapsible-header_Retailer Ad' is clicked on

2018-10-26 20:24:37 - [TEST_STEP][PASSED] - delay: Delayed 5 second(s)

2018-10-26 20:24:42 - [MESSAGE][PASSED] - Delayed 5 second(s)

2018-10-26 20:24:42 - [TEST_STEP][PASSED] - click: Object: 'Object Repository/employee_obj_repo/retailer_first_list' is clicked on

2018-10-26 20:24:42 - [MESSAGE][PASSED] - Object: 'Object Repository/employee_obj_repo/retailer_first_list' is clicked on

2018-10-26 20:24:42 - [TEST_STEP][PASSED] - waitForElementVisible: Object 'Object Repository/retailer admin All Repo/employee_obj_repo/all_button/Page_AppCohesion/button_Delete' is visible

2018-10-26 20:24:43 - [MESSAGE][PASSED] - Object 'Object Repository/retailer admin All Repo/employee_obj_repo/all_button/Page_AppCohesion/button_Delete' is visible

2018-10-26 20:24:43 - [TEST_STEP][PASSED] - click: Object: 'Object Repository/retailer admin All Repo/employee_obj_repo/all_button/Page_AppCohesion/button_Delete' is clicked on

2018-10-26 20:24:43 - [MESSAGE][PASSED] - Object: 'Object Repository/retailer admin All Repo/employee_obj_repo/all_button/Page_AppCohesion/button_Delete' is clicked on

2018-10-26 20:24:43 - [TEST_STEP][PASSED] - waitForElementVisible: Object 'Object Repository/employee_obj_repo/delete_yes_button' is visible

2018-10-26 20:24:43 - [MESSAGE][PASSED] - Object 'Object Repository/employee_obj_repo/delete_yes_button' is visible

2018-10-26 20:24:43 - [TEST_STEP][PASSED] - click: Object: 'Object Repository/employee_obj_repo/delete_yes_button' is clicked on

2018-10-26 20:24:43 - [MESSAGE][PASSED] - Object: 'Object Repository/employee_obj_repo/delete_yes_button' is clicked on

2018-10-26 20:24:43 - [TEST_STEP][PASSED] - verifyElementText: Actual text and expected text of test object 'Object Repository/retailer admin All Repo/employee_obj_repo/pop up emp object/h5_Success  User details has b' are matched.

2018-10-26 20:24:58 - [MESSAGE][PASSED] - Actual text and expected text of test object 'Object Repository/retailer admin All Repo/employee_obj_repo/pop up emp object/h5_Success  User details has b' are matched.

2018-10-26 20:24:58 - [TEST_STEP][PASSED] - delay: Delayed 10 second(s)

2018-10-26 20:25:08 - [MESSAGE][PASSED] - Delayed 10 second(s)

2018-10-26 20:25:08 - [TEST_STEP][PASSED] - click: Object: 'Object Repository/employee_obj_repo/retailer_employeeview/Page_AppCohesion/collapsible-header_Retailer Ad' is clicked on

2018-10-26 20:25:08 - [MESSAGE][PASSED] - Object: 'Object Repository/employee_obj_repo/retailer_employeeview/Page_AppCohesion/collapsible-header_Retailer Ad' is clicked on

2018-10-26 20:25:08 - [TEST_STEP][PASSED] - click: Object: 'Object Repository/employee_obj_repo/retailer_employeeview/Page_AppCohesion/a_Dashboard              Dashb' is clicked on

2018-10-26 20:25:08 - [MESSAGE][PASSED] - Object: 'Object Repository/employee_obj_repo/retailer_employeeview/Page_AppCohesion/a_Dashboard              Dashb' is clicked on]]></system-out>
         <system-err><![CDATA[]]></system-err>
      </testcase>
      <testcase name="Test Cases/RetailerAdmin_Login_All_Functionality/order_placement_order_details/Retailer Add Markup" classname="Test Cases/RetailerAdmin_Login_All_Functionality/order_placement_order_details/Retailer Add Markup" status="PASSED">
         <system-out><![CDATA[2018-10-26 20:25:08 - [TEST_CASE][PASSED] - Test Cases/RetailerAdmin_Login_All_Functionality/order_placement_order_details/Retailer Add Markup: Test Cases/RetailerAdmin_Login_All_Functionality/order_placement_order_details/Retailer Add Markup

2018-10-26 20:25:08 - [TEST_STEP][NOT_RUN] - callTestCase: NOT_RUN: callTestCase

2018-10-26 20:25:08 - [MESSAGE][NOT_RUN] - NOT_RUN: callTestCase

2018-10-26 20:25:08 - [TEST_STEP][PASSED] - waitForPageLoad: Wait for page load successfully

2018-10-26 20:25:08 - [MESSAGE][PASSED] - Wait for page load successfully

2018-10-26 20:25:08 - [TEST_STEP][PASSED] - verifyElementVisible: Object 'Object Repository/retailer admin All Repo/inventory retailer markup repo/Inventory_tab' is visible

2018-10-26 20:25:08 - [MESSAGE][PASSED] - Object 'Object Repository/retailer admin All Repo/inventory retailer markup repo/Inventory_tab' is visible

2018-10-26 20:25:08 - [TEST_STEP][PASSED] - click: Object: 'Object Repository/retailer admin All Repo/inventory retailer markup repo/Inventory_tab' is clicked on

2018-10-26 20:25:09 - [MESSAGE][PASSED] - Object: 'Object Repository/retailer admin All Repo/inventory retailer markup repo/Inventory_tab' is clicked on

2018-10-26 20:25:09 - [TEST_STEP][PASSED] - verifyElementVisible: Object 'Object Repository/retailer admin All Repo/inventory retailer markup repo/choose options' is visible

2018-10-26 20:25:10 - [MESSAGE][PASSED] - Object 'Object Repository/retailer admin All Repo/inventory retailer markup repo/choose options' is visible

2018-10-26 20:25:10 - [TEST_STEP][PASSED] - click: Object: 'Object Repository/retailer admin All Repo/inventory retailer markup repo/choose options' is clicked on

2018-10-26 20:25:10 - [MESSAGE][PASSED] - Object: 'Object Repository/retailer admin All Repo/inventory retailer markup repo/choose options' is clicked on

2018-10-26 20:25:10 - [TEST_STEP][NOT_RUN] - verifyElementVisible: NOT_RUN: verifyElementVisible

2018-10-26 20:25:10 - [MESSAGE][NOT_RUN] - NOT_RUN: verifyElementVisible

2018-10-26 20:25:10 - [TEST_STEP][NOT_RUN] - click: NOT_RUN: click

2018-10-26 20:25:10 - [MESSAGE][NOT_RUN] - NOT_RUN: click

2018-10-26 20:25:10 - [TEST_STEP][NOT_RUN] - verifyElementVisible: NOT_RUN: verifyElementVisible

2018-10-26 20:25:10 - [MESSAGE][NOT_RUN] - NOT_RUN: verifyElementVisible

2018-10-26 20:25:10 - [TEST_STEP][NOT_RUN] - click: NOT_RUN: click

2018-10-26 20:25:10 - [MESSAGE][NOT_RUN] - NOT_RUN: click

2018-10-26 20:25:10 - [TEST_STEP][PASSED] - waitForPageLoad: Wait for page load successfully

2018-10-26 20:25:10 - [MESSAGE][PASSED] - Wait for page load successfully

2018-10-26 20:25:10 - [TEST_STEP][PASSED] - setText: Text 'RUGER-UCSR7GCZ' is set on object 'Object Repository/retailer admin All Repo/inventory retailer markup repo/searchProduct markup'

2018-10-26 20:25:26 - [MESSAGE][PASSED] - Text 'RUGER-UCSR7GCZ' is set on object 'Object Repository/retailer admin All Repo/inventory retailer markup repo/searchProduct markup'

2018-10-26 20:25:26 - [TEST_STEP][PASSED] - verifyElementVisible: Object 'Object Repository/retailer admin All Repo/inventory retailer markup repo/search markup icon' is visible

2018-10-26 20:25:26 - [MESSAGE][PASSED] - Object 'Object Repository/retailer admin All Repo/inventory retailer markup repo/search markup icon' is visible

2018-10-26 20:25:26 - [TEST_STEP][PASSED] - click: Object: 'Object Repository/retailer admin All Repo/inventory retailer markup repo/search markup icon' is clicked on

2018-10-26 20:25:26 - [MESSAGE][PASSED] - Object: 'Object Repository/retailer admin All Repo/inventory retailer markup repo/search markup icon' is clicked on

2018-10-26 20:25:26 - [TEST_STEP][PASSED] - verifyElementVisible: Object 'Object Repository/retailer admin All Repo/inventory retailer markup repo/product listed' is visible

2018-10-26 20:25:42 - [MESSAGE][PASSED] - Object 'Object Repository/retailer admin All Repo/inventory retailer markup repo/product listed' is visible

2018-10-26 20:25:42 - [TEST_STEP][PASSED] - verifyElementVisible: Object 'Object Repository/retailer admin All Repo/inventory retailer markup repo/add_markupvalue_input' is visible

2018-10-26 20:25:42 - [MESSAGE][PASSED] - Object 'Object Repository/retailer admin All Repo/inventory retailer markup repo/add_markupvalue_input' is visible

2018-10-26 20:25:42 - [TEST_STEP][PASSED] - setText: Text '12.8' is set on object 'Object Repository/retailer admin All Repo/inventory retailer markup repo/add_markupvalue_input'

2018-10-26 20:25:42 - [MESSAGE][PASSED] - Text '12.8' is set on object 'Object Repository/retailer admin All Repo/inventory retailer markup repo/add_markupvalue_input'

2018-10-26 20:25:42 - [TEST_STEP][PASSED] - verifyElementVisible: Object 'Object Repository/retailer admin All Repo/inventory retailer markup repo/add_markup button' is visible

2018-10-26 20:25:43 - [MESSAGE][PASSED] - Object 'Object Repository/retailer admin All Repo/inventory retailer markup repo/add_markup button' is visible

2018-10-26 20:25:43 - [TEST_STEP][PASSED] - click: Object: 'Object Repository/retailer admin All Repo/inventory retailer markup repo/add_markup button' is clicked on

2018-10-26 20:25:43 - [MESSAGE][PASSED] - Object: 'Object Repository/retailer admin All Repo/inventory retailer markup repo/add_markup button' is clicked on

2018-10-26 20:25:43 - [TEST_STEP][PASSED] - verifyElementText: Actual text and expected text of test object 'Object Repository/retailer admin All Repo/retailer_order_placement/order_placement_verifymarkup/Page_AppCohesion/h5_Success  Markup updated suc' are matched.

2018-10-26 20:25:58 - [MESSAGE][PASSED] - Actual text and expected text of test object 'Object Repository/retailer admin All Repo/retailer_order_placement/order_placement_verifymarkup/Page_AppCohesion/h5_Success  Markup updated suc' are matched.

2018-10-26 20:25:58 - [TEST_STEP][PASSED] - verifyElementVisible: Object 'Object Repository/retailer admin All Repo/inventory retailer markup repo/common search product' is visible

2018-10-26 20:25:58 - [MESSAGE][PASSED] - Object 'Object Repository/retailer admin All Repo/inventory retailer markup repo/common search product' is visible

2018-10-26 20:25:58 - [TEST_STEP][PASSED] - setText: Text 'RUGER-UCSR7GCZ' is set on object 'Object Repository/retailer admin All Repo/inventory retailer markup repo/common search product'

2018-10-26 20:25:58 - [MESSAGE][PASSED] - Text 'RUGER-UCSR7GCZ' is set on object 'Object Repository/retailer admin All Repo/inventory retailer markup repo/common search product'

2018-10-26 20:25:58 - [TEST_STEP][PASSED] - verifyElementVisible: Object 'Object Repository/retailer admin All Repo/Search Products Details/Page_AppCohesion/button_Settings_searchbutton' is visible

2018-10-26 20:25:59 - [MESSAGE][PASSED] - Object 'Object Repository/retailer admin All Repo/Search Products Details/Page_AppCohesion/button_Settings_searchbutton' is visible

2018-10-26 20:25:59 - [TEST_STEP][PASSED] - click: Object: 'Object Repository/retailer admin All Repo/Search Products Details/Page_AppCohesion/button_Settings_searchbutton' is clicked on

2018-10-26 20:25:59 - [MESSAGE][PASSED] - Object: 'Object Repository/retailer admin All Repo/Search Products Details/Page_AppCohesion/button_Settings_searchbutton' is clicked on

2018-10-26 20:25:59 - [TEST_STEP][PASSED] - verifyElementVisible: Object 'Object Repository/retailer admin All Repo/Search Products Details/Page_AppCohesion/td_Ruger LC LCP' is visible

2018-10-26 20:26:02 - [MESSAGE][PASSED] - Object 'Object Repository/retailer admin All Repo/Search Products Details/Page_AppCohesion/td_Ruger LC LCP' is visible

2018-10-26 20:26:02 - [TEST_STEP][PASSED] - click: Object: 'Object Repository/retailer admin All Repo/Search Products Details/Page_AppCohesion/td_Ruger LC LCP' is clicked on

2018-10-26 20:26:02 - [MESSAGE][PASSED] - Object: 'Object Repository/retailer admin All Repo/Search Products Details/Page_AppCohesion/td_Ruger LC LCP' is clicked on

2018-10-26 20:26:02 - [TEST_STEP][PASSED] - verifyElementVisible: Object 'Object Repository/retailer admin All Repo/Search Products Details/Page_AppCohesion/h2_Ruger LC LCP' is visible

2018-10-26 20:26:06 - [MESSAGE][PASSED] - Object 'Object Repository/retailer admin All Repo/Search Products Details/Page_AppCohesion/h2_Ruger LC LCP' is visible

2018-10-26 20:26:06 - [TEST_STEP][PASSED] - verifyElementText: Actual text and expected text of test object 'Object Repository/retailer admin All Repo/Search Products Details/Page_AppCohesion/h2_Ruger LC LCP' are matched.

2018-10-26 20:26:06 - [MESSAGE][PASSED] - Actual text and expected text of test object 'Object Repository/retailer admin All Repo/Search Products Details/Page_AppCohesion/h2_Ruger LC LCP' are matched.

2018-10-26 20:26:06 - [TEST_STEP][PASSED] - verifyElementVisible: Object 'Object Repository/retailer admin All Repo/inventory retailer markup repo/Page_AppCohesion/Page_AppCohesion/span_Base Price180.00' is visible

2018-10-26 20:26:06 - [MESSAGE][PASSED] - Object 'Object Repository/retailer admin All Repo/inventory retailer markup repo/Page_AppCohesion/Page_AppCohesion/span_Base Price180.00' is visible

2018-10-26 20:26:06 - [TEST_STEP][PASSED] - verifyElementText: Actual text and expected text of test object 'Object Repository/retailer admin All Repo/inventory retailer markup repo/Page_AppCohesion/Page_AppCohesion/strong_180.00' are matched.

2018-10-26 20:26:06 - [MESSAGE][PASSED] - Actual text and expected text of test object 'Object Repository/retailer admin All Repo/inventory retailer markup repo/Page_AppCohesion/Page_AppCohesion/strong_180.00' are matched.

2018-10-26 20:26:06 - [TEST_STEP][PASSED] - verifyElementVisible: Object 'Object Repository/retailer admin All Repo/inventory retailer markup repo/Page_AppCohesion/Page_AppCohesion/strong_12.80' is visible

2018-10-26 20:26:06 - [MESSAGE][PASSED] - Object 'Object Repository/retailer admin All Repo/inventory retailer markup repo/Page_AppCohesion/Page_AppCohesion/strong_12.80' is visible

2018-10-26 20:26:06 - [TEST_STEP][PASSED] - verifyElementText: Actual text and expected text of test object 'Object Repository/retailer admin All Repo/inventory retailer markup repo/Page_AppCohesion/Page_AppCohesion/strong_12.80' are matched.

2018-10-26 20:26:06 - [MESSAGE][PASSED] - Actual text and expected text of test object 'Object Repository/retailer admin All Repo/inventory retailer markup repo/Page_AppCohesion/Page_AppCohesion/strong_12.80' are matched.

2018-10-26 20:26:06 - [TEST_STEP][PASSED] - verifyElementVisible: Object 'Object Repository/retailer admin All Repo/inventory retailer markup repo/Page_AppCohesion/Page_AppCohesion/span_Amount Payable203.04' is visible

2018-10-26 20:26:06 - [MESSAGE][PASSED] - Object 'Object Repository/retailer admin All Repo/inventory retailer markup repo/Page_AppCohesion/Page_AppCohesion/span_Amount Payable203.04' is visible

2018-10-26 20:26:06 - [TEST_STEP][PASSED] - verifyElementVisible: Object 'Object Repository/retailer admin All Repo/inventory retailer markup repo/Page_AppCohesion/Page_AppCohesion/strong_203.04' is visible

2018-10-26 20:26:06 - [MESSAGE][PASSED] - Object 'Object Repository/retailer admin All Repo/inventory retailer markup repo/Page_AppCohesion/Page_AppCohesion/strong_203.04' is visible

2018-10-26 20:26:06 - [TEST_STEP][PASSED] - verifyElementText: Actual text and expected text of test object 'Object Repository/retailer admin All Repo/inventory retailer markup repo/Page_AppCohesion/Page_AppCohesion/strong_203.04' are matched.

2018-10-26 20:26:06 - [MESSAGE][PASSED] - Actual text and expected text of test object 'Object Repository/retailer admin All Repo/inventory retailer markup repo/Page_AppCohesion/Page_AppCohesion/strong_203.04' are matched.

2018-10-26 20:26:06 - [TEST_STEP][PASSED] - click: Object: 'Object Repository/retailer admin All Repo/inventory retailer markup repo/Page_AppCohesion/Page_AppCohesion/h4_Only 25 left in stock' is clicked on

2018-10-26 20:26:06 - [MESSAGE][PASSED] - Object: 'Object Repository/retailer admin All Repo/inventory retailer markup repo/Page_AppCohesion/Page_AppCohesion/h4_Only 25 left in stock' is clicked on

2018-10-26 20:26:06 - [TEST_STEP][PASSED] - verifyElementVisible: Object 'Object Repository/retailer admin All Repo/inventory retailer markup repo/Page_AppCohesion/Page_AppCohesion/span_25' is visible

2018-10-26 20:26:06 - [MESSAGE][PASSED] - Object 'Object Repository/retailer admin All Repo/inventory retailer markup repo/Page_AppCohesion/Page_AppCohesion/span_25' is visible

2018-10-26 20:26:06 - [TEST_STEP][PASSED] - verifyElementText: Actual text and expected text of test object 'Object Repository/retailer admin All Repo/inventory retailer markup repo/Page_AppCohesion/Page_AppCohesion/span_25' are matched.

2018-10-26 20:26:06 - [MESSAGE][PASSED] - Actual text and expected text of test object 'Object Repository/retailer admin All Repo/inventory retailer markup repo/Page_AppCohesion/Page_AppCohesion/span_25' are matched.

2018-10-26 20:26:06 - [TEST_STEP][PASSED] - verifyElementVisible: Object 'Object Repository/retailer admin All Repo/inventory retailer markup repo/Page_AppCohesion/a_Back to Search' is visible

2018-10-26 20:26:06 - [MESSAGE][PASSED] - Object 'Object Repository/retailer admin All Repo/inventory retailer markup repo/Page_AppCohesion/a_Back to Search' is visible

2018-10-26 20:26:06 - [TEST_STEP][PASSED] - click: Object: 'Object Repository/retailer admin All Repo/inventory retailer markup repo/Page_AppCohesion/a_Back to Search' is clicked on

2018-10-26 20:26:07 - [MESSAGE][PASSED] - Object: 'Object Repository/retailer admin All Repo/inventory retailer markup repo/Page_AppCohesion/a_Back to Search' is clicked on

2018-10-26 20:26:07 - [TEST_STEP][PASSED] - waitForPageLoad: Wait for page load successfully

2018-10-26 20:26:07 - [MESSAGE][PASSED] - Wait for page load successfully

2018-10-26 20:26:07 - [TEST_STEP][PASSED] - waitForElementVisible: Object 'Object Repository/retailer admin All Repo/inventory retailer markup repo/Page_AppCohesion/a_Dashboard              Dashb' is visible

2018-10-26 20:26:07 - [MESSAGE][PASSED] - Object 'Object Repository/retailer admin All Repo/inventory retailer markup repo/Page_AppCohesion/a_Dashboard              Dashb' is visible

2018-10-26 20:26:07 - [TEST_STEP][PASSED] - click: Object: 'Object Repository/retailer admin All Repo/inventory retailer markup repo/Page_AppCohesion/a_Dashboard              Dashb' is clicked on

2018-10-26 20:26:07 - [MESSAGE][PASSED] - Object: 'Object Repository/retailer admin All Repo/inventory retailer markup repo/Page_AppCohesion/a_Dashboard              Dashb' is clicked on]]></system-out>
         <system-err><![CDATA[]]></system-err>
      </testcase>
      <system-out><![CDATA[2018-10-26 20:17:00 - [TEST_SUITE][FAILED] - Retailer_test_suite: Test Cases/RetailerAdmin_Login_All_Functionality/order_placement_order_details/retaileradmin_order_placement FAILED because (of) (Stack trace: com.kms.katalon.core.exception.StepFailedException: Unable to check object 'Object Repository/retailer admin All Repo/retailer_order_placement/key_press_orderList/Page_AppCohesion/i__glyphicon glyphicon-search_2' (Root cause: org.openqa.selenium.WebDriverException: unknown error: Element <i _ngcontent-c13="" class="glyphicon glyphicon-search" id="clear_data" title="Clear search"></i> is not clickable at point (1301, 181). Other element would receive the click: <i _ngcontent-c13="" class="glyphicon glyphicon-search glyphicon-remove"></i>
  (Session info: chrome=69.0.3497.100)
  (Driver info: chromedriver=2.35.528161 (5b82f2d2aae0ca24b877009200ced9065a772e73),platform=Windows NT 10.0.17134 x86_64) (WARNING: The server did not provide any stacktrace information)
Command duration or timeout: 0 milliseconds
Build info: version: '3.7.1', revision: '8a0099a', time: '2017-11-06T21:07:36.161Z'
System info: host: 'DESKTOP-TL3A0SA', ip: '192.168.1.102', os.name: 'Windows 10', os.arch: 'amd64', os.version: '10.0', java.version: '1.8.0_181'
Driver info: com.kms.katalon.selenium.driver.CChromeDriver
Capabilities {acceptInsecureCerts: false, acceptSslCerts: false, applicationCacheEnabled: false, browserConnectionEnabled: false, browserName: chrome, chrome: {chromedriverVersion: 2.35.528161 (5b82f2d2aae0ca..., userDataDir: C:\Users\DELL\AppData\Local...}, cssSelectorsEnabled: true, databaseEnabled: false, handlesAlerts: true, hasTouchScreen: false, javascriptEnabled: true, locationContextEnabled: true, mobileEmulationEnabled: false, nativeEvents: true, networkConnectionEnabled: false, pageLoadStrategy: normal, platform: XP, platformName: XP, rotatable: false, setWindowRect: true, takesHeapSnapshot: true, takesScreenshot: true, unexpectedAlertBehaviour: , unhandledPromptBehavior: , version: 69.0.3497.100, webStorageEnabled: true}
Session ID: 842009dd4a72b1d92d9f0120c3930139)
	at com.kms.katalon.core.keyword.internal.KeywordMain.stepFailed(KeywordMain.groovy:36)
	at com.kms.katalon.core.webui.keyword.internal.WebUIKeywordMain.stepFailed(WebUIKeywordMain.groovy:65)
	at com.kms.katalon.core.webui.keyword.internal.WebUIKeywordMain.runKeyword(WebUIKeywordMain.groovy:27)
	at com.kms.katalon.core.webui.keyword.builtin.CheckKeyword.check(CheckKeyword.groovy:88)
	at com.kms.katalon.core.webui.keyword.builtin.CheckKeyword.execute(CheckKeyword.groovy:67)
	at com.kms.katalon.core.keyword.internal.KeywordExecutor.executeKeywordForPlatform(KeywordExecutor.groovy:53)
	at com.kms.katalon.core.webui.keyword.WebUiBuiltInKeywords.check(WebUiBuiltInKeywords.groovy:1027)
	at com.kms.katalon.core.webui.keyword.WebUiBuiltInKeywords$check$18.call(Unknown Source)
	at org.codehaus.groovy.runtime.callsite.CallSiteArray.defaultCall(CallSiteArray.java:48)
	at org.codehaus.groovy.runtime.callsite.AbstractCallSite.call(AbstractCallSite.java:113)
	at org.codehaus.groovy.runtime.callsite.AbstractCallSite.call(AbstractCallSite.java:133)
	at Script1539598411543.run(Script1539598411543.groovy:243)
	at com.kms.katalon.core.main.ScriptEngine.run(ScriptEngine.java:183)
	at com.kms.katalon.core.main.ScriptEngine.runScriptAsRawText(ScriptEngine.java:108)
	at com.kms.katalon.core.main.TestCaseExecutor.runScript(TestCaseExecutor.java:294)
	at com.kms.katalon.core.main.TestCaseExecutor.doExecute(TestCaseExecutor.java:285)
	at com.kms.katalon.core.main.TestCaseExecutor.processExecutionPhase(TestCaseExecutor.java:264)
	at com.kms.katalon.core.main.TestCaseExecutor.accessMainPhase(TestCaseExecutor.java:256)
	at com.kms.katalon.core.main.TestCaseExecutor.execute(TestCaseExecutor.java:200)
	at com.kms.katalon.core.main.TestSuiteExecutor.accessTestCaseMainPhase(TestSuiteExecutor.java:129)
	at com.kms.katalon.core.main.TestSuiteExecutor.accessTestSuiteMainPhase(TestSuiteExecutor.java:112)
	at com.kms.katalon.core.main.TestSuiteExecutor.execute(TestSuiteExecutor.java:81)
	at com.kms.katalon.core.main.TestCaseMain.startTestSuite(TestCaseMain.java:142)
	at com.kms.katalon.core.main.TestCaseMain$startTestSuite$0.call(Unknown Source)
	at org.codehaus.groovy.runtime.callsite.CallSiteArray.defaultCall(CallSiteArray.java:48)
	at org.codehaus.groovy.runtime.callsite.AbstractCallSite.call(AbstractCallSite.java:113)
	at org.codehaus.groovy.runtime.callsite.AbstractCallSite.call(AbstractCallSite.java:141)
	at TempTestSuite1540565211426.run(TempTestSuite1540565211426.groovy:36)
	at groovy.lang.GroovyShell.runScriptOrMainOrTestOrRunnable(GroovyShell.java:263)
	at groovy.lang.GroovyShell.run(GroovyShell.java:518)
	at groovy.lang.GroovyShell.run(GroovyShell.java:507)
	at groovy.ui.GroovyMain.processOnce(GroovyMain.java:653)
	at groovy.ui.GroovyMain.run(GroovyMain.java:384)
	at groovy.ui.GroovyMain.process(GroovyMain.java:370)
	at groovy.ui.GroovyMain.processArgs(GroovyMain.java:129)
	at groovy.ui.GroovyMain.main(GroovyMain.java:109)
	at sun.reflect.NativeMethodAccessorImpl.invoke0(Native Method)
	at sun.reflect.NativeMethodAccessorImpl.invoke(NativeMethodAccessorImpl.java:62)
	at sun.reflect.DelegatingMethodAccessorImpl.invoke(DelegatingMethodAccessorImpl.java:43)
	at java.lang.reflect.Method.invoke(Method.java:498)
	at org.codehaus.groovy.tools.GroovyStarter.rootLoader(GroovyStarter.java:109)
	at org.codehaus.groovy.tools.GroovyStarter.main(GroovyStarter.java:131)
)]]></system-out>
      <system-err><![CDATA[2018-10-26 20:17:00 - [TEST_SUITE][FAILED] - Retailer_test_suite: Test Cases/RetailerAdmin_Login_All_Functionality/order_placement_order_details/retaileradmin_order_placement FAILED because (of) (Stack trace: com.kms.katalon.core.exception.StepFailedException: Unable to check object 'Object Repository/retailer admin All Repo/retailer_order_placement/key_press_orderList/Page_AppCohesion/i__glyphicon glyphicon-search_2' (Root cause: org.openqa.selenium.WebDriverException: unknown error: Element <i _ngcontent-c13="" class="glyphicon glyphicon-search" id="clear_data" title="Clear search"></i> is not clickable at point (1301, 181). Other element would receive the click: <i _ngcontent-c13="" class="glyphicon glyphicon-search glyphicon-remove"></i>
  (Session info: chrome=69.0.3497.100)
  (Driver info: chromedriver=2.35.528161 (5b82f2d2aae0ca24b877009200ced9065a772e73),platform=Windows NT 10.0.17134 x86_64) (WARNING: The server did not provide any stacktrace information)
Command duration or timeout: 0 milliseconds
Build info: version: '3.7.1', revision: '8a0099a', time: '2017-11-06T21:07:36.161Z'
System info: host: 'DESKTOP-TL3A0SA', ip: '192.168.1.102', os.name: 'Windows 10', os.arch: 'amd64', os.version: '10.0', java.version: '1.8.0_181'
Driver info: com.kms.katalon.selenium.driver.CChromeDriver
Capabilities {acceptInsecureCerts: false, acceptSslCerts: false, applicationCacheEnabled: false, browserConnectionEnabled: false, browserName: chrome, chrome: {chromedriverVersion: 2.35.528161 (5b82f2d2aae0ca..., userDataDir: C:\Users\DELL\AppData\Local...}, cssSelectorsEnabled: true, databaseEnabled: false, handlesAlerts: true, hasTouchScreen: false, javascriptEnabled: true, locationContextEnabled: true, mobileEmulationEnabled: false, nativeEvents: true, networkConnectionEnabled: false, pageLoadStrategy: normal, platform: XP, platformName: XP, rotatable: false, setWindowRect: true, takesHeapSnapshot: true, takesScreenshot: true, unexpectedAlertBehaviour: , unhandledPromptBehavior: , version: 69.0.3497.100, webStorageEnabled: true}
Session ID: 842009dd4a72b1d92d9f0120c3930139)
	at com.kms.katalon.core.keyword.internal.KeywordMain.stepFailed(KeywordMain.groovy:36)
	at com.kms.katalon.core.webui.keyword.internal.WebUIKeywordMain.stepFailed(WebUIKeywordMain.groovy:65)
	at com.kms.katalon.core.webui.keyword.internal.WebUIKeywordMain.runKeyword(WebUIKeywordMain.groovy:27)
	at com.kms.katalon.core.webui.keyword.builtin.CheckKeyword.check(CheckKeyword.groovy:88)
	at com.kms.katalon.core.webui.keyword.builtin.CheckKeyword.execute(CheckKeyword.groovy:67)
	at com.kms.katalon.core.keyword.internal.KeywordExecutor.executeKeywordForPlatform(KeywordExecutor.groovy:53)
	at com.kms.katalon.core.webui.keyword.WebUiBuiltInKeywords.check(WebUiBuiltInKeywords.groovy:1027)
	at com.kms.katalon.core.webui.keyword.WebUiBuiltInKeywords$check$18.call(Unknown Source)
	at org.codehaus.groovy.runtime.callsite.CallSiteArray.defaultCall(CallSiteArray.java:48)
	at org.codehaus.groovy.runtime.callsite.AbstractCallSite.call(AbstractCallSite.java:113)
	at org.codehaus.groovy.runtime.callsite.AbstractCallSite.call(AbstractCallSite.java:133)
	at Script1539598411543.run(Script1539598411543.groovy:243)
	at com.kms.katalon.core.main.ScriptEngine.run(ScriptEngine.java:183)
	at com.kms.katalon.core.main.ScriptEngine.runScriptAsRawText(ScriptEngine.java:108)
	at com.kms.katalon.core.main.TestCaseExecutor.runScript(TestCaseExecutor.java:294)
	at com.kms.katalon.core.main.TestCaseExecutor.doExecute(TestCaseExecutor.java:285)
	at com.kms.katalon.core.main.TestCaseExecutor.processExecutionPhase(TestCaseExecutor.java:264)
	at com.kms.katalon.core.main.TestCaseExecutor.accessMainPhase(TestCaseExecutor.java:256)
	at com.kms.katalon.core.main.TestCaseExecutor.execute(TestCaseExecutor.java:200)
	at com.kms.katalon.core.main.TestSuiteExecutor.accessTestCaseMainPhase(TestSuiteExecutor.java:129)
	at com.kms.katalon.core.main.TestSuiteExecutor.accessTestSuiteMainPhase(TestSuiteExecutor.java:112)
	at com.kms.katalon.core.main.TestSuiteExecutor.execute(TestSuiteExecutor.java:81)
	at com.kms.katalon.core.main.TestCaseMain.startTestSuite(TestCaseMain.java:142)
	at com.kms.katalon.core.main.TestCaseMain$startTestSuite$0.call(Unknown Source)
	at org.codehaus.groovy.runtime.callsite.CallSiteArray.defaultCall(CallSiteArray.java:48)
	at org.codehaus.groovy.runtime.callsite.AbstractCallSite.call(AbstractCallSite.java:113)
	at org.codehaus.groovy.runtime.callsite.AbstractCallSite.call(AbstractCallSite.java:141)
	at TempTestSuite1540565211426.run(TempTestSuite1540565211426.groovy:36)
	at groovy.lang.GroovyShell.runScriptOrMainOrTestOrRunnable(GroovyShell.java:263)
	at groovy.lang.GroovyShell.run(GroovyShell.java:518)
	at groovy.lang.GroovyShell.run(GroovyShell.java:507)
	at groovy.ui.GroovyMain.processOnce(GroovyMain.java:653)
	at groovy.ui.GroovyMain.run(GroovyMain.java:384)
	at groovy.ui.GroovyMain.process(GroovyMain.java:370)
	at groovy.ui.GroovyMain.processArgs(GroovyMain.java:129)
	at groovy.ui.GroovyMain.main(GroovyMain.java:109)
	at sun.reflect.NativeMethodAccessorImpl.invoke0(Native Method)
	at sun.reflect.NativeMethodAccessorImpl.invoke(NativeMethodAccessorImpl.java:62)
	at sun.reflect.DelegatingMethodAccessorImpl.invoke(DelegatingMethodAccessorImpl.java:43)
	at java.lang.reflect.Method.invoke(Method.java:498)
	at org.codehaus.groovy.tools.GroovyStarter.rootLoader(GroovyStarter.java:109)
	at org.codehaus.groovy.tools.GroovyStarter.main(GroovyStarter.java:131)
)]]></system-err>
   </testsuite>
</testsuites>
